[ 2016-07-07T17:36:13+08:00 ] 127.0.0.1 /my/tpzol/admin
INFO: [ app_init ] --START--
INFO: Run Behavior\BuildLiteBehavior [ RunTime:0.000028s ]
INFO: [ app_init ] --END-- [ RunTime:0.000621s ]
INFO: [ app_begin ] --START--
INFO: Run Behavior\ReadHtmlCacheBehavior [ RunTime:0.000589s ]
INFO: [ app_begin ] --END-- [ RunTime:0.000731s ]
INFO: [ view_parse ] --START--
INFO: [ template_filter ] --START--
INFO: Run Behavior\ContentReplaceBehavior [ RunTime:0.001300s ]
INFO: [ template_filter ] --END-- [ RunTime:0.002106s ]
INFO: Run Behavior\ParseTemplateBehavior [ RunTime:0.184557s ]
INFO: [ view_parse ] --END-- [ RunTime:0.184914s ]
INFO: [ view_filter ] --START--
INFO: Run Behavior\WriteHtmlCacheBehavior [ RunTime:0.000984s ]
INFO: [ view_filter ] --END-- [ RunTime:0.001278s ]
INFO: [ app_end ] --START--
INFO: Run Behavior\ShowPageTraceBehavior [ RunTime:0.001353s ]
INFO: [ app_end ] --END-- [ RunTime:0.001602s ]

[ 2016-07-07T17:36:14+08:00 ] 127.0.0.1 /my/tpzol/index.php/Admin/Login/index.html
INFO: [ app_init ] --START--
INFO: Run Behavior\BuildLiteBehavior [ RunTime:0.000058s ]
INFO: [ app_init ] --END-- [ RunTime:0.001001s ]
INFO: [ app_begin ] --START--
INFO: Run Behavior\ReadHtmlCacheBehavior [ RunTime:0.001208s ]
INFO: [ app_begin ] --END-- [ RunTime:0.001429s ]
SQL: SHOW COLUMNS FROM `admin` [ RunTime:0.1188s ]
INFO: [ view_parse ] --START--
INFO: [ template_filter ] --START--
INFO: Run Behavior\ContentReplaceBehavior [ RunTime:0.067493s ]
INFO: [ template_filter ] --END-- [ RunTime:0.067656s ]
INFO: Run Behavior\ParseTemplateBehavior [ RunTime:0.147162s ]
INFO: [ view_parse ] --END-- [ RunTime:0.147333s ]
INFO: [ view_filter ] --START--
INFO: Run Behavior\WriteHtmlCacheBehavior [ RunTime:0.000593s ]
INFO: [ view_filter ] --END-- [ RunTime:0.000736s ]
INFO: [ app_end ] --START--
INFO: Run Behavior\ShowPageTraceBehavior [ RunTime:0.001711s ]
INFO: [ app_end ] --END-- [ RunTime:0.001900s ]

[ 2016-07-07T17:36:14+08:00 ] 127.0.0.1 /my/tpzol/index.php/Admin/Login/favicon.ico
INFO: [ app_init ] --START--
INFO: Run Behavior\BuildLiteBehavior [ RunTime:0.000119s ]
INFO: [ app_init ] --END-- [ RunTime:0.001031s ]

[ 2016-07-07T17:36:17+08:00 ] 127.0.0.1 /my/tpzol/index.php/Admin/Login/index.html
INFO: [ app_init ] --START--
INFO: Run Behavior\BuildLiteBehavior [ RunTime:0.000031s ]
INFO: [ app_init ] --END-- [ RunTime:0.000581s ]
INFO: [ app_begin ] --START--
INFO: Run Behavior\ReadHtmlCacheBehavior [ RunTime:0.000681s ]
INFO: [ app_begin ] --END-- [ RunTime:0.000827s ]
SQL: SHOW COLUMNS FROM `admin` [ RunTime:0.0115s ]
NOTIC: [8] Undefined index: validate D:\Program\www\my\tpzol\ThinkPHP\Library\Think\Model.class.php 第 1185 行.
NOTIC: [8] Undefined index: auto D:\Program\www\my\tpzol\ThinkPHP\Library\Think\Model.class.php 第 1128 行.
SQL: SELECT * FROM `admin` WHERE ( username='admin' and password='2c8dfb411aa201d372260fbb3b386bf0' )  [ RunTime:0.1329s ]
INFO: [ view_parse ] --START--
INFO: [ template_filter ] --START--
INFO: Run Behavior\ContentReplaceBehavior [ RunTime:0.000478s ]
INFO: [ template_filter ] --END-- [ RunTime:0.001038s ]
INFO: Run Behavior\ParseTemplateBehavior [ RunTime:0.046009s ]
INFO: [ view_parse ] --END-- [ RunTime:0.046308s ]
INFO: [ view_filter ] --START--
INFO: Run Behavior\WriteHtmlCacheBehavior [ RunTime:0.000717s ]
INFO: [ view_filter ] --END-- [ RunTime:0.000909s ]

[ 2016-07-07T17:36:20+08:00 ] 127.0.0.1 /my/tpzol/index.php/Admin/Login/index.html
INFO: [ app_init ] --START--
INFO: Run Behavior\BuildLiteBehavior [ RunTime:0.000079s ]
INFO: [ app_init ] --END-- [ RunTime:0.001194s ]
INFO: [ app_begin ] --START--
INFO: Run Behavior\ReadHtmlCacheBehavior [ RunTime:0.000656s ]
INFO: [ app_begin ] --END-- [ RunTime:0.000782s ]
SQL: SHOW COLUMNS FROM `admin` [ RunTime:0.0045s ]
INFO: [ view_parse ] --START--
INFO: [ template_filter ] --START--
INFO: Run Behavior\ContentReplaceBehavior [ RunTime:0.000100s ]
INFO: [ template_filter ] --END-- [ RunTime:0.000253s ]
INFO: Run Behavior\ParseTemplateBehavior [ RunTime:0.006877s ]
INFO: [ view_parse ] --END-- [ RunTime:0.007022s ]
INFO: [ view_filter ] --START--
INFO: Run Behavior\WriteHtmlCacheBehavior [ RunTime:0.000462s ]
INFO: [ view_filter ] --END-- [ RunTime:0.000577s ]
INFO: [ app_end ] --START--
INFO: Run Behavior\ShowPageTraceBehavior [ RunTime:0.000709s ]
INFO: [ app_end ] --END-- [ RunTime:0.000826s ]

[ 2016-07-07T17:36:26+08:00 ] 127.0.0.1 /my/tpzol/index.php/Admin/Login/index.html
INFO: [ app_init ] --START--
INFO: Run Behavior\BuildLiteBehavior [ RunTime:0.000031s ]
INFO: [ app_init ] --END-- [ RunTime:0.000732s ]
INFO: [ app_begin ] --START--
INFO: Run Behavior\ReadHtmlCacheBehavior [ RunTime:0.001497s ]
INFO: [ app_begin ] --END-- [ RunTime:0.001693s ]
SQL: SHOW COLUMNS FROM `admin` [ RunTime:0.0057s ]
NOTIC: [8] Undefined index: validate D:\Program\www\my\tpzol\ThinkPHP\Library\Think\Model.class.php 第 1185 行.
NOTIC: [8] Undefined index: auto D:\Program\www\my\tpzol\ThinkPHP\Library\Think\Model.class.php 第 1128 行.
SQL: SELECT * FROM `admin` WHERE ( username='admin' and password='21232f297a57a5a743894a0e4a801fc3' )  [ RunTime:0.0004s ]
INFO: [ view_parse ] --START--
INFO: [ template_filter ] --START--
INFO: Run Behavior\ContentReplaceBehavior [ RunTime:0.000072s ]
INFO: [ template_filter ] --END-- [ RunTime:0.000239s ]
INFO: Run Behavior\ParseTemplateBehavior [ RunTime:0.007832s ]
INFO: [ view_parse ] --END-- [ RunTime:0.008013s ]
INFO: [ view_filter ] --START--
INFO: Run Behavior\WriteHtmlCacheBehavior [ RunTime:0.001248s ]
INFO: [ view_filter ] --END-- [ RunTime:0.001633s ]

[ 2016-07-07T17:36:29+08:00 ] 127.0.0.1 /my/tpzol/index.php/Admin/Index/index.html
INFO: [ app_init ] --START--
INFO: Run Behavior\BuildLiteBehavior [ RunTime:0.000063s ]
INFO: [ app_init ] --END-- [ RunTime:0.001048s ]
INFO: [ app_begin ] --START--
INFO: Run Behavior\ReadHtmlCacheBehavior [ RunTime:0.001112s ]
INFO: [ app_begin ] --END-- [ RunTime:0.001292s ]
INFO: [ view_parse ] --START--
INFO: [ template_filter ] --START--
INFO: Run Behavior\ContentReplaceBehavior [ RunTime:0.000114s ]
INFO: [ template_filter ] --END-- [ RunTime:0.000252s ]
INFO: Run Behavior\ParseTemplateBehavior [ RunTime:0.013475s ]
INFO: [ view_parse ] --END-- [ RunTime:0.013625s ]
INFO: [ view_filter ] --START--
INFO: Run Behavior\WriteHtmlCacheBehavior [ RunTime:0.000664s ]
INFO: [ view_filter ] --END-- [ RunTime:0.000783s ]
INFO: [ app_end ] --START--
INFO: Run Behavior\ShowPageTraceBehavior [ RunTime:0.001257s ]
INFO: [ app_end ] --END-- [ RunTime:0.001462s ]

[ 2016-07-07T17:36:30+08:00 ] 127.0.0.1 /my/tpzol/index.php/Admin/Index/welcome.html
INFO: [ app_init ] --START--
INFO: Run Behavior\BuildLiteBehavior [ RunTime:0.000050s ]
INFO: [ app_init ] --END-- [ RunTime:0.001015s ]
INFO: [ app_begin ] --START--
INFO: Run Behavior\ReadHtmlCacheBehavior [ RunTime:0.000790s ]
INFO: [ app_begin ] --END-- [ RunTime:0.000986s ]
INFO: [ view_parse ] --START--
INFO: [ template_filter ] --START--
INFO: Run Behavior\ContentReplaceBehavior [ RunTime:0.000077s ]
INFO: [ template_filter ] --END-- [ RunTime:0.000233s ]
INFO: Run Behavior\ParseTemplateBehavior [ RunTime:0.068163s ]
INFO: [ view_parse ] --END-- [ RunTime:0.068347s ]
INFO: [ view_filter ] --START--
INFO: Run Behavior\WriteHtmlCacheBehavior [ RunTime:0.000569s ]
INFO: [ view_filter ] --END-- [ RunTime:0.000698s ]
INFO: [ app_end ] --START--
INFO: Run Behavior\ShowPageTraceBehavior [ RunTime:0.001015s ]
INFO: [ app_end ] --END-- [ RunTime:0.001157s ]

[ 2016-07-07T17:36:31+08:00 ] 127.0.0.1 /my/tpzol/index.php/Admin/Index/favicon.ico
INFO: [ app_init ] --START--
INFO: Run Behavior\BuildLiteBehavior [ RunTime:0.000048s ]
INFO: [ app_init ] --END-- [ RunTime:0.001240s ]

[ 2016-07-07T17:36:33+08:00 ] 127.0.0.1 /my/tpzol/index.php/Admin/Goods/index.html
INFO: [ app_init ] --START--
INFO: Run Behavior\BuildLiteBehavior [ RunTime:0.000053s ]
INFO: [ app_init ] --END-- [ RunTime:0.000675s ]
INFO: [ app_begin ] --START--
INFO: Run Behavior\ReadHtmlCacheBehavior [ RunTime:0.000779s ]
INFO: [ app_begin ] --END-- [ RunTime:0.001016s ]
SQL: SHOW COLUMNS FROM `goods` [ RunTime:0.0056s ]
SQL: SHOW COLUMNS FROM `category` [ RunTime:0.0046s ]
SQL: SHOW COLUMNS FROM `brand` [ RunTime:0.0418s ]
SQL: SELECT * FROM `goods` GROUP BY gid  [ RunTime:0.0329s ]
INFO: [ view_parse ] --START--
INFO: [ template_filter ] --START--
INFO: Run Behavior\ContentReplaceBehavior [ RunTime:0.000085s ]
INFO: [ template_filter ] --END-- [ RunTime:0.000273s ]
INFO: Run Behavior\ParseTemplateBehavior [ RunTime:0.015594s ]
INFO: [ view_parse ] --END-- [ RunTime:0.015785s ]
INFO: [ view_filter ] --START--
INFO: Run Behavior\WriteHtmlCacheBehavior [ RunTime:0.000757s ]
INFO: [ view_filter ] --END-- [ RunTime:0.001003s ]
INFO: [ app_end ] --START--
INFO: Run Behavior\ShowPageTraceBehavior [ RunTime:0.001024s ]
INFO: [ app_end ] --END-- [ RunTime:0.001268s ]

[ 2016-07-07T17:36:35+08:00 ] 127.0.0.1 /my/tpzol/index.php/Admin/Goods/edit/gid/1.html
INFO: [ app_init ] --START--
INFO: Run Behavior\BuildLiteBehavior [ RunTime:0.000048s ]
INFO: [ app_init ] --END-- [ RunTime:0.000940s ]
INFO: [ app_begin ] --START--
INFO: Run Behavior\ReadHtmlCacheBehavior [ RunTime:0.000866s ]
INFO: [ app_begin ] --END-- [ RunTime:0.001178s ]
SQL: SHOW COLUMNS FROM `goods` [ RunTime:0.0253s ]
SQL: SHOW COLUMNS FROM `category` [ RunTime:0.0045s ]
SQL: SHOW COLUMNS FROM `brand` [ RunTime:0.0052s ]
SQL: SELECT * FROM `goods` WHERE ( gid=1 ) LIMIT 1   [ RunTime:0.0007s ]
SQL: SELECT * FROM `brand`  [ RunTime:0.0206s ]
SQL: SELECT * FROM `category`  [ RunTime:0.0005s ]
SQL: SHOW COLUMNS FROM `goods_detail` [ RunTime:0.0544s ]
SQL: SELECT * FROM `goods_detail` WHERE ( goods_gid=1 ) LIMIT 1   [ RunTime:0.0136s ]
SQL: SHOW COLUMNS FROM `type` [ RunTime:0.0419s ]
SQL: SELECT * FROM `type` INNER JOIN type_attr on tid = type_tid INNER JOIN goods_attr on taid=type_attr_taid  WHERE ( goods_gid=1 and class='属性' )  [ RunTime:0.0802s ]
SQL: SELECT * FROM `type` INNER JOIN type_attr on tid = type_tid INNER JOIN goods_attr on taid=type_attr_taid  WHERE ( goods_gid=1 and class='规格' )  [ RunTime:0.0008s ]
INFO: [ view_parse ] --START--
INFO: [ template_filter ] --START--
INFO: Run Behavior\ContentReplaceBehavior [ RunTime:0.000155s ]
INFO: [ template_filter ] --END-- [ RunTime:0.000358s ]
NOTIC: [8] Use of undefined constant AttrData2 - assumed 'AttrData2' D:\Program\www\my\tpzol\App\Runtime\Cache\Admin\f147deac9c6bbf7d7c2aba22b0bc8af1.php 第 318 行.
SQL: SELECT * FROM `goods_detail` WHERE ( goods_gid=1 ) LIMIT 1   [ RunTime:0.0006s ]
INFO: Run Behavior\ParseTemplateBehavior [ RunTime:0.059732s ]
INFO: [ view_parse ] --END-- [ RunTime:0.059990s ]
INFO: [ view_filter ] --START--
INFO: Run Behavior\WriteHtmlCacheBehavior [ RunTime:0.000835s ]
INFO: [ view_filter ] --END-- [ RunTime:0.001079s ]
INFO: [ app_end ] --START--
INFO: Run Behavior\ShowPageTraceBehavior [ RunTime:0.001006s ]
INFO: [ app_end ] --END-- [ RunTime:0.001227s ]

[ 2016-07-07T17:36:41+08:00 ] 127.0.0.1 /my/tpzol/index.php/Admin/Goods/edit/gid/
INFO: [ app_init ] --START--
INFO: Run Behavior\BuildLiteBehavior [ RunTime:0.000049s ]
INFO: [ app_init ] --END-- [ RunTime:0.001018s ]
INFO: [ app_begin ] --START--
INFO: Run Behavior\ReadHtmlCacheBehavior [ RunTime:0.001016s ]
INFO: [ app_begin ] --END-- [ RunTime:0.001516s ]
SQL: SHOW COLUMNS FROM `goods` [ RunTime:0.0168s ]
SQL: SHOW COLUMNS FROM `category` [ RunTime:0.0061s ]
SQL: SHOW COLUMNS FROM `brand` [ RunTime:0.0056s ]
SQL: SELECT * FROM `goods` WHERE ( gid=0 ) LIMIT 1   [ RunTime:0.0006s ]
SQL: SELECT * FROM `brand`  [ RunTime:0.0007s ]
SQL: SELECT * FROM `category`  [ RunTime:0.0008s ]
SQL: SHOW COLUMNS FROM `goods_detail` [ RunTime:0.0060s ]
SQL: SELECT * FROM `goods_detail` WHERE ( goods_gid=0 ) LIMIT 1   [ RunTime:0.0006s ]
SQL: SHOW COLUMNS FROM `type` [ RunTime:0.0117s ]
SQL: SELECT * FROM `type` INNER JOIN type_attr on tid = type_tid INNER JOIN goods_attr on taid=type_attr_taid  WHERE ( goods_gid=0 and class='属性' )  [ RunTime:0.0008s ]
SQL: SELECT * FROM `type` INNER JOIN type_attr on tid = type_tid INNER JOIN goods_attr on taid=type_attr_taid  WHERE ( goods_gid=0 and class='规格' )  [ RunTime:0.0008s ]
INFO: [ view_parse ] --START--
INFO: [ template_filter ] --START--
INFO: Run Behavior\ContentReplaceBehavior [ RunTime:0.000250s ]
INFO: [ template_filter ] --END-- [ RunTime:0.000514s ]
NOTIC: [8] Use of undefined constant AttrData2 - assumed 'AttrData2' D:\Program\www\my\tpzol\App\Runtime\Cache\Admin\f147deac9c6bbf7d7c2aba22b0bc8af1.php 第 318 行.
NOTIC: [8] Undefined index: gid D:\Program\www\my\tpzol\App\Runtime\Cache\Admin\f147deac9c6bbf7d7c2aba22b0bc8af1.php 第 405 行.
ERR: 1064:Erreur de syntaxe près de ') LIMIT 1' à la ligne 1
 [ SQL语句 ] : SELECT * FROM `goods_detail` WHERE ( goods_gid= ) LIMIT 1  
ERR: 1064:Erreur de syntaxe près de ') LIMIT 1' à la ligne 1
 [ SQL语句 ] : SELECT * FROM `goods_detail` WHERE ( goods_gid= ) LIMIT 1  

[ 2016-07-07T17:36:41+08:00 ] 127.0.0.1 /my/tpzol/index.php/Admin/Goods/edit/gid/
INFO: [ app_init ] --START--
INFO: Run Behavior\BuildLiteBehavior [ RunTime:0.000064s ]
INFO: [ app_init ] --END-- [ RunTime:0.000945s ]
INFO: [ app_begin ] --START--
INFO: Run Behavior\ReadHtmlCacheBehavior [ RunTime:0.000953s ]
INFO: [ app_begin ] --END-- [ RunTime:0.001201s ]
SQL: SHOW COLUMNS FROM `goods` [ RunTime:0.0057s ]
SQL: SHOW COLUMNS FROM `category` [ RunTime:0.0046s ]
SQL: SHOW COLUMNS FROM `brand` [ RunTime:0.0052s ]
SQL: SELECT * FROM `goods` WHERE ( gid=0 ) LIMIT 1   [ RunTime:0.0006s ]
SQL: SELECT * FROM `brand`  [ RunTime:0.0006s ]
SQL: SELECT * FROM `category`  [ RunTime:0.0006s ]
SQL: SHOW COLUMNS FROM `goods_detail` [ RunTime:0.0045s ]
SQL: SELECT * FROM `goods_detail` WHERE ( goods_gid=0 ) LIMIT 1   [ RunTime:0.0004s ]
SQL: SHOW COLUMNS FROM `type` [ RunTime:0.0058s ]
SQL: SELECT * FROM `type` INNER JOIN type_attr on tid = type_tid INNER JOIN goods_attr on taid=type_attr_taid  WHERE ( goods_gid=0 and class='属性' )  [ RunTime:0.0008s ]
SQL: SELECT * FROM `type` INNER JOIN type_attr on tid = type_tid INNER JOIN goods_attr on taid=type_attr_taid  WHERE ( goods_gid=0 and class='规格' )  [ RunTime:0.0010s ]
INFO: [ view_parse ] --START--
INFO: [ template_filter ] --START--
INFO: Run Behavior\ContentReplaceBehavior [ RunTime:0.000183s ]
INFO: [ template_filter ] --END-- [ RunTime:0.000343s ]
NOTIC: [8] Use of undefined constant AttrData2 - assumed 'AttrData2' D:\Program\www\my\tpzol\App\Runtime\Cache\Admin\f147deac9c6bbf7d7c2aba22b0bc8af1.php 第 318 行.
NOTIC: [8] Undefined index: gid D:\Program\www\my\tpzol\App\Runtime\Cache\Admin\f147deac9c6bbf7d7c2aba22b0bc8af1.php 第 405 行.
ERR: 1064:Erreur de syntaxe près de ') LIMIT 1' à la ligne 1
 [ SQL语句 ] : SELECT * FROM `goods_detail` WHERE ( goods_gid= ) LIMIT 1  
ERR: 1064:Erreur de syntaxe près de ') LIMIT 1' à la ligne 1
 [ SQL语句 ] : SELECT * FROM `goods_detail` WHERE ( goods_gid= ) LIMIT 1  

[ 2016-07-07T17:37:03+08:00 ] 127.0.0.1 /my/tpzol/index.php/Admin/Goods/uploads.html
INFO: [ app_init ] --START--
INFO: Run Behavior\BuildLiteBehavior [ RunTime:0.000071s ]
INFO: [ app_init ] --END-- [ RunTime:0.000999s ]
INFO: [ app_begin ] --START--
INFO: Run Behavior\ReadHtmlCacheBehavior [ RunTime:0.000625s ]
INFO: [ app_begin ] --END-- [ RunTime:0.000798s ]
SQL: SHOW COLUMNS FROM `goods` [ RunTime:0.0048s ]
SQL: SHOW COLUMNS FROM `category` [ RunTime:0.0042s ]
SQL: SHOW COLUMNS FROM `brand` [ RunTime:0.0036s ]
NOTIC: [2] call_user_func() expects parameter 1 to be a valid callback, no array or string given D:\Program\www\my\tpzol\ThinkPHP\Library\Think\Upload.class.php 第 170 行.

[ 2016-07-07T17:37:09+08:00 ] 127.0.0.1 /my/tpzol/index.php/Admin/Goods/uploads.html
INFO: [ app_init ] --START--
INFO: Run Behavior\BuildLiteBehavior [ RunTime:0.000086s ]
INFO: [ app_init ] --END-- [ RunTime:0.001633s ]
INFO: [ app_begin ] --START--
INFO: Run Behavior\ReadHtmlCacheBehavior [ RunTime:0.001420s ]
INFO: [ app_begin ] --END-- [ RunTime:0.001577s ]
SQL: SHOW COLUMNS FROM `goods` [ RunTime:0.0046s ]
SQL: SHOW COLUMNS FROM `category` [ RunTime:0.0048s ]
SQL: SHOW COLUMNS FROM `brand` [ RunTime:0.0042s ]
NOTIC: [2] call_user_func() expects parameter 1 to be a valid callback, no array or string given D:\Program\www\my\tpzol\ThinkPHP\Library\Think\Upload.class.php 第 170 行.

[ 2016-07-07T17:37:09+08:00 ] 127.0.0.1 /my/tpzol/index.php/Admin/Goods/uploads.html
INFO: [ app_init ] --START--
INFO: Run Behavior\BuildLiteBehavior [ RunTime:0.000063s ]
INFO: [ app_init ] --END-- [ RunTime:0.001176s ]
INFO: [ app_begin ] --START--
INFO: Run Behavior\ReadHtmlCacheBehavior [ RunTime:0.002510s ]
INFO: [ app_begin ] --END-- [ RunTime:0.002748s ]
SQL: SHOW COLUMNS FROM `goods` [ RunTime:0.0038s ]
SQL: SHOW COLUMNS FROM `category` [ RunTime:0.0036s ]
SQL: SHOW COLUMNS FROM `brand` [ RunTime:0.0037s ]
NOTIC: [2] call_user_func() expects parameter 1 to be a valid callback, no array or string given D:\Program\www\my\tpzol\ThinkPHP\Library\Think\Upload.class.php 第 170 行.

[ 2016-07-07T17:37:09+08:00 ] 127.0.0.1 /my/tpzol/index.php/Admin/Goods/uploads.html
INFO: [ app_init ] --START--
INFO: Run Behavior\BuildLiteBehavior [ RunTime:0.000039s ]
INFO: [ app_init ] --END-- [ RunTime:0.001207s ]
INFO: [ app_begin ] --START--
INFO: Run Behavior\ReadHtmlCacheBehavior [ RunTime:0.002516s ]
INFO: [ app_begin ] --END-- [ RunTime:0.002830s ]
SQL: SHOW COLUMNS FROM `goods` [ RunTime:0.0047s ]
SQL: SHOW COLUMNS FROM `category` [ RunTime:0.0043s ]
SQL: SHOW COLUMNS FROM `brand` [ RunTime:0.0036s ]
NOTIC: [2] call_user_func() expects parameter 1 to be a valid callback, no array or string given D:\Program\www\my\tpzol\ThinkPHP\Library\Think\Upload.class.php 第 170 行.

