[ 2016-06-28T08:03:30+08:00 ] 127.0.0.1 /tpzol/index.php/Admin/Cate/index.html
INFO: [ app_init ] --START--
INFO: Run Behavior\BuildLiteBehavior [ RunTime:0.000032s ]
INFO: [ app_init ] --END-- [ RunTime:0.000549s ]
INFO: [ app_begin ] --START--
INFO: Run Behavior\ReadHtmlCacheBehavior [ RunTime:0.001264s ]
INFO: [ app_begin ] --END-- [ RunTime:0.001464s ]
SQL: SHOW COLUMNS FROM `category` [ RunTime:0.0039s ]
SQL: SHOW COLUMNS FROM `type` [ RunTime:0.0033s ]
SQL: SELECT * FROM `category` ORDER BY csort  [ RunTime:0.0006s ]
INFO: [ view_parse ] --START--
INFO: [ template_filter ] --START--
INFO: Run Behavior\ContentReplaceBehavior [ RunTime:0.000101s ]
INFO: [ template_filter ] --END-- [ RunTime:0.000283s ]
INFO: Run Behavior\ParseTemplateBehavior [ RunTime:0.142077s ]
INFO: [ view_parse ] --END-- [ RunTime:0.142280s ]
INFO: [ view_filter ] --START--
INFO: Run Behavior\WriteHtmlCacheBehavior [ RunTime:0.000688s ]
INFO: [ view_filter ] --END-- [ RunTime:0.000853s ]
INFO: [ app_end ] --START--
INFO: Run Behavior\ShowPageTraceBehavior [ RunTime:0.000838s ]
INFO: [ app_end ] --END-- [ RunTime:0.000983s ]

[ 2016-06-28T08:03:30+08:00 ] 127.0.0.1 /tpzol/index.php/Admin/Login/index.html
INFO: [ app_init ] --START--
INFO: Run Behavior\BuildLiteBehavior [ RunTime:0.000025s ]
INFO: [ app_init ] --END-- [ RunTime:0.000575s ]
INFO: [ app_begin ] --START--
INFO: Run Behavior\ReadHtmlCacheBehavior [ RunTime:0.000789s ]
INFO: [ app_begin ] --END-- [ RunTime:0.000928s ]
SQL: SHOW COLUMNS FROM `admin` [ RunTime:0.0032s ]
INFO: [ view_parse ] --START--
INFO: [ template_filter ] --START--
INFO: Run Behavior\ContentReplaceBehavior [ RunTime:0.000085s ]
INFO: [ template_filter ] --END-- [ RunTime:0.000251s ]
INFO: Run Behavior\ParseTemplateBehavior [ RunTime:0.040739s ]
INFO: [ view_parse ] --END-- [ RunTime:0.040865s ]
INFO: [ view_filter ] --START--
INFO: Run Behavior\WriteHtmlCacheBehavior [ RunTime:0.000588s ]
INFO: [ view_filter ] --END-- [ RunTime:0.000698s ]
INFO: [ app_end ] --START--
INFO: Run Behavior\ShowPageTraceBehavior [ RunTime:0.000751s ]
INFO: [ app_end ] --END-- [ RunTime:0.000865s ]

[ 2016-06-28T08:03:31+08:00 ] 127.0.0.1 /tpzol/index.php/Admin/Index/favicon.ico
INFO: [ app_init ] --START--
INFO: Run Behavior\BuildLiteBehavior [ RunTime:0.000050s ]
INFO: [ app_init ] --END-- [ RunTime:0.000771s ]

[ 2016-06-28T08:03:31+08:00 ] 127.0.0.1 /tpzol/index.php/Admin/Index/favicon.ico
INFO: [ app_init ] --START--
INFO: Run Behavior\BuildLiteBehavior [ RunTime:0.000050s ]
INFO: [ app_init ] --END-- [ RunTime:0.000871s ]

[ 2016-06-28T08:03:32+08:00 ] 127.0.0.1 /tpzol/index.php/Admin/Index/favicon.ico
INFO: [ app_init ] --START--
INFO: Run Behavior\BuildLiteBehavior [ RunTime:0.000100s ]
INFO: [ app_init ] --END-- [ RunTime:0.000874s ]

[ 2016-06-28T08:03:36+08:00 ] 127.0.0.1 /tpzol/index.php/Admin/Login/index.html
INFO: [ app_init ] --START--
INFO: Run Behavior\BuildLiteBehavior [ RunTime:0.000027s ]
INFO: [ app_init ] --END-- [ RunTime:0.000579s ]
INFO: [ app_begin ] --START--
INFO: Run Behavior\ReadHtmlCacheBehavior [ RunTime:0.000729s ]
INFO: [ app_begin ] --END-- [ RunTime:0.000853s ]
SQL: SHOW COLUMNS FROM `admin` [ RunTime:0.0031s ]
NOTIC: [8] Undefined index: validate D:\Program\www\tpzol\ThinkPHP\Library\Think\Model.class.php 第 1185 行.
NOTIC: [8] Undefined index: auto D:\Program\www\tpzol\ThinkPHP\Library\Think\Model.class.php 第 1128 行.
SQL: SELECT * FROM `admin` WHERE ( username='admin' and password='21232f297a57a5a743894a0e4a801fc3' )  [ RunTime:0.0006s ]
INFO: [ view_parse ] --START--
INFO: [ template_filter ] --START--
INFO: Run Behavior\ContentReplaceBehavior [ RunTime:0.000124s ]
INFO: [ template_filter ] --END-- [ RunTime:0.000323s ]
INFO: Run Behavior\ParseTemplateBehavior [ RunTime:0.076812s ]
INFO: [ view_parse ] --END-- [ RunTime:0.076952s ]
INFO: [ view_filter ] --START--
INFO: Run Behavior\WriteHtmlCacheBehavior [ RunTime:0.000591s ]
INFO: [ view_filter ] --END-- [ RunTime:0.000701s ]

[ 2016-06-28T08:03:39+08:00 ] 127.0.0.1 /tpzol/index.php/Admin/Index/index.html
INFO: [ app_init ] --START--
INFO: Run Behavior\BuildLiteBehavior [ RunTime:0.000031s ]
INFO: [ app_init ] --END-- [ RunTime:0.000590s ]
INFO: [ app_begin ] --START--
INFO: Run Behavior\ReadHtmlCacheBehavior [ RunTime:0.000757s ]
INFO: [ app_begin ] --END-- [ RunTime:0.000890s ]
INFO: [ view_parse ] --START--
INFO: [ template_filter ] --START--
INFO: Run Behavior\ContentReplaceBehavior [ RunTime:0.000112s ]
INFO: [ template_filter ] --END-- [ RunTime:0.000234s ]
INFO: Run Behavior\ParseTemplateBehavior [ RunTime:0.038066s ]
INFO: [ view_parse ] --END-- [ RunTime:0.038201s ]
INFO: [ view_filter ] --START--
INFO: Run Behavior\WriteHtmlCacheBehavior [ RunTime:0.000953s ]
INFO: [ view_filter ] --END-- [ RunTime:0.001319s ]
INFO: [ app_end ] --START--
INFO: Run Behavior\ShowPageTraceBehavior [ RunTime:0.000922s ]
INFO: [ app_end ] --END-- [ RunTime:0.001114s ]

[ 2016-06-28T08:03:39+08:00 ] 127.0.0.1 /tpzol/index.php/Admin/Index/welcome.html
INFO: [ app_init ] --START--
INFO: Run Behavior\BuildLiteBehavior [ RunTime:0.000029s ]
INFO: [ app_init ] --END-- [ RunTime:0.000605s ]
INFO: [ app_begin ] --START--
INFO: Run Behavior\ReadHtmlCacheBehavior [ RunTime:0.000769s ]
INFO: [ app_begin ] --END-- [ RunTime:0.000892s ]
INFO: [ view_parse ] --START--
INFO: [ template_filter ] --START--
INFO: Run Behavior\ContentReplaceBehavior [ RunTime:0.000080s ]
INFO: [ template_filter ] --END-- [ RunTime:0.000271s ]
INFO: Run Behavior\ParseTemplateBehavior [ RunTime:0.026858s ]
INFO: [ view_parse ] --END-- [ RunTime:0.027062s ]
INFO: [ view_filter ] --START--
INFO: Run Behavior\WriteHtmlCacheBehavior [ RunTime:0.000662s ]
INFO: [ view_filter ] --END-- [ RunTime:0.000835s ]
INFO: [ app_end ] --START--
INFO: Run Behavior\ShowPageTraceBehavior [ RunTime:0.000824s ]
INFO: [ app_end ] --END-- [ RunTime:0.000956s ]

[ 2016-06-28T11:33:40+08:00 ] 127.0.0.1 /tpzol/index.php/Admin/Type/index.html
INFO: [ app_init ] --START--
INFO: Run Behavior\BuildLiteBehavior [ RunTime:0.000028s ]
INFO: [ app_init ] --END-- [ RunTime:0.000622s ]
INFO: [ app_begin ] --START--
INFO: Run Behavior\ReadHtmlCacheBehavior [ RunTime:0.000823s ]
INFO: [ app_begin ] --END-- [ RunTime:0.000949s ]
SQL: SHOW COLUMNS FROM `type` [ RunTime:0.0047s ]
SQL: SHOW COLUMNS FROM `type_attr` [ RunTime:0.0047s ]
SQL: SELECT * FROM `type`  [ RunTime:0.0004s ]
INFO: [ view_parse ] --START--
INFO: [ template_filter ] --START--
INFO: Run Behavior\ContentReplaceBehavior [ RunTime:0.000069s ]
INFO: [ template_filter ] --END-- [ RunTime:0.000188s ]
INFO: Run Behavior\ParseTemplateBehavior [ RunTime:0.041386s ]
INFO: [ view_parse ] --END-- [ RunTime:0.041528s ]
INFO: [ view_filter ] --START--
INFO: Run Behavior\WriteHtmlCacheBehavior [ RunTime:0.000680s ]
INFO: [ view_filter ] --END-- [ RunTime:0.000811s ]
INFO: [ app_end ] --START--
INFO: Run Behavior\ShowPageTraceBehavior [ RunTime:0.000778s ]
INFO: [ app_end ] --END-- [ RunTime:0.000891s ]

[ 2016-06-28T11:33:45+08:00 ] 127.0.0.1 /tpzol/index.php/Admin/Cate/index.html
INFO: [ app_init ] --START--
INFO: Run Behavior\BuildLiteBehavior [ RunTime:0.000032s ]
INFO: [ app_init ] --END-- [ RunTime:0.000766s ]
INFO: [ app_begin ] --START--
INFO: Run Behavior\ReadHtmlCacheBehavior [ RunTime:0.000770s ]
INFO: [ app_begin ] --END-- [ RunTime:0.000911s ]
SQL: SHOW COLUMNS FROM `category` [ RunTime:0.0049s ]
SQL: SHOW COLUMNS FROM `type` [ RunTime:0.0042s ]
SQL: SELECT * FROM `category` ORDER BY csort  [ RunTime:0.0006s ]
INFO: [ view_parse ] --START--
INFO: [ template_filter ] --START--
INFO: Run Behavior\ContentReplaceBehavior [ RunTime:0.000066s ]
INFO: [ template_filter ] --END-- [ RunTime:0.000209s ]
INFO: Run Behavior\ParseTemplateBehavior [ RunTime:0.026084s ]
INFO: [ view_parse ] --END-- [ RunTime:0.026227s ]
INFO: [ view_filter ] --START--
INFO: Run Behavior\WriteHtmlCacheBehavior [ RunTime:0.000710s ]
INFO: [ view_filter ] --END-- [ RunTime:0.000824s ]
INFO: [ app_end ] --START--
INFO: Run Behavior\ShowPageTraceBehavior [ RunTime:0.001234s ]
INFO: [ app_end ] --END-- [ RunTime:0.001471s ]

[ 2016-06-28T11:33:47+08:00 ] 127.0.0.1 /tpzol/index.php/Admin/Brand/index.html
INFO: [ app_init ] --START--
INFO: Run Behavior\BuildLiteBehavior [ RunTime:0.000031s ]
INFO: [ app_init ] --END-- [ RunTime:0.000672s ]
INFO: [ app_begin ] --START--
INFO: Run Behavior\ReadHtmlCacheBehavior [ RunTime:0.000884s ]
INFO: [ app_begin ] --END-- [ RunTime:0.001033s ]
SQL: SHOW COLUMNS FROM `brand` [ RunTime:0.0040s ]
SQL: SELECT * FROM `brand` ORDER BY bsort  [ RunTime:0.0005s ]
INFO: [ view_parse ] --START--
INFO: [ template_filter ] --START--
INFO: Run Behavior\ContentReplaceBehavior [ RunTime:0.000067s ]
INFO: [ template_filter ] --END-- [ RunTime:0.000186s ]
INFO: Run Behavior\ParseTemplateBehavior [ RunTime:0.054875s ]
INFO: [ view_parse ] --END-- [ RunTime:0.055138s ]
INFO: [ view_filter ] --START--
INFO: Run Behavior\WriteHtmlCacheBehavior [ RunTime:0.001409s ]
INFO: [ view_filter ] --END-- [ RunTime:0.001697s ]
INFO: [ app_end ] --START--
INFO: Run Behavior\ShowPageTraceBehavior [ RunTime:0.001812s ]
INFO: [ app_end ] --END-- [ RunTime:0.002111s ]

[ 2016-06-28T11:33:55+08:00 ] 127.0.0.1 /tpzol/index.php/Admin/Goods/index.html
INFO: [ app_init ] --START--
INFO: Run Behavior\BuildLiteBehavior [ RunTime:0.000032s ]
INFO: [ app_init ] --END-- [ RunTime:0.000703s ]
INFO: [ app_begin ] --START--
INFO: Run Behavior\ReadHtmlCacheBehavior [ RunTime:0.000896s ]
INFO: [ app_begin ] --END-- [ RunTime:0.001048s ]
SQL: SHOW COLUMNS FROM `goods` [ RunTime:0.0036s ]
SQL: SHOW COLUMNS FROM `category` [ RunTime:0.0044s ]
SQL: SHOW COLUMNS FROM `brand` [ RunTime:0.0041s ]
SQL: SELECT * FROM `goods` GROUP BY gid  [ RunTime:0.0006s ]
INFO: [ view_parse ] --START--
INFO: [ template_filter ] --START--
INFO: Run Behavior\ContentReplaceBehavior [ RunTime:0.000160s ]
INFO: [ template_filter ] --END-- [ RunTime:0.000447s ]
INFO: Run Behavior\ParseTemplateBehavior [ RunTime:0.011015s ]
INFO: [ view_parse ] --END-- [ RunTime:0.011153s ]
INFO: [ view_filter ] --START--
INFO: Run Behavior\WriteHtmlCacheBehavior [ RunTime:0.000590s ]
INFO: [ view_filter ] --END-- [ RunTime:0.000731s ]
INFO: [ app_end ] --START--
INFO: Run Behavior\ShowPageTraceBehavior [ RunTime:0.000757s ]
INFO: [ app_end ] --END-- [ RunTime:0.000873s ]

[ 2016-06-28T11:34:21+08:00 ] 127.0.0.1 /tpzol/index.php/Admin/Goods/index.html
INFO: [ app_init ] --START--
INFO: Run Behavior\BuildLiteBehavior [ RunTime:0.000025s ]
INFO: [ app_init ] --END-- [ RunTime:0.000602s ]
INFO: [ app_begin ] --START--
INFO: Run Behavior\ReadHtmlCacheBehavior [ RunTime:0.001126s ]
INFO: [ app_begin ] --END-- [ RunTime:0.001413s ]
SQL: SHOW COLUMNS FROM `goods` [ RunTime:0.0053s ]
SQL: SHOW COLUMNS FROM `category` [ RunTime:0.0045s ]
SQL: SHOW COLUMNS FROM `brand` [ RunTime:0.0040s ]
SQL: SELECT * FROM `goods` GROUP BY gid  [ RunTime:0.0004s ]
INFO: [ view_parse ] --START--
INFO: [ template_filter ] --START--
INFO: Run Behavior\ContentReplaceBehavior [ RunTime:0.000066s ]
INFO: [ template_filter ] --END-- [ RunTime:0.000191s ]
INFO: Run Behavior\ParseTemplateBehavior [ RunTime:0.010407s ]
INFO: [ view_parse ] --END-- [ RunTime:0.010539s ]
INFO: [ view_filter ] --START--
INFO: Run Behavior\WriteHtmlCacheBehavior [ RunTime:0.000626s ]
INFO: [ view_filter ] --END-- [ RunTime:0.000739s ]
INFO: [ app_end ] --START--
INFO: Run Behavior\ShowPageTraceBehavior [ RunTime:0.000751s ]
INFO: [ app_end ] --END-- [ RunTime:0.000865s ]

[ 2016-06-28T11:34:22+08:00 ] 127.0.0.1 /tpzol/index.php/Admin/Goods/add.html
INFO: [ app_init ] --START--
INFO: Run Behavior\BuildLiteBehavior [ RunTime:0.000094s ]
INFO: [ app_init ] --END-- [ RunTime:0.000793s ]
INFO: [ app_begin ] --START--
INFO: Run Behavior\ReadHtmlCacheBehavior [ RunTime:0.000749s ]
INFO: [ app_begin ] --END-- [ RunTime:0.000875s ]
SQL: SHOW COLUMNS FROM `goods` [ RunTime:0.0682s ]
SQL: SHOW COLUMNS FROM `category` [ RunTime:0.0133s ]
SQL: SHOW COLUMNS FROM `brand` [ RunTime:0.0114s ]
SQL: SELECT * FROM `category`  [ RunTime:0.0006s ]
SQL: SELECT * FROM `brand`  [ RunTime:0.0006s ]
INFO: [ view_parse ] --START--
INFO: [ template_filter ] --START--
INFO: Run Behavior\ContentReplaceBehavior [ RunTime:0.000201s ]
INFO: [ template_filter ] --END-- [ RunTime:0.000406s ]
INFO: Run Behavior\ParseTemplateBehavior [ RunTime:0.035886s ]
INFO: [ view_parse ] --END-- [ RunTime:0.036111s ]
INFO: [ view_filter ] --START--
INFO: Run Behavior\WriteHtmlCacheBehavior [ RunTime:0.000943s ]
INFO: [ view_filter ] --END-- [ RunTime:0.001131s ]
INFO: [ app_end ] --START--
INFO: Run Behavior\ShowPageTraceBehavior [ RunTime:0.001617s ]
INFO: [ app_end ] --END-- [ RunTime:0.001909s ]

[ 2016-06-28T11:34:23+08:00 ] 127.0.0.1 /tpzol/index.php/Admin/Goods/
INFO: [ app_init ] --START--
INFO: Run Behavior\BuildLiteBehavior [ RunTime:0.000051s ]
INFO: [ app_init ] --END-- [ RunTime:0.000777s ]
INFO: [ app_begin ] --START--
INFO: Run Behavior\ReadHtmlCacheBehavior [ RunTime:0.001183s ]
INFO: [ app_begin ] --END-- [ RunTime:0.001434s ]
SQL: SHOW COLUMNS FROM `goods` [ RunTime:0.0249s ]
SQL: SHOW COLUMNS FROM `category` [ RunTime:0.0063s ]
SQL: SHOW COLUMNS FROM `brand` [ RunTime:0.0061s ]
SQL: SELECT * FROM `goods` GROUP BY gid  [ RunTime:0.0004s ]
INFO: [ view_parse ] --START--
INFO: [ template_filter ] --START--
INFO: Run Behavior\ContentReplaceBehavior [ RunTime:0.000128s ]
INFO: [ template_filter ] --END-- [ RunTime:0.000368s ]
INFO: Run Behavior\ParseTemplateBehavior [ RunTime:0.013720s ]
INFO: [ view_parse ] --END-- [ RunTime:0.013937s ]
INFO: [ view_filter ] --START--
INFO: Run Behavior\WriteHtmlCacheBehavior [ RunTime:0.000776s ]
INFO: [ view_filter ] --END-- [ RunTime:0.000970s ]
INFO: [ app_end ] --START--
INFO: Run Behavior\ShowPageTraceBehavior [ RunTime:0.001044s ]
INFO: [ app_end ] --END-- [ RunTime:0.001259s ]

[ 2016-06-28T11:34:24+08:00 ] 127.0.0.1 /tpzol/index.php/Admin/Goods/
INFO: [ app_init ] --START--
INFO: Run Behavior\BuildLiteBehavior [ RunTime:0.000048s ]
INFO: [ app_init ] --END-- [ RunTime:0.000845s ]
INFO: [ app_begin ] --START--
INFO: Run Behavior\ReadHtmlCacheBehavior [ RunTime:0.001067s ]
INFO: [ app_begin ] --END-- [ RunTime:0.001298s ]
SQL: SHOW COLUMNS FROM `goods` [ RunTime:0.0051s ]
SQL: SHOW COLUMNS FROM `category` [ RunTime:0.0052s ]
SQL: SHOW COLUMNS FROM `brand` [ RunTime:0.0054s ]
SQL: SELECT * FROM `goods` GROUP BY gid  [ RunTime:0.0003s ]
INFO: [ view_parse ] --START--
INFO: [ template_filter ] --START--
INFO: Run Behavior\ContentReplaceBehavior [ RunTime:0.000075s ]
INFO: [ template_filter ] --END-- [ RunTime:0.000213s ]
INFO: Run Behavior\ParseTemplateBehavior [ RunTime:0.011362s ]
INFO: [ view_parse ] --END-- [ RunTime:0.011504s ]
INFO: [ view_filter ] --START--
INFO: Run Behavior\WriteHtmlCacheBehavior [ RunTime:0.000997s ]
INFO: [ view_filter ] --END-- [ RunTime:0.001180s ]
INFO: [ app_end ] --START--
INFO: Run Behavior\ShowPageTraceBehavior [ RunTime:0.000915s ]
INFO: [ app_end ] --END-- [ RunTime:0.001092s ]

[ 2016-06-28T11:34:57+08:00 ] 127.0.0.1 /tpzol/index.php/Admin/Goods/check.html
INFO: [ app_init ] --START--
INFO: Run Behavior\BuildLiteBehavior [ RunTime:0.000031s ]
INFO: [ app_init ] --END-- [ RunTime:0.000642s ]
INFO: [ app_begin ] --START--
INFO: Run Behavior\ReadHtmlCacheBehavior [ RunTime:0.000841s ]
INFO: [ app_begin ] --END-- [ RunTime:0.000969s ]
SQL: SHOW COLUMNS FROM `goods` [ RunTime:0.0041s ]
SQL: SHOW COLUMNS FROM `category` [ RunTime:0.0042s ]
SQL: SHOW COLUMNS FROM `brand` [ RunTime:0.0040s ]
SQL: SHOW COLUMNS FROM `type_attr` [ RunTime:0.0043s ]
SQL: SELECT * FROM `type_attr` WHERE ( type_tid=1 )  [ RunTime:0.0006s ]

[ 2016-06-28T11:41:05+08:00 ] 127.0.0.1 /tpzol/index.php/Admin/Goods/uploads.html
INFO: [ app_init ] --START--
INFO: Run Behavior\BuildLiteBehavior [ RunTime:0.000030s ]
INFO: [ app_init ] --END-- [ RunTime:0.000561s ]
INFO: [ app_begin ] --START--
INFO: Run Behavior\ReadHtmlCacheBehavior [ RunTime:0.000783s ]
INFO: [ app_begin ] --END-- [ RunTime:0.000924s ]
SQL: SHOW COLUMNS FROM `goods` [ RunTime:0.0037s ]
SQL: SHOW COLUMNS FROM `category` [ RunTime:0.0049s ]
SQL: SHOW COLUMNS FROM `brand` [ RunTime:0.0041s ]
NOTIC: [2] call_user_func() expects parameter 1 to be a valid callback, no array or string given D:\Program\www\tpzol\ThinkPHP\Library\Think\Upload.class.php 第 170 行.
NOTIC: [8] Undefined index: HTTP_ORIGIN D:\Program\www\tpzol\App\Admin\Controller\GoodsController.class.php 第 175 行.

[ 2016-06-28T11:41:13+08:00 ] 127.0.0.1 /tpzol/index.php/Admin/Goods/uploads.html
INFO: [ app_init ] --START--
INFO: Run Behavior\BuildLiteBehavior [ RunTime:0.000031s ]
INFO: [ app_init ] --END-- [ RunTime:0.000596s ]
INFO: [ app_begin ] --START--
INFO: Run Behavior\ReadHtmlCacheBehavior [ RunTime:0.000762s ]
INFO: [ app_begin ] --END-- [ RunTime:0.000886s ]
SQL: SHOW COLUMNS FROM `goods` [ RunTime:0.0043s ]
SQL: SHOW COLUMNS FROM `category` [ RunTime:0.0040s ]
SQL: SHOW COLUMNS FROM `brand` [ RunTime:0.0041s ]
NOTIC: [2] call_user_func() expects parameter 1 to be a valid callback, no array or string given D:\Program\www\tpzol\ThinkPHP\Library\Think\Upload.class.php 第 170 行.
NOTIC: [8] Undefined index: HTTP_ORIGIN D:\Program\www\tpzol\App\Admin\Controller\GoodsController.class.php 第 175 行.

[ 2016-06-28T11:41:13+08:00 ] 127.0.0.1 /tpzol/index.php/Admin/Goods/uploads.html
INFO: [ app_init ] --START--
INFO: Run Behavior\BuildLiteBehavior [ RunTime:0.000026s ]
INFO: [ app_init ] --END-- [ RunTime:0.000580s ]
INFO: [ app_begin ] --START--
INFO: Run Behavior\ReadHtmlCacheBehavior [ RunTime:0.001433s ]
INFO: [ app_begin ] --END-- [ RunTime:0.001684s ]
SQL: SHOW COLUMNS FROM `goods` [ RunTime:0.0045s ]
SQL: SHOW COLUMNS FROM `category` [ RunTime:0.0039s ]
SQL: SHOW COLUMNS FROM `brand` [ RunTime:0.0043s ]
NOTIC: [2] call_user_func() expects parameter 1 to be a valid callback, no array or string given D:\Program\www\tpzol\ThinkPHP\Library\Think\Upload.class.php 第 170 行.
NOTIC: [8] Undefined index: HTTP_ORIGIN D:\Program\www\tpzol\App\Admin\Controller\GoodsController.class.php 第 175 行.

[ 2016-06-28T11:41:13+08:00 ] 127.0.0.1 /tpzol/index.php/Admin/Goods/uploads.html
INFO: [ app_init ] --START--
INFO: Run Behavior\BuildLiteBehavior [ RunTime:0.000027s ]
INFO: [ app_init ] --END-- [ RunTime:0.000595s ]
INFO: [ app_begin ] --START--
INFO: Run Behavior\ReadHtmlCacheBehavior [ RunTime:0.000920s ]
INFO: [ app_begin ] --END-- [ RunTime:0.001068s ]
SQL: SHOW COLUMNS FROM `goods` [ RunTime:0.0041s ]
SQL: SHOW COLUMNS FROM `category` [ RunTime:0.0040s ]
SQL: SHOW COLUMNS FROM `brand` [ RunTime:0.0044s ]
NOTIC: [2] call_user_func() expects parameter 1 to be a valid callback, no array or string given D:\Program\www\tpzol\ThinkPHP\Library\Think\Upload.class.php 第 170 行.
NOTIC: [8] Undefined index: HTTP_ORIGIN D:\Program\www\tpzol\App\Admin\Controller\GoodsController.class.php 第 175 行.

[ 2016-06-28T11:41:18+08:00 ] 127.0.0.1 /tpzol/index.php/Admin/Goods/uploads.html
INFO: [ app_init ] --START--
INFO: Run Behavior\BuildLiteBehavior [ RunTime:0.000027s ]
INFO: [ app_init ] --END-- [ RunTime:0.000586s ]
INFO: [ app_begin ] --START--
INFO: Run Behavior\ReadHtmlCacheBehavior [ RunTime:0.000748s ]
INFO: [ app_begin ] --END-- [ RunTime:0.000871s ]
SQL: SHOW COLUMNS FROM `goods` [ RunTime:0.0483s ]
SQL: SHOW COLUMNS FROM `category` [ RunTime:0.0042s ]
SQL: SHOW COLUMNS FROM `brand` [ RunTime:0.0051s ]
NOTIC: [2] call_user_func() expects parameter 1 to be a valid callback, no array or string given D:\Program\www\tpzol\ThinkPHP\Library\Think\Upload.class.php 第 170 行.
NOTIC: [8] Undefined index: HTTP_ORIGIN D:\Program\www\tpzol\App\Admin\Controller\GoodsController.class.php 第 175 行.

[ 2016-06-28T11:41:18+08:00 ] 127.0.0.1 /tpzol/index.php/Admin/Goods/uploads.html
INFO: [ app_init ] --START--
INFO: Run Behavior\BuildLiteBehavior [ RunTime:0.000031s ]
INFO: [ app_init ] --END-- [ RunTime:0.000634s ]
INFO: [ app_begin ] --START--
INFO: Run Behavior\ReadHtmlCacheBehavior [ RunTime:0.000771s ]
INFO: [ app_begin ] --END-- [ RunTime:0.000921s ]
SQL: SHOW COLUMNS FROM `goods` [ RunTime:0.0048s ]
SQL: SHOW COLUMNS FROM `category` [ RunTime:0.0042s ]
SQL: SHOW COLUMNS FROM `brand` [ RunTime:0.0036s ]
NOTIC: [2] call_user_func() expects parameter 1 to be a valid callback, no array or string given D:\Program\www\tpzol\ThinkPHP\Library\Think\Upload.class.php 第 170 行.
NOTIC: [8] Undefined index: HTTP_ORIGIN D:\Program\www\tpzol\App\Admin\Controller\GoodsController.class.php 第 175 行.

[ 2016-06-28T11:41:21+08:00 ] 127.0.0.1 /tpzol/index.php/Admin/Goods/add.html
INFO: [ app_init ] --START--
INFO: Run Behavior\BuildLiteBehavior [ RunTime:0.000031s ]
INFO: [ app_init ] --END-- [ RunTime:0.000573s ]
INFO: [ app_begin ] --START--
INFO: Run Behavior\ReadHtmlCacheBehavior [ RunTime:0.000835s ]
INFO: [ app_begin ] --END-- [ RunTime:0.000969s ]
SQL: SHOW COLUMNS FROM `goods` [ RunTime:0.0063s ]
SQL: SHOW COLUMNS FROM `category` [ RunTime:0.0036s ]
SQL: SHOW COLUMNS FROM `brand` [ RunTime:0.0042s ]
NOTIC: [8] Undefined index: validate D:\Program\www\tpzol\ThinkPHP\Library\Think\Model.class.php 第 1185 行.
NOTIC: [8] Undefined index: auto D:\Program\www\tpzol\ThinkPHP\Library\Think\Model.class.php 第 1128 行.
SQL: SELECT `type_tid` FROM `category` WHERE ( cid=17 ) LIMIT 1   [ RunTime:0.0005s ]
SQL: SHOW COLUMNS FROM `goods_detail` [ RunTime:0.0060s ]
NOTIC: [8] Undefined index: validate D:\Program\www\tpzol\ThinkPHP\Library\Think\Model.class.php 第 1185 行.
NOTIC: [8] Undefined index: auto D:\Program\www\tpzol\ThinkPHP\Library\Think\Model.class.php 第 1128 行.
SQL: SHOW COLUMNS FROM `goods_attr` [ RunTime:0.0041s ]
NOTIC: [8] Undefined index: validate D:\Program\www\tpzol\ThinkPHP\Library\Think\Model.class.php 第 1185 行.
NOTIC: [8] Undefined index: auto D:\Program\www\tpzol\ThinkPHP\Library\Think\Model.class.php 第 1128 行.
SQL: INSERT INTO `goods` (`category_cid`,`brand_bid`,`gname`,`mprice`,`sprice`,`total`,`unit`,`click`,`uptime`,`admin_uid`,`pic_list`,`type_tid`) VALUES ('17','39','【顺丰包邮+精美自拍杆】魅族 魅蓝Note 3（全网通）支持4100mAh大电池，拥有2.5D弧形玻璃屏幕，前置指纹识别并支持全网通','1088','998','123','件','123','1467085281','2','','1') [ RunTime:0.0011s ]
SQL: INSERT INTO `goods_attr` (`gavalue`,`goods_gid`,`type_attr_taid`) VALUES ('4.1-4.5英寸','1','16') [ RunTime:0.0006s ]
SQL: INSERT INTO `goods_attr` (`gavalue`,`goods_gid`,`type_attr_taid`) VALUES ('500-1000','1','17') [ RunTime:0.0004s ]
SQL: INSERT INTO `goods_attr` (`gavalue`,`goods_gid`,`type_attr_taid`) VALUES ('电信4G','1','19') [ RunTime:0.0003s ]
SQL: INSERT INTO `goods_attr` (`gavalue`,`goods_gid`,`type_attr_taid`) VALUES ('双卡双待','1','67') [ RunTime:0.0003s ]
SQL: DELETE FROM `goods_attr` WHERE ( goods_gid =1 and gavalue='0' ) [ RunTime:0.0004s ]
SQL: INSERT INTO `goods_attr` (`gavalue`,`added`,`type_attr_taid`,`goods_gid`) VALUES ('金色行货32GB','','18','1') [ RunTime:0.0005s ]
SQL: INSERT INTO `goods_attr` (`gavalue`,`added`,`type_attr_taid`,`goods_gid`) VALUES ('白色行货32GB','','18','1') [ RunTime:0.0005s ]
SQL: INSERT INTO `goods_attr` (`gavalue`,`added`,`type_attr_taid`,`goods_gid`) VALUES ('黑色行货32GB','','18','1') [ RunTime:0.0004s ]
SQL: INSERT INTO `goods_attr` (`gavalue`,`added`,`type_attr_taid`,`goods_gid`) VALUES ('官方标配','','20','1') [ RunTime:0.0004s ]
SQL: INSERT INTO `goods_attr` (`gavalue`,`added`,`type_attr_taid`,`goods_gid`) VALUES ('套装一','','20','1') [ RunTime:0.0003s ]
SQL: INSERT INTO `goods_attr` (`gavalue`,`added`,`type_attr_taid`,`goods_gid`) VALUES ('套装二','','20','1') [ RunTime:0.0003s ]
SQL: INSERT INTO `goods_attr` (`gavalue`,`added`,`type_attr_taid`,`goods_gid`) VALUES ('套装三
','','20','1') [ RunTime:0.0004s ]
SQL: INSERT INTO `goods_detail` (`detail`,`service`,`goods_gid`,`img`) VALUES ('','','1','') [ RunTime:0.0005s ]
INFO: [ view_parse ] --START--
INFO: [ template_filter ] --START--
INFO: Run Behavior\ContentReplaceBehavior [ RunTime:0.000138s ]
INFO: [ template_filter ] --END-- [ RunTime:0.000336s ]
INFO: Run Behavior\ParseTemplateBehavior [ RunTime:0.009397s ]
INFO: [ view_parse ] --END-- [ RunTime:0.009535s ]
INFO: [ view_filter ] --START--
INFO: Run Behavior\WriteHtmlCacheBehavior [ RunTime:0.000639s ]
INFO: [ view_filter ] --END-- [ RunTime:0.000784s ]
INFO: [ view_parse ] --START--
INFO: [ template_filter ] --START--
INFO: Run Behavior\ContentReplaceBehavior [ RunTime:0.000058s ]
INFO: [ template_filter ] --END-- [ RunTime:-0.005026s ]
INFO: Run Behavior\ParseTemplateBehavior [ RunTime:0.003205s ]
INFO: [ view_parse ] --END-- [ RunTime:-0.001523s ]
INFO: [ view_filter ] --START--
INFO: Run Behavior\WriteHtmlCacheBehavior [ RunTime:0.000030s ]
INFO: [ view_filter ] --END-- [ RunTime:-0.004084s ]

[ 2016-06-28T11:41:22+08:00 ] 127.0.0.1 /tpzol/index.php/Admin/Goods/add.html
INFO: [ app_init ] --START--
INFO: Run Behavior\BuildLiteBehavior [ RunTime:0.000041s ]
INFO: [ app_init ] --END-- [ RunTime:0.001228s ]
INFO: [ app_begin ] --START--
INFO: Run Behavior\ReadHtmlCacheBehavior [ RunTime:0.000711s ]
INFO: [ app_begin ] --END-- [ RunTime:0.000843s ]
SQL: SHOW COLUMNS FROM `goods` [ RunTime:0.0057s ]
SQL: SHOW COLUMNS FROM `category` [ RunTime:0.0054s ]
SQL: SHOW COLUMNS FROM `brand` [ RunTime:0.0059s ]
SQL: SELECT * FROM `category`  [ RunTime:0.0005s ]
SQL: SELECT * FROM `brand`  [ RunTime:0.0004s ]
INFO: [ view_parse ] --START--
INFO: [ template_filter ] --START--
INFO: Run Behavior\ContentReplaceBehavior [ RunTime:0.000197s ]
INFO: [ template_filter ] --END-- [ RunTime:0.000414s ]
INFO: Run Behavior\ParseTemplateBehavior [ RunTime:0.013476s ]
INFO: [ view_parse ] --END-- [ RunTime:0.013653s ]
INFO: [ view_filter ] --START--
INFO: Run Behavior\WriteHtmlCacheBehavior [ RunTime:0.000816s ]
INFO: [ view_filter ] --END-- [ RunTime:0.001057s ]
INFO: [ app_end ] --START--
INFO: Run Behavior\ShowPageTraceBehavior [ RunTime:0.000891s ]
INFO: [ app_end ] --END-- [ RunTime:0.001039s ]

[ 2016-06-28T11:41:23+08:00 ] 127.0.0.1 /tpzol/index.php/Admin/Goods/
INFO: [ app_init ] --START--
INFO: Run Behavior\BuildLiteBehavior [ RunTime:0.000032s ]
INFO: [ app_init ] --END-- [ RunTime:0.000616s ]
INFO: [ app_begin ] --START--
INFO: Run Behavior\ReadHtmlCacheBehavior [ RunTime:0.000755s ]
INFO: [ app_begin ] --END-- [ RunTime:0.000894s ]
SQL: SHOW COLUMNS FROM `goods` [ RunTime:0.0442s ]
SQL: SHOW COLUMNS FROM `category` [ RunTime:0.0059s ]
SQL: SHOW COLUMNS FROM `brand` [ RunTime:0.0045s ]
SQL: SELECT * FROM `goods` GROUP BY gid  [ RunTime:0.0005s ]
INFO: [ view_parse ] --START--
INFO: [ template_filter ] --START--
INFO: Run Behavior\ContentReplaceBehavior [ RunTime:0.000087s ]
INFO: [ template_filter ] --END-- [ RunTime:0.000263s ]
INFO: Run Behavior\ParseTemplateBehavior [ RunTime:0.011654s ]
INFO: [ view_parse ] --END-- [ RunTime:0.011880s ]
INFO: [ view_filter ] --START--
INFO: Run Behavior\WriteHtmlCacheBehavior [ RunTime:0.000884s ]
INFO: [ view_filter ] --END-- [ RunTime:0.001082s ]
INFO: [ app_end ] --START--
INFO: Run Behavior\ShowPageTraceBehavior [ RunTime:0.001237s ]
INFO: [ app_end ] --END-- [ RunTime:0.001425s ]

[ 2016-06-28T11:41:23+08:00 ] 127.0.0.1 /tpzol/index.php/Admin/Goods/
INFO: [ app_init ] --START--
INFO: Run Behavior\BuildLiteBehavior [ RunTime:0.000030s ]
INFO: [ app_init ] --END-- [ RunTime:0.000514s ]
INFO: [ app_begin ] --START--
INFO: Run Behavior\ReadHtmlCacheBehavior [ RunTime:0.000731s ]
INFO: [ app_begin ] --END-- [ RunTime:0.000867s ]
SQL: SHOW COLUMNS FROM `goods` [ RunTime:0.0049s ]
SQL: SHOW COLUMNS FROM `category` [ RunTime:0.0062s ]
SQL: SHOW COLUMNS FROM `brand` [ RunTime:0.0069s ]
SQL: SELECT * FROM `goods` GROUP BY gid  [ RunTime:0.0006s ]
INFO: [ view_parse ] --START--
INFO: [ template_filter ] --START--
INFO: Run Behavior\ContentReplaceBehavior [ RunTime:0.000078s ]
INFO: [ template_filter ] --END-- [ RunTime:0.000221s ]
INFO: Run Behavior\ParseTemplateBehavior [ RunTime:0.013963s ]
INFO: [ view_parse ] --END-- [ RunTime:0.014205s ]
INFO: [ view_filter ] --START--
INFO: Run Behavior\WriteHtmlCacheBehavior [ RunTime:0.001099s ]
INFO: [ view_filter ] --END-- [ RunTime:0.001293s ]
INFO: [ app_end ] --START--
INFO: Run Behavior\ShowPageTraceBehavior [ RunTime:0.001234s ]
INFO: [ app_end ] --END-- [ RunTime:0.001465s ]

[ 2016-06-28T11:41:23+08:00 ] 127.0.0.1 /tpzol/index.php/Admin/Goods/index.html
INFO: [ app_init ] --START--
INFO: Run Behavior\BuildLiteBehavior [ RunTime:0.000028s ]
INFO: [ app_init ] --END-- [ RunTime:0.000475s ]
INFO: [ app_begin ] --START--
INFO: Run Behavior\ReadHtmlCacheBehavior [ RunTime:0.000681s ]
INFO: [ app_begin ] --END-- [ RunTime:0.000811s ]
SQL: SHOW COLUMNS FROM `goods` [ RunTime:0.0042s ]
SQL: SHOW COLUMNS FROM `category` [ RunTime:0.0034s ]
SQL: SHOW COLUMNS FROM `brand` [ RunTime:0.0038s ]
SQL: SELECT * FROM `goods` GROUP BY gid  [ RunTime:0.0003s ]
INFO: [ view_parse ] --START--
INFO: [ template_filter ] --START--
INFO: Run Behavior\ContentReplaceBehavior [ RunTime:0.000072s ]
INFO: [ template_filter ] --END-- [ RunTime:0.000201s ]
INFO: Run Behavior\ParseTemplateBehavior [ RunTime:0.010299s ]
INFO: [ view_parse ] --END-- [ RunTime:0.010435s ]
INFO: [ view_filter ] --START--
INFO: Run Behavior\WriteHtmlCacheBehavior [ RunTime:0.000542s ]
INFO: [ view_filter ] --END-- [ RunTime:0.000666s ]
INFO: [ app_end ] --START--
INFO: Run Behavior\ShowPageTraceBehavior [ RunTime:0.000731s ]
INFO: [ app_end ] --END-- [ RunTime:0.000856s ]

[ 2016-06-28T11:41:26+08:00 ] 127.0.0.1 /tpzol/index.php/Admin/GoodsList/index/gid/1.html
INFO: [ app_init ] --START--
INFO: Run Behavior\BuildLiteBehavior [ RunTime:0.000033s ]
INFO: [ app_init ] --END-- [ RunTime:0.000531s ]
INFO: [ app_begin ] --START--
INFO: Run Behavior\ReadHtmlCacheBehavior [ RunTime:0.000743s ]
INFO: [ app_begin ] --END-- [ RunTime:0.000865s ]
SQL: SHOW COLUMNS FROM `goods_list` [ RunTime:0.0035s ]
SQL: SELECT * FROM `goods_list` WHERE ( goods_gid=1 )  [ RunTime:0.0004s ]
SQL: SHOW COLUMNS FROM `goods_attr` [ RunTime:0.0035s ]
SQL: SHOW COLUMNS FROM `type_attr` [ RunTime:0.0047s ]
SQL: SHOW COLUMNS FROM `goods` [ RunTime:0.0042s ]
SQL: SELECT `type_tid` FROM `goods` WHERE ( gid=1 ) LIMIT 1   [ RunTime:0.0003s ]
SQL: SELECT `taname` FROM `type_attr` WHERE ( class='规格' and type_tid=1 )  [ RunTime:0.0003s ]
SQL: SELECT `taid` FROM `type_attr` WHERE ( type_tid=1 and class='规格' )  [ RunTime:0.0004s ]
SQL: SELECT `gaid`,`gavalue` FROM `goods_attr` WHERE ( goods_gid=1 and type_attr_taid=18 )  [ RunTime:0.0004s ]
SQL: SELECT `gaid`,`gavalue` FROM `goods_attr` WHERE ( goods_gid=1 and type_attr_taid=20 )  [ RunTime:0.0004s ]
INFO: [ view_parse ] --START--
INFO: [ template_filter ] --START--
INFO: Run Behavior\ContentReplaceBehavior [ RunTime:0.000074s ]
INFO: [ template_filter ] --END-- [ RunTime:0.000197s ]
INFO: Run Behavior\ParseTemplateBehavior [ RunTime:0.013606s ]
INFO: [ view_parse ] --END-- [ RunTime:0.013808s ]
INFO: [ view_filter ] --START--
INFO: Run Behavior\WriteHtmlCacheBehavior [ RunTime:0.000670s ]
INFO: [ view_filter ] --END-- [ RunTime:0.000801s ]
INFO: [ app_end ] --START--
INFO: Run Behavior\ShowPageTraceBehavior [ RunTime:0.000766s ]
INFO: [ app_end ] --END-- [ RunTime:0.000882s ]

[ 2016-06-28T11:41:28+08:00 ] 127.0.0.1 /tpzol/index.php/Admin/Goods/index.html
INFO: [ app_init ] --START--
INFO: Run Behavior\BuildLiteBehavior [ RunTime:0.000029s ]
INFO: [ app_init ] --END-- [ RunTime:0.000497s ]
INFO: [ app_begin ] --START--
INFO: Run Behavior\ReadHtmlCacheBehavior [ RunTime:0.001170s ]
INFO: [ app_begin ] --END-- [ RunTime:0.001339s ]
SQL: SHOW COLUMNS FROM `goods` [ RunTime:0.0040s ]
SQL: SHOW COLUMNS FROM `category` [ RunTime:0.0049s ]
SQL: SHOW COLUMNS FROM `brand` [ RunTime:0.0034s ]
SQL: SELECT * FROM `goods` GROUP BY gid  [ RunTime:0.0003s ]
INFO: [ view_parse ] --START--
INFO: [ template_filter ] --START--
INFO: Run Behavior\ContentReplaceBehavior [ RunTime:0.000074s ]
INFO: [ template_filter ] --END-- [ RunTime:0.000204s ]
INFO: Run Behavior\ParseTemplateBehavior [ RunTime:0.010349s ]
INFO: [ view_parse ] --END-- [ RunTime:0.010541s ]
INFO: [ view_filter ] --START--
INFO: Run Behavior\WriteHtmlCacheBehavior [ RunTime:0.000766s ]
INFO: [ view_filter ] --END-- [ RunTime:0.000984s ]
INFO: [ app_end ] --START--
INFO: Run Behavior\ShowPageTraceBehavior [ RunTime:0.000966s ]
INFO: [ app_end ] --END-- [ RunTime:0.001129s ]

