[ 2016-06-14T08:28:45+08:00 ]NOTICE: Undefined index: usernameD:\Program\www\suning\hdphp\Db\Mysql.php (1060).
[ 2016-06-14T08:28:48+08:00 ]NOTICE: Undefined index: usernameD:\Program\www\suning\hdphp\Db\Mysql.php (1060).
[ 2016-06-14T08:28:50+08:00 ]NOTICE: Undefined index: usernameD:\Program\www\suning\hdphp\Db\Mysql.php (1060).
[ 2016-06-14T08:28:52+08:00 ]NOTICE: Undefined index: usernameD:\Program\www\suning\hdphp\Db\Mysql.php (1060).
[ 2016-06-14T08:28:54+08:00 ]NOTICE: Undefined index: usernameD:\Program\www\suning\hdphp\Db\Mysql.php (1060).
[ 2016-06-14T08:28:56+08:00 ]NOTICE: Undefined index: usernameD:\Program\www\suning\hdphp\Db\Mysql.php (1060).
[ 2016-06-14T08:28:59+08:00 ]NOTICE: Undefined index: usernameD:\Program\www\suning\hdphp\Db\Mysql.php (1060).
[ 2016-06-14T08:29:01+08:00 ]NOTICE: Undefined index: usernameD:\Program\www\suning\hdphp\Db\Mysql.php (1060).
[ 2016-06-14T08:29:03+08:00 ]NOTICE: Undefined index: usernameD:\Program\www\suning\hdphp\Db\Mysql.php (1060).
[ 2016-06-14T08:29:07+08:00 ]NOTICE: Undefined index: usernameD:\Program\www\suning\hdphp\Db\Mysql.php (1060).
[ 2016-06-14T08:29:09+08:00 ]NOTICE: Undefined index: usernameD:\Program\www\suning\hdphp\Db\Mysql.php (1060).
[ 2016-06-14T08:29:11+08:00 ]NOTICE: Undefined index: usernameD:\Program\www\suning\hdphp\Db\Mysql.php (1060).
[ 2016-06-14T08:29:13+08:00 ]NOTICE: Undefined index: usernameD:\Program\www\suning\hdphp\Db\Mysql.php (1060).
[ 2016-06-14T08:29:16+08:00 ]NOTICE: Undefined index: usernameD:\Program\www\suning\hdphp\Db\Mysql.php (1060).
[ 2016-06-14T08:29:18+08:00 ]NOTICE: Undefined index: usernameD:\Program\www\suning\hdphp\Db\Mysql.php (1060).
[ 2016-06-14T08:29:20+08:00 ]NOTICE: Undefined index: usernameD:\Program\www\suning\hdphp\Db\Mysql.php (1060).
[ 2016-06-14T08:29:23+08:00 ]NOTICE: Undefined index: usernameD:\Program\www\suning\hdphp\Db\Mysql.php (1060).
[ 2016-06-14T08:29:25+08:00 ]NOTICE: Undefined index: usernameD:\Program\www\suning\hdphp\Db\Mysql.php (1060).
[ 2016-06-14T08:30:56+08:00 ]EXCEPTION: SELECT  *  FROM aid WHERE  aid=?  LIMIT 1 ;BindParams:array (
  0 => '2',
)42S02;1146;La table 'suning.aid' n'existe pas
[ 2016-06-14T08:31:43+08:00 ]NOTICE: Undefined index: usernameD:\Program\www\suning\hdphp\Db\Mysql.php (1060).
[ 2016-06-14T08:31:47+08:00 ]NOTICE: Undefined index: usernameD:\Program\www\suning\hdphp\Db\Mysql.php (1060).
[ 2016-06-14T08:32:36+08:00 ]NOTICE: Undefined index: usernameD:\Program\www\suning\hdphp\Db\Mysql.php (1060).
[ 2016-06-14T08:35:11+08:00 ]NOTICE: Undefined index: usernameD:\Program\www\suning\hdphp\Db\Mysql.php (1060).
[ 2016-06-14T08:37:29+08:00 ]NOTICE: Undefined index: usernameD:\Program\www\suning\hdphp\Db\Mysql.php (1060).
[ 2016-06-14T08:37:33+08:00 ]NOTICE: Undefined index: usernameD:\Program\www\suning\hdphp\Db\Mysql.php (1060).
[ 2016-06-14T08:37:39+08:00 ]NOTICE: Undefined index: usernameD:\Program\www\suning\hdphp\Db\Mysql.php (1060).
[ 2016-06-14T08:37:42+08:00 ]NOTICE: Undefined index: usernameD:\Program\www\suning\hdphp\Db\Mysql.php (1060).
[ 2016-06-14T08:37:48+08:00 ]NOTICE: Undefined index: usernameD:\Program\www\suning\hdphp\Db\Mysql.php (1060).
[ 2016-06-14T08:37:52+08:00 ]NOTICE: Undefined index: usernameD:\Program\www\suning\hdphp\Db\Mysql.php (1060).
[ 2016-06-14T08:37:56+08:00 ]NOTICE: Undefined index: usernameD:\Program\www\suning\hdphp\Db\Mysql.php (1060).
[ 2016-06-14T08:38:06+08:00 ]NOTICE: Undefined index: usernameD:\Program\www\suning\hdphp\Db\Mysql.php (1060).
[ 2016-06-14T08:38:10+08:00 ]NOTICE: Undefined index: usernameD:\Program\www\suning\hdphp\Db\Mysql.php (1060).
[ 2016-06-14T08:38:19+08:00 ]NOTICE: Undefined index: usernameD:\Program\www\suning\hdphp\Db\Mysql.php (1060).
[ 2016-06-14T08:38:55+08:00 ]NOTICE: Undefined index: usernameD:\Program\www\suning\hdphp\Db\Mysql.php (1060).
[ 2016-06-14T08:39:00+08:00 ]NOTICE: Undefined index: usernameD:\Program\www\suning\hdphp\Db\Mysql.php (1060).
[ 2016-06-14T08:42:50+08:00 ]NOTICE: Undefined index: anameD:\Program\www\suning\Storage\view\compile\e25935d41d119f684e703fb7d47c9548.php (66).
[ 2016-06-14T08:45:02+08:00 ]NOTICE: Undefined index: aidD:\Program\www\suning\App\Admin\Controller\LoginController.php (27).
[ 2016-06-14T08:45:04+08:00 ]NOTICE: Undefined index: aidD:\Program\www\suning\App\Admin\Controller\LoginController.php (27).
[ 2016-06-14T08:46:01+08:00 ]NOTICE: Undefined index: nicknameD:\Program\www\suning\Storage\view\compile\6b525946d8170654f945fdfb52b21038.php (15).
[ 2016-06-14T08:58:01+08:00 ]NOTICE: Undefined variable: msgD:\Program\www\suning\App\Admin\Controller\CommonController.php (28).
[ 2016-06-14T08:58:09+08:00 ]NOTICE: Undefined variable: msgD:\Program\www\suning\App\Admin\Controller\CommonController.php (28).
[ 2016-06-14T09:24:34+08:00 ]NOTICE: Undefined variable: msgD:\Program\www\suning\App\Admin\Controller\CommonController.php (28).
[ 2016-06-14T09:26:33+08:00 ]NOTICE: Undefined variable: msgD:\Program\www\suning\App\Admin\Controller\CommonController.php (28).
[ 2016-06-14T09:27:58+08:00 ]NOTICE: Undefined variable: msgD:\Program\www\suning\App\Admin\Controller\CommonController.php (28).
[ 2016-06-14T09:28:14+08:00 ]NOTICE: Undefined variable: msgD:\Program\www\suning\App\Admin\Controller\CommonController.php (28).
[ 2016-06-14T09:30:04+08:00 ]NOTICE: Undefined variable: msgD:\Program\www\suning\App\Admin\Controller\CommonController.php (28).
[ 2016-06-14T09:30:07+08:00 ]NOTICE: Undefined variable: msgD:\Program\www\suning\App\Admin\Controller\CommonController.php (28).
[ 2016-06-14T09:30:08+08:00 ]NOTICE: Undefined variable: msgD:\Program\www\suning\App\Admin\Controller\CommonController.php (28).
[ 2016-06-14T09:30:08+08:00 ]NOTICE: Undefined variable: msgD:\Program\www\suning\App\Admin\Controller\CommonController.php (28).
[ 2016-06-14T09:30:08+08:00 ]NOTICE: Undefined variable: msgD:\Program\www\suning\App\Admin\Controller\CommonController.php (28).
[ 2016-06-14T09:30:08+08:00 ]NOTICE: Undefined variable: msgD:\Program\www\suning\App\Admin\Controller\CommonController.php (28).
[ 2016-06-14T09:30:09+08:00 ]NOTICE: Undefined variable: msgD:\Program\www\suning\App\Admin\Controller\CommonController.php (28).
[ 2016-06-14T09:30:09+08:00 ]NOTICE: Undefined variable: msgD:\Program\www\suning\App\Admin\Controller\CommonController.php (28).
[ 2016-06-14T10:51:22+08:00 ]NOTICE: Undefined variable: msgD:\Program\www\suning\App\Admin\Controller\CommonController.php (28).
[ 2016-06-14T10:51:23+08:00 ]NOTICE: Undefined variable: msgD:\Program\www\suning\App\Admin\Controller\CommonController.php (28).
[ 2016-06-14T10:51:24+08:00 ]NOTICE: Undefined variable: msgD:\Program\www\suning\App\Admin\Controller\CommonController.php (28).
[ 2016-06-14T11:44:20+08:00 ]NOTICE: Undefined index: nicknameD:\Program\www\suning\Storage\view\compile\b9395cbc1329b01c35944d28e628defb.php (19).
[ 2016-06-14T11:44:24+08:00 ]NOTICE: Undefined index: nicknameD:\Program\www\suning\Storage\view\compile\b9395cbc1329b01c35944d28e628defb.php (19).
[ 2016-06-14T11:44:28+08:00 ]NOTICE: Undefined index: nicknameD:\Program\www\suning\Storage\view\compile\b9395cbc1329b01c35944d28e628defb.php (19).
[ 2016-06-14T11:44:40+08:00 ]NOTICE: Undefined index: nicknameD:\Program\www\suning\Storage\view\compile\b9395cbc1329b01c35944d28e628defb.php (19).
[ 2016-06-14T11:44:50+08:00 ]NOTICE: Undefined index: nicknameD:\Program\www\suning\Storage\view\compile\b9395cbc1329b01c35944d28e628defb.php (19).
[ 2016-06-14T11:45:58+08:00 ]NOTICE: Undefined index: nicknameD:\Program\www\suning\Storage\view\compile\0f6cd6d6bc9487b9f8374f88b94099c7.php (19).
[ 2016-06-14T11:47:34+08:00 ]NOTICE: Undefined index: nicknameD:\Program\www\suning\Storage\view\compile\0f6cd6d6bc9487b9f8374f88b94099c7.php (19).
[ 2016-06-14T11:47:36+08:00 ]NOTICE: Undefined index: nicknameD:\Program\www\suning\Storage\view\compile\0f6cd6d6bc9487b9f8374f88b94099c7.php (19).
[ 2016-06-14T11:48:05+08:00 ]NOTICE: Undefined index: nicknameD:\Program\www\suning\Storage\view\compile\0f6cd6d6bc9487b9f8374f88b94099c7.php (19).
[ 2016-06-14T11:48:07+08:00 ]NOTICE: Undefined index: nicknameD:\Program\www\suning\Storage\view\compile\0f6cd6d6bc9487b9f8374f88b94099c7.php (19).
[ 2016-06-14T12:24:53+08:00 ]NOTICE: Undefined index: nicknameD:\Program\www\suning\Storage\view\compile\b9395cbc1329b01c35944d28e628defb.php (19).
[ 2016-06-14T12:30:22+08:00 ]EXCEPTION: SELECT  *  FROM category WHERE gid=17 LIMIT 1 ;BindParams:array (
)42S22;1054;Champ 'gid' inconnu dans where clause
[ 2016-06-14T12:32:12+08:00 ]NOTICE: Undefined index: nicknameD:\Program\www\suning\Storage\view\compile\4e5735cc4275e4b7271a919ccda887f9.php (29).
[ 2016-06-14T15:17:06+08:00 ]NOTICE: Undefined index: uidD:\Program\www\suning\App\Common\Model\Orders.php (24).
[ 2016-06-14T15:17:06+08:00 ]NOTICE: Undefined index: uidD:\Program\www\suning\App\Common\Model\Orders.php (54).
[ 2016-06-14T15:17:06+08:00 ]EXCEPTION: INSERT INTO orders (`consignee`,`number`,`address`,`phone`,`total_price`,`otime`,`user_uid`,`remarks`)VALUES(?,?,?,?,?,?,?,?) ;BindParams:array (
  0 => '陈家乐',
  1 => 'F0614886267101751',
  2 => '北京市,北京,东城区,后盾IT教育',
  3 => '13712941689',
  4 => '89',
  5 => 1465888626,
  6 => NULL,
  7 => '',
)23000;1048;Le champ 'user_uid' ne peut être vide (null)
[ 2016-06-14T15:18:53+08:00 ]NOTICE: Undefined index: uidD:\Program\www\suning\App\Common\Model\Orders.php (24).
[ 2016-06-14T15:22:21+08:00 ]NOTICE: Undefined index: 4e5e9acaD:\Program\www\suning\App\Home\Controller\ContentController.php (245).
[ 2016-06-14T15:22:21+08:00 ]NOTICE: Undefined variable: adressD:\Program\www\suning\Storage\view\compile\407908ba39c0b37b9e3fc476bc434d39.php (56).
[ 2016-06-14T15:22:21+08:00 ]NOTICE: Undefined variable: adressD:\Program\www\suning\Storage\view\compile\407908ba39c0b37b9e3fc476bc434d39.php (64).
[ 2016-06-14T15:22:21+08:00 ]NOTICE: Undefined variable: adressD:\Program\www\suning\Storage\view\compile\407908ba39c0b37b9e3fc476bc434d39.php (96).
[ 2016-06-14T15:22:21+08:00 ]NOTICE: Invalid argument supplied for foreach()D:\Program\www\suning\Storage\view\compile\407908ba39c0b37b9e3fc476bc434d39.php (144).
[ 2016-06-14T15:22:24+08:00 ]NOTICE: Undefined variable: adressD:\Program\www\suning\Storage\view\compile\407908ba39c0b37b9e3fc476bc434d39.php (56).
[ 2016-06-14T15:22:24+08:00 ]NOTICE: Undefined variable: adressD:\Program\www\suning\Storage\view\compile\407908ba39c0b37b9e3fc476bc434d39.php (64).
[ 2016-06-14T15:22:24+08:00 ]NOTICE: Undefined variable: adressD:\Program\www\suning\Storage\view\compile\407908ba39c0b37b9e3fc476bc434d39.php (96).
[ 2016-06-14T15:23:00+08:00 ]NOTICE: Undefined variable: adressD:\Program\www\suning\Storage\view\compile\407908ba39c0b37b9e3fc476bc434d39.php (96).
[ 2016-06-14T15:23:36+08:00 ]NOTICE: Undefined index: uidD:\Program\www\suning\App\Common\Model\Orders.php (24).
[ 2016-06-14T15:55:15+08:00 ]NOTICE: Undefined index: uidD:\Program\www\suning\App\Common\Model\Orders.php (24).
[ 2016-06-14T16:37:41+08:00 ]EXCEPTION: SELECT  gid  FROM goods WHERE cid in(1,13,84,86,87,88,89,90,91,92,93,94,95,96,97,98,99,100,101,102,103,14,85,104,105,106,107,108,109,110,111,112,113,114,115,116,2,129,130,131,132,133,134,135,136,137,138,139,140,141,142,143,144,145,146,147,148,149,3,117,118,119,120,121,122,123,124,125,126,127,128,77) ;BindParams:array (
)42S22;1054;Champ 'cid' inconnu dans where clause
[ 2016-06-14T16:38:16+08:00 ]EXCEPTION: SELECT  *  FROM goods_attr WHERE gid in(2,3,4,6,7,8,9,10,11,12,13,14,15,16,17,22,19,20,18,35,36,37,38,39,44,45,46,47,48,49,50,51,52,53,54,55,56,57,58,59,60,61,62,63,64) GROUP BY gavalue ;BindParams:array (
)42S22;1054;Champ 'gid' inconnu dans where clause
[ 2016-06-14T16:44:41+08:00 ]NOTICE: Undefined variable: taidD:\Program\www\suning\App\Home\Controller\GoodsListController.php (92).
[ 2016-06-14T16:44:41+08:00 ]EXCEPTION: SELECT  *  FROM type_attr WHERE taid= LIMIT 1 ;BindParams:array (
)42000;1064;Erreur de syntaxe près de 'LIMIT 1' à la ligne 1
[ 2016-06-14T16:45:10+08:00 ]NOTICE: Undefined variable: taidD:\Program\www\suning\App\Home\Controller\GoodsListController.php (91).
[ 2016-06-14T16:45:10+08:00 ]EXCEPTION: SELECT  *  FROM type_attr WHERE taid= LIMIT 1 ;BindParams:array (
)42000;1064;Erreur de syntaxe près de 'LIMIT 1' à la ligne 1
[ 2016-06-14T17:02:08+08:00 ]NOTICE: implode(): Invalid arguments passedD:\Program\www\suning\App\Home\Controller\GoodsListController.php (76).
[ 2016-06-14T17:02:08+08:00 ]EXCEPTION: SELECT  *  FROM goods_attr WHERE goods_gid in() GROUP BY gavalue ;BindParams:array (
)42000;1064;Erreur de syntaxe près de ') GROUP BY gavalue' à la ligne 1
[ 2016-06-14T17:02:19+08:00 ]NOTICE: implode(): Invalid arguments passedD:\Program\www\suning\App\Home\Controller\GoodsListController.php (76).
[ 2016-06-14T17:02:19+08:00 ]EXCEPTION: SELECT  *  FROM goods_attr WHERE goods_gid in() GROUP BY gavalue ;BindParams:array (
)42000;1064;Erreur de syntaxe près de ') GROUP BY gavalue' à la ligne 1
[ 2016-06-14T17:03:05+08:00 ]NOTICE: implode(): Invalid arguments passedD:\Program\www\suning\App\Home\Controller\GoodsListController.php (77).
[ 2016-06-14T17:03:05+08:00 ]EXCEPTION: SELECT  *  FROM goods_attr WHERE goods_gid in() GROUP BY gavalue ;BindParams:array (
)42000;1064;Erreur de syntaxe près de ') GROUP BY gavalue' à la ligne 1
[ 2016-06-14T17:04:54+08:00 ]NOTICE: implode(): Invalid arguments passedD:\Program\www\suning\App\Home\Controller\GoodsListController.php (65).
[ 2016-06-14T17:04:54+08:00 ]EXCEPTION: SELECT  gid  FROM goods WHERE category_cid in() ;BindParams:array (
)42000;1064;Erreur de syntaxe près de ')' à la ligne 1
[ 2016-06-14T17:05:35+08:00 ]NOTICE: implode(): Invalid arguments passedD:\Program\www\suning\App\Home\Controller\GoodsListController.php (65).
[ 2016-06-14T17:05:35+08:00 ]EXCEPTION: SELECT  gid  FROM goods WHERE category_cid in() ;BindParams:array (
)42000;1064;Erreur de syntaxe près de ')' à la ligne 1
[ 2016-06-14T17:06:24+08:00 ]NOTICE: implode(): Invalid arguments passedD:\Program\www\suning\App\Home\Controller\GoodsListController.php (65).
[ 2016-06-14T17:06:24+08:00 ]EXCEPTION: SELECT  gid  FROM goods WHERE category_cid in() ;BindParams:array (
)42000;1064;Erreur de syntaxe près de ')' à la ligne 1
[ 2016-06-14T17:06:41+08:00 ]NOTICE: implode(): Invalid arguments passedD:\Program\www\suning\App\Home\Controller\GoodsListController.php (65).
[ 2016-06-14T17:06:41+08:00 ]EXCEPTION: SELECT  gid  FROM goods WHERE category_cid in() ;BindParams:array (
)42000;1064;Erreur de syntaxe près de ')' à la ligne 1
[ 2016-06-14T17:06:55+08:00 ]NOTICE: implode(): Invalid arguments passedD:\Program\www\suning\App\Home\Controller\GoodsListController.php (65).
[ 2016-06-14T17:06:55+08:00 ]EXCEPTION: SELECT  gid  FROM goods WHERE category_cid in() ;BindParams:array (
)42000;1064;Erreur de syntaxe près de ')' à la ligne 1
[ 2016-06-14T17:07:10+08:00 ]NOTICE: implode(): Invalid arguments passedD:\Program\www\suning\App\Home\Controller\GoodsListController.php (66).
[ 2016-06-14T17:07:10+08:00 ]EXCEPTION: SELECT  gid  FROM goods WHERE category_cid in() ;BindParams:array (
)42000;1064;Erreur de syntaxe près de ')' à la ligne 1
[ 2016-06-14T17:07:43+08:00 ]EXCEPTION: SELECT  *  FROM goods_attr WHERE goods_gid in() GROUP BY gavalue ;BindParams:array (
)42000;1064;Erreur de syntaxe près de ') GROUP BY gavalue' à la ligne 1
[ 2016-06-14T17:39:51+08:00 ]EXCEPTION: Method Home\Controller\GoodsListController::search}() does not exist
[ 2016-06-14T17:39:54+08:00 ]EXCEPTION: Method Home\Controller\GoodsListController::search}() does not exist
[ 2016-06-14T18:57:22+08:00 ]NOTICE: Undefined variable: goodsAttrD:\Program\www\suning\App\Home\Controller\GoodsListController.php (80).
[ 2016-06-14T18:57:22+08:00 ]NOTICE: Invalid argument supplied for foreach()D:\Program\www\suning\App\Home\Controller\GoodsListController.php (80).
[ 2016-06-14T18:58:14+08:00 ]NOTICE: Undefined variable: attrD:\Program\www\suning\Storage\view\compile\7508fd4207e2344498d2fda588d0f5c2.php (339).
[ 2016-06-14T18:58:14+08:00 ]NOTICE: Invalid argument supplied for foreach()D:\Program\www\suning\Storage\view\compile\7508fd4207e2344498d2fda588d0f5c2.php (339).
[ 2016-06-14T18:59:23+08:00 ]NOTICE: implode(): Invalid arguments passedD:\Program\www\suning\App\Home\Controller\GoodsListController.php (72).
[ 2016-06-14T18:59:23+08:00 ]EXCEPTION: SELECT  *  FROM goods_attr WHERE goods_gid in() GROUP BY gavalue ;BindParams:array (
)42000;1064;Erreur de syntaxe près de ') GROUP BY gavalue' à la ligne 1
[ 2016-06-14T19:13:40+08:00 ]NOTICE: Undefined offset: 27D:\Program\www\suning\App\Common\Model\Brand.php (137).
[ 2016-06-14T19:13:40+08:00 ]NOTICE: Undefined offset: 28D:\Program\www\suning\App\Common\Model\Brand.php (137).
[ 2016-06-14T19:13:40+08:00 ]NOTICE: Undefined offset: 29D:\Program\www\suning\App\Common\Model\Brand.php (137).
[ 2016-06-14T19:17:57+08:00 ]NOTICE: Undefined offset: 32D:\Program\www\suning\App\Common\Model\Brand.php (137).
