[ 2016-05-12T15:16:23+08:00 ]EXCEPTION: show columns from `category` ;BindParams:array (
)42S02;1146;La table 'c65.category' n'existe pas
[ 2016-05-12T16:00:20+08:00 ]NOTICE: Array to string conversionD:\Program\www\5.12\blog\Storage\view\compile\a547f450e1e99272e83d8687bf1c3a96.php (31).
[ 2016-05-12T16:00:20+08:00 ]NOTICE: Array to string conversionD:\Program\www\5.12\blog\Storage\view\compile\a547f450e1e99272e83d8687bf1c3a96.php (31).
[ 2016-05-12T16:00:20+08:00 ]NOTICE: Undefined index: _cnameD:\Program\www\5.12\blog\Storage\view\compile\a547f450e1e99272e83d8687bf1c3a96.php (31).
[ 2016-05-12T16:00:20+08:00 ]NOTICE: Array to string conversionD:\Program\www\5.12\blog\Storage\view\compile\a547f450e1e99272e83d8687bf1c3a96.php (31).
[ 2016-05-12T16:00:20+08:00 ]NOTICE: Array to string conversionD:\Program\www\5.12\blog\Storage\view\compile\a547f450e1e99272e83d8687bf1c3a96.php (31).
[ 2016-05-12T16:00:20+08:00 ]NOTICE: Undefined index: _cnameD:\Program\www\5.12\blog\Storage\view\compile\a547f450e1e99272e83d8687bf1c3a96.php (31).
[ 2016-05-12T16:00:20+08:00 ]NOTICE: Array to string conversionD:\Program\www\5.12\blog\Storage\view\compile\a547f450e1e99272e83d8687bf1c3a96.php (31).
[ 2016-05-12T16:00:20+08:00 ]NOTICE: Array to string conversionD:\Program\www\5.12\blog\Storage\view\compile\a547f450e1e99272e83d8687bf1c3a96.php (31).
[ 2016-05-12T16:00:20+08:00 ]NOTICE: Undefined index: _cnameD:\Program\www\5.12\blog\Storage\view\compile\a547f450e1e99272e83d8687bf1c3a96.php (31).
[ 2016-05-12T16:00:20+08:00 ]NOTICE: Array to string conversionD:\Program\www\5.12\blog\Storage\view\compile\a547f450e1e99272e83d8687bf1c3a96.php (31).
[ 2016-05-12T16:00:20+08:00 ]NOTICE: Array to string conversionD:\Program\www\5.12\blog\Storage\view\compile\a547f450e1e99272e83d8687bf1c3a96.php (31).
[ 2016-05-12T16:00:20+08:00 ]NOTICE: Undefined index: _cnameD:\Program\www\5.12\blog\Storage\view\compile\a547f450e1e99272e83d8687bf1c3a96.php (31).
[ 2016-05-12T16:00:31+08:00 ]NOTICE: Array to string conversionD:\Program\www\5.12\blog\Storage\view\compile\a547f450e1e99272e83d8687bf1c3a96.php (31).
[ 2016-05-12T16:00:31+08:00 ]NOTICE: Array to string conversionD:\Program\www\5.12\blog\Storage\view\compile\a547f450e1e99272e83d8687bf1c3a96.php (31).
[ 2016-05-12T16:00:31+08:00 ]NOTICE: Undefined index: _cnameD:\Program\www\5.12\blog\Storage\view\compile\a547f450e1e99272e83d8687bf1c3a96.php (31).
[ 2016-05-12T16:00:31+08:00 ]NOTICE: Array to string conversionD:\Program\www\5.12\blog\Storage\view\compile\a547f450e1e99272e83d8687bf1c3a96.php (31).
[ 2016-05-12T16:00:31+08:00 ]NOTICE: Array to string conversionD:\Program\www\5.12\blog\Storage\view\compile\a547f450e1e99272e83d8687bf1c3a96.php (31).
[ 2016-05-12T16:00:31+08:00 ]NOTICE: Undefined index: _cnameD:\Program\www\5.12\blog\Storage\view\compile\a547f450e1e99272e83d8687bf1c3a96.php (31).
[ 2016-05-12T16:00:31+08:00 ]NOTICE: Array to string conversionD:\Program\www\5.12\blog\Storage\view\compile\a547f450e1e99272e83d8687bf1c3a96.php (31).
[ 2016-05-12T16:00:31+08:00 ]NOTICE: Array to string conversionD:\Program\www\5.12\blog\Storage\view\compile\a547f450e1e99272e83d8687bf1c3a96.php (31).
[ 2016-05-12T16:00:31+08:00 ]NOTICE: Undefined index: _cnameD:\Program\www\5.12\blog\Storage\view\compile\a547f450e1e99272e83d8687bf1c3a96.php (31).
[ 2016-05-12T16:00:31+08:00 ]NOTICE: Array to string conversionD:\Program\www\5.12\blog\Storage\view\compile\a547f450e1e99272e83d8687bf1c3a96.php (31).
[ 2016-05-12T16:00:31+08:00 ]NOTICE: Array to string conversionD:\Program\www\5.12\blog\Storage\view\compile\a547f450e1e99272e83d8687bf1c3a96.php (31).
[ 2016-05-12T16:00:31+08:00 ]NOTICE: Undefined index: _cnameD:\Program\www\5.12\blog\Storage\view\compile\a547f450e1e99272e83d8687bf1c3a96.php (31).
[ 2016-05-12T16:00:36+08:00 ]NOTICE: Array to string conversionD:\Program\www\5.12\blog\Storage\view\compile\a547f450e1e99272e83d8687bf1c3a96.php (31).
[ 2016-05-12T16:00:36+08:00 ]NOTICE: Array to string conversionD:\Program\www\5.12\blog\Storage\view\compile\a547f450e1e99272e83d8687bf1c3a96.php (31).
[ 2016-05-12T16:00:36+08:00 ]NOTICE: Undefined index: _cnameD:\Program\www\5.12\blog\Storage\view\compile\a547f450e1e99272e83d8687bf1c3a96.php (31).
[ 2016-05-12T16:00:36+08:00 ]NOTICE: Array to string conversionD:\Program\www\5.12\blog\Storage\view\compile\a547f450e1e99272e83d8687bf1c3a96.php (31).
[ 2016-05-12T16:00:36+08:00 ]NOTICE: Array to string conversionD:\Program\www\5.12\blog\Storage\view\compile\a547f450e1e99272e83d8687bf1c3a96.php (31).
[ 2016-05-12T16:00:36+08:00 ]NOTICE: Undefined index: _cnameD:\Program\www\5.12\blog\Storage\view\compile\a547f450e1e99272e83d8687bf1c3a96.php (31).
[ 2016-05-12T16:00:36+08:00 ]NOTICE: Array to string conversionD:\Program\www\5.12\blog\Storage\view\compile\a547f450e1e99272e83d8687bf1c3a96.php (31).
[ 2016-05-12T16:00:36+08:00 ]NOTICE: Array to string conversionD:\Program\www\5.12\blog\Storage\view\compile\a547f450e1e99272e83d8687bf1c3a96.php (31).
[ 2016-05-12T16:00:36+08:00 ]NOTICE: Undefined index: _cnameD:\Program\www\5.12\blog\Storage\view\compile\a547f450e1e99272e83d8687bf1c3a96.php (31).
[ 2016-05-12T16:00:36+08:00 ]NOTICE: Array to string conversionD:\Program\www\5.12\blog\Storage\view\compile\a547f450e1e99272e83d8687bf1c3a96.php (31).
[ 2016-05-12T16:00:36+08:00 ]NOTICE: Array to string conversionD:\Program\www\5.12\blog\Storage\view\compile\a547f450e1e99272e83d8687bf1c3a96.php (31).
[ 2016-05-12T16:00:36+08:00 ]NOTICE: Undefined index: _cnameD:\Program\www\5.12\blog\Storage\view\compile\a547f450e1e99272e83d8687bf1c3a96.php (31).
[ 2016-05-12T16:00:54+08:00 ]NOTICE: Array to string conversionD:\Program\www\5.12\blog\Storage\view\compile\a547f450e1e99272e83d8687bf1c3a96.php (31).
[ 2016-05-12T16:00:54+08:00 ]NOTICE: Array to string conversionD:\Program\www\5.12\blog\Storage\view\compile\a547f450e1e99272e83d8687bf1c3a96.php (31).
[ 2016-05-12T16:00:54+08:00 ]NOTICE: Undefined index: _cnameD:\Program\www\5.12\blog\Storage\view\compile\a547f450e1e99272e83d8687bf1c3a96.php (31).
[ 2016-05-12T16:00:54+08:00 ]NOTICE: Array to string conversionD:\Program\www\5.12\blog\Storage\view\compile\a547f450e1e99272e83d8687bf1c3a96.php (31).
[ 2016-05-12T16:00:54+08:00 ]NOTICE: Array to string conversionD:\Program\www\5.12\blog\Storage\view\compile\a547f450e1e99272e83d8687bf1c3a96.php (31).
[ 2016-05-12T16:00:54+08:00 ]NOTICE: Undefined index: _cnameD:\Program\www\5.12\blog\Storage\view\compile\a547f450e1e99272e83d8687bf1c3a96.php (31).
[ 2016-05-12T16:00:54+08:00 ]NOTICE: Array to string conversionD:\Program\www\5.12\blog\Storage\view\compile\a547f450e1e99272e83d8687bf1c3a96.php (31).
[ 2016-05-12T16:00:54+08:00 ]NOTICE: Array to string conversionD:\Program\www\5.12\blog\Storage\view\compile\a547f450e1e99272e83d8687bf1c3a96.php (31).
[ 2016-05-12T16:00:54+08:00 ]NOTICE: Undefined index: _cnameD:\Program\www\5.12\blog\Storage\view\compile\a547f450e1e99272e83d8687bf1c3a96.php (31).
[ 2016-05-12T16:00:54+08:00 ]NOTICE: Array to string conversionD:\Program\www\5.12\blog\Storage\view\compile\a547f450e1e99272e83d8687bf1c3a96.php (31).
[ 2016-05-12T16:00:54+08:00 ]NOTICE: Array to string conversionD:\Program\www\5.12\blog\Storage\view\compile\a547f450e1e99272e83d8687bf1c3a96.php (31).
[ 2016-05-12T16:00:54+08:00 ]NOTICE: Undefined index: _cnameD:\Program\www\5.12\blog\Storage\view\compile\a547f450e1e99272e83d8687bf1c3a96.php (31).
[ 2016-05-12T16:01:09+08:00 ]NOTICE: Array to string conversionD:\Program\www\5.12\blog\Storage\view\compile\a547f450e1e99272e83d8687bf1c3a96.php (31).
[ 2016-05-12T16:01:09+08:00 ]NOTICE: Array to string conversionD:\Program\www\5.12\blog\Storage\view\compile\a547f450e1e99272e83d8687bf1c3a96.php (31).
[ 2016-05-12T16:01:09+08:00 ]NOTICE: Undefined index: _cnameD:\Program\www\5.12\blog\Storage\view\compile\a547f450e1e99272e83d8687bf1c3a96.php (31).
[ 2016-05-12T16:01:09+08:00 ]NOTICE: Array to string conversionD:\Program\www\5.12\blog\Storage\view\compile\a547f450e1e99272e83d8687bf1c3a96.php (31).
[ 2016-05-12T16:01:09+08:00 ]NOTICE: Array to string conversionD:\Program\www\5.12\blog\Storage\view\compile\a547f450e1e99272e83d8687bf1c3a96.php (31).
[ 2016-05-12T16:01:09+08:00 ]NOTICE: Undefined index: _cnameD:\Program\www\5.12\blog\Storage\view\compile\a547f450e1e99272e83d8687bf1c3a96.php (31).
[ 2016-05-12T16:01:09+08:00 ]NOTICE: Array to string conversionD:\Program\www\5.12\blog\Storage\view\compile\a547f450e1e99272e83d8687bf1c3a96.php (31).
[ 2016-05-12T16:01:09+08:00 ]NOTICE: Array to string conversionD:\Program\www\5.12\blog\Storage\view\compile\a547f450e1e99272e83d8687bf1c3a96.php (31).
[ 2016-05-12T16:01:09+08:00 ]NOTICE: Undefined index: _cnameD:\Program\www\5.12\blog\Storage\view\compile\a547f450e1e99272e83d8687bf1c3a96.php (31).
[ 2016-05-12T16:01:09+08:00 ]NOTICE: Array to string conversionD:\Program\www\5.12\blog\Storage\view\compile\a547f450e1e99272e83d8687bf1c3a96.php (31).
[ 2016-05-12T16:01:09+08:00 ]NOTICE: Array to string conversionD:\Program\www\5.12\blog\Storage\view\compile\a547f450e1e99272e83d8687bf1c3a96.php (31).
[ 2016-05-12T16:01:09+08:00 ]NOTICE: Undefined index: _cnameD:\Program\www\5.12\blog\Storage\view\compile\a547f450e1e99272e83d8687bf1c3a96.php (31).
[ 2016-05-12T16:01:19+08:00 ]NOTICE: Array to string conversionD:\Program\www\5.12\blog\Storage\view\compile\a547f450e1e99272e83d8687bf1c3a96.php (31).
[ 2016-05-12T16:01:19+08:00 ]NOTICE: Array to string conversionD:\Program\www\5.12\blog\Storage\view\compile\a547f450e1e99272e83d8687bf1c3a96.php (31).
[ 2016-05-12T16:01:19+08:00 ]NOTICE: Undefined index: _cnameD:\Program\www\5.12\blog\Storage\view\compile\a547f450e1e99272e83d8687bf1c3a96.php (31).
[ 2016-05-12T16:01:19+08:00 ]NOTICE: Array to string conversionD:\Program\www\5.12\blog\Storage\view\compile\a547f450e1e99272e83d8687bf1c3a96.php (31).
[ 2016-05-12T16:01:19+08:00 ]NOTICE: Array to string conversionD:\Program\www\5.12\blog\Storage\view\compile\a547f450e1e99272e83d8687bf1c3a96.php (31).
[ 2016-05-12T16:01:19+08:00 ]NOTICE: Undefined index: _cnameD:\Program\www\5.12\blog\Storage\view\compile\a547f450e1e99272e83d8687bf1c3a96.php (31).
[ 2016-05-12T16:01:19+08:00 ]NOTICE: Array to string conversionD:\Program\www\5.12\blog\Storage\view\compile\a547f450e1e99272e83d8687bf1c3a96.php (31).
[ 2016-05-12T16:01:19+08:00 ]NOTICE: Array to string conversionD:\Program\www\5.12\blog\Storage\view\compile\a547f450e1e99272e83d8687bf1c3a96.php (31).
[ 2016-05-12T16:01:19+08:00 ]NOTICE: Undefined index: _cnameD:\Program\www\5.12\blog\Storage\view\compile\a547f450e1e99272e83d8687bf1c3a96.php (31).
[ 2016-05-12T16:01:19+08:00 ]NOTICE: Array to string conversionD:\Program\www\5.12\blog\Storage\view\compile\a547f450e1e99272e83d8687bf1c3a96.php (31).
[ 2016-05-12T16:01:19+08:00 ]NOTICE: Array to string conversionD:\Program\www\5.12\blog\Storage\view\compile\a547f450e1e99272e83d8687bf1c3a96.php (31).
[ 2016-05-12T16:01:19+08:00 ]NOTICE: Undefined index: _cnameD:\Program\www\5.12\blog\Storage\view\compile\a547f450e1e99272e83d8687bf1c3a96.php (31).
[ 2016-05-12T16:01:32+08:00 ]NOTICE: Array to string conversionD:\Program\www\5.12\blog\Storage\view\compile\a547f450e1e99272e83d8687bf1c3a96.php (31).
[ 2016-05-12T16:01:32+08:00 ]NOTICE: Array to string conversionD:\Program\www\5.12\blog\Storage\view\compile\a547f450e1e99272e83d8687bf1c3a96.php (31).
[ 2016-05-12T16:01:32+08:00 ]NOTICE: Undefined index: _cnameD:\Program\www\5.12\blog\Storage\view\compile\a547f450e1e99272e83d8687bf1c3a96.php (31).
[ 2016-05-12T16:01:32+08:00 ]NOTICE: Array to string conversionD:\Program\www\5.12\blog\Storage\view\compile\a547f450e1e99272e83d8687bf1c3a96.php (31).
[ 2016-05-12T16:01:32+08:00 ]NOTICE: Array to string conversionD:\Program\www\5.12\blog\Storage\view\compile\a547f450e1e99272e83d8687bf1c3a96.php (31).
[ 2016-05-12T16:01:32+08:00 ]NOTICE: Undefined index: _cnameD:\Program\www\5.12\blog\Storage\view\compile\a547f450e1e99272e83d8687bf1c3a96.php (31).
[ 2016-05-12T16:01:32+08:00 ]NOTICE: Array to string conversionD:\Program\www\5.12\blog\Storage\view\compile\a547f450e1e99272e83d8687bf1c3a96.php (31).
[ 2016-05-12T16:01:32+08:00 ]NOTICE: Array to string conversionD:\Program\www\5.12\blog\Storage\view\compile\a547f450e1e99272e83d8687bf1c3a96.php (31).
[ 2016-05-12T16:01:32+08:00 ]NOTICE: Undefined index: _cnameD:\Program\www\5.12\blog\Storage\view\compile\a547f450e1e99272e83d8687bf1c3a96.php (31).
[ 2016-05-12T16:01:32+08:00 ]NOTICE: Array to string conversionD:\Program\www\5.12\blog\Storage\view\compile\a547f450e1e99272e83d8687bf1c3a96.php (31).
[ 2016-05-12T16:01:32+08:00 ]NOTICE: Array to string conversionD:\Program\www\5.12\blog\Storage\view\compile\a547f450e1e99272e83d8687bf1c3a96.php (31).
[ 2016-05-12T16:01:32+08:00 ]NOTICE: Undefined index: _cnameD:\Program\www\5.12\blog\Storage\view\compile\a547f450e1e99272e83d8687bf1c3a96.php (31).
[ 2016-05-12T16:02:16+08:00 ]NOTICE: Array to string conversionD:\Program\www\5.12\blog\Storage\view\compile\a547f450e1e99272e83d8687bf1c3a96.php (31).
[ 2016-05-12T16:02:16+08:00 ]NOTICE: Array to string conversionD:\Program\www\5.12\blog\Storage\view\compile\a547f450e1e99272e83d8687bf1c3a96.php (31).
[ 2016-05-12T16:02:16+08:00 ]NOTICE: Array to string conversionD:\Program\www\5.12\blog\Storage\view\compile\a547f450e1e99272e83d8687bf1c3a96.php (31).
[ 2016-05-12T16:02:16+08:00 ]NOTICE: Array to string conversionD:\Program\www\5.12\blog\Storage\view\compile\a547f450e1e99272e83d8687bf1c3a96.php (31).
[ 2016-05-12T16:02:16+08:00 ]NOTICE: Array to string conversionD:\Program\www\5.12\blog\Storage\view\compile\a547f450e1e99272e83d8687bf1c3a96.php (31).
[ 2016-05-12T16:02:16+08:00 ]NOTICE: Array to string conversionD:\Program\www\5.12\blog\Storage\view\compile\a547f450e1e99272e83d8687bf1c3a96.php (31).
[ 2016-05-12T16:02:16+08:00 ]NOTICE: Array to string conversionD:\Program\www\5.12\blog\Storage\view\compile\a547f450e1e99272e83d8687bf1c3a96.php (31).
[ 2016-05-12T16:02:16+08:00 ]NOTICE: Array to string conversionD:\Program\www\5.12\blog\Storage\view\compile\a547f450e1e99272e83d8687bf1c3a96.php (31).
[ 2016-05-12T16:02:34+08:00 ]NOTICE: Array to string conversionD:\Program\www\5.12\blog\Storage\view\compile\a547f450e1e99272e83d8687bf1c3a96.php (31).
[ 2016-05-12T16:02:34+08:00 ]NOTICE: Array to string conversionD:\Program\www\5.12\blog\Storage\view\compile\a547f450e1e99272e83d8687bf1c3a96.php (31).
[ 2016-05-12T16:02:34+08:00 ]NOTICE: Array to string conversionD:\Program\www\5.12\blog\Storage\view\compile\a547f450e1e99272e83d8687bf1c3a96.php (31).
[ 2016-05-12T16:02:34+08:00 ]NOTICE: Array to string conversionD:\Program\www\5.12\blog\Storage\view\compile\a547f450e1e99272e83d8687bf1c3a96.php (31).
[ 2016-05-12T16:02:34+08:00 ]NOTICE: Array to string conversionD:\Program\www\5.12\blog\Storage\view\compile\a547f450e1e99272e83d8687bf1c3a96.php (31).
[ 2016-05-12T16:02:34+08:00 ]NOTICE: Array to string conversionD:\Program\www\5.12\blog\Storage\view\compile\a547f450e1e99272e83d8687bf1c3a96.php (31).
[ 2016-05-12T16:02:34+08:00 ]NOTICE: Array to string conversionD:\Program\www\5.12\blog\Storage\view\compile\a547f450e1e99272e83d8687bf1c3a96.php (31).
[ 2016-05-12T16:02:34+08:00 ]NOTICE: Array to string conversionD:\Program\www\5.12\blog\Storage\view\compile\a547f450e1e99272e83d8687bf1c3a96.php (31).
[ 2016-05-12T16:03:48+08:00 ]NOTICE: Array to string conversionD:\Program\www\5.12\blog\Storage\view\compile\a547f450e1e99272e83d8687bf1c3a96.php (31).
[ 2016-05-12T16:03:48+08:00 ]NOTICE: Array to string conversionD:\Program\www\5.12\blog\Storage\view\compile\a547f450e1e99272e83d8687bf1c3a96.php (31).
[ 2016-05-12T16:03:48+08:00 ]NOTICE: Array to string conversionD:\Program\www\5.12\blog\Storage\view\compile\a547f450e1e99272e83d8687bf1c3a96.php (31).
[ 2016-05-12T16:03:48+08:00 ]NOTICE: Array to string conversionD:\Program\www\5.12\blog\Storage\view\compile\a547f450e1e99272e83d8687bf1c3a96.php (31).
[ 2016-05-12T16:03:48+08:00 ]NOTICE: Array to string conversionD:\Program\www\5.12\blog\Storage\view\compile\a547f450e1e99272e83d8687bf1c3a96.php (31).
[ 2016-05-12T16:03:48+08:00 ]NOTICE: Array to string conversionD:\Program\www\5.12\blog\Storage\view\compile\a547f450e1e99272e83d8687bf1c3a96.php (31).
[ 2016-05-12T16:03:48+08:00 ]NOTICE: Array to string conversionD:\Program\www\5.12\blog\Storage\view\compile\a547f450e1e99272e83d8687bf1c3a96.php (31).
[ 2016-05-12T16:03:48+08:00 ]NOTICE: Array to string conversionD:\Program\www\5.12\blog\Storage\view\compile\a547f450e1e99272e83d8687bf1c3a96.php (31).
[ 2016-05-12T16:04:22+08:00 ]NOTICE: Array to string conversionD:\Program\www\5.12\blog\Storage\view\compile\a547f450e1e99272e83d8687bf1c3a96.php (31).
[ 2016-05-12T16:04:22+08:00 ]NOTICE: Array to string conversionD:\Program\www\5.12\blog\Storage\view\compile\a547f450e1e99272e83d8687bf1c3a96.php (31).
[ 2016-05-12T16:04:22+08:00 ]NOTICE: Array to string conversionD:\Program\www\5.12\blog\Storage\view\compile\a547f450e1e99272e83d8687bf1c3a96.php (31).
[ 2016-05-12T16:04:22+08:00 ]NOTICE: Array to string conversionD:\Program\www\5.12\blog\Storage\view\compile\a547f450e1e99272e83d8687bf1c3a96.php (31).
[ 2016-05-12T16:04:22+08:00 ]NOTICE: Array to string conversionD:\Program\www\5.12\blog\Storage\view\compile\a547f450e1e99272e83d8687bf1c3a96.php (31).
[ 2016-05-12T16:04:22+08:00 ]NOTICE: Array to string conversionD:\Program\www\5.12\blog\Storage\view\compile\a547f450e1e99272e83d8687bf1c3a96.php (31).
[ 2016-05-12T16:04:22+08:00 ]NOTICE: Array to string conversionD:\Program\www\5.12\blog\Storage\view\compile\a547f450e1e99272e83d8687bf1c3a96.php (31).
[ 2016-05-12T16:04:22+08:00 ]NOTICE: Array to string conversionD:\Program\www\5.12\blog\Storage\view\compile\a547f450e1e99272e83d8687bf1c3a96.php (31).
[ 2016-05-12T16:06:32+08:00 ]NOTICE: Array to string conversionD:\Program\www\5.12\blog\Storage\view\compile\a547f450e1e99272e83d8687bf1c3a96.php (31).
[ 2016-05-12T16:06:32+08:00 ]NOTICE: Array to string conversionD:\Program\www\5.12\blog\Storage\view\compile\a547f450e1e99272e83d8687bf1c3a96.php (31).
[ 2016-05-12T16:06:32+08:00 ]NOTICE: Array to string conversionD:\Program\www\5.12\blog\Storage\view\compile\a547f450e1e99272e83d8687bf1c3a96.php (31).
[ 2016-05-12T16:06:32+08:00 ]NOTICE: Array to string conversionD:\Program\www\5.12\blog\Storage\view\compile\a547f450e1e99272e83d8687bf1c3a96.php (31).
[ 2016-05-12T16:06:32+08:00 ]NOTICE: Array to string conversionD:\Program\www\5.12\blog\Storage\view\compile\a547f450e1e99272e83d8687bf1c3a96.php (31).
[ 2016-05-12T16:06:32+08:00 ]NOTICE: Array to string conversionD:\Program\www\5.12\blog\Storage\view\compile\a547f450e1e99272e83d8687bf1c3a96.php (31).
[ 2016-05-12T16:06:32+08:00 ]NOTICE: Array to string conversionD:\Program\www\5.12\blog\Storage\view\compile\a547f450e1e99272e83d8687bf1c3a96.php (31).
[ 2016-05-12T16:06:32+08:00 ]NOTICE: Array to string conversionD:\Program\www\5.12\blog\Storage\view\compile\a547f450e1e99272e83d8687bf1c3a96.php (31).
[ 2016-05-12T16:07:26+08:00 ]NOTICE: Array to string conversionD:\Program\www\5.12\blog\Storage\view\compile\a547f450e1e99272e83d8687bf1c3a96.php (31).
[ 2016-05-12T16:07:26+08:00 ]NOTICE: Array to string conversionD:\Program\www\5.12\blog\Storage\view\compile\a547f450e1e99272e83d8687bf1c3a96.php (31).
[ 2016-05-12T16:07:26+08:00 ]NOTICE: Array to string conversionD:\Program\www\5.12\blog\Storage\view\compile\a547f450e1e99272e83d8687bf1c3a96.php (31).
[ 2016-05-12T16:07:26+08:00 ]NOTICE: Array to string conversionD:\Program\www\5.12\blog\Storage\view\compile\a547f450e1e99272e83d8687bf1c3a96.php (31).
[ 2016-05-12T16:07:26+08:00 ]NOTICE: Array to string conversionD:\Program\www\5.12\blog\Storage\view\compile\a547f450e1e99272e83d8687bf1c3a96.php (31).
[ 2016-05-12T16:07:26+08:00 ]NOTICE: Array to string conversionD:\Program\www\5.12\blog\Storage\view\compile\a547f450e1e99272e83d8687bf1c3a96.php (31).
[ 2016-05-12T16:07:26+08:00 ]NOTICE: Array to string conversionD:\Program\www\5.12\blog\Storage\view\compile\a547f450e1e99272e83d8687bf1c3a96.php (31).
[ 2016-05-12T16:07:26+08:00 ]NOTICE: Array to string conversionD:\Program\www\5.12\blog\Storage\view\compile\a547f450e1e99272e83d8687bf1c3a96.php (31).
[ 2016-05-12T16:08:05+08:00 ]NOTICE: Array to string conversionD:\Program\www\5.12\blog\Storage\view\compile\a547f450e1e99272e83d8687bf1c3a96.php (31).
[ 2016-05-12T16:08:05+08:00 ]NOTICE: Array to string conversionD:\Program\www\5.12\blog\Storage\view\compile\a547f450e1e99272e83d8687bf1c3a96.php (31).
[ 2016-05-12T16:08:05+08:00 ]NOTICE: Array to string conversionD:\Program\www\5.12\blog\Storage\view\compile\a547f450e1e99272e83d8687bf1c3a96.php (31).
[ 2016-05-12T16:08:05+08:00 ]NOTICE: Array to string conversionD:\Program\www\5.12\blog\Storage\view\compile\a547f450e1e99272e83d8687bf1c3a96.php (31).
[ 2016-05-12T16:08:05+08:00 ]NOTICE: Array to string conversionD:\Program\www\5.12\blog\Storage\view\compile\a547f450e1e99272e83d8687bf1c3a96.php (31).
[ 2016-05-12T16:08:05+08:00 ]NOTICE: Array to string conversionD:\Program\www\5.12\blog\Storage\view\compile\a547f450e1e99272e83d8687bf1c3a96.php (31).
[ 2016-05-12T16:08:05+08:00 ]NOTICE: Array to string conversionD:\Program\www\5.12\blog\Storage\view\compile\a547f450e1e99272e83d8687bf1c3a96.php (31).
[ 2016-05-12T16:08:05+08:00 ]NOTICE: Array to string conversionD:\Program\www\5.12\blog\Storage\view\compile\a547f450e1e99272e83d8687bf1c3a96.php (31).
[ 2016-05-12T16:08:15+08:00 ]NOTICE: Array to string conversionD:\Program\www\5.12\blog\Storage\view\compile\a547f450e1e99272e83d8687bf1c3a96.php (31).
[ 2016-05-12T16:08:15+08:00 ]NOTICE: Array to string conversionD:\Program\www\5.12\blog\Storage\view\compile\a547f450e1e99272e83d8687bf1c3a96.php (31).
[ 2016-05-12T16:08:15+08:00 ]NOTICE: Array to string conversionD:\Program\www\5.12\blog\Storage\view\compile\a547f450e1e99272e83d8687bf1c3a96.php (31).
[ 2016-05-12T16:08:15+08:00 ]NOTICE: Array to string conversionD:\Program\www\5.12\blog\Storage\view\compile\a547f450e1e99272e83d8687bf1c3a96.php (31).
[ 2016-05-12T16:08:15+08:00 ]NOTICE: Array to string conversionD:\Program\www\5.12\blog\Storage\view\compile\a547f450e1e99272e83d8687bf1c3a96.php (31).
[ 2016-05-12T16:08:15+08:00 ]NOTICE: Array to string conversionD:\Program\www\5.12\blog\Storage\view\compile\a547f450e1e99272e83d8687bf1c3a96.php (31).
[ 2016-05-12T16:08:15+08:00 ]NOTICE: Array to string conversionD:\Program\www\5.12\blog\Storage\view\compile\a547f450e1e99272e83d8687bf1c3a96.php (31).
[ 2016-05-12T16:08:15+08:00 ]NOTICE: Array to string conversionD:\Program\www\5.12\blog\Storage\view\compile\a547f450e1e99272e83d8687bf1c3a96.php (31).
[ 2016-05-12T16:10:07+08:00 ]NOTICE: Array to string conversionD:\Program\www\5.12\blog\Storage\view\compile\a547f450e1e99272e83d8687bf1c3a96.php (31).
[ 2016-05-12T16:10:07+08:00 ]NOTICE: Array to string conversionD:\Program\www\5.12\blog\Storage\view\compile\a547f450e1e99272e83d8687bf1c3a96.php (31).
[ 2016-05-12T16:10:07+08:00 ]NOTICE: Array to string conversionD:\Program\www\5.12\blog\Storage\view\compile\a547f450e1e99272e83d8687bf1c3a96.php (31).
[ 2016-05-12T16:10:07+08:00 ]NOTICE: Array to string conversionD:\Program\www\5.12\blog\Storage\view\compile\a547f450e1e99272e83d8687bf1c3a96.php (31).
[ 2016-05-12T16:10:07+08:00 ]NOTICE: Array to string conversionD:\Program\www\5.12\blog\Storage\view\compile\a547f450e1e99272e83d8687bf1c3a96.php (31).
[ 2016-05-12T16:10:07+08:00 ]NOTICE: Array to string conversionD:\Program\www\5.12\blog\Storage\view\compile\a547f450e1e99272e83d8687bf1c3a96.php (31).
[ 2016-05-12T16:10:07+08:00 ]NOTICE: Array to string conversionD:\Program\www\5.12\blog\Storage\view\compile\a547f450e1e99272e83d8687bf1c3a96.php (31).
[ 2016-05-12T16:10:07+08:00 ]NOTICE: Array to string conversionD:\Program\www\5.12\blog\Storage\view\compile\a547f450e1e99272e83d8687bf1c3a96.php (31).
[ 2016-05-12T19:25:05+08:00 ]EXCEPTION: show columns from `cate` ;BindParams:array (
)42S02;1146;La table 'blog_edu.cate' n'existe pas
[ 2016-05-12T19:41:57+08:00 ]NOTICE: Undefined index: fromD:\Program\www\5.12\blog\Hdphp\View\HdphpTag.php (134).
[ 2016-05-12T20:15:03+08:00 ]NOTICE: Undefined variable: tidD:\Program\www\5.12\blog\App\Admin\Controller\TagController.php (44).
[ 2016-05-12T20:15:03+08:00 ]EXCEPTION: SELECT  *  FROM tag WHERE tid= LIMIT 1 ;BindParams:array (
)42000;1064;Erreur de syntaxe près de 'LIMIT 1' à la ligne 1
[ 2016-05-12T20:15:10+08:00 ]NOTICE: Undefined variable: tidD:\Program\www\5.12\blog\App\Admin\Controller\TagController.php (44).
[ 2016-05-12T20:15:10+08:00 ]EXCEPTION: SELECT  *  FROM tag WHERE tid= LIMIT 1 ;BindParams:array (
)42000;1064;Erreur de syntaxe près de 'LIMIT 1' à la ligne 1
[ 2016-05-12T20:31:18+08:00 ]NOTICE: Undefined variable: tidD:\Program\www\5.12\blog\Storage\view\compile\1bb2fab55ad2e04ea01cfe6899e24abc.php (26).
[ 2016-05-12T20:36:43+08:00 ]EXCEPTION: Method Admin\Controller\TagController::del() does not exist
[ 2016-05-12T20:47:30+08:00 ]NOTICE: Use of undefined constant Arc - assumed 'Arc'D:\Program\www\5.12\blog\Storage\view\compile\e25935d41d119f684e703fb7d47c9548.php (174).
[ 2016-05-12T20:47:30+08:00 ]NOTICE: Use of undefined constant index - assumed 'index'D:\Program\www\5.12\blog\Storage\view\compile\e25935d41d119f684e703fb7d47c9548.php (174).
[ 2016-05-12T20:47:30+08:00 ]NOTICE: Division by zeroD:\Program\www\5.12\blog\Storage\view\compile\e25935d41d119f684e703fb7d47c9548.php (174).
[ 2016-05-12T20:47:33+08:00 ]NOTICE: Use of undefined constant Arc - assumed 'Arc'D:\Program\www\5.12\blog\Storage\view\compile\e25935d41d119f684e703fb7d47c9548.php (174).
[ 2016-05-12T20:47:33+08:00 ]NOTICE: Use of undefined constant index - assumed 'index'D:\Program\www\5.12\blog\Storage\view\compile\e25935d41d119f684e703fb7d47c9548.php (174).
[ 2016-05-12T20:47:33+08:00 ]NOTICE: Division by zeroD:\Program\www\5.12\blog\Storage\view\compile\e25935d41d119f684e703fb7d47c9548.php (174).
[ 2016-05-12T21:24:26+08:00 ]EXCEPTION: 模板不存在:App/Admin/View/Arc/add.php
[ 2016-05-12T21:24:29+08:00 ]EXCEPTION: 模板不存在:App/Admin/View/Arc/add.php
[ 2016-05-12T21:24:34+08:00 ]EXCEPTION: 模板不存在:App/Admin/View/Arc/add.php
[ 2016-05-12T21:24:38+08:00 ]EXCEPTION: 模板不存在:App/Admin/View/Arc/add.php
