[ 2016-05-16T15:50:41+08:00 ]NOTICE: Undefined variable: cateD:\Program\www\blog\Storage\view\compile\0c28e7150ba5d668f4a1564650d3d0d8.php (57).
[ 2016-05-16T15:50:41+08:00 ]NOTICE: Invalid argument supplied for foreach()D:\Program\www\blog\Storage\view\compile\0c28e7150ba5d668f4a1564650d3d0d8.php (57).
[ 2016-05-16T15:50:41+08:00 ]NOTICE: Undefined variable: cateD:\Program\www\blog\Storage\view\compile\0c28e7150ba5d668f4a1564650d3d0d8.php (143).
[ 2016-05-16T15:50:41+08:00 ]NOTICE: Invalid argument supplied for foreach()D:\Program\www\blog\Storage\view\compile\0c28e7150ba5d668f4a1564650d3d0d8.php (143).
[ 2016-05-16T15:50:41+08:00 ]NOTICE: Undefined variable: tagD:\Program\www\blog\Storage\view\compile\0c28e7150ba5d668f4a1564650d3d0d8.php (159).
[ 2016-05-16T15:50:41+08:00 ]NOTICE: Invalid argument supplied for foreach()D:\Program\www\blog\Storage\view\compile\0c28e7150ba5d668f4a1564650d3d0d8.php (159).
[ 2016-05-16T15:50:41+08:00 ]NOTICE: Undefined variable: tagD:\Program\www\blog\Storage\view\compile\0c28e7150ba5d668f4a1564650d3d0d8.php (279).
[ 2016-05-16T15:50:41+08:00 ]NOTICE: Invalid argument supplied for foreach()D:\Program\www\blog\Storage\view\compile\0c28e7150ba5d668f4a1564650d3d0d8.php (279).
[ 2016-05-16T15:50:41+08:00 ]NOTICE: Undefined variable: linkD:\Program\www\blog\Storage\view\compile\0c28e7150ba5d668f4a1564650d3d0d8.php (287).
[ 2016-05-16T15:50:41+08:00 ]NOTICE: Invalid argument supplied for foreach()D:\Program\www\blog\Storage\view\compile\0c28e7150ba5d668f4a1564650d3d0d8.php (287).
[ 2016-05-16T15:58:37+08:00 ]NOTICE: Undefined index: fileD:\Program\www\blog\Hdphp\View\HdphpTag.php (147).
[ 2016-05-16T15:58:37+08:00 ]NOTICE: Undefined index: fileD:\Program\www\blog\Hdphp\View\HdphpTag.php (147).
[ 2016-05-16T15:58:37+08:00 ]NOTICE: Undefined index: fileD:\Program\www\blog\Hdphp\View\HdphpTag.php (147).
[ 2016-05-16T15:58:37+08:00 ]NOTICE: Undefined index: fileD:\Program\www\blog\Hdphp\View\HdphpTag.php (147).
[ 2016-05-16T15:58:37+08:00 ]NOTICE: Undefined index: fileD:\Program\www\blog\Hdphp\View\HdphpTag.php (147).
[ 2016-05-16T15:58:37+08:00 ]NOTICE: Undefined index: fileD:\Program\www\blog\Hdphp\View\HdphpTag.php (147).
[ 2016-05-16T15:58:37+08:00 ]NOTICE: Undefined index: fileD:\Program\www\blog\Hdphp\View\HdphpTag.php (147).
[ 2016-05-16T15:58:37+08:00 ]NOTICE: Undefined index: fileD:\Program\www\blog\Hdphp\View\HdphpTag.php (147).
[ 2016-05-16T15:58:37+08:00 ]NOTICE: Undefined index: fileD:\Program\www\blog\Hdphp\View\HdphpTag.php (147).
[ 2016-05-16T15:58:37+08:00 ]NOTICE: Undefined index: fileD:\Program\www\blog\Hdphp\View\HdphpTag.php (147).
[ 2016-05-16T15:58:37+08:00 ]NOTICE: Undefined index: fileD:\Program\www\blog\Hdphp\View\HdphpTag.php (147).
[ 2016-05-16T15:58:37+08:00 ]NOTICE: Undefined index: fileD:\Program\www\blog\Hdphp\View\HdphpTag.php (147).
[ 2016-05-16T16:02:52+08:00 ]NOTICE: Undefined index: fileD:\Program\www\blog\Hdphp\View\HdphpTag.php (147).
[ 2016-05-16T16:02:52+08:00 ]NOTICE: Undefined index: fileD:\Program\www\blog\Hdphp\View\HdphpTag.php (147).
[ 2016-05-16T16:02:52+08:00 ]NOTICE: Undefined index: fileD:\Program\www\blog\Hdphp\View\HdphpTag.php (147).
[ 2016-05-16T16:02:52+08:00 ]NOTICE: Undefined index: fileD:\Program\www\blog\Hdphp\View\HdphpTag.php (147).
[ 2016-05-16T16:02:52+08:00 ]NOTICE: Undefined index: fileD:\Program\www\blog\Hdphp\View\HdphpTag.php (147).
[ 2016-05-16T16:02:52+08:00 ]NOTICE: Undefined index: fileD:\Program\www\blog\Hdphp\View\HdphpTag.php (147).
[ 2016-05-16T16:02:52+08:00 ]NOTICE: Undefined index: fileD:\Program\www\blog\Hdphp\View\HdphpTag.php (147).
[ 2016-05-16T16:02:52+08:00 ]NOTICE: Undefined index: fileD:\Program\www\blog\Hdphp\View\HdphpTag.php (147).
[ 2016-05-16T16:02:52+08:00 ]NOTICE: Undefined index: fileD:\Program\www\blog\Hdphp\View\HdphpTag.php (147).
[ 2016-05-16T16:02:52+08:00 ]NOTICE: Undefined index: fileD:\Program\www\blog\Hdphp\View\HdphpTag.php (147).
[ 2016-05-16T16:02:52+08:00 ]NOTICE: Undefined index: fileD:\Program\www\blog\Hdphp\View\HdphpTag.php (147).
[ 2016-05-16T16:02:52+08:00 ]NOTICE: Undefined index: fileD:\Program\www\blog\Hdphp\View\HdphpTag.php (147).
[ 2016-05-16T16:04:11+08:00 ]EXCEPTION: Home\Controller\ListController 不存在
[ 2016-05-16T16:31:04+08:00 ]NOTICE: Undefined variable: dataD:\Program\www\blog\Storage\view\compile\f058a91ae5761972a4be9e95ff42c015.php (7).
[ 2016-05-16T16:31:04+08:00 ]NOTICE: Invalid argument supplied for foreach()D:\Program\www\blog\Storage\view\compile\f058a91ae5761972a4be9e95ff42c015.php (7).
[ 2016-05-16T16:32:51+08:00 ]NOTICE: Undefined index: timeD:\Program\www\blog\Storage\view\compile\f058a91ae5761972a4be9e95ff42c015.php (14).
[ 2016-05-16T16:32:51+08:00 ]NOTICE: Undefined index: timeD:\Program\www\blog\Storage\view\compile\f058a91ae5761972a4be9e95ff42c015.php (14).
[ 2016-05-16T16:32:51+08:00 ]NOTICE: Undefined index: timeD:\Program\www\blog\Storage\view\compile\f058a91ae5761972a4be9e95ff42c015.php (14).
[ 2016-05-16T16:32:51+08:00 ]NOTICE: Undefined index: timeD:\Program\www\blog\Storage\view\compile\f058a91ae5761972a4be9e95ff42c015.php (14).
[ 2016-05-16T16:32:51+08:00 ]NOTICE: Undefined index: timeD:\Program\www\blog\Storage\view\compile\f058a91ae5761972a4be9e95ff42c015.php (14).
[ 2016-05-16T16:32:51+08:00 ]NOTICE: Undefined index: timeD:\Program\www\blog\Storage\view\compile\f058a91ae5761972a4be9e95ff42c015.php (14).
[ 2016-05-16T16:32:51+08:00 ]NOTICE: Undefined index: timeD:\Program\www\blog\Storage\view\compile\f058a91ae5761972a4be9e95ff42c015.php (14).
[ 2016-05-16T16:42:45+08:00 ]EXCEPTION: Home\Controller\ListController 不存在
[ 2016-05-16T16:49:25+08:00 ]EXCEPTION: Home\Controller\ListController 不存在
[ 2016-05-16T17:28:33+08:00 ]NOTICE: Undefined variable: aidD:\Program\www\blog\Storage\view\compile\f058a91ae5761972a4be9e95ff42c015.php (14).
[ 2016-05-16T17:28:33+08:00 ]NOTICE: Undefined variable: aidD:\Program\www\blog\Storage\view\compile\f058a91ae5761972a4be9e95ff42c015.php (14).
[ 2016-05-16T17:28:33+08:00 ]NOTICE: Undefined variable: aidD:\Program\www\blog\Storage\view\compile\f058a91ae5761972a4be9e95ff42c015.php (14).
[ 2016-05-16T17:33:54+08:00 ]EXCEPTION: SELECT  *  FROM article GROUP BY sid LIMIT 5 ;BindParams:array (
)42S22;1054;Champ 'sid' inconnu dans group statement
[ 2016-05-16T17:34:13+08:00 ]EXCEPTION: SELECT  *  FROM article GROUP BY sid LIMIT 5 ;BindParams:array (
)42S22;1054;Champ 'sid' inconnu dans group statement
[ 2016-05-16T17:34:14+08:00 ]EXCEPTION: SELECT  *  FROM article GROUP BY sid LIMIT 5 ;BindParams:array (
)42S22;1054;Champ 'sid' inconnu dans group statement
[ 2016-05-16T17:34:29+08:00 ]EXCEPTION: SELECT  *  FROM article GROUP BY sid LIMIT 5 ;BindParams:array (
)42S22;1054;Champ 'sid' inconnu dans group statement
[ 2016-05-16T17:34:30+08:00 ]EXCEPTION: SELECT  *  FROM article GROUP BY sid LIMIT 5 ;BindParams:array (
)42S22;1054;Champ 'sid' inconnu dans group statement
[ 2016-05-16T18:09:03+08:00 ]NOTICE: Undefined variable: aidD:\Program\www\blog\Storage\view\compile\0c28e7150ba5d668f4a1564650d3d0d8.php (111).
[ 2016-05-16T18:09:03+08:00 ]NOTICE: Undefined variable: aidD:\Program\www\blog\Storage\view\compile\0c28e7150ba5d668f4a1564650d3d0d8.php (111).
[ 2016-05-16T18:09:03+08:00 ]NOTICE: Undefined variable: aidD:\Program\www\blog\Storage\view\compile\0c28e7150ba5d668f4a1564650d3d0d8.php (111).
[ 2016-05-16T18:09:03+08:00 ]NOTICE: Undefined variable: aidD:\Program\www\blog\Storage\view\compile\0c28e7150ba5d668f4a1564650d3d0d8.php (111).
[ 2016-05-16T18:09:03+08:00 ]NOTICE: Undefined variable: aidD:\Program\www\blog\Storage\view\compile\0c28e7150ba5d668f4a1564650d3d0d8.php (111).
[ 2016-05-16T18:11:04+08:00 ]NOTICE: Undefined index: fromD:\Program\www\blog\Hdphp\View\HdphpTag.php (134).
[ 2016-05-16T18:42:25+08:00 ]EXCEPTION: Home\Controller\ListController 不存在
[ 2016-05-16T18:56:10+08:00 ]EXCEPTION: Home\Controller\ListController 不存在
[ 2016-05-16T18:56:22+08:00 ]EXCEPTION: Home\Controller\ListController 不存在
[ 2016-05-16T19:14:57+08:00 ]NOTICE: Undefined index: cidD:\Program\www\blog\Storage\view\compile\2285f5ecd290c2ae060f2c24a56dc0d2.php (74).
[ 2016-05-16T19:14:57+08:00 ]NOTICE: Undefined index: cnameD:\Program\www\blog\Storage\view\compile\2285f5ecd290c2ae060f2c24a56dc0d2.php (74).
[ 2016-05-16T19:15:16+08:00 ]NOTICE: Undefined index: cidD:\Program\www\blog\Storage\view\compile\2285f5ecd290c2ae060f2c24a56dc0d2.php (74).
[ 2016-05-16T19:15:16+08:00 ]NOTICE: Undefined index: cnameD:\Program\www\blog\Storage\view\compile\2285f5ecd290c2ae060f2c24a56dc0d2.php (74).
[ 2016-05-16T19:15:35+08:00 ]NOTICE: Undefined index: cidD:\Program\www\blog\Storage\view\compile\2285f5ecd290c2ae060f2c24a56dc0d2.php (74).
[ 2016-05-16T19:15:35+08:00 ]NOTICE: Undefined index: cnameD:\Program\www\blog\Storage\view\compile\2285f5ecd290c2ae060f2c24a56dc0d2.php (74).
[ 2016-05-16T19:16:20+08:00 ]EXCEPTION: SELECT  *  FROM article INNER JOIN article_data ON article_aid = aid  INNER JOIN article ON category_cid = cid WHERE aid=12 ;BindParams:array (
)42000;1066;Table/alias: 'article' non unique
[ 2016-05-16T19:22:11+08:00 ]NOTICE: Undefined index: tagD:\Program\www\blog\Storage\view\compile\2285f5ecd290c2ae060f2c24a56dc0d2.php (79).
[ 2016-05-16T19:22:11+08:00 ]NOTICE: Invalid argument supplied for foreach()D:\Program\www\blog\Storage\view\compile\2285f5ecd290c2ae060f2c24a56dc0d2.php (79).
[ 2016-05-16T19:25:20+08:00 ]NOTICE: Undefined variable: dataD:\Program\www\blog\App\Home\Controller\IndexController.php (10).
[ 2016-05-16T19:25:20+08:00 ]NOTICE: Invalid argument supplied for foreach()D:\Program\www\blog\App\Home\Controller\IndexController.php (10).
[ 2016-05-16T19:30:55+08:00 ]EXCEPTION: Home\Controller\ListController 不存在
[ 2016-05-16T19:31:09+08:00 ]EXCEPTION: Home\Controller\ListController 不存在
[ 2016-05-16T19:31:09+08:00 ]EXCEPTION: Home\Controller\ListController 不存在
[ 2016-05-16T19:39:59+08:00 ]NOTICE: Argument 1 passed to Hdphp\Db\Mysql::get() must be of the type array, string givenD:\Program\www\blog\Hdphp\Db\Mysql.php (1022).
[ 2016-05-16T19:39:59+08:00 ]NOTICE: implode(): Invalid arguments passedD:\Program\www\blog\Hdphp\Db\Mysql.php (1027).
[ 2016-05-16T19:41:37+08:00 ]NOTICE: Missing argument 1 for Hdphp\Db\Mysql::pluck()D:\Program\www\blog\Hdphp\Db\Mysql.php (1055).
[ 2016-05-16T19:41:37+08:00 ]NOTICE: Undefined variable: fieldD:\Program\www\blog\Hdphp\Db\Mysql.php (1060).
[ 2016-05-16T19:41:37+08:00 ]NOTICE: Undefined index: D:\Program\www\blog\Hdphp\Db\Mysql.php (1060).
[ 2016-05-16T19:49:20+08:00 ]NOTICE: Undefined offset: 3D:\Program\www\blog\Hdphp\Db\Mysql.php (1267).
[ 2016-05-16T19:49:20+08:00 ]EXCEPTION: SELECT  *  FROM article INNER JOIN category_cid ON = cid  WHERE category_cid IN(1) ;BindParams:array (
)42000;1064;Erreur de syntaxe près de '= cid  WHERE category_cid IN(1)' à la ligne 1
[ 2016-05-16T19:49:26+08:00 ]NOTICE: Undefined offset: 3D:\Program\www\blog\Hdphp\Db\Mysql.php (1267).
[ 2016-05-16T19:49:26+08:00 ]EXCEPTION: SELECT  *  FROM article INNER JOIN category_cid ON = cid  WHERE category_cid IN(1) ;BindParams:array (
)42000;1064;Erreur de syntaxe près de '= cid  WHERE category_cid IN(1)' à la ligne 1
[ 2016-05-16T19:49:38+08:00 ]NOTICE: Undefined offset: 3D:\Program\www\blog\Hdphp\Db\Mysql.php (1267).
[ 2016-05-16T19:49:38+08:00 ]EXCEPTION: SELECT  *  FROM article INNER JOIN category_cid ON = cid  WHERE category_cid IN(2) ;BindParams:array (
)42000;1064;Erreur de syntaxe près de '= cid  WHERE category_cid IN(2)' à la ligne 1
[ 2016-05-16T19:50:02+08:00 ]NOTICE: Undefined offset: 3D:\Program\www\blog\Hdphp\Db\Mysql.php (1267).
[ 2016-05-16T19:50:02+08:00 ]EXCEPTION: SELECT  *  FROM article INNER JOIN category_cid ON = cid  WHERE category_cid IN(1) ;BindParams:array (
)42000;1064;Erreur de syntaxe près de '= cid  WHERE category_cid IN(1)' à la ligne 1
[ 2016-05-16T19:56:44+08:00 ]NOTICE: Undefined offset: 3D:\Program\www\blog\Hdphp\Db\Mysql.php (1267).
[ 2016-05-16T19:56:44+08:00 ]EXCEPTION: SELECT  *  FROM article INNER JOIN category_cid ON = cid  WHERE category_cid IN(1) ;BindParams:array (
)42000;1064;Erreur de syntaxe près de '= cid  WHERE category_cid IN(1)' à la ligne 1
[ 2016-05-16T20:17:19+08:00 ]NOTICE: Use of undefined constant value - assumed 'value'D:\Program\www\blog\Storage\view\compile\9c5abaaa6f02cf73c9209d43230d6294.php (69).
[ 2016-05-16T20:24:28+08:00 ]NOTICE: Undefined variable: nameD:\Program\www\blog\App\Home\Controller\ListController.php (44).
[ 2016-05-16T20:24:28+08:00 ]NOTICE: Undefined variable: valueD:\Program\www\blog\App\Home\Controller\ListController.php (45).
[ 2016-05-16T20:24:28+08:00 ]NOTICE: Undefined variable: countD:\Program\www\blog\App\Home\Controller\ListController.php (46).
[ 2016-05-16T20:24:28+08:00 ]NOTICE: Undefined variable: dataD:\Program\www\blog\App\Home\Controller\ListController.php (47).
[ 2016-05-16T20:24:28+08:00 ]NOTICE: Invalid argument supplied for foreach()D:\Program\www\blog\Storage\view\compile\9c5abaaa6f02cf73c9209d43230d6294.php (75).
[ 2016-05-16T20:33:44+08:00 ]NOTICE: Undefined variable: nameD:\Program\www\blog\App\Home\Controller\ListController.php (63).
[ 2016-05-16T20:33:44+08:00 ]NOTICE: Undefined variable: valueD:\Program\www\blog\App\Home\Controller\ListController.php (64).
[ 2016-05-16T20:33:44+08:00 ]NOTICE: Undefined variable: countD:\Program\www\blog\App\Home\Controller\ListController.php (65).
[ 2016-05-16T20:33:44+08:00 ]NOTICE: Undefined variable: dataD:\Program\www\blog\App\Home\Controller\ListController.php (66).
[ 2016-05-16T20:33:44+08:00 ]NOTICE: Invalid argument supplied for foreach()D:\Program\www\blog\Storage\view\compile\9c5abaaa6f02cf73c9209d43230d6294.php (75).
[ 2016-05-16T20:34:12+08:00 ]NOTICE: Undefined variable: nameD:\Program\www\blog\App\Home\Controller\ListController.php (63).
[ 2016-05-16T20:34:12+08:00 ]NOTICE: Undefined variable: valueD:\Program\www\blog\App\Home\Controller\ListController.php (64).
[ 2016-05-16T20:34:12+08:00 ]NOTICE: Undefined variable: countD:\Program\www\blog\App\Home\Controller\ListController.php (65).
[ 2016-05-16T20:34:12+08:00 ]NOTICE: Undefined variable: dataD:\Program\www\blog\App\Home\Controller\ListController.php (66).
[ 2016-05-16T20:34:12+08:00 ]NOTICE: Invalid argument supplied for foreach()D:\Program\www\blog\Storage\view\compile\9c5abaaa6f02cf73c9209d43230d6294.php (75).
[ 2016-05-16T20:35:40+08:00 ]NOTICE: Undefined variable: nameD:\Program\www\blog\App\Home\Controller\ListController.php (63).
[ 2016-05-16T20:35:40+08:00 ]NOTICE: Undefined variable: valueD:\Program\www\blog\App\Home\Controller\ListController.php (64).
[ 2016-05-16T20:35:40+08:00 ]NOTICE: Undefined variable: countD:\Program\www\blog\App\Home\Controller\ListController.php (65).
[ 2016-05-16T20:35:40+08:00 ]NOTICE: Undefined variable: dataD:\Program\www\blog\App\Home\Controller\ListController.php (66).
[ 2016-05-16T20:35:40+08:00 ]NOTICE: Invalid argument supplied for foreach()D:\Program\www\blog\Storage\view\compile\9c5abaaa6f02cf73c9209d43230d6294.php (75).
[ 2016-05-16T20:36:06+08:00 ]NOTICE: Undefined variable: nameD:\Program\www\blog\App\Home\Controller\ListController.php (63).
[ 2016-05-16T20:36:06+08:00 ]NOTICE: Undefined variable: valueD:\Program\www\blog\App\Home\Controller\ListController.php (64).
[ 2016-05-16T20:36:06+08:00 ]NOTICE: Undefined variable: countD:\Program\www\blog\App\Home\Controller\ListController.php (65).
[ 2016-05-16T20:36:06+08:00 ]NOTICE: Undefined variable: dataD:\Program\www\blog\App\Home\Controller\ListController.php (66).
[ 2016-05-16T20:36:06+08:00 ]NOTICE: Invalid argument supplied for foreach()D:\Program\www\blog\Storage\view\compile\9c5abaaa6f02cf73c9209d43230d6294.php (75).
[ 2016-05-16T20:37:47+08:00 ]NOTICE: Undefined variable: nameD:\Program\www\blog\App\Home\Controller\ListController.php (63).
[ 2016-05-16T20:37:47+08:00 ]NOTICE: Undefined variable: valueD:\Program\www\blog\App\Home\Controller\ListController.php (64).
[ 2016-05-16T20:37:47+08:00 ]NOTICE: Undefined variable: countD:\Program\www\blog\App\Home\Controller\ListController.php (65).
[ 2016-05-16T20:37:47+08:00 ]NOTICE: Undefined variable: dataD:\Program\www\blog\App\Home\Controller\ListController.php (66).
[ 2016-05-16T20:37:47+08:00 ]NOTICE: Invalid argument supplied for foreach()D:\Program\www\blog\Storage\view\compile\9c5abaaa6f02cf73c9209d43230d6294.php (75).
[ 2016-05-16T20:50:04+08:00 ]NOTICE: Undefined variable: nameD:\Program\www\blog\App\Home\Controller\ListController.php (63).
[ 2016-05-16T20:50:04+08:00 ]NOTICE: Undefined variable: valueD:\Program\www\blog\App\Home\Controller\ListController.php (64).
[ 2016-05-16T20:50:04+08:00 ]NOTICE: Undefined variable: countD:\Program\www\blog\App\Home\Controller\ListController.php (65).
[ 2016-05-16T20:50:04+08:00 ]NOTICE: Undefined variable: dataD:\Program\www\blog\App\Home\Controller\ListController.php (66).
[ 2016-05-16T20:50:04+08:00 ]NOTICE: Invalid argument supplied for foreach()D:\Program\www\blog\Storage\view\compile\9c5abaaa6f02cf73c9209d43230d6294.php (75).
[ 2016-05-16T20:57:48+08:00 ]NOTICE: Undefined variable: cateModelD:\Program\www\blog\Storage\view\compile\0009ecde673cf8a0ef7e187c6c8f23d1.php (27).
[ 2016-05-16T20:58:14+08:00 ]NOTICE: Undefined index: countD:\Program\www\blog\Storage\view\compile\0009ecde673cf8a0ef7e187c6c8f23d1.php (37).
[ 2016-05-16T20:58:14+08:00 ]NOTICE: Undefined index: countD:\Program\www\blog\Storage\view\compile\0009ecde673cf8a0ef7e187c6c8f23d1.php (37).
[ 2016-05-16T20:58:14+08:00 ]NOTICE: Undefined index: countD:\Program\www\blog\Storage\view\compile\0009ecde673cf8a0ef7e187c6c8f23d1.php (37).
[ 2016-05-16T20:58:14+08:00 ]NOTICE: Undefined variable: arcModelD:\Program\www\blog\Storage\view\compile\0009ecde673cf8a0ef7e187c6c8f23d1.php (67).
[ 2016-05-16T21:02:25+08:00 ]NOTICE: Undefined variable: sonD:\Program\www\blog\Storage\view\compile\0009ecde673cf8a0ef7e187c6c8f23d1.php (30).
[ 2016-05-16T21:03:33+08:00 ]NOTICE: Array to string conversionD:\Program\www\blog\App\Common\Model\Cate.php (55).
[ 2016-05-16T21:03:33+08:00 ]EXCEPTION: SELECT  *  FROM category WHERE cid NOT IN(Array) ;BindParams:array (
)42S22;1054;Champ 'Array' inconnu dans where clause
[ 2016-05-16T21:04:51+08:00 ]NOTICE: Array to string conversionD:\Program\www\blog\App\Common\Model\Cate.php (55).
[ 2016-05-16T21:04:51+08:00 ]EXCEPTION: SELECT  *  FROM category WHERE cid NOT IN(Array) ;BindParams:array (
)42S22;1054;Champ 'Array' inconnu dans where clause
[ 2016-05-16T21:08:52+08:00 ]EXCEPTION: SELECT  count(*) AS c  FROM article WHERE category_cid IN() LIMIT 1 ;BindParams:array (
)42000;1064;Erreur de syntaxe près de ') LIMIT 1' à la ligne 1
[ 2016-05-16T21:11:03+08:00 ]NOTICE: Undefined variable: cateModelD:\Program\www\blog\App\Home\Controller\IndexController.php (13).
[ 2016-05-16T21:12:00+08:00 ]EXCEPTION: SELECT  count(*) AS c  FROM article WHERE category_cid IN() LIMIT 1 ;BindParams:array (
)42000;1064;Erreur de syntaxe près de ') LIMIT 1' à la ligne 1
[ 2016-05-16T21:12:34+08:00 ]EXCEPTION: SELECT  count(*) AS c  FROM article WHERE category_cid IN() LIMIT 1 ;BindParams:array (
)42000;1064;Erreur de syntaxe près de ') LIMIT 1' à la ligne 1
[ 2016-05-16T21:12:35+08:00 ]EXCEPTION: SELECT  count(*) AS c  FROM article WHERE category_cid IN() LIMIT 1 ;BindParams:array (
)42000;1064;Erreur de syntaxe près de ') LIMIT 1' à la ligne 1
[ 2016-05-16T21:12:36+08:00 ]EXCEPTION: SELECT  count(*) AS c  FROM article WHERE category_cid IN() LIMIT 1 ;BindParams:array (
)42000;1064;Erreur de syntaxe près de ') LIMIT 1' à la ligne 1
[ 2016-05-16T21:12:59+08:00 ]EXCEPTION: SELECT  count(*) AS c  FROM article WHERE category_cid IN() LIMIT 1 ;BindParams:array (
)42000;1064;Erreur de syntaxe près de ') LIMIT 1' à la ligne 1
[ 2016-05-16T21:13:00+08:00 ]EXCEPTION: SELECT  count(*) AS c  FROM article WHERE category_cid IN() LIMIT 1 ;BindParams:array (
)42000;1064;Erreur de syntaxe près de ') LIMIT 1' à la ligne 1
[ 2016-05-16T21:13:01+08:00 ]EXCEPTION: SELECT  count(*) AS c  FROM article WHERE category_cid IN() LIMIT 1 ;BindParams:array (
)42000;1064;Erreur de syntaxe près de ') LIMIT 1' à la ligne 1
[ 2016-05-16T21:16:55+08:00 ]EXCEPTION: SELECT  count(*) AS c  FROM article WHERE category_cid IN() LIMIT 1 ;BindParams:array (
)42000;1064;Erreur de syntaxe près de ') LIMIT 1' à la ligne 1
[ 2016-05-16T21:17:23+08:00 ]NOTICE: Array to string conversionD:\Program\www\blog\Storage\view\compile\5ae8f8c3aa1a93e050446c9592b27cf0.php (42).
[ 2016-05-16T21:17:23+08:00 ]EXCEPTION: SELECT  count(*) AS c  FROM article WHERE category_cid IN(Array) LIMIT 1 ;BindParams:array (
)42S22;1054;Champ 'Array' inconnu dans where clause
[ 2016-05-16T21:19:05+08:00 ]NOTICE: Array to string conversionD:\Program\www\blog\Storage\view\compile\5ae8f8c3aa1a93e050446c9592b27cf0.php (39).
[ 2016-05-16T21:19:05+08:00 ]EXCEPTION: SELECT  count(*) AS c  FROM article WHERE category_cid IN(Array) LIMIT 1 ;BindParams:array (
)42S22;1054;Champ 'Array' inconnu dans where clause
[ 2016-05-16T21:21:18+08:00 ]NOTICE: Array to string conversionD:\Program\www\blog\Storage\view\compile\5ae8f8c3aa1a93e050446c9592b27cf0.php (41).
[ 2016-05-16T21:21:18+08:00 ]EXCEPTION: SELECT  count(*) AS c  FROM article WHERE category_cid IN(Array) LIMIT 1 ;BindParams:array (
)42S22;1054;Champ 'Array' inconnu dans where clause
[ 2016-05-16T21:23:54+08:00 ]NOTICE: Undefined variable: vD:\Program\www\blog\Storage\view\compile\5ae8f8c3aa1a93e050446c9592b27cf0.php (34).
[ 2016-05-16T21:23:54+08:00 ]NOTICE: Undefined variable: vD:\Program\www\blog\Storage\view\compile\5ae8f8c3aa1a93e050446c9592b27cf0.php (34).
[ 2016-05-16T21:23:54+08:00 ]NOTICE: Undefined variable: vD:\Program\www\blog\Storage\view\compile\5ae8f8c3aa1a93e050446c9592b27cf0.php (34).
[ 2016-05-16T21:23:54+08:00 ]NOTICE: Undefined variable: vD:\Program\www\blog\Storage\view\compile\5ae8f8c3aa1a93e050446c9592b27cf0.php (34).
[ 2016-05-16T21:23:54+08:00 ]NOTICE: Undefined variable: vD:\Program\www\blog\Storage\view\compile\5ae8f8c3aa1a93e050446c9592b27cf0.php (34).
[ 2016-05-16T21:23:54+08:00 ]NOTICE: Undefined variable: vD:\Program\www\blog\Storage\view\compile\5ae8f8c3aa1a93e050446c9592b27cf0.php (34).
[ 2016-05-16T21:23:54+08:00 ]NOTICE: Array to string conversionD:\Program\www\blog\Storage\view\compile\5ae8f8c3aa1a93e050446c9592b27cf0.php (47).
[ 2016-05-16T21:23:54+08:00 ]EXCEPTION: SELECT  count(*) AS c  FROM article WHERE category_cid IN(Array) LIMIT 1 ;BindParams:array (
)42S22;1054;Champ 'Array' inconnu dans where clause
[ 2016-05-16T21:26:36+08:00 ]NOTICE: Array to string conversionD:\Program\www\blog\Storage\view\compile\5ae8f8c3aa1a93e050446c9592b27cf0.php (38).
[ 2016-05-16T21:26:36+08:00 ]EXCEPTION: SELECT  count(*) AS c  FROM article WHERE category_cid IN(Array) LIMIT 1 ;BindParams:array (
)42S22;1054;Champ 'Array' inconnu dans where clause
[ 2016-05-16T21:26:43+08:00 ]NOTICE: Undefined variable: cateDataD:\Program\www\blog\Storage\view\compile\5ae8f8c3aa1a93e050446c9592b27cf0.php (46).
[ 2016-05-16T21:26:43+08:00 ]NOTICE: Invalid argument supplied for foreach()D:\Program\www\blog\Storage\view\compile\5ae8f8c3aa1a93e050446c9592b27cf0.php (46).
[ 2016-05-16T21:26:43+08:00 ]NOTICE: Undefined variable: arcModelD:\Program\www\blog\Storage\view\compile\5ae8f8c3aa1a93e050446c9592b27cf0.php (77).
[ 2016-05-16T21:26:49+08:00 ]NOTICE: Undefined variable: cateDataD:\Program\www\blog\Storage\view\compile\5ae8f8c3aa1a93e050446c9592b27cf0.php (46).
[ 2016-05-16T21:26:49+08:00 ]NOTICE: Invalid argument supplied for foreach()D:\Program\www\blog\Storage\view\compile\5ae8f8c3aa1a93e050446c9592b27cf0.php (46).
[ 2016-05-16T21:26:49+08:00 ]NOTICE: Undefined variable: arcModelD:\Program\www\blog\Storage\view\compile\5ae8f8c3aa1a93e050446c9592b27cf0.php (77).
[ 2016-05-16T21:26:54+08:00 ]NOTICE: Undefined variable: cateDataD:\Program\www\blog\Storage\view\compile\5ae8f8c3aa1a93e050446c9592b27cf0.php (46).
[ 2016-05-16T21:26:54+08:00 ]NOTICE: Invalid argument supplied for foreach()D:\Program\www\blog\Storage\view\compile\5ae8f8c3aa1a93e050446c9592b27cf0.php (46).
[ 2016-05-16T21:26:54+08:00 ]NOTICE: Undefined variable: arcModelD:\Program\www\blog\Storage\view\compile\5ae8f8c3aa1a93e050446c9592b27cf0.php (77).
[ 2016-05-16T21:31:13+08:00 ]NOTICE: Undefined variable: cateModeD:\Program\www\blog\Storage\view\compile\5ae8f8c3aa1a93e050446c9592b27cf0.php (26).
[ 2016-05-16T21:33:48+08:00 ]NOTICE: Undefined index: countD:\Program\www\blog\Storage\view\compile\5ae8f8c3aa1a93e050446c9592b27cf0.php (55).
[ 2016-05-16T21:33:48+08:00 ]NOTICE: Undefined index: countD:\Program\www\blog\Storage\view\compile\5ae8f8c3aa1a93e050446c9592b27cf0.php (55).
[ 2016-05-16T21:33:48+08:00 ]NOTICE: Undefined index: countD:\Program\www\blog\Storage\view\compile\5ae8f8c3aa1a93e050446c9592b27cf0.php (55).
[ 2016-05-16T21:33:48+08:00 ]NOTICE: Undefined index: countD:\Program\www\blog\Storage\view\compile\5ae8f8c3aa1a93e050446c9592b27cf0.php (55).
[ 2016-05-16T21:33:48+08:00 ]NOTICE: Undefined index: countD:\Program\www\blog\Storage\view\compile\5ae8f8c3aa1a93e050446c9592b27cf0.php (55).
[ 2016-05-16T21:33:48+08:00 ]NOTICE: Undefined index: countD:\Program\www\blog\Storage\view\compile\5ae8f8c3aa1a93e050446c9592b27cf0.php (55).
[ 2016-05-16T21:34:14+08:00 ]NOTICE: Undefined index: countD:\Program\www\blog\Storage\view\compile\5ae8f8c3aa1a93e050446c9592b27cf0.php (55).
[ 2016-05-16T21:34:14+08:00 ]NOTICE: Undefined index: countD:\Program\www\blog\Storage\view\compile\5ae8f8c3aa1a93e050446c9592b27cf0.php (55).
[ 2016-05-16T21:34:14+08:00 ]NOTICE: Undefined index: countD:\Program\www\blog\Storage\view\compile\5ae8f8c3aa1a93e050446c9592b27cf0.php (55).
[ 2016-05-16T21:34:14+08:00 ]NOTICE: Undefined index: countD:\Program\www\blog\Storage\view\compile\5ae8f8c3aa1a93e050446c9592b27cf0.php (55).
[ 2016-05-16T21:34:14+08:00 ]NOTICE: Undefined index: countD:\Program\www\blog\Storage\view\compile\5ae8f8c3aa1a93e050446c9592b27cf0.php (55).
[ 2016-05-16T21:34:14+08:00 ]NOTICE: Undefined index: countD:\Program\www\blog\Storage\view\compile\5ae8f8c3aa1a93e050446c9592b27cf0.php (55).
[ 2016-05-16T21:34:50+08:00 ]NOTICE: Undefined index: countD:\Program\www\blog\Storage\view\compile\5ae8f8c3aa1a93e050446c9592b27cf0.php (55).
[ 2016-05-16T21:34:50+08:00 ]NOTICE: Undefined index: countD:\Program\www\blog\Storage\view\compile\5ae8f8c3aa1a93e050446c9592b27cf0.php (55).
[ 2016-05-16T21:34:50+08:00 ]NOTICE: Undefined index: countD:\Program\www\blog\Storage\view\compile\5ae8f8c3aa1a93e050446c9592b27cf0.php (55).
[ 2016-05-16T21:34:50+08:00 ]NOTICE: Undefined index: countD:\Program\www\blog\Storage\view\compile\5ae8f8c3aa1a93e050446c9592b27cf0.php (55).
[ 2016-05-16T21:34:50+08:00 ]NOTICE: Undefined index: countD:\Program\www\blog\Storage\view\compile\5ae8f8c3aa1a93e050446c9592b27cf0.php (55).
[ 2016-05-16T21:34:50+08:00 ]NOTICE: Undefined index: countD:\Program\www\blog\Storage\view\compile\5ae8f8c3aa1a93e050446c9592b27cf0.php (55).
[ 2016-05-16T21:35:11+08:00 ]NOTICE: Undefined index: countD:\Program\www\blog\Storage\view\compile\5ae8f8c3aa1a93e050446c9592b27cf0.php (56).
[ 2016-05-16T21:35:11+08:00 ]NOTICE: Undefined index: countD:\Program\www\blog\Storage\view\compile\5ae8f8c3aa1a93e050446c9592b27cf0.php (56).
[ 2016-05-16T21:35:11+08:00 ]NOTICE: Undefined index: countD:\Program\www\blog\Storage\view\compile\5ae8f8c3aa1a93e050446c9592b27cf0.php (56).
[ 2016-05-16T21:35:11+08:00 ]NOTICE: Undefined index: countD:\Program\www\blog\Storage\view\compile\5ae8f8c3aa1a93e050446c9592b27cf0.php (56).
[ 2016-05-16T21:35:11+08:00 ]NOTICE: Undefined index: countD:\Program\www\blog\Storage\view\compile\5ae8f8c3aa1a93e050446c9592b27cf0.php (56).
[ 2016-05-16T21:35:11+08:00 ]NOTICE: Undefined index: countD:\Program\www\blog\Storage\view\compile\5ae8f8c3aa1a93e050446c9592b27cf0.php (56).
[ 2016-05-16T21:35:54+08:00 ]NOTICE: Undefined index: countD:\Program\www\blog\Storage\view\compile\5ae8f8c3aa1a93e050446c9592b27cf0.php (55).
[ 2016-05-16T21:35:54+08:00 ]NOTICE: Undefined index: countD:\Program\www\blog\Storage\view\compile\5ae8f8c3aa1a93e050446c9592b27cf0.php (55).
[ 2016-05-16T21:35:54+08:00 ]NOTICE: Undefined index: countD:\Program\www\blog\Storage\view\compile\5ae8f8c3aa1a93e050446c9592b27cf0.php (55).
[ 2016-05-16T21:35:54+08:00 ]NOTICE: Undefined index: countD:\Program\www\blog\Storage\view\compile\5ae8f8c3aa1a93e050446c9592b27cf0.php (55).
[ 2016-05-16T21:35:54+08:00 ]NOTICE: Undefined index: countD:\Program\www\blog\Storage\view\compile\5ae8f8c3aa1a93e050446c9592b27cf0.php (55).
[ 2016-05-16T21:35:54+08:00 ]NOTICE: Undefined index: countD:\Program\www\blog\Storage\view\compile\5ae8f8c3aa1a93e050446c9592b27cf0.php (55).
[ 2016-05-16T21:37:06+08:00 ]NOTICE: Undefined index: countD:\Program\www\blog\Storage\view\compile\5ae8f8c3aa1a93e050446c9592b27cf0.php (55).
[ 2016-05-16T21:37:06+08:00 ]NOTICE: Undefined index: countD:\Program\www\blog\Storage\view\compile\5ae8f8c3aa1a93e050446c9592b27cf0.php (55).
[ 2016-05-16T21:37:06+08:00 ]NOTICE: Undefined index: countD:\Program\www\blog\Storage\view\compile\5ae8f8c3aa1a93e050446c9592b27cf0.php (55).
[ 2016-05-16T21:37:06+08:00 ]NOTICE: Undefined index: countD:\Program\www\blog\Storage\view\compile\5ae8f8c3aa1a93e050446c9592b27cf0.php (55).
[ 2016-05-16T21:37:06+08:00 ]NOTICE: Undefined index: countD:\Program\www\blog\Storage\view\compile\5ae8f8c3aa1a93e050446c9592b27cf0.php (55).
[ 2016-05-16T21:37:06+08:00 ]NOTICE: Undefined index: countD:\Program\www\blog\Storage\view\compile\5ae8f8c3aa1a93e050446c9592b27cf0.php (55).
[ 2016-05-16T21:37:31+08:00 ]NOTICE: Undefined index: countD:\Program\www\blog\Storage\view\compile\5ae8f8c3aa1a93e050446c9592b27cf0.php (55).
[ 2016-05-16T21:37:31+08:00 ]NOTICE: Undefined index: countD:\Program\www\blog\Storage\view\compile\5ae8f8c3aa1a93e050446c9592b27cf0.php (55).
[ 2016-05-16T21:37:31+08:00 ]NOTICE: Undefined index: countD:\Program\www\blog\Storage\view\compile\5ae8f8c3aa1a93e050446c9592b27cf0.php (55).
[ 2016-05-16T21:37:31+08:00 ]NOTICE: Undefined index: countD:\Program\www\blog\Storage\view\compile\5ae8f8c3aa1a93e050446c9592b27cf0.php (55).
[ 2016-05-16T21:37:31+08:00 ]NOTICE: Undefined index: countD:\Program\www\blog\Storage\view\compile\5ae8f8c3aa1a93e050446c9592b27cf0.php (55).
[ 2016-05-16T21:37:31+08:00 ]NOTICE: Undefined index: countD:\Program\www\blog\Storage\view\compile\5ae8f8c3aa1a93e050446c9592b27cf0.php (55).
[ 2016-05-16T21:39:16+08:00 ]NOTICE: Undefined index: countD:\Program\www\blog\Storage\view\compile\5ae8f8c3aa1a93e050446c9592b27cf0.php (51).
[ 2016-05-16T21:39:16+08:00 ]NOTICE: Undefined index: countD:\Program\www\blog\Storage\view\compile\5ae8f8c3aa1a93e050446c9592b27cf0.php (51).
[ 2016-05-16T21:39:16+08:00 ]NOTICE: Undefined index: countD:\Program\www\blog\Storage\view\compile\5ae8f8c3aa1a93e050446c9592b27cf0.php (51).
[ 2016-05-16T21:39:16+08:00 ]NOTICE: Undefined index: countD:\Program\www\blog\Storage\view\compile\5ae8f8c3aa1a93e050446c9592b27cf0.php (51).
[ 2016-05-16T21:39:16+08:00 ]NOTICE: Undefined index: countD:\Program\www\blog\Storage\view\compile\5ae8f8c3aa1a93e050446c9592b27cf0.php (51).
[ 2016-05-16T21:39:16+08:00 ]NOTICE: Undefined index: countD:\Program\www\blog\Storage\view\compile\5ae8f8c3aa1a93e050446c9592b27cf0.php (51).
[ 2016-05-16T21:39:17+08:00 ]NOTICE: Undefined index: countD:\Program\www\blog\Storage\view\compile\5ae8f8c3aa1a93e050446c9592b27cf0.php (51).
[ 2016-05-16T21:39:17+08:00 ]NOTICE: Undefined index: countD:\Program\www\blog\Storage\view\compile\5ae8f8c3aa1a93e050446c9592b27cf0.php (51).
[ 2016-05-16T21:39:17+08:00 ]NOTICE: Undefined index: countD:\Program\www\blog\Storage\view\compile\5ae8f8c3aa1a93e050446c9592b27cf0.php (51).
[ 2016-05-16T21:39:17+08:00 ]NOTICE: Undefined index: countD:\Program\www\blog\Storage\view\compile\5ae8f8c3aa1a93e050446c9592b27cf0.php (51).
[ 2016-05-16T21:39:17+08:00 ]NOTICE: Undefined index: countD:\Program\www\blog\Storage\view\compile\5ae8f8c3aa1a93e050446c9592b27cf0.php (51).
[ 2016-05-16T21:39:17+08:00 ]NOTICE: Undefined index: countD:\Program\www\blog\Storage\view\compile\5ae8f8c3aa1a93e050446c9592b27cf0.php (51).
[ 2016-05-16T21:40:37+08:00 ]NOTICE: Undefined index: countD:\Program\www\blog\Storage\view\compile\5ae8f8c3aa1a93e050446c9592b27cf0.php (51).
[ 2016-05-16T21:40:37+08:00 ]NOTICE: Undefined index: countD:\Program\www\blog\Storage\view\compile\5ae8f8c3aa1a93e050446c9592b27cf0.php (51).
[ 2016-05-16T21:40:37+08:00 ]NOTICE: Undefined index: countD:\Program\www\blog\Storage\view\compile\5ae8f8c3aa1a93e050446c9592b27cf0.php (51).
[ 2016-05-16T21:40:37+08:00 ]NOTICE: Undefined index: countD:\Program\www\blog\Storage\view\compile\5ae8f8c3aa1a93e050446c9592b27cf0.php (51).
[ 2016-05-16T21:40:37+08:00 ]NOTICE: Undefined index: countD:\Program\www\blog\Storage\view\compile\5ae8f8c3aa1a93e050446c9592b27cf0.php (51).
[ 2016-05-16T21:40:37+08:00 ]NOTICE: Undefined index: countD:\Program\www\blog\Storage\view\compile\5ae8f8c3aa1a93e050446c9592b27cf0.php (51).
[ 2016-05-16T21:40:54+08:00 ]NOTICE: Undefined index: countD:\Program\www\blog\Storage\view\compile\5ae8f8c3aa1a93e050446c9592b27cf0.php (51).
[ 2016-05-16T21:40:54+08:00 ]NOTICE: Undefined index: countD:\Program\www\blog\Storage\view\compile\5ae8f8c3aa1a93e050446c9592b27cf0.php (51).
[ 2016-05-16T21:40:54+08:00 ]NOTICE: Undefined index: countD:\Program\www\blog\Storage\view\compile\5ae8f8c3aa1a93e050446c9592b27cf0.php (51).
[ 2016-05-16T21:40:54+08:00 ]NOTICE: Undefined index: countD:\Program\www\blog\Storage\view\compile\5ae8f8c3aa1a93e050446c9592b27cf0.php (51).
[ 2016-05-16T21:40:54+08:00 ]NOTICE: Undefined index: countD:\Program\www\blog\Storage\view\compile\5ae8f8c3aa1a93e050446c9592b27cf0.php (51).
[ 2016-05-16T21:40:54+08:00 ]NOTICE: Undefined index: countD:\Program\www\blog\Storage\view\compile\5ae8f8c3aa1a93e050446c9592b27cf0.php (51).
[ 2016-05-16T21:41:06+08:00 ]NOTICE: Undefined index: countD:\Program\www\blog\Storage\view\compile\5ae8f8c3aa1a93e050446c9592b27cf0.php (51).
[ 2016-05-16T21:41:06+08:00 ]NOTICE: Undefined index: countD:\Program\www\blog\Storage\view\compile\5ae8f8c3aa1a93e050446c9592b27cf0.php (51).
[ 2016-05-16T21:41:06+08:00 ]NOTICE: Undefined index: countD:\Program\www\blog\Storage\view\compile\5ae8f8c3aa1a93e050446c9592b27cf0.php (51).
[ 2016-05-16T21:41:06+08:00 ]NOTICE: Undefined index: countD:\Program\www\blog\Storage\view\compile\5ae8f8c3aa1a93e050446c9592b27cf0.php (51).
[ 2016-05-16T21:41:06+08:00 ]NOTICE: Undefined index: countD:\Program\www\blog\Storage\view\compile\5ae8f8c3aa1a93e050446c9592b27cf0.php (51).
[ 2016-05-16T21:41:06+08:00 ]NOTICE: Undefined index: countD:\Program\www\blog\Storage\view\compile\5ae8f8c3aa1a93e050446c9592b27cf0.php (51).
[ 2016-05-16T21:41:50+08:00 ]NOTICE: Undefined index: countD:\Program\www\blog\Storage\view\compile\5ae8f8c3aa1a93e050446c9592b27cf0.php (51).
[ 2016-05-16T21:41:50+08:00 ]NOTICE: Undefined index: countD:\Program\www\blog\Storage\view\compile\5ae8f8c3aa1a93e050446c9592b27cf0.php (51).
[ 2016-05-16T21:41:50+08:00 ]NOTICE: Undefined index: countD:\Program\www\blog\Storage\view\compile\5ae8f8c3aa1a93e050446c9592b27cf0.php (51).
[ 2016-05-16T21:41:50+08:00 ]NOTICE: Undefined index: countD:\Program\www\blog\Storage\view\compile\5ae8f8c3aa1a93e050446c9592b27cf0.php (51).
[ 2016-05-16T21:41:50+08:00 ]NOTICE: Undefined index: countD:\Program\www\blog\Storage\view\compile\5ae8f8c3aa1a93e050446c9592b27cf0.php (51).
[ 2016-05-16T21:41:50+08:00 ]NOTICE: Undefined index: countD:\Program\www\blog\Storage\view\compile\5ae8f8c3aa1a93e050446c9592b27cf0.php (51).
[ 2016-05-16T21:41:52+08:00 ]NOTICE: Undefined index: countD:\Program\www\blog\Storage\view\compile\5ae8f8c3aa1a93e050446c9592b27cf0.php (51).
[ 2016-05-16T21:41:52+08:00 ]NOTICE: Undefined index: countD:\Program\www\blog\Storage\view\compile\5ae8f8c3aa1a93e050446c9592b27cf0.php (51).
[ 2016-05-16T21:41:52+08:00 ]NOTICE: Undefined index: countD:\Program\www\blog\Storage\view\compile\5ae8f8c3aa1a93e050446c9592b27cf0.php (51).
[ 2016-05-16T21:41:52+08:00 ]NOTICE: Undefined index: countD:\Program\www\blog\Storage\view\compile\5ae8f8c3aa1a93e050446c9592b27cf0.php (51).
[ 2016-05-16T21:41:52+08:00 ]NOTICE: Undefined index: countD:\Program\www\blog\Storage\view\compile\5ae8f8c3aa1a93e050446c9592b27cf0.php (51).
[ 2016-05-16T21:41:52+08:00 ]NOTICE: Undefined index: countD:\Program\www\blog\Storage\view\compile\5ae8f8c3aa1a93e050446c9592b27cf0.php (51).
[ 2016-05-16T21:42:25+08:00 ]NOTICE: Undefined index: countD:\Program\www\blog\Storage\view\compile\5ae8f8c3aa1a93e050446c9592b27cf0.php (51).
[ 2016-05-16T21:42:25+08:00 ]NOTICE: Undefined index: countD:\Program\www\blog\Storage\view\compile\5ae8f8c3aa1a93e050446c9592b27cf0.php (51).
[ 2016-05-16T21:42:25+08:00 ]NOTICE: Undefined index: countD:\Program\www\blog\Storage\view\compile\5ae8f8c3aa1a93e050446c9592b27cf0.php (51).
[ 2016-05-16T21:42:25+08:00 ]NOTICE: Undefined index: countD:\Program\www\blog\Storage\view\compile\5ae8f8c3aa1a93e050446c9592b27cf0.php (51).
[ 2016-05-16T21:42:25+08:00 ]NOTICE: Undefined index: countD:\Program\www\blog\Storage\view\compile\5ae8f8c3aa1a93e050446c9592b27cf0.php (51).
[ 2016-05-16T21:42:25+08:00 ]NOTICE: Undefined index: countD:\Program\www\blog\Storage\view\compile\5ae8f8c3aa1a93e050446c9592b27cf0.php (51).
[ 2016-05-16T21:43:19+08:00 ]NOTICE: Undefined index: countD:\Program\www\blog\Storage\view\compile\5ae8f8c3aa1a93e050446c9592b27cf0.php (52).
[ 2016-05-16T21:43:19+08:00 ]NOTICE: Undefined index: countD:\Program\www\blog\Storage\view\compile\5ae8f8c3aa1a93e050446c9592b27cf0.php (52).
[ 2016-05-16T21:43:19+08:00 ]NOTICE: Undefined index: countD:\Program\www\blog\Storage\view\compile\5ae8f8c3aa1a93e050446c9592b27cf0.php (52).
[ 2016-05-16T21:43:19+08:00 ]NOTICE: Undefined index: countD:\Program\www\blog\Storage\view\compile\5ae8f8c3aa1a93e050446c9592b27cf0.php (52).
[ 2016-05-16T21:43:19+08:00 ]NOTICE: Undefined index: countD:\Program\www\blog\Storage\view\compile\5ae8f8c3aa1a93e050446c9592b27cf0.php (52).
[ 2016-05-16T21:43:19+08:00 ]NOTICE: Undefined index: countD:\Program\www\blog\Storage\view\compile\5ae8f8c3aa1a93e050446c9592b27cf0.php (52).
[ 2016-05-16T21:44:03+08:00 ]NOTICE: Undefined index: countD:\Program\www\blog\Storage\view\compile\5ae8f8c3aa1a93e050446c9592b27cf0.php (52).
[ 2016-05-16T21:44:03+08:00 ]NOTICE: Undefined index: countD:\Program\www\blog\Storage\view\compile\5ae8f8c3aa1a93e050446c9592b27cf0.php (52).
[ 2016-05-16T21:44:03+08:00 ]NOTICE: Undefined index: countD:\Program\www\blog\Storage\view\compile\5ae8f8c3aa1a93e050446c9592b27cf0.php (52).
[ 2016-05-16T21:44:03+08:00 ]NOTICE: Undefined index: countD:\Program\www\blog\Storage\view\compile\5ae8f8c3aa1a93e050446c9592b27cf0.php (52).
[ 2016-05-16T21:44:03+08:00 ]NOTICE: Undefined index: countD:\Program\www\blog\Storage\view\compile\5ae8f8c3aa1a93e050446c9592b27cf0.php (52).
[ 2016-05-16T21:44:03+08:00 ]NOTICE: Undefined index: countD:\Program\www\blog\Storage\view\compile\5ae8f8c3aa1a93e050446c9592b27cf0.php (52).
[ 2016-05-16T21:44:25+08:00 ]NOTICE: Undefined index: countD:\Program\www\blog\Storage\view\compile\5ae8f8c3aa1a93e050446c9592b27cf0.php (52).
[ 2016-05-16T21:44:25+08:00 ]NOTICE: Undefined index: countD:\Program\www\blog\Storage\view\compile\5ae8f8c3aa1a93e050446c9592b27cf0.php (52).
[ 2016-05-16T21:44:25+08:00 ]NOTICE: Undefined index: countD:\Program\www\blog\Storage\view\compile\5ae8f8c3aa1a93e050446c9592b27cf0.php (52).
