[ 2016-05-17T12:03:17+08:00 ]NOTICE: Undefined index: logoD:\Program\www\blog5.17\App\Common\Model\Link.php (65).
[ 2016-05-17T12:03:49+08:00 ]NOTICE: Undefined index: logoD:\Program\www\blog5.17\App\Common\Model\Link.php (65).
[ 2016-05-17T12:05:08+08:00 ]NOTICE: Undefined index: logoD:\Program\www\blog5.17\App\Common\Model\Link.php (65).
[ 2016-05-17T12:05:33+08:00 ]NOTICE: Undefined index: logoD:\Program\www\blog5.17\App\Common\Model\Link.php (65).
[ 2016-05-17T12:06:35+08:00 ]NOTICE: Undefined index: logoD:\Program\www\blog5.17\App\Common\Model\Link.php (65).
[ 2016-05-17T14:44:48+08:00 ]EXCEPTION: 模板不存在:App/Home/View/Index/./top.php
[ 2016-05-17T14:45:48+08:00 ]NOTICE: Undefined variable: datasD:\Program\www\blog2.0\Storage\view\compile\0c28e7150ba5d668f4a1564650d3d0d8.php (56).
[ 2016-05-17T14:45:48+08:00 ]NOTICE: Invalid argument supplied for foreach()D:\Program\www\blog2.0\Storage\view\compile\0c28e7150ba5d668f4a1564650d3d0d8.php (56).
[ 2016-05-17T14:49:08+08:00 ]NOTICE: Undefined variable: datasD:\Program\www\blog2.0\Storage\view\compile\0c28e7150ba5d668f4a1564650d3d0d8.php (276).
[ 2016-05-17T14:49:08+08:00 ]NOTICE: Invalid argument supplied for foreach()D:\Program\www\blog2.0\Storage\view\compile\0c28e7150ba5d668f4a1564650d3d0d8.php (276).
[ 2016-05-17T14:49:09+08:00 ]NOTICE: Undefined variable: datasD:\Program\www\blog2.0\Storage\view\compile\0c28e7150ba5d668f4a1564650d3d0d8.php (276).
[ 2016-05-17T14:49:09+08:00 ]NOTICE: Invalid argument supplied for foreach()D:\Program\www\blog2.0\Storage\view\compile\0c28e7150ba5d668f4a1564650d3d0d8.php (276).
[ 2016-05-17T14:50:08+08:00 ]EXCEPTION: SELECT  *  FROM classify ;BindParams:array (
)42S02;1146;La table 'blog_edu.classify' n'existe pas
[ 2016-05-17T14:50:08+08:00 ]EXCEPTION: SELECT  *  FROM classify ;BindParams:array (
)42S02;1146;La table 'blog_edu.classify' n'existe pas
[ 2016-05-17T14:50:08+08:00 ]EXCEPTION: SELECT  *  FROM classify ;BindParams:array (
)42S02;1146;La table 'blog_edu.classify' n'existe pas
[ 2016-05-17T14:50:08+08:00 ]EXCEPTION: SELECT  *  FROM classify ;BindParams:array (
)42S02;1146;La table 'blog_edu.classify' n'existe pas
[ 2016-05-17T14:51:38+08:00 ]EXCEPTION: SELECT  *  FROM classify ;BindParams:array (
)42S02;1146;La table 'blog_edu.classify' n'existe pas
[ 2016-05-17T14:53:16+08:00 ]NOTICE: Undefined variable: datasD:\Program\www\blog2.0\Storage\view\compile\0c28e7150ba5d668f4a1564650d3d0d8.php (300).
[ 2016-05-17T14:53:16+08:00 ]NOTICE: Invalid argument supplied for foreach()D:\Program\www\blog2.0\Storage\view\compile\0c28e7150ba5d668f4a1564650d3d0d8.php (300).
[ 2016-05-17T14:53:33+08:00 ]NOTICE: Undefined variable: datasD:\Program\www\blog2.0\Storage\view\compile\0c28e7150ba5d668f4a1564650d3d0d8.php (300).
[ 2016-05-17T14:53:33+08:00 ]NOTICE: Invalid argument supplied for foreach()D:\Program\www\blog2.0\Storage\view\compile\0c28e7150ba5d668f4a1564650d3d0d8.php (300).
[ 2016-05-17T14:54:27+08:00 ]NOTICE: Undefined variable: datasD:\Program\www\blog2.0\Storage\view\compile\0c28e7150ba5d668f4a1564650d3d0d8.php (300).
[ 2016-05-17T14:54:27+08:00 ]NOTICE: Invalid argument supplied for foreach()D:\Program\www\blog2.0\Storage\view\compile\0c28e7150ba5d668f4a1564650d3d0d8.php (300).
[ 2016-05-17T14:54:58+08:00 ]NOTICE: Undefined variable: datasD:\Program\www\blog2.0\Storage\view\compile\0c28e7150ba5d668f4a1564650d3d0d8.php (292).
[ 2016-05-17T14:54:58+08:00 ]NOTICE: Invalid argument supplied for foreach()D:\Program\www\blog2.0\Storage\view\compile\0c28e7150ba5d668f4a1564650d3d0d8.php (292).
[ 2016-05-17T14:55:07+08:00 ]NOTICE: Undefined variable: datasD:\Program\www\blog2.0\Storage\view\compile\0c28e7150ba5d668f4a1564650d3d0d8.php (292).
[ 2016-05-17T14:55:07+08:00 ]NOTICE: Invalid argument supplied for foreach()D:\Program\www\blog2.0\Storage\view\compile\0c28e7150ba5d668f4a1564650d3d0d8.php (292).
[ 2016-05-17T14:55:39+08:00 ]NOTICE: Undefined variable: datasD:\Program\www\blog2.0\Storage\view\compile\0c28e7150ba5d668f4a1564650d3d0d8.php (290).
[ 2016-05-17T14:55:39+08:00 ]NOTICE: Invalid argument supplied for foreach()D:\Program\www\blog2.0\Storage\view\compile\0c28e7150ba5d668f4a1564650d3d0d8.php (290).
[ 2016-05-17T14:55:39+08:00 ]NOTICE: Undefined variable: datasD:\Program\www\blog2.0\Storage\view\compile\0c28e7150ba5d668f4a1564650d3d0d8.php (290).
[ 2016-05-17T14:55:39+08:00 ]NOTICE: Invalid argument supplied for foreach()D:\Program\www\blog2.0\Storage\view\compile\0c28e7150ba5d668f4a1564650d3d0d8.php (290).
[ 2016-05-17T14:55:40+08:00 ]NOTICE: Undefined variable: datasD:\Program\www\blog2.0\Storage\view\compile\0c28e7150ba5d668f4a1564650d3d0d8.php (290).
[ 2016-05-17T14:55:40+08:00 ]NOTICE: Invalid argument supplied for foreach()D:\Program\www\blog2.0\Storage\view\compile\0c28e7150ba5d668f4a1564650d3d0d8.php (290).
[ 2016-05-17T14:56:18+08:00 ]NOTICE: Undefined variable: datasD:\Program\www\blog2.0\Storage\view\compile\0c28e7150ba5d668f4a1564650d3d0d8.php (290).
[ 2016-05-17T14:56:18+08:00 ]NOTICE: Invalid argument supplied for foreach()D:\Program\www\blog2.0\Storage\view\compile\0c28e7150ba5d668f4a1564650d3d0d8.php (290).
[ 2016-05-17T14:56:21+08:00 ]NOTICE: Undefined variable: datasD:\Program\www\blog2.0\Storage\view\compile\0c28e7150ba5d668f4a1564650d3d0d8.php (290).
[ 2016-05-17T14:56:21+08:00 ]NOTICE: Invalid argument supplied for foreach()D:\Program\www\blog2.0\Storage\view\compile\0c28e7150ba5d668f4a1564650d3d0d8.php (290).
[ 2016-05-17T14:56:39+08:00 ]NOTICE: Undefined variable: datasD:\Program\www\blog2.0\Storage\view\compile\0c28e7150ba5d668f4a1564650d3d0d8.php (290).
[ 2016-05-17T14:56:39+08:00 ]NOTICE: Invalid argument supplied for foreach()D:\Program\www\blog2.0\Storage\view\compile\0c28e7150ba5d668f4a1564650d3d0d8.php (290).
[ 2016-05-17T14:57:26+08:00 ]NOTICE: Undefined index: timeD:\Program\www\blog2.0\Storage\view\compile\0c28e7150ba5d668f4a1564650d3d0d8.php (296).
[ 2016-05-17T14:57:26+08:00 ]NOTICE: Undefined variable: pathArrD:\Program\www\blog2.0\Storage\view\compile\0c28e7150ba5d668f4a1564650d3d0d8.php (308).
[ 2016-05-17T14:57:26+08:00 ]NOTICE: Invalid argument supplied for foreach()D:\Program\www\blog2.0\Storage\view\compile\0c28e7150ba5d668f4a1564650d3d0d8.php (308).
[ 2016-05-17T14:57:26+08:00 ]NOTICE: Undefined index: sidD:\Program\www\blog2.0\Storage\view\compile\0c28e7150ba5d668f4a1564650d3d0d8.php (311).
[ 2016-05-17T14:57:26+08:00 ]NOTICE: Undefined index: contD:\Program\www\blog2.0\Storage\view\compile\0c28e7150ba5d668f4a1564650d3d0d8.php (314).
[ 2016-05-17T14:57:26+08:00 ]NOTICE: Undefined index: sidD:\Program\www\blog2.0\Storage\view\compile\0c28e7150ba5d668f4a1564650d3d0d8.php (318).
[ 2016-05-17T14:57:26+08:00 ]NOTICE: Undefined index: readerD:\Program\www\blog2.0\Storage\view\compile\0c28e7150ba5d668f4a1564650d3d0d8.php (318).
[ 2016-05-17T14:57:26+08:00 ]NOTICE: Undefined variable: tnamesD:\Program\www\blog2.0\Storage\view\compile\0c28e7150ba5d668f4a1564650d3d0d8.php (319).
[ 2016-05-17T14:57:26+08:00 ]NOTICE: Invalid argument supplied for foreach()D:\Program\www\blog2.0\Storage\view\compile\0c28e7150ba5d668f4a1564650d3d0d8.php (319).
[ 2016-05-17T14:57:26+08:00 ]NOTICE: Undefined index: sidD:\Program\www\blog2.0\Storage\view\compile\0c28e7150ba5d668f4a1564650d3d0d8.php (326).
[ 2016-05-17T14:57:26+08:00 ]NOTICE: Undefined index: timeD:\Program\www\blog2.0\Storage\view\compile\0c28e7150ba5d668f4a1564650d3d0d8.php (296).
[ 2016-05-17T14:57:26+08:00 ]NOTICE: Undefined variable: pathArrD:\Program\www\blog2.0\Storage\view\compile\0c28e7150ba5d668f4a1564650d3d0d8.php (308).
[ 2016-05-17T14:57:26+08:00 ]NOTICE: Invalid argument supplied for foreach()D:\Program\www\blog2.0\Storage\view\compile\0c28e7150ba5d668f4a1564650d3d0d8.php (308).
[ 2016-05-17T14:57:26+08:00 ]NOTICE: Undefined index: sidD:\Program\www\blog2.0\Storage\view\compile\0c28e7150ba5d668f4a1564650d3d0d8.php (311).
[ 2016-05-17T14:57:26+08:00 ]NOTICE: Undefined index: contD:\Program\www\blog2.0\Storage\view\compile\0c28e7150ba5d668f4a1564650d3d0d8.php (314).
[ 2016-05-17T14:57:26+08:00 ]NOTICE: Undefined index: sidD:\Program\www\blog2.0\Storage\view\compile\0c28e7150ba5d668f4a1564650d3d0d8.php (318).
[ 2016-05-17T14:57:26+08:00 ]NOTICE: Undefined index: readerD:\Program\www\blog2.0\Storage\view\compile\0c28e7150ba5d668f4a1564650d3d0d8.php (318).
[ 2016-05-17T14:57:26+08:00 ]NOTICE: Undefined variable: tnamesD:\Program\www\blog2.0\Storage\view\compile\0c28e7150ba5d668f4a1564650d3d0d8.php (319).
[ 2016-05-17T14:57:26+08:00 ]NOTICE: Invalid argument supplied for foreach()D:\Program\www\blog2.0\Storage\view\compile\0c28e7150ba5d668f4a1564650d3d0d8.php (319).
[ 2016-05-17T14:57:26+08:00 ]NOTICE: Undefined index: sidD:\Program\www\blog2.0\Storage\view\compile\0c28e7150ba5d668f4a1564650d3d0d8.php (326).
[ 2016-05-17T14:57:26+08:00 ]NOTICE: Undefined index: timeD:\Program\www\blog2.0\Storage\view\compile\0c28e7150ba5d668f4a1564650d3d0d8.php (296).
[ 2016-05-17T14:57:26+08:00 ]NOTICE: Undefined variable: pathArrD:\Program\www\blog2.0\Storage\view\compile\0c28e7150ba5d668f4a1564650d3d0d8.php (308).
[ 2016-05-17T14:57:26+08:00 ]NOTICE: Invalid argument supplied for foreach()D:\Program\www\blog2.0\Storage\view\compile\0c28e7150ba5d668f4a1564650d3d0d8.php (308).
[ 2016-05-17T14:57:26+08:00 ]NOTICE: Undefined index: sidD:\Program\www\blog2.0\Storage\view\compile\0c28e7150ba5d668f4a1564650d3d0d8.php (311).
[ 2016-05-17T14:57:26+08:00 ]NOTICE: Undefined index: contD:\Program\www\blog2.0\Storage\view\compile\0c28e7150ba5d668f4a1564650d3d0d8.php (314).
[ 2016-05-17T14:57:26+08:00 ]NOTICE: Undefined index: sidD:\Program\www\blog2.0\Storage\view\compile\0c28e7150ba5d668f4a1564650d3d0d8.php (318).
[ 2016-05-17T14:57:26+08:00 ]NOTICE: Undefined index: readerD:\Program\www\blog2.0\Storage\view\compile\0c28e7150ba5d668f4a1564650d3d0d8.php (318).
[ 2016-05-17T14:57:26+08:00 ]NOTICE: Undefined variable: tnamesD:\Program\www\blog2.0\Storage\view\compile\0c28e7150ba5d668f4a1564650d3d0d8.php (319).
[ 2016-05-17T14:57:26+08:00 ]NOTICE: Invalid argument supplied for foreach()D:\Program\www\blog2.0\Storage\view\compile\0c28e7150ba5d668f4a1564650d3d0d8.php (319).
[ 2016-05-17T14:57:26+08:00 ]NOTICE: Undefined index: sidD:\Program\www\blog2.0\Storage\view\compile\0c28e7150ba5d668f4a1564650d3d0d8.php (326).
[ 2016-05-17T14:57:26+08:00 ]NOTICE: Undefined index: timeD:\Program\www\blog2.0\Storage\view\compile\0c28e7150ba5d668f4a1564650d3d0d8.php (296).
[ 2016-05-17T14:57:26+08:00 ]NOTICE: Undefined variable: pathArrD:\Program\www\blog2.0\Storage\view\compile\0c28e7150ba5d668f4a1564650d3d0d8.php (308).
[ 2016-05-17T14:57:26+08:00 ]NOTICE: Invalid argument supplied for foreach()D:\Program\www\blog2.0\Storage\view\compile\0c28e7150ba5d668f4a1564650d3d0d8.php (308).
[ 2016-05-17T14:57:26+08:00 ]NOTICE: Undefined index: sidD:\Program\www\blog2.0\Storage\view\compile\0c28e7150ba5d668f4a1564650d3d0d8.php (311).
[ 2016-05-17T14:57:26+08:00 ]NOTICE: Undefined index: contD:\Program\www\blog2.0\Storage\view\compile\0c28e7150ba5d668f4a1564650d3d0d8.php (314).
[ 2016-05-17T14:57:26+08:00 ]NOTICE: Undefined index: sidD:\Program\www\blog2.0\Storage\view\compile\0c28e7150ba5d668f4a1564650d3d0d8.php (318).
[ 2016-05-17T14:57:26+08:00 ]NOTICE: Undefined index: readerD:\Program\www\blog2.0\Storage\view\compile\0c28e7150ba5d668f4a1564650d3d0d8.php (318).
[ 2016-05-17T14:57:26+08:00 ]NOTICE: Undefined variable: tnamesD:\Program\www\blog2.0\Storage\view\compile\0c28e7150ba5d668f4a1564650d3d0d8.php (319).
[ 2016-05-17T14:57:26+08:00 ]NOTICE: Invalid argument supplied for foreach()D:\Program\www\blog2.0\Storage\view\compile\0c28e7150ba5d668f4a1564650d3d0d8.php (319).
[ 2016-05-17T14:57:26+08:00 ]NOTICE: Undefined index: sidD:\Program\www\blog2.0\Storage\view\compile\0c28e7150ba5d668f4a1564650d3d0d8.php (326).
[ 2016-05-17T14:57:26+08:00 ]NOTICE: Undefined index: timeD:\Program\www\blog2.0\Storage\view\compile\0c28e7150ba5d668f4a1564650d3d0d8.php (296).
[ 2016-05-17T14:57:26+08:00 ]NOTICE: Undefined variable: pathArrD:\Program\www\blog2.0\Storage\view\compile\0c28e7150ba5d668f4a1564650d3d0d8.php (308).
[ 2016-05-17T14:57:26+08:00 ]NOTICE: Invalid argument supplied for foreach()D:\Program\www\blog2.0\Storage\view\compile\0c28e7150ba5d668f4a1564650d3d0d8.php (308).
[ 2016-05-17T14:57:26+08:00 ]NOTICE: Undefined index: sidD:\Program\www\blog2.0\Storage\view\compile\0c28e7150ba5d668f4a1564650d3d0d8.php (311).
[ 2016-05-17T14:57:26+08:00 ]NOTICE: Undefined index: contD:\Program\www\blog2.0\Storage\view\compile\0c28e7150ba5d668f4a1564650d3d0d8.php (314).
[ 2016-05-17T14:57:26+08:00 ]NOTICE: Undefined index: sidD:\Program\www\blog2.0\Storage\view\compile\0c28e7150ba5d668f4a1564650d3d0d8.php (318).
[ 2016-05-17T14:57:26+08:00 ]NOTICE: Undefined index: readerD:\Program\www\blog2.0\Storage\view\compile\0c28e7150ba5d668f4a1564650d3d0d8.php (318).
[ 2016-05-17T14:57:26+08:00 ]NOTICE: Undefined variable: tnamesD:\Program\www\blog2.0\Storage\view\compile\0c28e7150ba5d668f4a1564650d3d0d8.php (319).
[ 2016-05-17T14:57:26+08:00 ]NOTICE: Invalid argument supplied for foreach()D:\Program\www\blog2.0\Storage\view\compile\0c28e7150ba5d668f4a1564650d3d0d8.php (319).
[ 2016-05-17T14:57:26+08:00 ]NOTICE: Undefined index: sidD:\Program\www\blog2.0\Storage\view\compile\0c28e7150ba5d668f4a1564650d3d0d8.php (326).
[ 2016-05-17T14:57:59+08:00 ]NOTICE: Undefined variable: pathArrD:\Program\www\blog2.0\Storage\view\compile\0c28e7150ba5d668f4a1564650d3d0d8.php (308).
[ 2016-05-17T14:57:59+08:00 ]NOTICE: Invalid argument supplied for foreach()D:\Program\www\blog2.0\Storage\view\compile\0c28e7150ba5d668f4a1564650d3d0d8.php (308).
[ 2016-05-17T14:57:59+08:00 ]NOTICE: Undefined index: sidD:\Program\www\blog2.0\Storage\view\compile\0c28e7150ba5d668f4a1564650d3d0d8.php (311).
[ 2016-05-17T14:57:59+08:00 ]NOTICE: Undefined index: contD:\Program\www\blog2.0\Storage\view\compile\0c28e7150ba5d668f4a1564650d3d0d8.php (314).
[ 2016-05-17T14:57:59+08:00 ]NOTICE: Undefined index: sidD:\Program\www\blog2.0\Storage\view\compile\0c28e7150ba5d668f4a1564650d3d0d8.php (318).
[ 2016-05-17T14:57:59+08:00 ]NOTICE: Undefined index: readerD:\Program\www\blog2.0\Storage\view\compile\0c28e7150ba5d668f4a1564650d3d0d8.php (318).
[ 2016-05-17T14:57:59+08:00 ]NOTICE: Undefined variable: tnamesD:\Program\www\blog2.0\Storage\view\compile\0c28e7150ba5d668f4a1564650d3d0d8.php (319).
[ 2016-05-17T14:57:59+08:00 ]NOTICE: Invalid argument supplied for foreach()D:\Program\www\blog2.0\Storage\view\compile\0c28e7150ba5d668f4a1564650d3d0d8.php (319).
[ 2016-05-17T14:57:59+08:00 ]NOTICE: Undefined index: sidD:\Program\www\blog2.0\Storage\view\compile\0c28e7150ba5d668f4a1564650d3d0d8.php (326).
[ 2016-05-17T14:57:59+08:00 ]NOTICE: Undefined variable: pathArrD:\Program\www\blog2.0\Storage\view\compile\0c28e7150ba5d668f4a1564650d3d0d8.php (308).
[ 2016-05-17T14:57:59+08:00 ]NOTICE: Invalid argument supplied for foreach()D:\Program\www\blog2.0\Storage\view\compile\0c28e7150ba5d668f4a1564650d3d0d8.php (308).
[ 2016-05-17T14:57:59+08:00 ]NOTICE: Undefined index: sidD:\Program\www\blog2.0\Storage\view\compile\0c28e7150ba5d668f4a1564650d3d0d8.php (311).
[ 2016-05-17T14:57:59+08:00 ]NOTICE: Undefined index: contD:\Program\www\blog2.0\Storage\view\compile\0c28e7150ba5d668f4a1564650d3d0d8.php (314).
[ 2016-05-17T14:57:59+08:00 ]NOTICE: Undefined index: sidD:\Program\www\blog2.0\Storage\view\compile\0c28e7150ba5d668f4a1564650d3d0d8.php (318).
[ 2016-05-17T14:57:59+08:00 ]NOTICE: Undefined index: readerD:\Program\www\blog2.0\Storage\view\compile\0c28e7150ba5d668f4a1564650d3d0d8.php (318).
[ 2016-05-17T14:57:59+08:00 ]NOTICE: Undefined variable: tnamesD:\Program\www\blog2.0\Storage\view\compile\0c28e7150ba5d668f4a1564650d3d0d8.php (319).
[ 2016-05-17T14:57:59+08:00 ]NOTICE: Invalid argument supplied for foreach()D:\Program\www\blog2.0\Storage\view\compile\0c28e7150ba5d668f4a1564650d3d0d8.php (319).
[ 2016-05-17T14:57:59+08:00 ]NOTICE: Undefined index: sidD:\Program\www\blog2.0\Storage\view\compile\0c28e7150ba5d668f4a1564650d3d0d8.php (326).
[ 2016-05-17T14:57:59+08:00 ]NOTICE: Undefined variable: pathArrD:\Program\www\blog2.0\Storage\view\compile\0c28e7150ba5d668f4a1564650d3d0d8.php (308).
[ 2016-05-17T14:57:59+08:00 ]NOTICE: Invalid argument supplied for foreach()D:\Program\www\blog2.0\Storage\view\compile\0c28e7150ba5d668f4a1564650d3d0d8.php (308).
[ 2016-05-17T14:57:59+08:00 ]NOTICE: Undefined index: sidD:\Program\www\blog2.0\Storage\view\compile\0c28e7150ba5d668f4a1564650d3d0d8.php (311).
[ 2016-05-17T14:57:59+08:00 ]NOTICE: Undefined index: contD:\Program\www\blog2.0\Storage\view\compile\0c28e7150ba5d668f4a1564650d3d0d8.php (314).
[ 2016-05-17T14:57:59+08:00 ]NOTICE: Undefined index: sidD:\Program\www\blog2.0\Storage\view\compile\0c28e7150ba5d668f4a1564650d3d0d8.php (318).
[ 2016-05-17T14:57:59+08:00 ]NOTICE: Undefined index: readerD:\Program\www\blog2.0\Storage\view\compile\0c28e7150ba5d668f4a1564650d3d0d8.php (318).
[ 2016-05-17T14:57:59+08:00 ]NOTICE: Undefined variable: tnamesD:\Program\www\blog2.0\Storage\view\compile\0c28e7150ba5d668f4a1564650d3d0d8.php (319).
[ 2016-05-17T14:57:59+08:00 ]NOTICE: Invalid argument supplied for foreach()D:\Program\www\blog2.0\Storage\view\compile\0c28e7150ba5d668f4a1564650d3d0d8.php (319).
[ 2016-05-17T14:57:59+08:00 ]NOTICE: Undefined index: sidD:\Program\www\blog2.0\Storage\view\compile\0c28e7150ba5d668f4a1564650d3d0d8.php (326).
[ 2016-05-17T14:57:59+08:00 ]NOTICE: Undefined variable: pathArrD:\Program\www\blog2.0\Storage\view\compile\0c28e7150ba5d668f4a1564650d3d0d8.php (308).
[ 2016-05-17T14:57:59+08:00 ]NOTICE: Invalid argument supplied for foreach()D:\Program\www\blog2.0\Storage\view\compile\0c28e7150ba5d668f4a1564650d3d0d8.php (308).
[ 2016-05-17T14:57:59+08:00 ]NOTICE: Undefined index: sidD:\Program\www\blog2.0\Storage\view\compile\0c28e7150ba5d668f4a1564650d3d0d8.php (311).
[ 2016-05-17T14:57:59+08:00 ]NOTICE: Undefined index: contD:\Program\www\blog2.0\Storage\view\compile\0c28e7150ba5d668f4a1564650d3d0d8.php (314).
[ 2016-05-17T14:57:59+08:00 ]NOTICE: Undefined index: sidD:\Program\www\blog2.0\Storage\view\compile\0c28e7150ba5d668f4a1564650d3d0d8.php (318).
[ 2016-05-17T14:57:59+08:00 ]NOTICE: Undefined index: readerD:\Program\www\blog2.0\Storage\view\compile\0c28e7150ba5d668f4a1564650d3d0d8.php (318).
[ 2016-05-17T14:57:59+08:00 ]NOTICE: Undefined variable: tnamesD:\Program\www\blog2.0\Storage\view\compile\0c28e7150ba5d668f4a1564650d3d0d8.php (319).
[ 2016-05-17T14:57:59+08:00 ]NOTICE: Invalid argument supplied for foreach()D:\Program\www\blog2.0\Storage\view\compile\0c28e7150ba5d668f4a1564650d3d0d8.php (319).
[ 2016-05-17T14:57:59+08:00 ]NOTICE: Undefined index: sidD:\Program\www\blog2.0\Storage\view\compile\0c28e7150ba5d668f4a1564650d3d0d8.php (326).
[ 2016-05-17T14:57:59+08:00 ]NOTICE: Undefined variable: pathArrD:\Program\www\blog2.0\Storage\view\compile\0c28e7150ba5d668f4a1564650d3d0d8.php (308).
[ 2016-05-17T14:57:59+08:00 ]NOTICE: Invalid argument supplied for foreach()D:\Program\www\blog2.0\Storage\view\compile\0c28e7150ba5d668f4a1564650d3d0d8.php (308).
[ 2016-05-17T14:57:59+08:00 ]NOTICE: Undefined index: sidD:\Program\www\blog2.0\Storage\view\compile\0c28e7150ba5d668f4a1564650d3d0d8.php (311).
[ 2016-05-17T14:57:59+08:00 ]NOTICE: Undefined index: contD:\Program\www\blog2.0\Storage\view\compile\0c28e7150ba5d668f4a1564650d3d0d8.php (314).
[ 2016-05-17T14:57:59+08:00 ]NOTICE: Undefined index: sidD:\Program\www\blog2.0\Storage\view\compile\0c28e7150ba5d668f4a1564650d3d0d8.php (318).
[ 2016-05-17T14:57:59+08:00 ]NOTICE: Undefined index: readerD:\Program\www\blog2.0\Storage\view\compile\0c28e7150ba5d668f4a1564650d3d0d8.php (318).
[ 2016-05-17T14:57:59+08:00 ]NOTICE: Undefined variable: tnamesD:\Program\www\blog2.0\Storage\view\compile\0c28e7150ba5d668f4a1564650d3d0d8.php (319).
[ 2016-05-17T14:57:59+08:00 ]NOTICE: Invalid argument supplied for foreach()D:\Program\www\blog2.0\Storage\view\compile\0c28e7150ba5d668f4a1564650d3d0d8.php (319).
[ 2016-05-17T14:57:59+08:00 ]NOTICE: Undefined index: sidD:\Program\www\blog2.0\Storage\view\compile\0c28e7150ba5d668f4a1564650d3d0d8.php (326).
[ 2016-05-17T15:54:20+08:00 ]NOTICE: Undefined variable: dataD:\Program\www\blog2.0\Storage\view\compile\0c28e7150ba5d668f4a1564650d3d0d8.php (312).
[ 2016-05-17T15:54:20+08:00 ]NOTICE: Invalid argument supplied for foreach()D:\Program\www\blog2.0\Storage\view\compile\0c28e7150ba5d668f4a1564650d3d0d8.php (312).
[ 2016-05-17T15:54:48+08:00 ]NOTICE: Undefined variable: dataD:\Program\www\blog2.0\Storage\view\compile\0c28e7150ba5d668f4a1564650d3d0d8.php (312).
[ 2016-05-17T15:54:48+08:00 ]NOTICE: Invalid argument supplied for foreach()D:\Program\www\blog2.0\Storage\view\compile\0c28e7150ba5d668f4a1564650d3d0d8.php (312).
[ 2016-05-17T15:54:50+08:00 ]NOTICE: Undefined variable: dataD:\Program\www\blog2.0\Storage\view\compile\0c28e7150ba5d668f4a1564650d3d0d8.php (312).
[ 2016-05-17T15:54:50+08:00 ]NOTICE: Invalid argument supplied for foreach()D:\Program\www\blog2.0\Storage\view\compile\0c28e7150ba5d668f4a1564650d3d0d8.php (312).
[ 2016-05-17T15:55:05+08:00 ]NOTICE: Undefined variable: cateDataD:\Program\www\blog2.0\Storage\view\compile\0c28e7150ba5d668f4a1564650d3d0d8.php (312).
[ 2016-05-17T15:55:05+08:00 ]NOTICE: Invalid argument supplied for foreach()D:\Program\www\blog2.0\Storage\view\compile\0c28e7150ba5d668f4a1564650d3d0d8.php (312).
[ 2016-05-17T16:15:02+08:00 ]EXCEPTION: SELECT  *  FROM classify ;BindParams:array (
)42S02;1146;La table 'blog_edu.classify' n'existe pas
[ 2016-05-17T16:15:02+08:00 ]EXCEPTION: SELECT  *  FROM classify ;BindParams:array (
)42S02;1146;La table 'blog_edu.classify' n'existe pas
[ 2016-05-17T16:24:33+08:00 ]EXCEPTION: Method Home\Controller\IndexController::out() does not exist
[ 2016-05-17T16:48:43+08:00 ]EXCEPTION: 模板不存在:App/Home/View/Index/index.php
[ 2016-05-17T17:39:30+08:00 ]NOTICE: Undefined variable: cateDataD:\Program\www\blog2.0\Storage\view\compile\0c28e7150ba5d668f4a1564650d3d0d8.php (18).
[ 2016-05-17T17:39:30+08:00 ]NOTICE: Invalid argument supplied for foreach()D:\Program\www\blog2.0\Storage\view\compile\0c28e7150ba5d668f4a1564650d3d0d8.php (18).
[ 2016-05-17T17:39:30+08:00 ]NOTICE: Undefined variable: cateDataD:\Program\www\blog2.0\Storage\view\compile\0c28e7150ba5d668f4a1564650d3d0d8.php (18).
[ 2016-05-17T17:39:30+08:00 ]NOTICE: Invalid argument supplied for foreach()D:\Program\www\blog2.0\Storage\view\compile\0c28e7150ba5d668f4a1564650d3d0d8.php (18).
[ 2016-05-17T18:47:32+08:00 ]NOTICE: Undefined index: valueD:\Program\www\blog2.0\Hdphp\View\HdphpTag.php (154).
[ 2016-05-17T18:47:44+08:00 ]NOTICE: Undefined index: valueD:\Program\www\blog2.0\Hdphp\View\HdphpTag.php (154).
[ 2016-05-17T18:58:51+08:00 ]NOTICE: Undefined variable: arcModelD:\Program\www\blog2.0\Storage\view\compile\5ae8f8c3aa1a93e050446c9592b27cf0.php (19).
[ 2016-05-17T19:18:42+08:00 ]NOTICE: Undefined variable: cnameD:\Program\www\blog2.0\Storage\view\compile\9c5abaaa6f02cf73c9209d43230d6294.php (34).
[ 2016-05-17T19:21:38+08:00 ]NOTICE: Undefined variable: nameD:\Program\www\blog2.0\App\Home\Controller\ListController.php (47).
[ 2016-05-17T19:21:38+08:00 ]NOTICE: Undefined variable: valueD:\Program\www\blog2.0\App\Home\Controller\ListController.php (48).
[ 2016-05-17T19:21:38+08:00 ]NOTICE: Undefined variable: countD:\Program\www\blog2.0\App\Home\Controller\ListController.php (49).
[ 2016-05-17T19:21:38+08:00 ]NOTICE: Undefined variable: dataD:\Program\www\blog2.0\App\Home\Controller\ListController.php (50).
[ 2016-05-17T19:21:42+08:00 ]NOTICE: Undefined variable: nameD:\Program\www\blog2.0\App\Home\Controller\ListController.php (47).
[ 2016-05-17T19:21:42+08:00 ]NOTICE: Undefined variable: valueD:\Program\www\blog2.0\App\Home\Controller\ListController.php (48).
[ 2016-05-17T19:21:42+08:00 ]NOTICE: Undefined variable: countD:\Program\www\blog2.0\App\Home\Controller\ListController.php (49).
[ 2016-05-17T19:21:42+08:00 ]NOTICE: Undefined variable: dataD:\Program\www\blog2.0\App\Home\Controller\ListController.php (50).
[ 2016-05-17T19:21:46+08:00 ]NOTICE: Undefined variable: nameD:\Program\www\blog2.0\App\Home\Controller\ListController.php (47).
[ 2016-05-17T19:21:46+08:00 ]NOTICE: Undefined variable: valueD:\Program\www\blog2.0\App\Home\Controller\ListController.php (48).
[ 2016-05-17T19:21:46+08:00 ]NOTICE: Undefined variable: countD:\Program\www\blog2.0\App\Home\Controller\ListController.php (49).
[ 2016-05-17T19:21:46+08:00 ]NOTICE: Undefined variable: dataD:\Program\www\blog2.0\App\Home\Controller\ListController.php (50).
[ 2016-05-17T19:24:46+08:00 ]NOTICE: Undefined variable: nameD:\Program\www\blog2.0\Storage\view\compile\9c5abaaa6f02cf73c9209d43230d6294.php (34).
[ 2016-05-17T19:25:58+08:00 ]EXCEPTION: SELECT  *  FROM article INNER JOIN category ON arcticle_cid = cid ;BindParams:array (
)42S22;1054;Champ 'arcticle_cid' inconnu dans on clause
[ 2016-05-17T19:26:28+08:00 ]NOTICE: Undefined variable: nameD:\Program\www\blog2.0\Storage\view\compile\9c5abaaa6f02cf73c9209d43230d6294.php (34).
[ 2016-05-17T19:32:06+08:00 ]EXCEPTION: 模板不存在:App/Home/View/Content/index.php
[ 2016-05-17T19:33:09+08:00 ]NOTICE: Illegal string offset 'cid'D:\Program\www\blog2.0\Storage\view\compile\9c5abaaa6f02cf73c9209d43230d6294.php (38).
[ 2016-05-17T19:33:09+08:00 ]NOTICE: Illegal string offset 'cname'D:\Program\www\blog2.0\Storage\view\compile\9c5abaaa6f02cf73c9209d43230d6294.php (38).
[ 2016-05-17T19:33:09+08:00 ]NOTICE: Illegal string offset 'cid'D:\Program\www\blog2.0\Storage\view\compile\9c5abaaa6f02cf73c9209d43230d6294.php (38).
[ 2016-05-17T19:33:09+08:00 ]NOTICE: Illegal string offset 'cname'D:\Program\www\blog2.0\Storage\view\compile\9c5abaaa6f02cf73c9209d43230d6294.php (38).
[ 2016-05-17T19:33:09+08:00 ]NOTICE: Illegal string offset 'cid'D:\Program\www\blog2.0\Storage\view\compile\9c5abaaa6f02cf73c9209d43230d6294.php (38).
[ 2016-05-17T19:33:09+08:00 ]NOTICE: Illegal string offset 'cname'D:\Program\www\blog2.0\Storage\view\compile\9c5abaaa6f02cf73c9209d43230d6294.php (38).
[ 2016-05-17T19:33:09+08:00 ]NOTICE: Illegal string offset 'cid'D:\Program\www\blog2.0\Storage\view\compile\9c5abaaa6f02cf73c9209d43230d6294.php (38).
[ 2016-05-17T19:33:09+08:00 ]NOTICE: Illegal string offset 'cname'D:\Program\www\blog2.0\Storage\view\compile\9c5abaaa6f02cf73c9209d43230d6294.php (38).
[ 2016-05-17T19:33:09+08:00 ]NOTICE: Illegal string offset 'cid'D:\Program\www\blog2.0\Storage\view\compile\9c5abaaa6f02cf73c9209d43230d6294.php (38).
[ 2016-05-17T19:33:09+08:00 ]NOTICE: Illegal string offset 'cname'D:\Program\www\blog2.0\Storage\view\compile\9c5abaaa6f02cf73c9209d43230d6294.php (38).
[ 2016-05-17T19:33:09+08:00 ]NOTICE: Illegal string offset 'cid'D:\Program\www\blog2.0\Storage\view\compile\9c5abaaa6f02cf73c9209d43230d6294.php (38).
[ 2016-05-17T19:33:09+08:00 ]NOTICE: Illegal string offset 'cname'D:\Program\www\blog2.0\Storage\view\compile\9c5abaaa6f02cf73c9209d43230d6294.php (38).
[ 2016-05-17T19:33:09+08:00 ]NOTICE: Illegal string offset 'cid'D:\Program\www\blog2.0\Storage\view\compile\9c5abaaa6f02cf73c9209d43230d6294.php (38).
[ 2016-05-17T19:33:09+08:00 ]NOTICE: Illegal string offset 'cname'D:\Program\www\blog2.0\Storage\view\compile\9c5abaaa6f02cf73c9209d43230d6294.php (38).
[ 2016-05-17T19:33:09+08:00 ]NOTICE: Illegal string offset 'cid'D:\Program\www\blog2.0\Storage\view\compile\9c5abaaa6f02cf73c9209d43230d6294.php (38).
[ 2016-05-17T19:33:09+08:00 ]NOTICE: Illegal string offset 'cname'D:\Program\www\blog2.0\Storage\view\compile\9c5abaaa6f02cf73c9209d43230d6294.php (38).
[ 2016-05-17T19:33:09+08:00 ]NOTICE: Illegal string offset 'cid'D:\Program\www\blog2.0\Storage\view\compile\9c5abaaa6f02cf73c9209d43230d6294.php (38).
[ 2016-05-17T19:33:09+08:00 ]NOTICE: Illegal string offset 'cname'D:\Program\www\blog2.0\Storage\view\compile\9c5abaaa6f02cf73c9209d43230d6294.php (38).
[ 2016-05-17T19:33:09+08:00 ]NOTICE: Illegal string offset 'cid'D:\Program\www\blog2.0\Storage\view\compile\9c5abaaa6f02cf73c9209d43230d6294.php (38).
[ 2016-05-17T19:33:09+08:00 ]NOTICE: Illegal string offset 'cname'D:\Program\www\blog2.0\Storage\view\compile\9c5abaaa6f02cf73c9209d43230d6294.php (38).
[ 2016-05-17T19:33:09+08:00 ]NOTICE: Illegal string offset 'cid'D:\Program\www\blog2.0\Storage\view\compile\9c5abaaa6f02cf73c9209d43230d6294.php (38).
[ 2016-05-17T19:33:09+08:00 ]NOTICE: Illegal string offset 'cname'D:\Program\www\blog2.0\Storage\view\compile\9c5abaaa6f02cf73c9209d43230d6294.php (38).
[ 2016-05-17T19:33:09+08:00 ]NOTICE: Illegal string offset 'cid'D:\Program\www\blog2.0\Storage\view\compile\9c5abaaa6f02cf73c9209d43230d6294.php (38).
[ 2016-05-17T19:33:09+08:00 ]NOTICE: Illegal string offset 'cname'D:\Program\www\blog2.0\Storage\view\compile\9c5abaaa6f02cf73c9209d43230d6294.php (38).
[ 2016-05-17T19:33:09+08:00 ]NOTICE: Illegal string offset 'cid'D:\Program\www\blog2.0\Storage\view\compile\9c5abaaa6f02cf73c9209d43230d6294.php (38).
[ 2016-05-17T19:33:09+08:00 ]NOTICE: Illegal string offset 'cname'D:\Program\www\blog2.0\Storage\view\compile\9c5abaaa6f02cf73c9209d43230d6294.php (38).
[ 2016-05-17T19:33:09+08:00 ]NOTICE: Illegal string offset 'cid'D:\Program\www\blog2.0\Storage\view\compile\9c5abaaa6f02cf73c9209d43230d6294.php (38).
[ 2016-05-17T19:33:09+08:00 ]NOTICE: Illegal string offset 'cname'D:\Program\www\blog2.0\Storage\view\compile\9c5abaaa6f02cf73c9209d43230d6294.php (38).
[ 2016-05-17T19:33:09+08:00 ]NOTICE: Illegal string offset 'cid'D:\Program\www\blog2.0\Storage\view\compile\9c5abaaa6f02cf73c9209d43230d6294.php (38).
[ 2016-05-17T19:33:09+08:00 ]NOTICE: Illegal string offset 'cname'D:\Program\www\blog2.0\Storage\view\compile\9c5abaaa6f02cf73c9209d43230d6294.php (38).
[ 2016-05-17T19:33:09+08:00 ]NOTICE: Illegal string offset 'cid'D:\Program\www\blog2.0\Storage\view\compile\9c5abaaa6f02cf73c9209d43230d6294.php (38).
[ 2016-05-17T19:33:09+08:00 ]NOTICE: Illegal string offset 'cname'D:\Program\www\blog2.0\Storage\view\compile\9c5abaaa6f02cf73c9209d43230d6294.php (38).
[ 2016-05-17T19:33:09+08:00 ]NOTICE: Illegal string offset 'cid'D:\Program\www\blog2.0\Storage\view\compile\9c5abaaa6f02cf73c9209d43230d6294.php (38).
[ 2016-05-17T19:33:09+08:00 ]NOTICE: Illegal string offset 'cname'D:\Program\www\blog2.0\Storage\view\compile\9c5abaaa6f02cf73c9209d43230d6294.php (38).
[ 2016-05-17T19:33:09+08:00 ]NOTICE: Illegal string offset 'cid'D:\Program\www\blog2.0\Storage\view\compile\9c5abaaa6f02cf73c9209d43230d6294.php (38).
[ 2016-05-17T19:33:09+08:00 ]NOTICE: Illegal string offset 'cname'D:\Program\www\blog2.0\Storage\view\compile\9c5abaaa6f02cf73c9209d43230d6294.php (38).
[ 2016-05-17T19:34:18+08:00 ]NOTICE: Undefined variable: vD:\Program\www\blog2.0\Storage\view\compile\9c5abaaa6f02cf73c9209d43230d6294.php (37).
[ 2016-05-17T19:34:28+08:00 ]NOTICE: Undefined variable: vD:\Program\www\blog2.0\Storage\view\compile\9c5abaaa6f02cf73c9209d43230d6294.php (37).
[ 2016-05-17T19:34:30+08:00 ]NOTICE: Undefined variable: vD:\Program\www\blog2.0\Storage\view\compile\9c5abaaa6f02cf73c9209d43230d6294.php (37).
[ 2016-05-17T19:36:08+08:00 ]NOTICE: Illegal string offset 'cid'D:\Program\www\blog2.0\Storage\view\compile\9c5abaaa6f02cf73c9209d43230d6294.php (38).
[ 2016-05-17T19:36:08+08:00 ]NOTICE: Illegal string offset 'cname'D:\Program\www\blog2.0\Storage\view\compile\9c5abaaa6f02cf73c9209d43230d6294.php (38).
[ 2016-05-17T19:36:08+08:00 ]NOTICE: Illegal string offset 'cid'D:\Program\www\blog2.0\Storage\view\compile\9c5abaaa6f02cf73c9209d43230d6294.php (38).
[ 2016-05-17T19:36:08+08:00 ]NOTICE: Illegal string offset 'cname'D:\Program\www\blog2.0\Storage\view\compile\9c5abaaa6f02cf73c9209d43230d6294.php (38).
[ 2016-05-17T19:36:08+08:00 ]NOTICE: Illegal string offset 'cid'D:\Program\www\blog2.0\Storage\view\compile\9c5abaaa6f02cf73c9209d43230d6294.php (38).
[ 2016-05-17T19:36:08+08:00 ]NOTICE: Illegal string offset 'cname'D:\Program\www\blog2.0\Storage\view\compile\9c5abaaa6f02cf73c9209d43230d6294.php (38).
[ 2016-05-17T19:36:08+08:00 ]NOTICE: Illegal string offset 'cid'D:\Program\www\blog2.0\Storage\view\compile\9c5abaaa6f02cf73c9209d43230d6294.php (38).
[ 2016-05-17T19:36:08+08:00 ]NOTICE: Illegal string offset 'cname'D:\Program\www\blog2.0\Storage\view\compile\9c5abaaa6f02cf73c9209d43230d6294.php (38).
[ 2016-05-17T19:36:08+08:00 ]NOTICE: Illegal string offset 'cid'D:\Program\www\blog2.0\Storage\view\compile\9c5abaaa6f02cf73c9209d43230d6294.php (38).
[ 2016-05-17T19:36:08+08:00 ]NOTICE: Illegal string offset 'cname'D:\Program\www\blog2.0\Storage\view\compile\9c5abaaa6f02cf73c9209d43230d6294.php (38).
[ 2016-05-17T19:36:08+08:00 ]NOTICE: Illegal string offset 'cid'D:\Program\www\blog2.0\Storage\view\compile\9c5abaaa6f02cf73c9209d43230d6294.php (38).
[ 2016-05-17T19:36:08+08:00 ]NOTICE: Illegal string offset 'cname'D:\Program\www\blog2.0\Storage\view\compile\9c5abaaa6f02cf73c9209d43230d6294.php (38).
[ 2016-05-17T19:36:08+08:00 ]NOTICE: Illegal string offset 'cid'D:\Program\www\blog2.0\Storage\view\compile\9c5abaaa6f02cf73c9209d43230d6294.php (38).
[ 2016-05-17T19:36:08+08:00 ]NOTICE: Illegal string offset 'cname'D:\Program\www\blog2.0\Storage\view\compile\9c5abaaa6f02cf73c9209d43230d6294.php (38).
[ 2016-05-17T19:36:08+08:00 ]NOTICE: Illegal string offset 'cid'D:\Program\www\blog2.0\Storage\view\compile\9c5abaaa6f02cf73c9209d43230d6294.php (38).
[ 2016-05-17T19:36:08+08:00 ]NOTICE: Illegal string offset 'cname'D:\Program\www\blog2.0\Storage\view\compile\9c5abaaa6f02cf73c9209d43230d6294.php (38).
[ 2016-05-17T19:36:08+08:00 ]NOTICE: Illegal string offset 'cid'D:\Program\www\blog2.0\Storage\view\compile\9c5abaaa6f02cf73c9209d43230d6294.php (38).
[ 2016-05-17T19:36:08+08:00 ]NOTICE: Illegal string offset 'cname'D:\Program\www\blog2.0\Storage\view\compile\9c5abaaa6f02cf73c9209d43230d6294.php (38).
[ 2016-05-17T19:36:08+08:00 ]NOTICE: Illegal string offset 'cid'D:\Program\www\blog2.0\Storage\view\compile\9c5abaaa6f02cf73c9209d43230d6294.php (38).
[ 2016-05-17T19:36:08+08:00 ]NOTICE: Illegal string offset 'cname'D:\Program\www\blog2.0\Storage\view\compile\9c5abaaa6f02cf73c9209d43230d6294.php (38).
[ 2016-05-17T19:36:08+08:00 ]NOTICE: Illegal string offset 'cid'D:\Program\www\blog2.0\Storage\view\compile\9c5abaaa6f02cf73c9209d43230d6294.php (38).
[ 2016-05-17T19:36:08+08:00 ]NOTICE: Illegal string offset 'cname'D:\Program\www\blog2.0\Storage\view\compile\9c5abaaa6f02cf73c9209d43230d6294.php (38).
[ 2016-05-17T19:36:08+08:00 ]NOTICE: Illegal string offset 'cid'D:\Program\www\blog2.0\Storage\view\compile\9c5abaaa6f02cf73c9209d43230d6294.php (38).
[ 2016-05-17T19:36:08+08:00 ]NOTICE: Illegal string offset 'cname'D:\Program\www\blog2.0\Storage\view\compile\9c5abaaa6f02cf73c9209d43230d6294.php (38).
[ 2016-05-17T19:36:08+08:00 ]NOTICE: Illegal string offset 'cid'D:\Program\www\blog2.0\Storage\view\compile\9c5abaaa6f02cf73c9209d43230d6294.php (38).
[ 2016-05-17T19:36:08+08:00 ]NOTICE: Illegal string offset 'cname'D:\Program\www\blog2.0\Storage\view\compile\9c5abaaa6f02cf73c9209d43230d6294.php (38).
[ 2016-05-17T19:36:08+08:00 ]NOTICE: Illegal string offset 'cid'D:\Program\www\blog2.0\Storage\view\compile\9c5abaaa6f02cf73c9209d43230d6294.php (38).
[ 2016-05-17T19:36:08+08:00 ]NOTICE: Illegal string offset 'cname'D:\Program\www\blog2.0\Storage\view\compile\9c5abaaa6f02cf73c9209d43230d6294.php (38).
[ 2016-05-17T19:36:08+08:00 ]NOTICE: Illegal string offset 'cid'D:\Program\www\blog2.0\Storage\view\compile\9c5abaaa6f02cf73c9209d43230d6294.php (38).
[ 2016-05-17T19:36:08+08:00 ]NOTICE: Illegal string offset 'cname'D:\Program\www\blog2.0\Storage\view\compile\9c5abaaa6f02cf73c9209d43230d6294.php (38).
[ 2016-05-17T19:36:08+08:00 ]NOTICE: Illegal string offset 'cid'D:\Program\www\blog2.0\Storage\view\compile\9c5abaaa6f02cf73c9209d43230d6294.php (38).
[ 2016-05-17T19:36:08+08:00 ]NOTICE: Illegal string offset 'cname'D:\Program\www\blog2.0\Storage\view\compile\9c5abaaa6f02cf73c9209d43230d6294.php (38).
[ 2016-05-17T19:36:08+08:00 ]NOTICE: Illegal string offset 'cid'D:\Program\www\blog2.0\Storage\view\compile\9c5abaaa6f02cf73c9209d43230d6294.php (38).
[ 2016-05-17T19:36:08+08:00 ]NOTICE: Illegal string offset 'cname'D:\Program\www\blog2.0\Storage\view\compile\9c5abaaa6f02cf73c9209d43230d6294.php (38).
[ 2016-05-17T19:36:08+08:00 ]NOTICE: Illegal string offset 'cid'D:\Program\www\blog2.0\Storage\view\compile\9c5abaaa6f02cf73c9209d43230d6294.php (38).
[ 2016-05-17T19:36:08+08:00 ]NOTICE: Illegal string offset 'cname'D:\Program\www\blog2.0\Storage\view\compile\9c5abaaa6f02cf73c9209d43230d6294.php (38).
[ 2016-05-17T19:41:42+08:00 ]NOTICE: Use of undefined constant html - assumed 'html'D:\Program\www\blog2.0\Storage\view\compile\9c5abaaa6f02cf73c9209d43230d6294.php (49).
[ 2016-05-17T19:41:48+08:00 ]NOTICE: Use of undefined constant html - assumed 'html'D:\Program\www\blog2.0\Storage\view\compile\9c5abaaa6f02cf73c9209d43230d6294.php (49).
[ 2016-05-17T19:41:52+08:00 ]NOTICE: Use of undefined constant html - assumed 'html'D:\Program\www\blog2.0\Storage\view\compile\9c5abaaa6f02cf73c9209d43230d6294.php (49).
[ 2016-05-17T19:42:28+08:00 ]NOTICE: Use of undefined constant html - assumed 'html'D:\Program\www\blog2.0\Storage\view\compile\9c5abaaa6f02cf73c9209d43230d6294.php (49).
[ 2016-05-17T19:42:41+08:00 ]NOTICE: Use of undefined constant html - assumed 'html'D:\Program\www\blog2.0\Storage\view\compile\9c5abaaa6f02cf73c9209d43230d6294.php (49).
[ 2016-05-17T19:42:41+08:00 ]NOTICE: Use of undefined constant html - assumed 'html'D:\Program\www\blog2.0\Storage\view\compile\9c5abaaa6f02cf73c9209d43230d6294.php (49).
[ 2016-05-17T19:43:28+08:00 ]NOTICE: Use of undefined constant html - assumed 'html'D:\Program\www\blog2.0\Storage\view\compile\9c5abaaa6f02cf73c9209d43230d6294.php (49).
[ 2016-05-17T19:43:28+08:00 ]NOTICE: Use of undefined constant html - assumed 'html'D:\Program\www\blog2.0\Storage\view\compile\9c5abaaa6f02cf73c9209d43230d6294.php (49).
[ 2016-05-17T19:44:22+08:00 ]NOTICE: Use of undefined constant html - assumed 'html'D:\Program\www\blog2.0\Storage\view\compile\9c5abaaa6f02cf73c9209d43230d6294.php (49).
[ 2016-05-17T19:44:22+08:00 ]NOTICE: Use of undefined constant html - assumed 'html'D:\Program\www\blog2.0\Storage\view\compile\9c5abaaa6f02cf73c9209d43230d6294.php (49).
[ 2016-05-17T19:45:23+08:00 ]NOTICE: Use of undefined constant html - assumed 'html'D:\Program\www\blog2.0\Storage\view\compile\9c5abaaa6f02cf73c9209d43230d6294.php (49).
[ 2016-05-17T19:45:23+08:00 ]NOTICE: Use of undefined constant html - assumed 'html'D:\Program\www\blog2.0\Storage\view\compile\9c5abaaa6f02cf73c9209d43230d6294.php (49).
[ 2016-05-17T19:47:27+08:00 ]NOTICE: Use of undefined constant html - assumed 'html'D:\Program\www\blog2.0\Storage\view\compile\9c5abaaa6f02cf73c9209d43230d6294.php (49).
[ 2016-05-17T19:47:27+08:00 ]NOTICE: Use of undefined constant html - assumed 'html'D:\Program\www\blog2.0\Storage\view\compile\9c5abaaa6f02cf73c9209d43230d6294.php (49).
[ 2016-05-17T19:48:24+08:00 ]NOTICE: Use of undefined constant html - assumed 'html'D:\Program\www\blog2.0\Storage\view\compile\9c5abaaa6f02cf73c9209d43230d6294.php (49).
[ 2016-05-17T19:48:43+08:00 ]NOTICE: Use of undefined constant html - assumed 'html'D:\Program\www\blog2.0\Storage\view\compile\9c5abaaa6f02cf73c9209d43230d6294.php (49).
[ 2016-05-17T19:48:48+08:00 ]NOTICE: Use of undefined constant html - assumed 'html'D:\Program\www\blog2.0\Storage\view\compile\9c5abaaa6f02cf73c9209d43230d6294.php (49).
[ 2016-05-17T19:48:48+08:00 ]NOTICE: Use of undefined constant html - assumed 'html'D:\Program\www\blog2.0\Storage\view\compile\9c5abaaa6f02cf73c9209d43230d6294.php (49).
[ 2016-05-17T19:50:06+08:00 ]NOTICE: Use of undefined constant html - assumed 'html'D:\Program\www\blog2.0\Storage\view\compile\9c5abaaa6f02cf73c9209d43230d6294.php (49).
[ 2016-05-17T19:50:06+08:00 ]NOTICE: Use of undefined constant html - assumed 'html'D:\Program\www\blog2.0\Storage\view\compile\9c5abaaa6f02cf73c9209d43230d6294.php (49).
[ 2016-05-17T19:51:41+08:00 ]NOTICE: Use of undefined constant html - assumed 'html'D:\Program\www\blog2.0\Storage\view\compile\9c5abaaa6f02cf73c9209d43230d6294.php (47).
[ 2016-05-17T19:51:41+08:00 ]NOTICE: Use of undefined constant html - assumed 'html'D:\Program\www\blog2.0\Storage\view\compile\9c5abaaa6f02cf73c9209d43230d6294.php (47).
[ 2016-05-17T19:51:43+08:00 ]NOTICE: Use of undefined constant html - assumed 'html'D:\Program\www\blog2.0\Storage\view\compile\9c5abaaa6f02cf73c9209d43230d6294.php (47).
[ 2016-05-17T19:51:44+08:00 ]NOTICE: Use of undefined constant html - assumed 'html'D:\Program\www\blog2.0\Storage\view\compile\9c5abaaa6f02cf73c9209d43230d6294.php (47).
[ 2016-05-17T19:51:48+08:00 ]NOTICE: Use of undefined constant html - assumed 'html'D:\Program\www\blog2.0\Storage\view\compile\9c5abaaa6f02cf73c9209d43230d6294.php (47).
[ 2016-05-17T19:51:55+08:00 ]NOTICE: Use of undefined constant html - assumed 'html'D:\Program\www\blog2.0\Storage\view\compile\9c5abaaa6f02cf73c9209d43230d6294.php (47).
[ 2016-05-17T19:54:31+08:00 ]EXCEPTION: 模板不存在:App/Home/View/Content/index.php
[ 2016-05-17T20:48:35+08:00 ]NOTICE: Undefined variable: cidD:\Program\www\blog2.0\App\Home\Controller\ContentController.php (26).
[ 2016-05-17T20:48:35+08:00 ]EXCEPTION: SELECT  *  FROM category WHERE cid= ;BindParams:array (
)42000;1064;Erreur de syntaxe près de '' à la ligne 1
[ 2016-05-17T20:49:20+08:00 ]NOTICE: Undefined variable: cidD:\Program\www\blog2.0\App\Home\Controller\ContentController.php (26).
[ 2016-05-17T20:49:20+08:00 ]EXCEPTION: SELECT  *  FROM category WHERE cid= ;BindParams:array (
)42000;1064;Erreur de syntaxe près de '' à la ligne 1
[ 2016-05-17T20:51:41+08:00 ]NOTICE: Undefined variable: cidD:\Program\www\blog2.0\App\Home\Controller\ContentController.php (26).
[ 2016-05-17T20:51:41+08:00 ]EXCEPTION: SELECT  *  FROM category WHERE cid= ;BindParams:array (
)42000;1064;Erreur de syntaxe près de '' à la ligne 1
[ 2016-05-17T20:52:29+08:00 ]NOTICE: Undefined offset: 0D:\Program\www\blog2.0\App\Home\Controller\ContentController.php (29).
[ 2016-05-17T20:52:34+08:00 ]NOTICE: Undefined offset: 0D:\Program\www\blog2.0\App\Home\Controller\ContentController.php (29).
[ 2016-05-17T20:53:02+08:00 ]NOTICE: Undefined offset: 0D:\Program\www\blog2.0\App\Home\Controller\ContentController.php (30).
[ 2016-05-17T20:53:10+08:00 ]NOTICE: Undefined offset: 0D:\Program\www\blog2.0\App\Home\Controller\ContentController.php (30).
[ 2016-05-17T20:53:23+08:00 ]NOTICE: Undefined offset: 0D:\Program\www\blog2.0\App\Home\Controller\ContentController.php (30).
[ 2016-05-17T20:56:57+08:00 ]NOTICE: Undefined variable: vD:\Program\www\blog2.0\Storage\view\compile\2285f5ecd290c2ae060f2c24a56dc0d2.php (40).
[ 2016-05-17T20:57:38+08:00 ]NOTICE: Undefined variable: vD:\Program\www\blog2.0\Storage\view\compile\2285f5ecd290c2ae060f2c24a56dc0d2.php (41).
[ 2016-05-17T20:57:38+08:00 ]NOTICE: Undefined variable: vD:\Program\www\blog2.0\Storage\view\compile\2285f5ecd290c2ae060f2c24a56dc0d2.php (52).
[ 2016-05-17T20:58:18+08:00 ]NOTICE: Undefined variable: vD:\Program\www\blog2.0\Storage\view\compile\2285f5ecd290c2ae060f2c24a56dc0d2.php (40).
[ 2016-05-17T21:13:36+08:00 ]NOTICE: Undefined variable: cdataD:\Program\www\blog2.0\Storage\view\compile\2285f5ecd290c2ae060f2c24a56dc0d2.php (30).
[ 2016-05-17T21:13:36+08:00 ]NOTICE: Undefined variable: cdataD:\Program\www\blog2.0\Storage\view\compile\2285f5ecd290c2ae060f2c24a56dc0d2.php (30).
[ 2016-05-17T21:16:29+08:00 ]NOTICE: Undefined offset: 0D:\Program\www\blog2.0\App\Home\Controller\ContentController.php (29).
[ 2016-05-17T21:17:46+08:00 ]NOTICE: Undefined offset: 0D:\Program\www\blog2.0\App\Home\Controller\ContentController.php (29).
[ 2016-05-17T21:17:54+08:00 ]NOTICE: Undefined offset: 0D:\Program\www\blog2.0\App\Home\Controller\ContentController.php (29).
[ 2016-05-17T21:18:05+08:00 ]NOTICE: Undefined offset: 0D:\Program\www\blog2.0\App\Home\Controller\ContentController.php (29).
[ 2016-05-17T21:32:51+08:00 ]NOTICE: Undefined variable: arcModelD:\Program\www\blog2.0\Storage\view\compile\9c5abaaa6f02cf73c9209d43230d6294.php (85).
