[ 2016-05-17T12:03:17+08:00 ]NOTICE: Undefined index: logoD:\Program\www\blog5.17\App\Common\Model\Link.php (65).
[ 2016-05-17T12:03:49+08:00 ]NOTICE: Undefined index: logoD:\Program\www\blog5.17\App\Common\Model\Link.php (65).
[ 2016-05-17T12:05:08+08:00 ]NOTICE: Undefined index: logoD:\Program\www\blog5.17\App\Common\Model\Link.php (65).
[ 2016-05-17T12:05:33+08:00 ]NOTICE: Undefined index: logoD:\Program\www\blog5.17\App\Common\Model\Link.php (65).
[ 2016-05-17T12:06:35+08:00 ]NOTICE: Undefined index: logoD:\Program\www\blog5.17\App\Common\Model\Link.php (65).
[ 2016-05-17T17:32:35+08:00 ]EXCEPTION: 模板不存在:App/Home/View/Index/index.php
[ 2016-05-17T20:29:17+08:00 ]NOTICE: Undefined index: tidD:\Program\www\blog5.17\Storage\view\compile\0c28e7150ba5d668f4a1564650d3d0d8.php (122).
[ 2016-05-17T20:29:17+08:00 ]NOTICE: Undefined index: tidD:\Program\www\blog5.17\Storage\view\compile\0c28e7150ba5d668f4a1564650d3d0d8.php (122).
[ 2016-05-17T20:29:17+08:00 ]NOTICE: Undefined index: tidD:\Program\www\blog5.17\Storage\view\compile\0c28e7150ba5d668f4a1564650d3d0d8.php (124).
[ 2016-05-17T20:29:17+08:00 ]NOTICE: Undefined index: tidD:\Program\www\blog5.17\Storage\view\compile\0c28e7150ba5d668f4a1564650d3d0d8.php (122).
[ 2016-05-17T20:29:17+08:00 ]NOTICE: Undefined index: tidD:\Program\www\blog5.17\Storage\view\compile\0c28e7150ba5d668f4a1564650d3d0d8.php (122).
[ 2016-05-17T20:29:17+08:00 ]NOTICE: Undefined index: tidD:\Program\www\blog5.17\Storage\view\compile\0c28e7150ba5d668f4a1564650d3d0d8.php (122).
[ 2016-05-17T20:29:17+08:00 ]NOTICE: Undefined index: tidD:\Program\www\blog5.17\Storage\view\compile\0c28e7150ba5d668f4a1564650d3d0d8.php (124).
[ 2016-05-17T20:29:17+08:00 ]NOTICE: Undefined index: tidD:\Program\www\blog5.17\Storage\view\compile\0c28e7150ba5d668f4a1564650d3d0d8.php (122).
[ 2016-05-17T20:29:17+08:00 ]NOTICE: Undefined index: tidD:\Program\www\blog5.17\Storage\view\compile\0c28e7150ba5d668f4a1564650d3d0d8.php (122).
[ 2016-05-17T20:29:17+08:00 ]NOTICE: Undefined index: tidD:\Program\www\blog5.17\Storage\view\compile\0c28e7150ba5d668f4a1564650d3d0d8.php (124).
[ 2016-05-17T20:29:17+08:00 ]NOTICE: Undefined index: tidD:\Program\www\blog5.17\Storage\view\compile\0c28e7150ba5d668f4a1564650d3d0d8.php (122).
[ 2016-05-17T20:29:17+08:00 ]NOTICE: Undefined index: tidD:\Program\www\blog5.17\Storage\view\compile\0c28e7150ba5d668f4a1564650d3d0d8.php (122).
[ 2016-05-17T20:29:17+08:00 ]NOTICE: Undefined index: tidD:\Program\www\blog5.17\Storage\view\compile\0c28e7150ba5d668f4a1564650d3d0d8.php (122).
[ 2016-05-17T20:29:17+08:00 ]NOTICE: Undefined index: tidD:\Program\www\blog5.17\Storage\view\compile\0c28e7150ba5d668f4a1564650d3d0d8.php (124).
[ 2016-05-17T20:29:17+08:00 ]NOTICE: Undefined index: tidD:\Program\www\blog5.17\Storage\view\compile\0c28e7150ba5d668f4a1564650d3d0d8.php (122).
[ 2016-05-17T20:29:17+08:00 ]NOTICE: Undefined index: tidD:\Program\www\blog5.17\Storage\view\compile\0c28e7150ba5d668f4a1564650d3d0d8.php (122).
[ 2016-05-17T20:29:17+08:00 ]NOTICE: Undefined index: tidD:\Program\www\blog5.17\Storage\view\compile\0c28e7150ba5d668f4a1564650d3d0d8.php (124).
[ 2016-05-17T20:29:29+08:00 ]NOTICE: Undefined index: tidD:\Program\www\blog5.17\Storage\view\compile\0c28e7150ba5d668f4a1564650d3d0d8.php (124).
[ 2016-05-17T20:29:29+08:00 ]NOTICE: Undefined index: tidD:\Program\www\blog5.17\Storage\view\compile\0c28e7150ba5d668f4a1564650d3d0d8.php (124).
[ 2016-05-17T20:29:29+08:00 ]NOTICE: Undefined index: tidD:\Program\www\blog5.17\Storage\view\compile\0c28e7150ba5d668f4a1564650d3d0d8.php (124).
[ 2016-05-17T20:29:29+08:00 ]NOTICE: Undefined index: tidD:\Program\www\blog5.17\Storage\view\compile\0c28e7150ba5d668f4a1564650d3d0d8.php (124).
[ 2016-05-17T20:29:29+08:00 ]NOTICE: Undefined index: tidD:\Program\www\blog5.17\Storage\view\compile\0c28e7150ba5d668f4a1564650d3d0d8.php (124).
[ 2016-05-17T20:35:44+08:00 ]EXCEPTION: SELECT  *  FROM category ORDER BY  sendtime DESC  LIMIT 3 ;BindParams:array (
)42S22;1054;Champ 'sendtime' inconnu dans order clause
[ 2016-05-17T20:36:08+08:00 ]EXCEPTION: SELECT  *  FROM arcticle ORDER BY  sendtime DESC  LIMIT 3 ;BindParams:array (
)42S02;1146;La table 'blog_edu.arcticle' n'existe pas
[ 2016-05-17T20:36:24+08:00 ]EXCEPTION: SELECT  *  FROM arcticle ORDER BY  sendtime DESC  LIMIT 3 ;BindParams:array (
)42S02;1146;La table 'blog_edu.arcticle' n'existe pas
[ 2016-05-17T20:36:43+08:00 ]EXCEPTION: SELECT  *  FROM arcticle ORDER BY  sendtime DESC  LIMIT 3 ;BindParams:array (
)42S02;1146;La table 'blog_edu.arcticle' n'existe pas
[ 2016-05-17T20:38:20+08:00 ]NOTICE: Undefined variable: tagDataD:\Program\www\blog5.17\Storage\view\compile\0c28e7150ba5d668f4a1564650d3d0d8.php (199).
[ 2016-05-17T20:38:20+08:00 ]NOTICE: Invalid argument supplied for foreach()D:\Program\www\blog5.17\Storage\view\compile\0c28e7150ba5d668f4a1564650d3d0d8.php (199).
