[ 2016-07-07T17:31:30+08:00 ] 127.0.0.1 /my/tpzol/
INFO: [ app_init ] --START--
INFO: Run Behavior\BuildLiteBehavior [ RunTime:0.000049s ]
INFO: [ app_init ] --END-- [ RunTime:0.059720s ]
INFO: [ app_begin ] --START--
INFO: Run Behavior\ReadHtmlCacheBehavior [ RunTime:0.014945s ]
INFO: [ app_begin ] --END-- [ RunTime:0.015098s ]
SQL: SHOW COLUMNS FROM `goods` [ RunTime:0.1609s ]
SQL: SHOW COLUMNS FROM `category` [ RunTime:0.1878s ]
SQL: SELECT * FROM `category`  [ RunTime:0.0370s ]
SQL: SELECT * FROM `goods`  [ RunTime:0.0005s ]
INFO: [ view_parse ] --START--
INFO: [ template_filter ] --START--
INFO: Run Behavior\ContentReplaceBehavior [ RunTime:0.006341s ]
INFO: [ template_filter ] --END-- [ RunTime:0.006517s ]
SQL: SELECT * FROM `category` WHERE ( pid=0 ) LIMIT 5   [ RunTime:0.0142s ]
INFO: Run Behavior\ParseTemplateBehavior [ RunTime:0.289379s ]
INFO: [ view_parse ] --END-- [ RunTime:0.289547s ]
INFO: [ view_filter ] --START--
INFO: Run Behavior\WriteHtmlCacheBehavior [ RunTime:0.025917s ]
INFO: [ view_filter ] --END-- [ RunTime:0.026101s ]
INFO: [ app_end ] --START--
INFO: Run Behavior\ShowPageTraceBehavior [ RunTime:0.008144s ]
INFO: [ app_end ] --END-- [ RunTime:0.008407s ]

[ 2016-07-07T17:33:06+08:00 ] 127.0.0.1 /my/tpzol/
INFO: [ app_init ] --START--
INFO: Run Behavior\BuildLiteBehavior [ RunTime:0.000030s ]
INFO: [ app_init ] --END-- [ RunTime:0.000610s ]
INFO: [ app_begin ] --START--
INFO: Run Behavior\ReadHtmlCacheBehavior [ RunTime:0.000734s ]
INFO: [ app_begin ] --END-- [ RunTime:0.000873s ]
SQL: SHOW COLUMNS FROM `goods` [ RunTime:0.0046s ]
SQL: SHOW COLUMNS FROM `category` [ RunTime:0.0041s ]
SQL: SELECT * FROM `category`  [ RunTime:0.0005s ]
SQL: SELECT * FROM `goods`  [ RunTime:0.0004s ]
INFO: [ view_parse ] --START--
INFO: [ template_filter ] --START--
INFO: Run Behavior\ContentReplaceBehavior [ RunTime:0.000188s ]
INFO: [ template_filter ] --END-- [ RunTime:0.000349s ]

[ 2016-07-07T17:33:23+08:00 ] 127.0.0.1 /my/tpzol/
INFO: [ app_init ] --START--
INFO: Run Behavior\BuildLiteBehavior [ RunTime:0.000028s ]
INFO: [ app_init ] --END-- [ RunTime:0.000524s ]
INFO: [ app_begin ] --START--
INFO: Run Behavior\ReadHtmlCacheBehavior [ RunTime:0.000544s ]
INFO: [ app_begin ] --END-- [ RunTime:0.000675s ]
SQL: SHOW COLUMNS FROM `goods` [ RunTime:0.0036s ]
SQL: SHOW COLUMNS FROM `category` [ RunTime:0.0034s ]
SQL: SELECT * FROM `category`  [ RunTime:0.0005s ]
SQL: SELECT * FROM `goods`  [ RunTime:0.0004s ]
INFO: [ view_parse ] --START--
INFO: [ template_filter ] --START--
INFO: Run Behavior\ContentReplaceBehavior [ RunTime:0.000187s ]
INFO: [ template_filter ] --END-- [ RunTime:0.000313s ]

[ 2016-07-07T17:33:43+08:00 ] 127.0.0.1 /my/tpzol/
INFO: [ app_init ] --START--
INFO: Run Behavior\BuildLiteBehavior [ RunTime:0.000053s ]
INFO: [ app_init ] --END-- [ RunTime:0.000715s ]
INFO: [ app_begin ] --START--
INFO: Run Behavior\ReadHtmlCacheBehavior [ RunTime:0.000733s ]
INFO: [ app_begin ] --END-- [ RunTime:0.000900s ]
SQL: SHOW COLUMNS FROM `goods` [ RunTime:0.0038s ]
SQL: SHOW COLUMNS FROM `category` [ RunTime:0.0042s ]
SQL: SELECT * FROM `category`  [ RunTime:0.0005s ]
SQL: SELECT * FROM `goods`  [ RunTime:0.0004s ]
INFO: [ view_parse ] --START--
INFO: [ template_filter ] --START--
INFO: Run Behavior\ContentReplaceBehavior [ RunTime:0.000233s ]
INFO: [ template_filter ] --END-- [ RunTime:0.000427s ]

[ 2016-07-07T17:33:44+08:00 ] 127.0.0.1 /my/tpzol/
INFO: [ app_init ] --START--
INFO: Run Behavior\BuildLiteBehavior [ RunTime:0.000035s ]
INFO: [ app_init ] --END-- [ RunTime:0.001305s ]
INFO: [ app_begin ] --START--
INFO: Run Behavior\ReadHtmlCacheBehavior [ RunTime:0.000603s ]
INFO: [ app_begin ] --END-- [ RunTime:0.000740s ]
SQL: SHOW COLUMNS FROM `goods` [ RunTime:0.0056s ]
SQL: SHOW COLUMNS FROM `category` [ RunTime:0.0042s ]
SQL: SELECT * FROM `category`  [ RunTime:0.0006s ]
SQL: SELECT * FROM `goods`  [ RunTime:0.0009s ]
INFO: [ view_parse ] --START--
INFO: [ template_filter ] --START--
INFO: Run Behavior\ContentReplaceBehavior [ RunTime:0.000173s ]
INFO: [ template_filter ] --END-- [ RunTime:0.000322s ]

[ 2016-07-07T17:33:45+08:00 ] 127.0.0.1 /my/tpzol/
INFO: [ app_init ] --START--
INFO: Run Behavior\BuildLiteBehavior [ RunTime:0.000027s ]
INFO: [ app_init ] --END-- [ RunTime:0.000633s ]
INFO: [ app_begin ] --START--
INFO: Run Behavior\ReadHtmlCacheBehavior [ RunTime:0.000597s ]
INFO: [ app_begin ] --END-- [ RunTime:0.000739s ]
SQL: SHOW COLUMNS FROM `goods` [ RunTime:0.0044s ]
SQL: SHOW COLUMNS FROM `category` [ RunTime:0.0053s ]
SQL: SELECT * FROM `category`  [ RunTime:0.0005s ]
SQL: SELECT * FROM `goods`  [ RunTime:0.0004s ]
INFO: [ view_parse ] --START--
INFO: [ template_filter ] --START--
INFO: Run Behavior\ContentReplaceBehavior [ RunTime:0.000231s ]
INFO: [ template_filter ] --END-- [ RunTime:0.000421s ]

[ 2016-07-07T17:33:46+08:00 ] 127.0.0.1 /my/tpzol/
INFO: [ app_init ] --START--
INFO: Run Behavior\BuildLiteBehavior [ RunTime:0.000041s ]
INFO: [ app_init ] --END-- [ RunTime:0.000824s ]
INFO: [ app_begin ] --START--
INFO: Run Behavior\ReadHtmlCacheBehavior [ RunTime:0.000702s ]
INFO: [ app_begin ] --END-- [ RunTime:0.000853s ]
SQL: SHOW COLUMNS FROM `goods` [ RunTime:0.0050s ]
SQL: SHOW COLUMNS FROM `category` [ RunTime:0.0048s ]
SQL: SELECT * FROM `category`  [ RunTime:0.0007s ]
SQL: SELECT * FROM `goods`  [ RunTime:0.0005s ]
INFO: [ view_parse ] --START--
INFO: [ template_filter ] --START--
INFO: Run Behavior\ContentReplaceBehavior [ RunTime:0.000171s ]
INFO: [ template_filter ] --END-- [ RunTime:0.000431s ]

[ 2016-07-07T17:34:42+08:00 ] 127.0.0.1 /my/tpzol/
INFO: [ app_init ] --START--
INFO: Run Behavior\BuildLiteBehavior [ RunTime:0.000027s ]
INFO: [ app_init ] --END-- [ RunTime:0.000625s ]
INFO: [ app_begin ] --START--
INFO: Run Behavior\ReadHtmlCacheBehavior [ RunTime:0.001080s ]
INFO: [ app_begin ] --END-- [ RunTime:0.001270s ]
SQL: SHOW COLUMNS FROM `goods` [ RunTime:0.0046s ]
SQL: SHOW COLUMNS FROM `category` [ RunTime:0.0042s ]
SQL: SELECT * FROM `category`  [ RunTime:0.0007s ]
SQL: SELECT * FROM `goods`  [ RunTime:0.0005s ]
INFO: [ view_parse ] --START--
INFO: [ template_filter ] --START--
INFO: Run Behavior\ContentReplaceBehavior [ RunTime:0.000220s ]
INFO: [ template_filter ] --END-- [ RunTime:0.000444s ]

[ 2016-07-07T17:35:23+08:00 ] 127.0.0.1 /my/tpzol/
INFO: [ app_init ] --START--
INFO: Run Behavior\BuildLiteBehavior [ RunTime:0.000056s ]
INFO: [ app_init ] --END-- [ RunTime:0.001694s ]
INFO: [ app_begin ] --START--
INFO: Run Behavior\ReadHtmlCacheBehavior [ RunTime:0.001159s ]
INFO: [ app_begin ] --END-- [ RunTime:0.001502s ]
SQL: SHOW COLUMNS FROM `goods` [ RunTime:0.0046s ]
SQL: SHOW COLUMNS FROM `category` [ RunTime:0.0042s ]
SQL: SELECT * FROM `category`  [ RunTime:0.0006s ]
SQL: SELECT * FROM `goods`  [ RunTime:0.0005s ]
INFO: [ view_parse ] --START--
INFO: [ template_filter ] --START--
INFO: Run Behavior\ContentReplaceBehavior [ RunTime:0.000264s ]
INFO: [ template_filter ] --END-- [ RunTime:0.000499s ]
SQL: SELECT * FROM `category` WHERE ( pid=0 ) LIMIT 5   [ RunTime:0.0005s ]
NOTIC: [8] Use of undefined constant cid - assumed 'cid' D:\Program\www\my\tpzol\App\Runtime\Cache\Home\c046e8f09f5013e6f3f2c1812d54574b.php 第 100 行.
NOTIC: [8] Use of undefined constant cid - assumed 'cid' D:\Program\www\my\tpzol\App\Runtime\Cache\Home\c046e8f09f5013e6f3f2c1812d54574b.php 第 100 行.
NOTIC: [8] Use of undefined constant cid - assumed 'cid' D:\Program\www\my\tpzol\App\Runtime\Cache\Home\c046e8f09f5013e6f3f2c1812d54574b.php 第 100 行.
NOTIC: [8] Use of undefined constant cid - assumed 'cid' D:\Program\www\my\tpzol\App\Runtime\Cache\Home\c046e8f09f5013e6f3f2c1812d54574b.php 第 100 行.
NOTIC: [8] Use of undefined constant cid - assumed 'cid' D:\Program\www\my\tpzol\App\Runtime\Cache\Home\c046e8f09f5013e6f3f2c1812d54574b.php 第 100 行.
NOTIC: [8] Use of undefined constant cid - assumed 'cid' D:\Program\www\my\tpzol\App\Runtime\Cache\Home\c046e8f09f5013e6f3f2c1812d54574b.php 第 100 行.
NOTIC: [8] Use of undefined constant cid - assumed 'cid' D:\Program\www\my\tpzol\App\Runtime\Cache\Home\c046e8f09f5013e6f3f2c1812d54574b.php 第 100 行.
NOTIC: [8] Use of undefined constant cid - assumed 'cid' D:\Program\www\my\tpzol\App\Runtime\Cache\Home\c046e8f09f5013e6f3f2c1812d54574b.php 第 100 行.
NOTIC: [8] Use of undefined constant cid - assumed 'cid' D:\Program\www\my\tpzol\App\Runtime\Cache\Home\c046e8f09f5013e6f3f2c1812d54574b.php 第 100 行.
NOTIC: [8] Use of undefined constant cid - assumed 'cid' D:\Program\www\my\tpzol\App\Runtime\Cache\Home\c046e8f09f5013e6f3f2c1812d54574b.php 第 100 行.
NOTIC: [8] Use of undefined constant cid - assumed 'cid' D:\Program\www\my\tpzol\App\Runtime\Cache\Home\c046e8f09f5013e6f3f2c1812d54574b.php 第 100 行.
INFO: Run Behavior\ParseTemplateBehavior [ RunTime:0.047402s ]
INFO: [ view_parse ] --END-- [ RunTime:0.047608s ]
INFO: [ view_filter ] --START--
INFO: Run Behavior\WriteHtmlCacheBehavior [ RunTime:0.000505s ]
INFO: [ view_filter ] --END-- [ RunTime:0.000649s ]
INFO: [ app_end ] --START--
INFO: Run Behavior\ShowPageTraceBehavior [ RunTime:0.001039s ]
INFO: [ app_end ] --END-- [ RunTime:0.001266s ]

[ 2016-07-07T17:35:30+08:00 ] 127.0.0.1 /my/tpzol/index.php/Home/List/Index/cid/12.html
INFO: [ app_init ] --START--
INFO: Run Behavior\BuildLiteBehavior [ RunTime:0.000054s ]
INFO: [ app_init ] --END-- [ RunTime:0.000979s ]
INFO: [ app_begin ] --START--
INFO: Run Behavior\ReadHtmlCacheBehavior [ RunTime:0.001263s ]
INFO: [ app_begin ] --END-- [ RunTime:0.001777s ]
ERR: 无法加载控制器:List

[ 2016-07-07T20:43:30+08:00 ] 127.0.0.1 /myProject/tpzol/
INFO: [ app_init ] --START--
INFO: Run Behavior\BuildLiteBehavior [ RunTime:0.000060s ]
INFO: [ app_init ] --END-- [ RunTime:0.081974s ]
INFO: [ app_begin ] --START--
INFO: Run Behavior\ReadHtmlCacheBehavior [ RunTime:0.021976s ]
INFO: [ app_begin ] --END-- [ RunTime:0.022354s ]
SQL: SHOW COLUMNS FROM `goods` [ RunTime:0.5405s ]
SQL: SHOW COLUMNS FROM `category` [ RunTime:0.0337s ]
SQL: SELECT * FROM `category`  [ RunTime:0.0354s ]
SQL: SELECT * FROM `goods`  [ RunTime:0.0005s ]
INFO: [ view_parse ] --START--
INFO: [ template_filter ] --START--
INFO: Run Behavior\ContentReplaceBehavior [ RunTime:0.035290s ]
INFO: [ template_filter ] --END-- [ RunTime:0.035462s ]
SQL: SELECT * FROM `category` WHERE ( pid=0 ) LIMIT 5   [ RunTime:0.0239s ]
NOTIC: [8] Use of undefined constant cid - assumed 'cid' D:\Program\www\myProject\tpzol\App\Runtime\Cache\Home\c046e8f09f5013e6f3f2c1812d54574b.php 第 100 行.
NOTIC: [8] Use of undefined constant cid - assumed 'cid' D:\Program\www\myProject\tpzol\App\Runtime\Cache\Home\c046e8f09f5013e6f3f2c1812d54574b.php 第 100 行.
NOTIC: [8] Use of undefined constant cid - assumed 'cid' D:\Program\www\myProject\tpzol\App\Runtime\Cache\Home\c046e8f09f5013e6f3f2c1812d54574b.php 第 100 行.
NOTIC: [8] Use of undefined constant cid - assumed 'cid' D:\Program\www\myProject\tpzol\App\Runtime\Cache\Home\c046e8f09f5013e6f3f2c1812d54574b.php 第 100 行.
NOTIC: [8] Use of undefined constant cid - assumed 'cid' D:\Program\www\myProject\tpzol\App\Runtime\Cache\Home\c046e8f09f5013e6f3f2c1812d54574b.php 第 100 行.
NOTIC: [8] Use of undefined constant cid - assumed 'cid' D:\Program\www\myProject\tpzol\App\Runtime\Cache\Home\c046e8f09f5013e6f3f2c1812d54574b.php 第 100 行.
NOTIC: [8] Use of undefined constant cid - assumed 'cid' D:\Program\www\myProject\tpzol\App\Runtime\Cache\Home\c046e8f09f5013e6f3f2c1812d54574b.php 第 100 行.
NOTIC: [8] Use of undefined constant cid - assumed 'cid' D:\Program\www\myProject\tpzol\App\Runtime\Cache\Home\c046e8f09f5013e6f3f2c1812d54574b.php 第 100 行.
NOTIC: [8] Use of undefined constant cid - assumed 'cid' D:\Program\www\myProject\tpzol\App\Runtime\Cache\Home\c046e8f09f5013e6f3f2c1812d54574b.php 第 100 行.
NOTIC: [8] Use of undefined constant cid - assumed 'cid' D:\Program\www\myProject\tpzol\App\Runtime\Cache\Home\c046e8f09f5013e6f3f2c1812d54574b.php 第 100 行.
NOTIC: [8] Use of undefined constant cid - assumed 'cid' D:\Program\www\myProject\tpzol\App\Runtime\Cache\Home\c046e8f09f5013e6f3f2c1812d54574b.php 第 100 行.
INFO: Run Behavior\ParseTemplateBehavior [ RunTime:0.342878s ]
INFO: [ view_parse ] --END-- [ RunTime:0.343008s ]
INFO: [ view_filter ] --START--
INFO: Run Behavior\WriteHtmlCacheBehavior [ RunTime:0.014174s ]
INFO: [ view_filter ] --END-- [ RunTime:0.014313s ]
INFO: [ app_end ] --START--
INFO: Run Behavior\ShowPageTraceBehavior [ RunTime:0.017301s ]
INFO: [ app_end ] --END-- [ RunTime:0.017530s ]

[ 2016-07-07T20:43:49+08:00 ] 127.0.0.1 /myProject/tpzol/index.php/Home/List/Index/cid/10.html
INFO: [ app_init ] --START--
INFO: Run Behavior\BuildLiteBehavior [ RunTime:0.000050s ]
INFO: [ app_init ] --END-- [ RunTime:0.001068s ]
INFO: [ app_begin ] --START--
INFO: Run Behavior\ReadHtmlCacheBehavior [ RunTime:0.001143s ]
INFO: [ app_begin ] --END-- [ RunTime:0.001385s ]
ERR: 无法加载控制器:List

[ 2016-07-07T20:44:57+08:00 ] 127.0.0.1 /myProject/tpzol/index.php/Home/List/Index/cid/10.html
INFO: [ app_init ] --START--
INFO: Run Behavior\BuildLiteBehavior [ RunTime:0.000052s ]
INFO: [ app_init ] --END-- [ RunTime:0.001067s ]
INFO: [ app_begin ] --START--
INFO: Run Behavior\ReadHtmlCacheBehavior [ RunTime:0.001312s ]
INFO: [ app_begin ] --END-- [ RunTime:0.001569s ]
ERR: 无法加载控制器:List

[ 2016-07-07T20:45:31+08:00 ] 127.0.0.1 /myProject/tpzol/index.php/Home/List/Index/cid/10.html
INFO: [ app_init ] --START--
INFO: Run Behavior\BuildLiteBehavior [ RunTime:0.000048s ]
INFO: [ app_init ] --END-- [ RunTime:0.000855s ]
INFO: [ app_begin ] --START--
INFO: Run Behavior\ReadHtmlCacheBehavior [ RunTime:0.001123s ]
INFO: [ app_begin ] --END-- [ RunTime:0.001381s ]
SQL: SHOW COLUMNS FROM `goods` [ RunTime:0.0069s ]
SQL: SHOW COLUMNS FROM `category` [ RunTime:0.0067s ]
INFO: [ view_parse ] --START--
INFO: [ template_filter ] --START--
INFO: Run Behavior\ContentReplaceBehavior [ RunTime:0.000219s ]
INFO: [ template_filter ] --END-- [ RunTime:0.000471s ]
SQL: SELECT * FROM `category` WHERE ( pid=0 ) LIMIT 5   [ RunTime:0.0007s ]
NOTIC: [8] Undefined variable: attr D:\Program\www\myProject\tpzol\App\Runtime\Cache\Home\1e8fa3f9d3e1b504e61a0c088a6df832.php 第 100 行.
NOTIC: [8] Undefined variable: goods D:\Program\www\myProject\tpzol\App\Runtime\Cache\Home\1e8fa3f9d3e1b504e61a0c088a6df832.php 第 154 行.
INFO: Run Behavior\ParseTemplateBehavior [ RunTime:0.043549s ]
INFO: [ view_parse ] --END-- [ RunTime:0.043798s ]
INFO: [ view_filter ] --START--
INFO: Run Behavior\WriteHtmlCacheBehavior [ RunTime:0.001010s ]
INFO: [ view_filter ] --END-- [ RunTime:0.001204s ]
INFO: [ app_end ] --START--
INFO: Run Behavior\ShowPageTraceBehavior [ RunTime:0.001287s ]
INFO: [ app_end ] --END-- [ RunTime:0.001498s ]

[ 2016-07-07T20:45:31+08:00 ] 127.0.0.1 /myProject/tpzol/index.php/Home/List/Index/cid//myProject/tpzol/Public/Home/images/03.jpg
INFO: [ app_init ] --START--
INFO: Run Behavior\BuildLiteBehavior [ RunTime:0.000051s ]
INFO: [ app_init ] --END-- [ RunTime:0.001079s ]

[ 2016-07-07T20:45:57+08:00 ] 127.0.0.1 /myProject/tpzol/index.php/Home/List/Index/cid/7.html
INFO: [ app_init ] --START--
INFO: Run Behavior\BuildLiteBehavior [ RunTime:0.000029s ]
INFO: [ app_init ] --END-- [ RunTime:0.000626s ]
INFO: [ app_begin ] --START--
INFO: Run Behavior\ReadHtmlCacheBehavior [ RunTime:0.002129s ]
INFO: [ app_begin ] --END-- [ RunTime:0.002414s ]
SQL: SHOW COLUMNS FROM `goods` [ RunTime:0.0037s ]
SQL: SHOW COLUMNS FROM `category` [ RunTime:0.0047s ]
INFO: [ view_parse ] --START--
INFO: [ template_filter ] --START--
INFO: Run Behavior\ContentReplaceBehavior [ RunTime:0.000111s ]
INFO: [ template_filter ] --END-- [ RunTime:0.000255s ]
SQL: SELECT * FROM `category` WHERE ( pid=0 ) LIMIT 5   [ RunTime:0.0004s ]
NOTIC: [8] Undefined variable: attr D:\Program\www\myProject\tpzol\App\Runtime\Cache\Home\1e8fa3f9d3e1b504e61a0c088a6df832.php 第 100 行.
NOTIC: [8] Undefined variable: goods D:\Program\www\myProject\tpzol\App\Runtime\Cache\Home\1e8fa3f9d3e1b504e61a0c088a6df832.php 第 154 行.
INFO: Run Behavior\ParseTemplateBehavior [ RunTime:0.021695s ]
INFO: [ view_parse ] --END-- [ RunTime:0.021830s ]
INFO: [ view_filter ] --START--
INFO: Run Behavior\WriteHtmlCacheBehavior [ RunTime:0.000761s ]
INFO: [ view_filter ] --END-- [ RunTime:0.000890s ]
INFO: [ app_end ] --START--
INFO: Run Behavior\ShowPageTraceBehavior [ RunTime:0.000784s ]
INFO: [ app_end ] --END-- [ RunTime:0.000909s ]

[ 2016-07-07T20:45:57+08:00 ] 127.0.0.1 /myProject/tpzol/index.php/Home/List/Index/cid//myProject/tpzol/Public/Home/images/03.jpg
INFO: [ app_init ] --START--
INFO: Run Behavior\BuildLiteBehavior [ RunTime:0.000056s ]
INFO: [ app_init ] --END-- [ RunTime:0.001071s ]

[ 2016-07-07T20:46:01+08:00 ] 127.0.0.1 /myProject/tpzol/index.php/Home/List/Index/cid/7.html
INFO: [ app_init ] --START--
INFO: Run Behavior\BuildLiteBehavior [ RunTime:0.000030s ]
INFO: [ app_init ] --END-- [ RunTime:0.000610s ]
INFO: [ app_begin ] --START--
INFO: Run Behavior\ReadHtmlCacheBehavior [ RunTime:0.001149s ]
INFO: [ app_begin ] --END-- [ RunTime:0.001388s ]
SQL: SHOW COLUMNS FROM `goods` [ RunTime:0.0035s ]
SQL: SHOW COLUMNS FROM `category` [ RunTime:0.0046s ]
INFO: [ view_parse ] --START--
INFO: [ template_filter ] --START--
INFO: Run Behavior\ContentReplaceBehavior [ RunTime:0.000187s ]
INFO: [ template_filter ] --END-- [ RunTime:0.000420s ]
SQL: SELECT * FROM `category` WHERE ( pid=0 ) LIMIT 5   [ RunTime:0.0005s ]
NOTIC: [8] Undefined variable: attr D:\Program\www\myProject\tpzol\App\Runtime\Cache\Home\1e8fa3f9d3e1b504e61a0c088a6df832.php 第 100 行.
NOTIC: [8] Undefined variable: goods D:\Program\www\myProject\tpzol\App\Runtime\Cache\Home\1e8fa3f9d3e1b504e61a0c088a6df832.php 第 154 行.
INFO: Run Behavior\ParseTemplateBehavior [ RunTime:0.028047s ]
INFO: [ view_parse ] --END-- [ RunTime:0.028295s ]
INFO: [ view_filter ] --START--
INFO: Run Behavior\WriteHtmlCacheBehavior [ RunTime:0.000915s ]
INFO: [ view_filter ] --END-- [ RunTime:0.001142s ]
INFO: [ app_end ] --START--
INFO: Run Behavior\ShowPageTraceBehavior [ RunTime:0.001189s ]
INFO: [ app_end ] --END-- [ RunTime:0.001412s ]

[ 2016-07-07T20:46:01+08:00 ] 127.0.0.1 /myProject/tpzol/index.php/Home/List/Index/cid//myProject/tpzol/Public/Home/images/03.jpg
INFO: [ app_init ] --START--
INFO: Run Behavior\BuildLiteBehavior [ RunTime:0.000055s ]
INFO: [ app_init ] --END-- [ RunTime:0.000979s ]

[ 2016-07-07T20:46:25+08:00 ] 127.0.0.1 /myProject/tpzol/index.php/Home/List/Index/cid/10.html
INFO: [ app_init ] --START--
INFO: Run Behavior\BuildLiteBehavior [ RunTime:0.000081s ]
INFO: [ app_init ] --END-- [ RunTime:0.001109s ]
INFO: [ app_begin ] --START--
INFO: Run Behavior\ReadHtmlCacheBehavior [ RunTime:0.001686s ]
INFO: [ app_begin ] --END-- [ RunTime:0.001974s ]
SQL: SHOW COLUMNS FROM `goods` [ RunTime:0.0037s ]
SQL: SHOW COLUMNS FROM `category` [ RunTime:0.0032s ]
INFO: [ view_parse ] --START--
INFO: [ template_filter ] --START--
INFO: Run Behavior\ContentReplaceBehavior [ RunTime:0.000116s ]
INFO: [ template_filter ] --END-- [ RunTime:0.000261s ]
SQL: SELECT * FROM `category` WHERE ( pid=0 ) LIMIT 5   [ RunTime:0.0004s ]
NOTIC: [8] Undefined variable: attr D:\Program\www\myProject\tpzol\App\Runtime\Cache\Home\1e8fa3f9d3e1b504e61a0c088a6df832.php 第 100 行.
NOTIC: [8] Undefined variable: goods D:\Program\www\myProject\tpzol\App\Runtime\Cache\Home\1e8fa3f9d3e1b504e61a0c088a6df832.php 第 154 行.
INFO: Run Behavior\ParseTemplateBehavior [ RunTime:0.020114s ]
INFO: [ view_parse ] --END-- [ RunTime:0.020329s ]
INFO: [ view_filter ] --START--
INFO: Run Behavior\WriteHtmlCacheBehavior [ RunTime:0.000636s ]
INFO: [ view_filter ] --END-- [ RunTime:0.000754s ]
INFO: [ app_end ] --START--
INFO: Run Behavior\ShowPageTraceBehavior [ RunTime:0.000744s ]
INFO: [ app_end ] --END-- [ RunTime:0.000860s ]

[ 2016-07-07T20:46:25+08:00 ] 127.0.0.1 /myProject/tpzol/index.php/Home/List/Index/cid//myProject/tpzol/Public/Home/images/03.jpg
INFO: [ app_init ] --START--
INFO: Run Behavior\BuildLiteBehavior [ RunTime:0.000051s ]
INFO: [ app_init ] --END-- [ RunTime:0.001014s ]

[ 2016-07-07T20:46:49+08:00 ] 127.0.0.1 /myProject/tpzol/index.php/Home/List/Index/cid/10.html
INFO: [ app_init ] --START--
INFO: Run Behavior\BuildLiteBehavior [ RunTime:0.000054s ]
INFO: [ app_init ] --END-- [ RunTime:0.001007s ]
INFO: [ app_begin ] --START--
INFO: Run Behavior\ReadHtmlCacheBehavior [ RunTime:0.001250s ]
INFO: [ app_begin ] --END-- [ RunTime:0.001573s ]
SQL: SHOW COLUMNS FROM `goods` [ RunTime:0.0051s ]
SQL: SHOW COLUMNS FROM `category` [ RunTime:0.0037s ]
INFO: [ view_parse ] --START--
INFO: [ template_filter ] --START--
INFO: Run Behavior\ContentReplaceBehavior [ RunTime:0.000133s ]
INFO: [ template_filter ] --END-- [ RunTime:0.000308s ]
SQL: SELECT * FROM `category` WHERE ( pid=0 ) LIMIT 5   [ RunTime:0.0004s ]
NOTIC: [8] Undefined variable: attr D:\Program\www\myProject\tpzol\App\Runtime\Cache\Home\1e8fa3f9d3e1b504e61a0c088a6df832.php 第 100 行.
NOTIC: [8] Undefined variable: goods D:\Program\www\myProject\tpzol\App\Runtime\Cache\Home\1e8fa3f9d3e1b504e61a0c088a6df832.php 第 154 行.
INFO: Run Behavior\ParseTemplateBehavior [ RunTime:0.051834s ]
INFO: [ view_parse ] --END-- [ RunTime:0.052011s ]
INFO: [ view_filter ] --START--
INFO: Run Behavior\WriteHtmlCacheBehavior [ RunTime:0.000669s ]
INFO: [ view_filter ] --END-- [ RunTime:0.000793s ]
INFO: [ app_end ] --START--
INFO: Run Behavior\ShowPageTraceBehavior [ RunTime:0.000756s ]
INFO: [ app_end ] --END-- [ RunTime:0.000882s ]

[ 2016-07-07T20:46:49+08:00 ] 127.0.0.1 /myProject/tpzol/index.php/Home/List/Index/cid//myProject/tpzol/Public/Home/images/03.jpg
INFO: [ app_init ] --START--
INFO: Run Behavior\BuildLiteBehavior [ RunTime:0.000052s ]
INFO: [ app_init ] --END-- [ RunTime:0.000971s ]

[ 2016-07-07T20:47:02+08:00 ] 127.0.0.1 /myProject/tpzol/index.php/Home/Index/index.html
INFO: [ app_init ] --START--
INFO: Run Behavior\BuildLiteBehavior [ RunTime:0.000030s ]
INFO: [ app_init ] --END-- [ RunTime:0.000613s ]
INFO: [ app_begin ] --START--
INFO: Run Behavior\ReadHtmlCacheBehavior [ RunTime:0.000978s ]
INFO: [ app_begin ] --END-- [ RunTime:0.001150s ]
SQL: SHOW COLUMNS FROM `goods` [ RunTime:0.0036s ]
SQL: SHOW COLUMNS FROM `category` [ RunTime:0.0057s ]
SQL: SELECT * FROM `category`  [ RunTime:0.0006s ]
SQL: SELECT * FROM `goods`  [ RunTime:0.0006s ]
INFO: [ view_parse ] --START--
INFO: [ template_filter ] --START--
INFO: Run Behavior\ContentReplaceBehavior [ RunTime:0.000242s ]
INFO: [ template_filter ] --END-- [ RunTime:0.000368s ]
SQL: SELECT * FROM `category` WHERE ( pid=0 ) LIMIT 5   [ RunTime:0.0005s ]
NOTIC: [8] Use of undefined constant cid - assumed 'cid' D:\Program\www\myProject\tpzol\App\Runtime\Cache\Home\c046e8f09f5013e6f3f2c1812d54574b.php 第 100 行.
NOTIC: [8] Use of undefined constant cid - assumed 'cid' D:\Program\www\myProject\tpzol\App\Runtime\Cache\Home\c046e8f09f5013e6f3f2c1812d54574b.php 第 100 行.
NOTIC: [8] Use of undefined constant cid - assumed 'cid' D:\Program\www\myProject\tpzol\App\Runtime\Cache\Home\c046e8f09f5013e6f3f2c1812d54574b.php 第 100 行.
NOTIC: [8] Use of undefined constant cid - assumed 'cid' D:\Program\www\myProject\tpzol\App\Runtime\Cache\Home\c046e8f09f5013e6f3f2c1812d54574b.php 第 100 行.
NOTIC: [8] Use of undefined constant cid - assumed 'cid' D:\Program\www\myProject\tpzol\App\Runtime\Cache\Home\c046e8f09f5013e6f3f2c1812d54574b.php 第 100 行.
NOTIC: [8] Use of undefined constant cid - assumed 'cid' D:\Program\www\myProject\tpzol\App\Runtime\Cache\Home\c046e8f09f5013e6f3f2c1812d54574b.php 第 100 行.
NOTIC: [8] Use of undefined constant cid - assumed 'cid' D:\Program\www\myProject\tpzol\App\Runtime\Cache\Home\c046e8f09f5013e6f3f2c1812d54574b.php 第 100 行.
NOTIC: [8] Use of undefined constant cid - assumed 'cid' D:\Program\www\myProject\tpzol\App\Runtime\Cache\Home\c046e8f09f5013e6f3f2c1812d54574b.php 第 100 行.
NOTIC: [8] Use of undefined constant cid - assumed 'cid' D:\Program\www\myProject\tpzol\App\Runtime\Cache\Home\c046e8f09f5013e6f3f2c1812d54574b.php 第 100 行.
NOTIC: [8] Use of undefined constant cid - assumed 'cid' D:\Program\www\myProject\tpzol\App\Runtime\Cache\Home\c046e8f09f5013e6f3f2c1812d54574b.php 第 100 行.
NOTIC: [8] Use of undefined constant cid - assumed 'cid' D:\Program\www\myProject\tpzol\App\Runtime\Cache\Home\c046e8f09f5013e6f3f2c1812d54574b.php 第 100 行.
INFO: Run Behavior\ParseTemplateBehavior [ RunTime:0.024906s ]
INFO: [ view_parse ] --END-- [ RunTime:0.025080s ]
INFO: [ view_filter ] --START--
INFO: Run Behavior\WriteHtmlCacheBehavior [ RunTime:0.000786s ]
INFO: [ view_filter ] --END-- [ RunTime:0.000931s ]
INFO: [ app_end ] --START--
INFO: Run Behavior\ShowPageTraceBehavior [ RunTime:0.000894s ]
INFO: [ app_end ] --END-- [ RunTime:0.001034s ]

[ 2016-07-07T20:47:02+08:00 ] 127.0.0.1 /myProject/tpzol/index.php/Home/Index//myProject/tpzol/Public/Home/images/03.jpg
INFO: [ app_init ] --START--
INFO: Run Behavior\BuildLiteBehavior [ RunTime:0.000112s ]
INFO: [ app_init ] --END-- [ RunTime:0.001180s ]

[ 2016-07-07T20:47:24+08:00 ] 127.0.0.1 /myProject/tpzol/index.php/Home/List/index/cid/3.html
INFO: [ app_init ] --START--
INFO: Run Behavior\BuildLiteBehavior [ RunTime:0.000030s ]
INFO: [ app_init ] --END-- [ RunTime:0.000844s ]
INFO: [ app_begin ] --START--
INFO: Run Behavior\ReadHtmlCacheBehavior [ RunTime:0.001243s ]
INFO: [ app_begin ] --END-- [ RunTime:0.001447s ]
SQL: SHOW COLUMNS FROM `goods` [ RunTime:0.0040s ]
SQL: SHOW COLUMNS FROM `category` [ RunTime:0.0047s ]
INFO: [ view_parse ] --START--
INFO: [ template_filter ] --START--
INFO: Run Behavior\ContentReplaceBehavior [ RunTime:0.000103s ]
INFO: [ template_filter ] --END-- [ RunTime:0.000240s ]
SQL: SELECT * FROM `category` WHERE ( pid=0 ) LIMIT 5   [ RunTime:0.0005s ]
NOTIC: [8] Undefined variable: attr D:\Program\www\myProject\tpzol\App\Runtime\Cache\Home\8068b03f638aa1173620097a15cd33b9.php 第 100 行.
NOTIC: [8] Undefined variable: goods D:\Program\www\myProject\tpzol\App\Runtime\Cache\Home\8068b03f638aa1173620097a15cd33b9.php 第 154 行.
INFO: Run Behavior\ParseTemplateBehavior [ RunTime:0.024006s ]
INFO: [ view_parse ] --END-- [ RunTime:0.024362s ]
INFO: [ view_filter ] --START--
INFO: Run Behavior\WriteHtmlCacheBehavior [ RunTime:0.001037s ]
INFO: [ view_filter ] --END-- [ RunTime:0.001346s ]
INFO: [ app_end ] --START--
INFO: Run Behavior\ShowPageTraceBehavior [ RunTime:0.001176s ]
INFO: [ app_end ] --END-- [ RunTime:0.001348s ]

[ 2016-07-07T20:47:25+08:00 ] 127.0.0.1 /myProject/tpzol/index.php/Home/List/index/cid//myProject/tpzol/Public/Home/images/03.jpg
INFO: [ app_init ] --START--
INFO: Run Behavior\BuildLiteBehavior [ RunTime:0.000032s ]
INFO: [ app_init ] --END-- [ RunTime:0.000791s ]

[ 2016-07-07T20:47:57+08:00 ] 127.0.0.1 /myProject/tpzol/index.php/Home/List/Index/cid/9.html
INFO: [ app_init ] --START--
INFO: Run Behavior\BuildLiteBehavior [ RunTime:0.000051s ]
INFO: [ app_init ] --END-- [ RunTime:0.000929s ]
INFO: [ app_begin ] --START--
INFO: Run Behavior\ReadHtmlCacheBehavior [ RunTime:0.001352s ]
INFO: [ app_begin ] --END-- [ RunTime:0.001626s ]
SQL: SHOW COLUMNS FROM `goods` [ RunTime:0.0061s ]
SQL: SHOW COLUMNS FROM `category` [ RunTime:0.0069s ]
INFO: [ view_parse ] --START--
INFO: [ template_filter ] --START--
INFO: Run Behavior\ContentReplaceBehavior [ RunTime:0.000186s ]
INFO: [ template_filter ] --END-- [ RunTime:0.000418s ]
SQL: SELECT * FROM `category` WHERE ( pid=0 ) LIMIT 5   [ RunTime:0.0005s ]
NOTIC: [8] Undefined variable: attr D:\Program\www\myProject\tpzol\App\Runtime\Cache\Home\1e8fa3f9d3e1b504e61a0c088a6df832.php 第 100 行.
NOTIC: [8] Undefined variable: goods D:\Program\www\myProject\tpzol\App\Runtime\Cache\Home\1e8fa3f9d3e1b504e61a0c088a6df832.php 第 154 行.
INFO: Run Behavior\ParseTemplateBehavior [ RunTime:0.033300s ]
INFO: [ view_parse ] --END-- [ RunTime:0.033535s ]
INFO: [ view_filter ] --START--
INFO: Run Behavior\WriteHtmlCacheBehavior [ RunTime:0.000912s ]
INFO: [ view_filter ] --END-- [ RunTime:0.001123s ]
INFO: [ app_end ] --START--
INFO: Run Behavior\ShowPageTraceBehavior [ RunTime:0.000885s ]
INFO: [ app_end ] --END-- [ RunTime:0.001084s ]

[ 2016-07-07T20:47:57+08:00 ] 127.0.0.1 /myProject/tpzol/index.php/Home/List/Index/cid//myProject/tpzol/Public/Home/images/03.jpg
INFO: [ app_init ] --START--
INFO: Run Behavior\BuildLiteBehavior [ RunTime:0.000051s ]
INFO: [ app_init ] --END-- [ RunTime:0.001021s ]

