[ 2017-01-10T12:37:16+08:00 ] 1.202.114.118 /my/tpzol/
INFO: [ app_init ] --START--
INFO: Run Behavior\BuildLiteBehavior [ RunTime:0.000013s ]
INFO: [ app_init ] --END-- [ RunTime:0.002798s ]
INFO: [ app_begin ] --START--
INFO: Run Behavior\ReadHtmlCacheBehavior [ RunTime:0.003429s ]
INFO: [ app_begin ] --END-- [ RunTime:0.003466s ]
SQL: SHOW COLUMNS FROM `zol_goods` [ RunTime:0.0114s ]
SQL: SHOW COLUMNS FROM `zol_category` [ RunTime:0.0185s ]
SQL: SELECT * FROM `zol_category`  [ RunTime:0.0071s ]
SQL: SELECT * FROM `zol_goods`  [ RunTime:0.0160s ]
INFO: [ view_parse ] --START--
INFO: [ template_filter ] --START--
INFO: Run Behavior\ContentReplaceBehavior [ RunTime:0.023127s ]
INFO: [ template_filter ] --END-- [ RunTime:0.023222s ]
SQL: SELECT * FROM `zol_category` WHERE ( pid=0 ) LIMIT 5   [ RunTime:0.0003s ]
NOTIC: [8] Use of undefined constant cid - assumed 'cid' /home/wwwroot/default/my/tpzol/App/Runtime/Cache/Home/c046e8f09f5013e6f3f2c1812d54574b.php 第 100 行.
NOTIC: [8] Use of undefined constant cid - assumed 'cid' /home/wwwroot/default/my/tpzol/App/Runtime/Cache/Home/c046e8f09f5013e6f3f2c1812d54574b.php 第 100 行.
NOTIC: [8] Use of undefined constant cid - assumed 'cid' /home/wwwroot/default/my/tpzol/App/Runtime/Cache/Home/c046e8f09f5013e6f3f2c1812d54574b.php 第 100 行.
NOTIC: [8] Use of undefined constant cid - assumed 'cid' /home/wwwroot/default/my/tpzol/App/Runtime/Cache/Home/c046e8f09f5013e6f3f2c1812d54574b.php 第 100 行.
NOTIC: [8] Use of undefined constant cid - assumed 'cid' /home/wwwroot/default/my/tpzol/App/Runtime/Cache/Home/c046e8f09f5013e6f3f2c1812d54574b.php 第 100 行.
NOTIC: [8] Use of undefined constant cid - assumed 'cid' /home/wwwroot/default/my/tpzol/App/Runtime/Cache/Home/c046e8f09f5013e6f3f2c1812d54574b.php 第 100 行.
NOTIC: [8] Use of undefined constant cid - assumed 'cid' /home/wwwroot/default/my/tpzol/App/Runtime/Cache/Home/c046e8f09f5013e6f3f2c1812d54574b.php 第 100 行.
NOTIC: [8] Use of undefined constant cid - assumed 'cid' /home/wwwroot/default/my/tpzol/App/Runtime/Cache/Home/c046e8f09f5013e6f3f2c1812d54574b.php 第 100 行.
NOTIC: [8] Use of undefined constant cid - assumed 'cid' /home/wwwroot/default/my/tpzol/App/Runtime/Cache/Home/c046e8f09f5013e6f3f2c1812d54574b.php 第 100 行.
NOTIC: [8] Use of undefined constant cid - assumed 'cid' /home/wwwroot/default/my/tpzol/App/Runtime/Cache/Home/c046e8f09f5013e6f3f2c1812d54574b.php 第 100 行.
NOTIC: [8] Use of undefined constant cid - assumed 'cid' /home/wwwroot/default/my/tpzol/App/Runtime/Cache/Home/c046e8f09f5013e6f3f2c1812d54574b.php 第 100 行.
INFO: Run Behavior\ParseTemplateBehavior [ RunTime:0.156748s ]
INFO: [ view_parse ] --END-- [ RunTime:0.156783s ]
INFO: [ view_filter ] --START--
INFO: Run Behavior\WriteHtmlCacheBehavior [ RunTime:0.003496s ]
INFO: [ view_filter ] --END-- [ RunTime:0.003527s ]
INFO: [ app_end ] --START--
INFO: Run Behavior\ShowPageTraceBehavior [ RunTime:0.003186s ]
INFO: [ app_end ] --END-- [ RunTime:0.003225s ]

[ 2017-01-10T12:37:45+08:00 ] 1.202.114.118 /my/tpzol/
INFO: [ app_init ] --START--
INFO: Run Behavior\BuildLiteBehavior [ RunTime:0.000010s ]
INFO: [ app_init ] --END-- [ RunTime:0.000287s ]
INFO: [ app_begin ] --START--
INFO: Run Behavior\ReadHtmlCacheBehavior [ RunTime:0.000391s ]
INFO: [ app_begin ] --END-- [ RunTime:0.000428s ]
SQL: SHOW COLUMNS FROM `zol_goods` [ RunTime:0.0006s ]
SQL: SHOW COLUMNS FROM `zol_category` [ RunTime:0.0003s ]
SQL: SELECT * FROM `zol_category`  [ RunTime:0.0001s ]
SQL: SELECT * FROM `zol_goods`  [ RunTime:0.0001s ]
INFO: [ view_parse ] --START--
INFO: [ template_filter ] --START--
INFO: Run Behavior\ContentReplaceBehavior [ RunTime:0.000102s ]
INFO: [ template_filter ] --END-- [ RunTime:0.000142s ]
SQL: SELECT * FROM `zol_category` WHERE ( pid=0 ) LIMIT 5   [ RunTime:0.0001s ]
NOTIC: [8] Use of undefined constant cid - assumed 'cid' /home/wwwroot/default/my/tpzol/App/Runtime/Cache/Home/c046e8f09f5013e6f3f2c1812d54574b.php 第 100 行.
NOTIC: [8] Use of undefined constant cid - assumed 'cid' /home/wwwroot/default/my/tpzol/App/Runtime/Cache/Home/c046e8f09f5013e6f3f2c1812d54574b.php 第 100 行.
NOTIC: [8] Use of undefined constant cid - assumed 'cid' /home/wwwroot/default/my/tpzol/App/Runtime/Cache/Home/c046e8f09f5013e6f3f2c1812d54574b.php 第 100 行.
NOTIC: [8] Use of undefined constant cid - assumed 'cid' /home/wwwroot/default/my/tpzol/App/Runtime/Cache/Home/c046e8f09f5013e6f3f2c1812d54574b.php 第 100 行.
NOTIC: [8] Use of undefined constant cid - assumed 'cid' /home/wwwroot/default/my/tpzol/App/Runtime/Cache/Home/c046e8f09f5013e6f3f2c1812d54574b.php 第 100 行.
NOTIC: [8] Use of undefined constant cid - assumed 'cid' /home/wwwroot/default/my/tpzol/App/Runtime/Cache/Home/c046e8f09f5013e6f3f2c1812d54574b.php 第 100 行.
NOTIC: [8] Use of undefined constant cid - assumed 'cid' /home/wwwroot/default/my/tpzol/App/Runtime/Cache/Home/c046e8f09f5013e6f3f2c1812d54574b.php 第 100 行.
NOTIC: [8] Use of undefined constant cid - assumed 'cid' /home/wwwroot/default/my/tpzol/App/Runtime/Cache/Home/c046e8f09f5013e6f3f2c1812d54574b.php 第 100 行.
NOTIC: [8] Use of undefined constant cid - assumed 'cid' /home/wwwroot/default/my/tpzol/App/Runtime/Cache/Home/c046e8f09f5013e6f3f2c1812d54574b.php 第 100 行.
NOTIC: [8] Use of undefined constant cid - assumed 'cid' /home/wwwroot/default/my/tpzol/App/Runtime/Cache/Home/c046e8f09f5013e6f3f2c1812d54574b.php 第 100 行.
NOTIC: [8] Use of undefined constant cid - assumed 'cid' /home/wwwroot/default/my/tpzol/App/Runtime/Cache/Home/c046e8f09f5013e6f3f2c1812d54574b.php 第 100 行.
INFO: Run Behavior\ParseTemplateBehavior [ RunTime:0.010916s ]
INFO: [ view_parse ] --END-- [ RunTime:0.010947s ]
INFO: [ view_filter ] --START--
INFO: Run Behavior\WriteHtmlCacheBehavior [ RunTime:0.000179s ]
INFO: [ view_filter ] --END-- [ RunTime:0.000206s ]
INFO: [ app_end ] --START--
INFO: Run Behavior\ShowPageTraceBehavior [ RunTime:0.000399s ]
INFO: [ app_end ] --END-- [ RunTime:0.000435s ]

[ 2017-01-10T12:37:49+08:00 ] 1.202.114.118 /my/tpzol/
INFO: [ app_init ] --START--
INFO: Run Behavior\BuildLiteBehavior [ RunTime:0.000023s ]
INFO: [ app_init ] --END-- [ RunTime:0.000294s ]
INFO: [ app_begin ] --START--
INFO: Run Behavior\ReadHtmlCacheBehavior [ RunTime:0.000363s ]
INFO: [ app_begin ] --END-- [ RunTime:0.000400s ]
SQL: SHOW COLUMNS FROM `zol_goods` [ RunTime:0.0005s ]
SQL: SHOW COLUMNS FROM `zol_category` [ RunTime:0.0003s ]
SQL: SELECT * FROM `zol_category`  [ RunTime:0.0001s ]
SQL: SELECT * FROM `zol_goods`  [ RunTime:0.0001s ]
INFO: [ view_parse ] --START--
INFO: [ template_filter ] --START--
INFO: Run Behavior\ContentReplaceBehavior [ RunTime:0.000092s ]
INFO: [ template_filter ] --END-- [ RunTime:0.000134s ]
SQL: SELECT * FROM `zol_category` WHERE ( pid=0 ) LIMIT 5   [ RunTime:0.0001s ]
NOTIC: [8] Use of undefined constant cid - assumed 'cid' /home/wwwroot/default/my/tpzol/App/Runtime/Cache/Home/c046e8f09f5013e6f3f2c1812d54574b.php 第 100 行.
NOTIC: [8] Use of undefined constant cid - assumed 'cid' /home/wwwroot/default/my/tpzol/App/Runtime/Cache/Home/c046e8f09f5013e6f3f2c1812d54574b.php 第 100 行.
NOTIC: [8] Use of undefined constant cid - assumed 'cid' /home/wwwroot/default/my/tpzol/App/Runtime/Cache/Home/c046e8f09f5013e6f3f2c1812d54574b.php 第 100 行.
NOTIC: [8] Use of undefined constant cid - assumed 'cid' /home/wwwroot/default/my/tpzol/App/Runtime/Cache/Home/c046e8f09f5013e6f3f2c1812d54574b.php 第 100 行.
NOTIC: [8] Use of undefined constant cid - assumed 'cid' /home/wwwroot/default/my/tpzol/App/Runtime/Cache/Home/c046e8f09f5013e6f3f2c1812d54574b.php 第 100 行.
NOTIC: [8] Use of undefined constant cid - assumed 'cid' /home/wwwroot/default/my/tpzol/App/Runtime/Cache/Home/c046e8f09f5013e6f3f2c1812d54574b.php 第 100 行.
NOTIC: [8] Use of undefined constant cid - assumed 'cid' /home/wwwroot/default/my/tpzol/App/Runtime/Cache/Home/c046e8f09f5013e6f3f2c1812d54574b.php 第 100 行.
NOTIC: [8] Use of undefined constant cid - assumed 'cid' /home/wwwroot/default/my/tpzol/App/Runtime/Cache/Home/c046e8f09f5013e6f3f2c1812d54574b.php 第 100 行.
NOTIC: [8] Use of undefined constant cid - assumed 'cid' /home/wwwroot/default/my/tpzol/App/Runtime/Cache/Home/c046e8f09f5013e6f3f2c1812d54574b.php 第 100 行.
NOTIC: [8] Use of undefined constant cid - assumed 'cid' /home/wwwroot/default/my/tpzol/App/Runtime/Cache/Home/c046e8f09f5013e6f3f2c1812d54574b.php 第 100 行.
NOTIC: [8] Use of undefined constant cid - assumed 'cid' /home/wwwroot/default/my/tpzol/App/Runtime/Cache/Home/c046e8f09f5013e6f3f2c1812d54574b.php 第 100 行.
INFO: Run Behavior\ParseTemplateBehavior [ RunTime:0.010479s ]
INFO: [ view_parse ] --END-- [ RunTime:0.010526s ]
INFO: [ view_filter ] --START--
INFO: Run Behavior\WriteHtmlCacheBehavior [ RunTime:0.000180s ]
INFO: [ view_filter ] --END-- [ RunTime:0.000214s ]
INFO: [ app_end ] --START--
INFO: Run Behavior\ShowPageTraceBehavior [ RunTime:0.000388s ]
INFO: [ app_end ] --END-- [ RunTime:0.000421s ]

[ 2017-01-10T12:37:50+08:00 ] 1.202.114.118 /my/tpzol/
INFO: [ app_init ] --START--
INFO: Run Behavior\BuildLiteBehavior [ RunTime:0.000011s ]
INFO: [ app_init ] --END-- [ RunTime:0.000279s ]
INFO: [ app_begin ] --START--
INFO: Run Behavior\ReadHtmlCacheBehavior [ RunTime:0.000381s ]
INFO: [ app_begin ] --END-- [ RunTime:0.000425s ]
SQL: SHOW COLUMNS FROM `zol_goods` [ RunTime:0.0005s ]
SQL: SHOW COLUMNS FROM `zol_category` [ RunTime:0.0003s ]
SQL: SELECT * FROM `zol_category`  [ RunTime:0.0001s ]
SQL: SELECT * FROM `zol_goods`  [ RunTime:0.0001s ]
INFO: [ view_parse ] --START--
INFO: [ template_filter ] --START--
INFO: Run Behavior\ContentReplaceBehavior [ RunTime:0.000099s ]
INFO: [ template_filter ] --END-- [ RunTime:0.000135s ]
SQL: SELECT * FROM `zol_category` WHERE ( pid=0 ) LIMIT 5   [ RunTime:0.0001s ]
NOTIC: [8] Use of undefined constant cid - assumed 'cid' /home/wwwroot/default/my/tpzol/App/Runtime/Cache/Home/c046e8f09f5013e6f3f2c1812d54574b.php 第 100 行.
NOTIC: [8] Use of undefined constant cid - assumed 'cid' /home/wwwroot/default/my/tpzol/App/Runtime/Cache/Home/c046e8f09f5013e6f3f2c1812d54574b.php 第 100 行.
NOTIC: [8] Use of undefined constant cid - assumed 'cid' /home/wwwroot/default/my/tpzol/App/Runtime/Cache/Home/c046e8f09f5013e6f3f2c1812d54574b.php 第 100 行.
NOTIC: [8] Use of undefined constant cid - assumed 'cid' /home/wwwroot/default/my/tpzol/App/Runtime/Cache/Home/c046e8f09f5013e6f3f2c1812d54574b.php 第 100 行.
NOTIC: [8] Use of undefined constant cid - assumed 'cid' /home/wwwroot/default/my/tpzol/App/Runtime/Cache/Home/c046e8f09f5013e6f3f2c1812d54574b.php 第 100 行.
NOTIC: [8] Use of undefined constant cid - assumed 'cid' /home/wwwroot/default/my/tpzol/App/Runtime/Cache/Home/c046e8f09f5013e6f3f2c1812d54574b.php 第 100 行.
NOTIC: [8] Use of undefined constant cid - assumed 'cid' /home/wwwroot/default/my/tpzol/App/Runtime/Cache/Home/c046e8f09f5013e6f3f2c1812d54574b.php 第 100 行.
NOTIC: [8] Use of undefined constant cid - assumed 'cid' /home/wwwroot/default/my/tpzol/App/Runtime/Cache/Home/c046e8f09f5013e6f3f2c1812d54574b.php 第 100 行.
NOTIC: [8] Use of undefined constant cid - assumed 'cid' /home/wwwroot/default/my/tpzol/App/Runtime/Cache/Home/c046e8f09f5013e6f3f2c1812d54574b.php 第 100 行.
NOTIC: [8] Use of undefined constant cid - assumed 'cid' /home/wwwroot/default/my/tpzol/App/Runtime/Cache/Home/c046e8f09f5013e6f3f2c1812d54574b.php 第 100 行.
NOTIC: [8] Use of undefined constant cid - assumed 'cid' /home/wwwroot/default/my/tpzol/App/Runtime/Cache/Home/c046e8f09f5013e6f3f2c1812d54574b.php 第 100 行.
INFO: Run Behavior\ParseTemplateBehavior [ RunTime:0.010443s ]
INFO: [ view_parse ] --END-- [ RunTime:0.010481s ]
INFO: [ view_filter ] --START--
INFO: Run Behavior\WriteHtmlCacheBehavior [ RunTime:0.000178s ]
INFO: [ view_filter ] --END-- [ RunTime:0.000206s ]
INFO: [ app_end ] --START--
INFO: Run Behavior\ShowPageTraceBehavior [ RunTime:0.000399s ]
INFO: [ app_end ] --END-- [ RunTime:0.000435s ]

[ 2017-01-10T12:37:52+08:00 ] 1.202.114.118 /my/tpzol/
INFO: [ app_init ] --START--
INFO: Run Behavior\BuildLiteBehavior [ RunTime:0.000010s ]
INFO: [ app_init ] --END-- [ RunTime:0.000271s ]
INFO: [ app_begin ] --START--
INFO: Run Behavior\ReadHtmlCacheBehavior [ RunTime:0.000442s ]
INFO: [ app_begin ] --END-- [ RunTime:0.000478s ]
SQL: SHOW COLUMNS FROM `zol_goods` [ RunTime:0.0005s ]
SQL: SHOW COLUMNS FROM `zol_category` [ RunTime:0.0003s ]
SQL: SELECT * FROM `zol_category`  [ RunTime:0.0001s ]
SQL: SELECT * FROM `zol_goods`  [ RunTime:0.0001s ]
INFO: [ view_parse ] --START--
INFO: [ template_filter ] --START--
INFO: Run Behavior\ContentReplaceBehavior [ RunTime:0.000086s ]
INFO: [ template_filter ] --END-- [ RunTime:0.000122s ]
SQL: SELECT * FROM `zol_category` WHERE ( pid=0 ) LIMIT 5   [ RunTime:0.0001s ]
NOTIC: [8] Use of undefined constant cid - assumed 'cid' /home/wwwroot/default/my/tpzol/App/Runtime/Cache/Home/c046e8f09f5013e6f3f2c1812d54574b.php 第 100 行.
NOTIC: [8] Use of undefined constant cid - assumed 'cid' /home/wwwroot/default/my/tpzol/App/Runtime/Cache/Home/c046e8f09f5013e6f3f2c1812d54574b.php 第 100 行.
NOTIC: [8] Use of undefined constant cid - assumed 'cid' /home/wwwroot/default/my/tpzol/App/Runtime/Cache/Home/c046e8f09f5013e6f3f2c1812d54574b.php 第 100 行.
NOTIC: [8] Use of undefined constant cid - assumed 'cid' /home/wwwroot/default/my/tpzol/App/Runtime/Cache/Home/c046e8f09f5013e6f3f2c1812d54574b.php 第 100 行.
NOTIC: [8] Use of undefined constant cid - assumed 'cid' /home/wwwroot/default/my/tpzol/App/Runtime/Cache/Home/c046e8f09f5013e6f3f2c1812d54574b.php 第 100 行.
NOTIC: [8] Use of undefined constant cid - assumed 'cid' /home/wwwroot/default/my/tpzol/App/Runtime/Cache/Home/c046e8f09f5013e6f3f2c1812d54574b.php 第 100 行.
NOTIC: [8] Use of undefined constant cid - assumed 'cid' /home/wwwroot/default/my/tpzol/App/Runtime/Cache/Home/c046e8f09f5013e6f3f2c1812d54574b.php 第 100 行.
NOTIC: [8] Use of undefined constant cid - assumed 'cid' /home/wwwroot/default/my/tpzol/App/Runtime/Cache/Home/c046e8f09f5013e6f3f2c1812d54574b.php 第 100 行.
NOTIC: [8] Use of undefined constant cid - assumed 'cid' /home/wwwroot/default/my/tpzol/App/Runtime/Cache/Home/c046e8f09f5013e6f3f2c1812d54574b.php 第 100 行.
NOTIC: [8] Use of undefined constant cid - assumed 'cid' /home/wwwroot/default/my/tpzol/App/Runtime/Cache/Home/c046e8f09f5013e6f3f2c1812d54574b.php 第 100 行.
NOTIC: [8] Use of undefined constant cid - assumed 'cid' /home/wwwroot/default/my/tpzol/App/Runtime/Cache/Home/c046e8f09f5013e6f3f2c1812d54574b.php 第 100 行.
INFO: Run Behavior\ParseTemplateBehavior [ RunTime:0.011363s ]
INFO: [ view_parse ] --END-- [ RunTime:0.011394s ]
INFO: [ view_filter ] --START--
INFO: Run Behavior\WriteHtmlCacheBehavior [ RunTime:0.000174s ]
INFO: [ view_filter ] --END-- [ RunTime:0.000202s ]
INFO: [ app_end ] --START--
INFO: Run Behavior\ShowPageTraceBehavior [ RunTime:0.000490s ]
INFO: [ app_end ] --END-- [ RunTime:0.000530s ]

[ 2017-01-10T12:37:55+08:00 ] 1.202.114.118 /my/tpzol/
INFO: [ app_init ] --START--
INFO: Run Behavior\BuildLiteBehavior [ RunTime:0.000011s ]
INFO: [ app_init ] --END-- [ RunTime:0.000272s ]
INFO: [ app_begin ] --START--
INFO: Run Behavior\ReadHtmlCacheBehavior [ RunTime:0.000364s ]
INFO: [ app_begin ] --END-- [ RunTime:0.000407s ]
SQL: SHOW COLUMNS FROM `zol_goods` [ RunTime:0.0004s ]
SQL: SHOW COLUMNS FROM `zol_category` [ RunTime:0.0003s ]
SQL: SELECT * FROM `zol_category`  [ RunTime:0.0001s ]
SQL: SELECT * FROM `zol_goods`  [ RunTime:0.0001s ]
INFO: [ view_parse ] --START--
INFO: [ template_filter ] --START--
INFO: Run Behavior\ContentReplaceBehavior [ RunTime:0.000102s ]
INFO: [ template_filter ] --END-- [ RunTime:0.000142s ]
SQL: SELECT * FROM `zol_category` WHERE ( pid=0 ) LIMIT 5   [ RunTime:0.0001s ]
NOTIC: [8] Use of undefined constant cid - assumed 'cid' /home/wwwroot/default/my/tpzol/App/Runtime/Cache/Home/c046e8f09f5013e6f3f2c1812d54574b.php 第 100 行.
NOTIC: [8] Use of undefined constant cid - assumed 'cid' /home/wwwroot/default/my/tpzol/App/Runtime/Cache/Home/c046e8f09f5013e6f3f2c1812d54574b.php 第 100 行.
NOTIC: [8] Use of undefined constant cid - assumed 'cid' /home/wwwroot/default/my/tpzol/App/Runtime/Cache/Home/c046e8f09f5013e6f3f2c1812d54574b.php 第 100 行.
NOTIC: [8] Use of undefined constant cid - assumed 'cid' /home/wwwroot/default/my/tpzol/App/Runtime/Cache/Home/c046e8f09f5013e6f3f2c1812d54574b.php 第 100 行.
NOTIC: [8] Use of undefined constant cid - assumed 'cid' /home/wwwroot/default/my/tpzol/App/Runtime/Cache/Home/c046e8f09f5013e6f3f2c1812d54574b.php 第 100 行.
NOTIC: [8] Use of undefined constant cid - assumed 'cid' /home/wwwroot/default/my/tpzol/App/Runtime/Cache/Home/c046e8f09f5013e6f3f2c1812d54574b.php 第 100 行.
NOTIC: [8] Use of undefined constant cid - assumed 'cid' /home/wwwroot/default/my/tpzol/App/Runtime/Cache/Home/c046e8f09f5013e6f3f2c1812d54574b.php 第 100 行.
NOTIC: [8] Use of undefined constant cid - assumed 'cid' /home/wwwroot/default/my/tpzol/App/Runtime/Cache/Home/c046e8f09f5013e6f3f2c1812d54574b.php 第 100 行.
NOTIC: [8] Use of undefined constant cid - assumed 'cid' /home/wwwroot/default/my/tpzol/App/Runtime/Cache/Home/c046e8f09f5013e6f3f2c1812d54574b.php 第 100 行.
NOTIC: [8] Use of undefined constant cid - assumed 'cid' /home/wwwroot/default/my/tpzol/App/Runtime/Cache/Home/c046e8f09f5013e6f3f2c1812d54574b.php 第 100 行.
NOTIC: [8] Use of undefined constant cid - assumed 'cid' /home/wwwroot/default/my/tpzol/App/Runtime/Cache/Home/c046e8f09f5013e6f3f2c1812d54574b.php 第 100 行.
INFO: Run Behavior\ParseTemplateBehavior [ RunTime:0.010444s ]
INFO: [ view_parse ] --END-- [ RunTime:0.010477s ]
INFO: [ view_filter ] --START--
INFO: Run Behavior\WriteHtmlCacheBehavior [ RunTime:0.000178s ]
INFO: [ view_filter ] --END-- [ RunTime:0.000232s ]
INFO: [ app_end ] --START--
INFO: Run Behavior\ShowPageTraceBehavior [ RunTime:0.000414s ]
INFO: [ app_end ] --END-- [ RunTime:0.000451s ]

[ 2017-01-10T12:37:59+08:00 ] 1.202.114.118 /my/tpzol/
INFO: [ app_init ] --START--
INFO: Run Behavior\BuildLiteBehavior [ RunTime:0.000011s ]
INFO: [ app_init ] --END-- [ RunTime:0.000270s ]
INFO: [ app_begin ] --START--
INFO: Run Behavior\ReadHtmlCacheBehavior [ RunTime:0.000367s ]
INFO: [ app_begin ] --END-- [ RunTime:0.000402s ]
SQL: SHOW COLUMNS FROM `zol_goods` [ RunTime:0.0005s ]
SQL: SHOW COLUMNS FROM `zol_category` [ RunTime:0.0003s ]
SQL: SELECT * FROM `zol_category`  [ RunTime:0.0001s ]
SQL: SELECT * FROM `zol_goods`  [ RunTime:0.0001s ]
INFO: [ view_parse ] --START--
INFO: [ template_filter ] --START--
INFO: Run Behavior\ContentReplaceBehavior [ RunTime:0.000090s ]
INFO: [ template_filter ] --END-- [ RunTime:0.000125s ]
SQL: SELECT * FROM `zol_category` WHERE ( pid=0 ) LIMIT 5   [ RunTime:0.0001s ]
NOTIC: [8] Use of undefined constant cid - assumed 'cid' /home/wwwroot/default/my/tpzol/App/Runtime/Cache/Home/c046e8f09f5013e6f3f2c1812d54574b.php 第 100 行.
NOTIC: [8] Use of undefined constant cid - assumed 'cid' /home/wwwroot/default/my/tpzol/App/Runtime/Cache/Home/c046e8f09f5013e6f3f2c1812d54574b.php 第 100 行.
NOTIC: [8] Use of undefined constant cid - assumed 'cid' /home/wwwroot/default/my/tpzol/App/Runtime/Cache/Home/c046e8f09f5013e6f3f2c1812d54574b.php 第 100 行.
NOTIC: [8] Use of undefined constant cid - assumed 'cid' /home/wwwroot/default/my/tpzol/App/Runtime/Cache/Home/c046e8f09f5013e6f3f2c1812d54574b.php 第 100 行.
NOTIC: [8] Use of undefined constant cid - assumed 'cid' /home/wwwroot/default/my/tpzol/App/Runtime/Cache/Home/c046e8f09f5013e6f3f2c1812d54574b.php 第 100 行.
NOTIC: [8] Use of undefined constant cid - assumed 'cid' /home/wwwroot/default/my/tpzol/App/Runtime/Cache/Home/c046e8f09f5013e6f3f2c1812d54574b.php 第 100 行.
NOTIC: [8] Use of undefined constant cid - assumed 'cid' /home/wwwroot/default/my/tpzol/App/Runtime/Cache/Home/c046e8f09f5013e6f3f2c1812d54574b.php 第 100 行.
NOTIC: [8] Use of undefined constant cid - assumed 'cid' /home/wwwroot/default/my/tpzol/App/Runtime/Cache/Home/c046e8f09f5013e6f3f2c1812d54574b.php 第 100 行.
NOTIC: [8] Use of undefined constant cid - assumed 'cid' /home/wwwroot/default/my/tpzol/App/Runtime/Cache/Home/c046e8f09f5013e6f3f2c1812d54574b.php 第 100 行.
NOTIC: [8] Use of undefined constant cid - assumed 'cid' /home/wwwroot/default/my/tpzol/App/Runtime/Cache/Home/c046e8f09f5013e6f3f2c1812d54574b.php 第 100 行.
NOTIC: [8] Use of undefined constant cid - assumed 'cid' /home/wwwroot/default/my/tpzol/App/Runtime/Cache/Home/c046e8f09f5013e6f3f2c1812d54574b.php 第 100 行.
INFO: Run Behavior\ParseTemplateBehavior [ RunTime:0.010616s ]
INFO: [ view_parse ] --END-- [ RunTime:0.010648s ]
INFO: [ view_filter ] --START--
INFO: Run Behavior\WriteHtmlCacheBehavior [ RunTime:0.000224s ]
INFO: [ view_filter ] --END-- [ RunTime:0.000252s ]
INFO: [ app_end ] --START--
INFO: Run Behavior\ShowPageTraceBehavior [ RunTime:0.000435s ]
INFO: [ app_end ] --END-- [ RunTime:0.000470s ]

[ 2017-01-10T12:38:03+08:00 ] 1.202.114.118 /my/tpzol/
INFO: [ app_init ] --START--
INFO: Run Behavior\BuildLiteBehavior [ RunTime:0.000011s ]
INFO: [ app_init ] --END-- [ RunTime:0.000268s ]
INFO: [ app_begin ] --START--
INFO: Run Behavior\ReadHtmlCacheBehavior [ RunTime:0.000488s ]
INFO: [ app_begin ] --END-- [ RunTime:0.000525s ]
SQL: SHOW COLUMNS FROM `zol_goods` [ RunTime:0.0005s ]
SQL: SHOW COLUMNS FROM `zol_category` [ RunTime:0.0003s ]
SQL: SELECT * FROM `zol_category`  [ RunTime:0.0001s ]
SQL: SELECT * FROM `zol_goods`  [ RunTime:0.0001s ]
INFO: [ view_parse ] --START--
INFO: [ template_filter ] --START--
INFO: Run Behavior\ContentReplaceBehavior [ RunTime:0.000092s ]
INFO: [ template_filter ] --END-- [ RunTime:0.000129s ]
SQL: SELECT * FROM `zol_category` WHERE ( pid=0 ) LIMIT 5   [ RunTime:0.0001s ]
NOTIC: [8] Use of undefined constant cid - assumed 'cid' /home/wwwroot/default/my/tpzol/App/Runtime/Cache/Home/c046e8f09f5013e6f3f2c1812d54574b.php 第 100 行.
NOTIC: [8] Use of undefined constant cid - assumed 'cid' /home/wwwroot/default/my/tpzol/App/Runtime/Cache/Home/c046e8f09f5013e6f3f2c1812d54574b.php 第 100 行.
NOTIC: [8] Use of undefined constant cid - assumed 'cid' /home/wwwroot/default/my/tpzol/App/Runtime/Cache/Home/c046e8f09f5013e6f3f2c1812d54574b.php 第 100 行.
NOTIC: [8] Use of undefined constant cid - assumed 'cid' /home/wwwroot/default/my/tpzol/App/Runtime/Cache/Home/c046e8f09f5013e6f3f2c1812d54574b.php 第 100 行.
NOTIC: [8] Use of undefined constant cid - assumed 'cid' /home/wwwroot/default/my/tpzol/App/Runtime/Cache/Home/c046e8f09f5013e6f3f2c1812d54574b.php 第 100 行.
NOTIC: [8] Use of undefined constant cid - assumed 'cid' /home/wwwroot/default/my/tpzol/App/Runtime/Cache/Home/c046e8f09f5013e6f3f2c1812d54574b.php 第 100 行.
NOTIC: [8] Use of undefined constant cid - assumed 'cid' /home/wwwroot/default/my/tpzol/App/Runtime/Cache/Home/c046e8f09f5013e6f3f2c1812d54574b.php 第 100 行.
NOTIC: [8] Use of undefined constant cid - assumed 'cid' /home/wwwroot/default/my/tpzol/App/Runtime/Cache/Home/c046e8f09f5013e6f3f2c1812d54574b.php 第 100 行.
NOTIC: [8] Use of undefined constant cid - assumed 'cid' /home/wwwroot/default/my/tpzol/App/Runtime/Cache/Home/c046e8f09f5013e6f3f2c1812d54574b.php 第 100 行.
NOTIC: [8] Use of undefined constant cid - assumed 'cid' /home/wwwroot/default/my/tpzol/App/Runtime/Cache/Home/c046e8f09f5013e6f3f2c1812d54574b.php 第 100 行.
NOTIC: [8] Use of undefined constant cid - assumed 'cid' /home/wwwroot/default/my/tpzol/App/Runtime/Cache/Home/c046e8f09f5013e6f3f2c1812d54574b.php 第 100 行.
INFO: Run Behavior\ParseTemplateBehavior [ RunTime:0.010461s ]
INFO: [ view_parse ] --END-- [ RunTime:0.010495s ]
INFO: [ view_filter ] --START--
INFO: Run Behavior\WriteHtmlCacheBehavior [ RunTime:0.000176s ]
INFO: [ view_filter ] --END-- [ RunTime:0.000203s ]
INFO: [ app_end ] --START--
INFO: Run Behavior\ShowPageTraceBehavior [ RunTime:0.000400s ]
INFO: [ app_end ] --END-- [ RunTime:0.000436s ]

[ 2017-01-10T12:38:05+08:00 ] 1.202.114.118 /my/tpzol/
INFO: [ app_init ] --START--
INFO: Run Behavior\BuildLiteBehavior [ RunTime:0.000011s ]
INFO: [ app_init ] --END-- [ RunTime:0.000277s ]
INFO: [ app_begin ] --START--
INFO: Run Behavior\ReadHtmlCacheBehavior [ RunTime:0.000373s ]
INFO: [ app_begin ] --END-- [ RunTime:0.000415s ]
SQL: SHOW COLUMNS FROM `zol_goods` [ RunTime:0.0005s ]
SQL: SHOW COLUMNS FROM `zol_category` [ RunTime:0.0003s ]
SQL: SELECT * FROM `zol_category`  [ RunTime:0.0001s ]
SQL: SELECT * FROM `zol_goods`  [ RunTime:0.0001s ]
INFO: [ view_parse ] --START--
INFO: [ template_filter ] --START--
INFO: Run Behavior\ContentReplaceBehavior [ RunTime:0.000092s ]
INFO: [ template_filter ] --END-- [ RunTime:0.000130s ]
SQL: SELECT * FROM `zol_category` WHERE ( pid=0 ) LIMIT 5   [ RunTime:0.0001s ]
NOTIC: [8] Use of undefined constant cid - assumed 'cid' /home/wwwroot/default/my/tpzol/App/Runtime/Cache/Home/c046e8f09f5013e6f3f2c1812d54574b.php 第 100 行.
NOTIC: [8] Use of undefined constant cid - assumed 'cid' /home/wwwroot/default/my/tpzol/App/Runtime/Cache/Home/c046e8f09f5013e6f3f2c1812d54574b.php 第 100 行.
NOTIC: [8] Use of undefined constant cid - assumed 'cid' /home/wwwroot/default/my/tpzol/App/Runtime/Cache/Home/c046e8f09f5013e6f3f2c1812d54574b.php 第 100 行.
NOTIC: [8] Use of undefined constant cid - assumed 'cid' /home/wwwroot/default/my/tpzol/App/Runtime/Cache/Home/c046e8f09f5013e6f3f2c1812d54574b.php 第 100 行.
NOTIC: [8] Use of undefined constant cid - assumed 'cid' /home/wwwroot/default/my/tpzol/App/Runtime/Cache/Home/c046e8f09f5013e6f3f2c1812d54574b.php 第 100 行.
NOTIC: [8] Use of undefined constant cid - assumed 'cid' /home/wwwroot/default/my/tpzol/App/Runtime/Cache/Home/c046e8f09f5013e6f3f2c1812d54574b.php 第 100 行.
NOTIC: [8] Use of undefined constant cid - assumed 'cid' /home/wwwroot/default/my/tpzol/App/Runtime/Cache/Home/c046e8f09f5013e6f3f2c1812d54574b.php 第 100 行.
NOTIC: [8] Use of undefined constant cid - assumed 'cid' /home/wwwroot/default/my/tpzol/App/Runtime/Cache/Home/c046e8f09f5013e6f3f2c1812d54574b.php 第 100 行.
NOTIC: [8] Use of undefined constant cid - assumed 'cid' /home/wwwroot/default/my/tpzol/App/Runtime/Cache/Home/c046e8f09f5013e6f3f2c1812d54574b.php 第 100 行.
NOTIC: [8] Use of undefined constant cid - assumed 'cid' /home/wwwroot/default/my/tpzol/App/Runtime/Cache/Home/c046e8f09f5013e6f3f2c1812d54574b.php 第 100 行.
NOTIC: [8] Use of undefined constant cid - assumed 'cid' /home/wwwroot/default/my/tpzol/App/Runtime/Cache/Home/c046e8f09f5013e6f3f2c1812d54574b.php 第 100 行.
INFO: Run Behavior\ParseTemplateBehavior [ RunTime:0.010713s ]
INFO: [ view_parse ] --END-- [ RunTime:0.010745s ]
INFO: [ view_filter ] --START--
INFO: Run Behavior\WriteHtmlCacheBehavior [ RunTime:0.000193s ]
INFO: [ view_filter ] --END-- [ RunTime:0.000220s ]
INFO: [ app_end ] --START--
INFO: Run Behavior\ShowPageTraceBehavior [ RunTime:0.000440s ]
INFO: [ app_end ] --END-- [ RunTime:0.000477s ]

[ 2017-01-10T15:49:17+08:00 ] 101.226.65.104 /my/tpzol/
INFO: [ app_init ] --START--
INFO: Run Behavior\BuildLiteBehavior [ RunTime:0.000011s ]
INFO: [ app_init ] --END-- [ RunTime:0.000265s ]
INFO: [ app_begin ] --START--
INFO: Run Behavior\ReadHtmlCacheBehavior [ RunTime:0.000362s ]
INFO: [ app_begin ] --END-- [ RunTime:0.000397s ]
SQL: SHOW COLUMNS FROM `zol_goods` [ RunTime:0.0004s ]
SQL: SHOW COLUMNS FROM `zol_category` [ RunTime:0.0003s ]
SQL: SELECT * FROM `zol_category`  [ RunTime:0.0001s ]
SQL: SELECT * FROM `zol_goods`  [ RunTime:0.0001s ]
INFO: [ view_parse ] --START--
INFO: [ template_filter ] --START--
INFO: Run Behavior\ContentReplaceBehavior [ RunTime:0.000104s ]
INFO: [ template_filter ] --END-- [ RunTime:0.000140s ]
SQL: SELECT * FROM `zol_category` WHERE ( pid=0 ) LIMIT 5   [ RunTime:0.0001s ]
NOTIC: [8] Use of undefined constant cid - assumed 'cid' /home/wwwroot/default/my/tpzol/App/Runtime/Cache/Home/c046e8f09f5013e6f3f2c1812d54574b.php 第 100 行.
NOTIC: [8] Use of undefined constant cid - assumed 'cid' /home/wwwroot/default/my/tpzol/App/Runtime/Cache/Home/c046e8f09f5013e6f3f2c1812d54574b.php 第 100 行.
NOTIC: [8] Use of undefined constant cid - assumed 'cid' /home/wwwroot/default/my/tpzol/App/Runtime/Cache/Home/c046e8f09f5013e6f3f2c1812d54574b.php 第 100 行.
NOTIC: [8] Use of undefined constant cid - assumed 'cid' /home/wwwroot/default/my/tpzol/App/Runtime/Cache/Home/c046e8f09f5013e6f3f2c1812d54574b.php 第 100 行.
NOTIC: [8] Use of undefined constant cid - assumed 'cid' /home/wwwroot/default/my/tpzol/App/Runtime/Cache/Home/c046e8f09f5013e6f3f2c1812d54574b.php 第 100 行.
NOTIC: [8] Use of undefined constant cid - assumed 'cid' /home/wwwroot/default/my/tpzol/App/Runtime/Cache/Home/c046e8f09f5013e6f3f2c1812d54574b.php 第 100 行.
NOTIC: [8] Use of undefined constant cid - assumed 'cid' /home/wwwroot/default/my/tpzol/App/Runtime/Cache/Home/c046e8f09f5013e6f3f2c1812d54574b.php 第 100 行.
NOTIC: [8] Use of undefined constant cid - assumed 'cid' /home/wwwroot/default/my/tpzol/App/Runtime/Cache/Home/c046e8f09f5013e6f3f2c1812d54574b.php 第 100 行.
NOTIC: [8] Use of undefined constant cid - assumed 'cid' /home/wwwroot/default/my/tpzol/App/Runtime/Cache/Home/c046e8f09f5013e6f3f2c1812d54574b.php 第 100 行.
NOTIC: [8] Use of undefined constant cid - assumed 'cid' /home/wwwroot/default/my/tpzol/App/Runtime/Cache/Home/c046e8f09f5013e6f3f2c1812d54574b.php 第 100 行.
NOTIC: [8] Use of undefined constant cid - assumed 'cid' /home/wwwroot/default/my/tpzol/App/Runtime/Cache/Home/c046e8f09f5013e6f3f2c1812d54574b.php 第 100 行.
INFO: Run Behavior\ParseTemplateBehavior [ RunTime:0.010764s ]
INFO: [ view_parse ] --END-- [ RunTime:0.010796s ]
INFO: [ view_filter ] --START--
INFO: Run Behavior\WriteHtmlCacheBehavior [ RunTime:0.000177s ]
INFO: [ view_filter ] --END-- [ RunTime:0.000207s ]
INFO: [ app_end ] --START--
INFO: Run Behavior\ShowPageTraceBehavior [ RunTime:0.000420s ]
INFO: [ app_end ] --END-- [ RunTime:0.000456s ]

[ 2017-01-10T20:11:19+08:00 ] 112.90.82.218 /my/tpzol/
INFO: [ app_init ] --START--
INFO: Run Behavior\BuildLiteBehavior [ RunTime:0.000010s ]
INFO: [ app_init ] --END-- [ RunTime:0.000278s ]
INFO: [ app_begin ] --START--
INFO: Run Behavior\ReadHtmlCacheBehavior [ RunTime:0.000411s ]
INFO: [ app_begin ] --END-- [ RunTime:0.000447s ]
SQL: SHOW COLUMNS FROM `zol_goods` [ RunTime:0.0005s ]
SQL: SHOW COLUMNS FROM `zol_category` [ RunTime:0.0003s ]
SQL: SELECT * FROM `zol_category`  [ RunTime:0.0001s ]
SQL: SELECT * FROM `zol_goods`  [ RunTime:0.0001s ]
INFO: [ view_parse ] --START--
INFO: [ template_filter ] --START--
INFO: Run Behavior\ContentReplaceBehavior [ RunTime:0.000097s ]
INFO: [ template_filter ] --END-- [ RunTime:0.000130s ]
SQL: SELECT * FROM `zol_category` WHERE ( pid=0 ) LIMIT 5   [ RunTime:0.0001s ]
NOTIC: [8] Use of undefined constant cid - assumed 'cid' /home/wwwroot/default/my/tpzol/App/Runtime/Cache/Home/c046e8f09f5013e6f3f2c1812d54574b.php 第 100 行.
NOTIC: [8] Use of undefined constant cid - assumed 'cid' /home/wwwroot/default/my/tpzol/App/Runtime/Cache/Home/c046e8f09f5013e6f3f2c1812d54574b.php 第 100 行.
NOTIC: [8] Use of undefined constant cid - assumed 'cid' /home/wwwroot/default/my/tpzol/App/Runtime/Cache/Home/c046e8f09f5013e6f3f2c1812d54574b.php 第 100 行.
NOTIC: [8] Use of undefined constant cid - assumed 'cid' /home/wwwroot/default/my/tpzol/App/Runtime/Cache/Home/c046e8f09f5013e6f3f2c1812d54574b.php 第 100 行.
NOTIC: [8] Use of undefined constant cid - assumed 'cid' /home/wwwroot/default/my/tpzol/App/Runtime/Cache/Home/c046e8f09f5013e6f3f2c1812d54574b.php 第 100 行.
NOTIC: [8] Use of undefined constant cid - assumed 'cid' /home/wwwroot/default/my/tpzol/App/Runtime/Cache/Home/c046e8f09f5013e6f3f2c1812d54574b.php 第 100 行.
NOTIC: [8] Use of undefined constant cid - assumed 'cid' /home/wwwroot/default/my/tpzol/App/Runtime/Cache/Home/c046e8f09f5013e6f3f2c1812d54574b.php 第 100 行.
NOTIC: [8] Use of undefined constant cid - assumed 'cid' /home/wwwroot/default/my/tpzol/App/Runtime/Cache/Home/c046e8f09f5013e6f3f2c1812d54574b.php 第 100 行.
NOTIC: [8] Use of undefined constant cid - assumed 'cid' /home/wwwroot/default/my/tpzol/App/Runtime/Cache/Home/c046e8f09f5013e6f3f2c1812d54574b.php 第 100 行.
NOTIC: [8] Use of undefined constant cid - assumed 'cid' /home/wwwroot/default/my/tpzol/App/Runtime/Cache/Home/c046e8f09f5013e6f3f2c1812d54574b.php 第 100 行.
NOTIC: [8] Use of undefined constant cid - assumed 'cid' /home/wwwroot/default/my/tpzol/App/Runtime/Cache/Home/c046e8f09f5013e6f3f2c1812d54574b.php 第 100 行.
INFO: Run Behavior\ParseTemplateBehavior [ RunTime:0.010502s ]
INFO: [ view_parse ] --END-- [ RunTime:0.010533s ]
INFO: [ view_filter ] --START--
INFO: Run Behavior\WriteHtmlCacheBehavior [ RunTime:0.000180s ]
INFO: [ view_filter ] --END-- [ RunTime:0.000207s ]
INFO: [ app_end ] --START--
INFO: Run Behavior\ShowPageTraceBehavior [ RunTime:0.000393s ]
INFO: [ app_end ] --END-- [ RunTime:0.000428s ]

[ 2017-01-10T23:26:35+08:00 ] 180.153.214.199 /my/tpzol/
INFO: [ app_init ] --START--
INFO: Run Behavior\BuildLiteBehavior [ RunTime:0.000010s ]
INFO: [ app_init ] --END-- [ RunTime:0.000270s ]
INFO: [ app_begin ] --START--
INFO: Run Behavior\ReadHtmlCacheBehavior [ RunTime:0.000365s ]
INFO: [ app_begin ] --END-- [ RunTime:0.000432s ]
SQL: SHOW COLUMNS FROM `zol_goods` [ RunTime:0.0005s ]
SQL: SHOW COLUMNS FROM `zol_category` [ RunTime:0.0003s ]
SQL: SELECT * FROM `zol_category`  [ RunTime:0.0001s ]
SQL: SELECT * FROM `zol_goods`  [ RunTime:0.0001s ]
INFO: [ view_parse ] --START--
INFO: [ template_filter ] --START--
INFO: Run Behavior\ContentReplaceBehavior [ RunTime:0.000110s ]
INFO: [ template_filter ] --END-- [ RunTime:0.000145s ]
SQL: SELECT * FROM `zol_category` WHERE ( pid=0 ) LIMIT 5   [ RunTime:0.0001s ]
NOTIC: [8] Use of undefined constant cid - assumed 'cid' /home/wwwroot/default/my/tpzol/App/Runtime/Cache/Home/c046e8f09f5013e6f3f2c1812d54574b.php 第 100 行.
NOTIC: [8] Use of undefined constant cid - assumed 'cid' /home/wwwroot/default/my/tpzol/App/Runtime/Cache/Home/c046e8f09f5013e6f3f2c1812d54574b.php 第 100 行.
NOTIC: [8] Use of undefined constant cid - assumed 'cid' /home/wwwroot/default/my/tpzol/App/Runtime/Cache/Home/c046e8f09f5013e6f3f2c1812d54574b.php 第 100 行.
NOTIC: [8] Use of undefined constant cid - assumed 'cid' /home/wwwroot/default/my/tpzol/App/Runtime/Cache/Home/c046e8f09f5013e6f3f2c1812d54574b.php 第 100 行.
NOTIC: [8] Use of undefined constant cid - assumed 'cid' /home/wwwroot/default/my/tpzol/App/Runtime/Cache/Home/c046e8f09f5013e6f3f2c1812d54574b.php 第 100 行.
NOTIC: [8] Use of undefined constant cid - assumed 'cid' /home/wwwroot/default/my/tpzol/App/Runtime/Cache/Home/c046e8f09f5013e6f3f2c1812d54574b.php 第 100 行.
NOTIC: [8] Use of undefined constant cid - assumed 'cid' /home/wwwroot/default/my/tpzol/App/Runtime/Cache/Home/c046e8f09f5013e6f3f2c1812d54574b.php 第 100 行.
NOTIC: [8] Use of undefined constant cid - assumed 'cid' /home/wwwroot/default/my/tpzol/App/Runtime/Cache/Home/c046e8f09f5013e6f3f2c1812d54574b.php 第 100 行.
NOTIC: [8] Use of undefined constant cid - assumed 'cid' /home/wwwroot/default/my/tpzol/App/Runtime/Cache/Home/c046e8f09f5013e6f3f2c1812d54574b.php 第 100 行.
NOTIC: [8] Use of undefined constant cid - assumed 'cid' /home/wwwroot/default/my/tpzol/App/Runtime/Cache/Home/c046e8f09f5013e6f3f2c1812d54574b.php 第 100 行.
NOTIC: [8] Use of undefined constant cid - assumed 'cid' /home/wwwroot/default/my/tpzol/App/Runtime/Cache/Home/c046e8f09f5013e6f3f2c1812d54574b.php 第 100 行.
INFO: Run Behavior\ParseTemplateBehavior [ RunTime:0.010775s ]
INFO: [ view_parse ] --END-- [ RunTime:0.010806s ]
INFO: [ view_filter ] --START--
INFO: Run Behavior\WriteHtmlCacheBehavior [ RunTime:0.000182s ]
INFO: [ view_filter ] --END-- [ RunTime:0.000208s ]
INFO: [ app_end ] --START--
INFO: Run Behavior\ShowPageTraceBehavior [ RunTime:0.000386s ]
INFO: [ app_end ] --END-- [ RunTime:0.000439s ]

