[ 2016-07-01T09:53:16+08:00 ] 127.0.0.1 /tpzol//tpzol/Public/Home/images/03.jpg
INFO: [ app_init ] --START--
INFO: Run Behavior\BuildLiteBehavior [ RunTime:0.000033s ]
INFO: [ app_init ] --END-- [ RunTime:0.000576s ]
ERR: 无法加载模块:Tpzol

[ 2016-07-01T10:04:47+08:00 ] 127.0.0.1 /tpzol//tpzol/Public/Home/images/03.jpg
INFO: [ app_init ] --START--
INFO: Run Behavior\BuildLiteBehavior [ RunTime:0.000028s ]
INFO: [ app_init ] --END-- [ RunTime:0.000529s ]
ERR: 无法加载模块:Tpzol

[ 2016-07-01T10:22:17+08:00 ] 127.0.0.1 /tpzol//tpzol/Public/Home/images/03.jpg
INFO: [ app_init ] --START--
INFO: Run Behavior\BuildLiteBehavior [ RunTime:0.000049s ]
INFO: [ app_init ] --END-- [ RunTime:0.001063s ]
ERR: 无法加载模块:Tpzol

[ 2016-07-01T10:22:21+08:00 ] 127.0.0.1 /tpzol/Public/Home/css/css.css.map
INFO: [ app_init ] --START--
INFO: Run Behavior\BuildLiteBehavior [ RunTime:0.000062s ]
INFO: [ app_init ] --END-- [ RunTime:0.001240s ]
ERR: 无法加载模块:Public

[ 2016-07-01T10:22:50+08:00 ] 127.0.0.1 /tpzol/Public/Home/css/css.css.map
INFO: [ app_init ] --START--
INFO: Run Behavior\BuildLiteBehavior [ RunTime:0.000058s ]
INFO: [ app_init ] --END-- [ RunTime:0.001454s ]
ERR: 无法加载模块:Public

[ 2016-07-01T10:22:50+08:00 ] 127.0.0.1 /tpzol//tpzol/Public/Home/images/03.jpg
INFO: [ app_init ] --START--
INFO: Run Behavior\BuildLiteBehavior [ RunTime:0.000046s ]
INFO: [ app_init ] --END-- [ RunTime:0.000830s ]
ERR: 无法加载模块:Tpzol

