[ 2016-07-07T17:31:31+08:00 ] 127.0.0.1 /my/tpzol//my/tpzol/Public/Home/images/03.jpg
INFO: [ app_init ] --START--
INFO: Run Behavior\BuildLiteBehavior [ RunTime:0.000029s ]
INFO: [ app_init ] --END-- [ RunTime:0.000571s ]
ERR: 无法加载模块:My

[ 2016-07-07T17:35:23+08:00 ] 127.0.0.1 /my/tpzol//my/tpzol/Public/Home/images/03.jpg
INFO: [ app_init ] --START--
INFO: Run Behavior\BuildLiteBehavior [ RunTime:0.000052s ]
INFO: [ app_init ] --END-- [ RunTime:0.000731s ]
ERR: 无法加载模块:My

[ 2016-07-07T17:35:58+08:00 ] 127.0.0.1 /my/tpzol/Public/Home/css/css.css.map
INFO: [ app_init ] --START--
INFO: Run Behavior\BuildLiteBehavior [ RunTime:0.000030s ]
INFO: [ app_init ] --END-- [ RunTime:0.000603s ]
ERR: 无法加载模块:Public

[ 2016-07-07T20:43:31+08:00 ] 127.0.0.1 /myProject/tpzol//myProject/tpzol/Public/Home/images/03.jpg
INFO: [ app_init ] --START--
INFO: Run Behavior\BuildLiteBehavior [ RunTime:0.000049s ]
INFO: [ app_init ] --END-- [ RunTime:0.000940s ]
ERR: 无法加载模块:MyProject

[ 2016-07-07T20:44:19+08:00 ] 127.0.0.1 /myProject/tpzol/Public/Home/css/css.css.map
INFO: [ app_init ] --START--
INFO: Run Behavior\BuildLiteBehavior [ RunTime:0.000029s ]
INFO: [ app_init ] --END-- [ RunTime:0.000606s ]
ERR: 无法加载模块:Public

[ 2016-07-07T20:45:32+08:00 ] 127.0.0.1 /myProject/tpzol/Public/Home/css/list.css.map
INFO: [ app_init ] --START--
INFO: Run Behavior\BuildLiteBehavior [ RunTime:0.000053s ]
INFO: [ app_init ] --END-- [ RunTime:0.001136s ]
ERR: 无法加载模块:Public

[ 2016-07-07T20:46:04+08:00 ] 127.0.0.1 /myProject/tpzol/Public/Home/css/list.css.map
INFO: [ app_init ] --START--
INFO: Run Behavior\BuildLiteBehavior [ RunTime:0.000055s ]
INFO: [ app_init ] --END-- [ RunTime:0.001145s ]
ERR: 无法加载模块:Public

[ 2016-07-07T20:46:13+08:00 ] 127.0.0.1 /myProject/tpzol/Public/Home/css/css.css.map
INFO: [ app_init ] --START--
INFO: Run Behavior\BuildLiteBehavior [ RunTime:0.000052s ]
INFO: [ app_init ] --END-- [ RunTime:0.001011s ]
ERR: 无法加载模块:Public

[ 2016-07-07T20:46:26+08:00 ] 127.0.0.1 /myProject/tpzol/Public/Home/css/list.css.map
INFO: [ app_init ] --START--
INFO: Run Behavior\BuildLiteBehavior [ RunTime:0.000029s ]
INFO: [ app_init ] --END-- [ RunTime:0.000638s ]
ERR: 无法加载模块:Public

[ 2016-07-07T20:46:49+08:00 ] 127.0.0.1 /myProject/tpzol/Public/Home/css/list.css.map
INFO: [ app_init ] --START--
INFO: Run Behavior\BuildLiteBehavior [ RunTime:0.000054s ]
INFO: [ app_init ] --END-- [ RunTime:0.001013s ]
ERR: 无法加载模块:Public

[ 2016-07-07T20:47:03+08:00 ] 127.0.0.1 /myProject/tpzol/Public/Home/css/css.css.map
INFO: [ app_init ] --START--
INFO: Run Behavior\BuildLiteBehavior [ RunTime:0.000049s ]
INFO: [ app_init ] --END-- [ RunTime:0.000717s ]
ERR: 无法加载模块:Public

[ 2016-07-07T20:47:25+08:00 ] 127.0.0.1 /myProject/tpzol/Public/Home/css/list.css.map
INFO: [ app_init ] --START--
INFO: Run Behavior\BuildLiteBehavior [ RunTime:0.000030s ]
INFO: [ app_init ] --END-- [ RunTime:0.000634s ]
ERR: 无法加载模块:Public

[ 2016-07-07T20:47:58+08:00 ] 127.0.0.1 /myProject/tpzol/Public/Home/css/list.css.map
INFO: [ app_init ] --START--
INFO: Run Behavior\BuildLiteBehavior [ RunTime:0.000031s ]
INFO: [ app_init ] --END-- [ RunTime:0.000776s ]
ERR: 无法加载模块:Public

