[ 2016-06-30T11:46:01+08:00 ] 127.0.0.1 /tpzol//tpzol/Public/Home/images/03.jpg
INFO: [ app_init ] --START--
INFO: Run Behavior\BuildLiteBehavior [ RunTime:0.000039s ]
INFO: [ app_init ] --END-- [ RunTime:0.000670s ]
ERR: 无法加载模块:Tpzol

[ 2016-06-30T11:49:47+08:00 ] 127.0.0.1 /tpzol/Public/Home/css/css.css.map
INFO: [ app_init ] --START--
INFO: Run Behavior\BuildLiteBehavior [ RunTime:0.000029s ]
INFO: [ app_init ] --END-- [ RunTime:0.000517s ]
ERR: 无法加载模块:Public

[ 2016-06-30T11:54:12+08:00 ] 127.0.0.1 /tpzol/Public/Home/css/css.css.map
INFO: [ app_init ] --START--
INFO: Run Behavior\BuildLiteBehavior [ RunTime:0.000032s ]
INFO: [ app_init ] --END-- [ RunTime:0.000670s ]
ERR: 无法加载模块:Public

[ 2016-06-30T11:54:32+08:00 ] 127.0.0.1 /tpzol/Public/Home/css/css.css.map
INFO: [ app_init ] --START--
INFO: Run Behavior\BuildLiteBehavior [ RunTime:0.000031s ]
INFO: [ app_init ] --END-- [ RunTime:0.000528s ]
ERR: 无法加载模块:Public

[ 2016-06-30T11:59:32+08:00 ] 127.0.0.1 /tpzol//tpzol/Public/Home/images/03.jpg
INFO: [ app_init ] --START--
INFO: Run Behavior\BuildLiteBehavior [ RunTime:0.000048s ]
INFO: [ app_init ] --END-- [ RunTime:0.001056s ]
ERR: 无法加载模块:Tpzol

[ 2016-06-30T13:54:09+08:00 ] 127.0.0.1 /tpzol//tpzol/Public/Home/images/03.jpg
INFO: [ app_init ] --START--
INFO: Run Behavior\BuildLiteBehavior [ RunTime:0.000085s ]
INFO: [ app_init ] --END-- [ RunTime:0.001705s ]
ERR: 无法加载模块:Tpzol

[ 2016-06-30T13:59:53+08:00 ] 127.0.0.1 /tpzol//tpzol/Public/Home/images/03.jpg
INFO: [ app_init ] --START--
INFO: Run Behavior\BuildLiteBehavior [ RunTime:0.000141s ]
INFO: [ app_init ] --END-- [ RunTime:0.002939s ]
ERR: 无法加载模块:Tpzol

