[ 2016-06-25T06:55:15+08:00 ] 127.0.0.1 /tpzol/Public/Admin/Flat/docs/assets/css/demo.css
INFO: [ app_init ] --START--
INFO: Run Behavior\BuildLiteBehavior [ RunTime:0.000076s ]
INFO: [ app_init ] --END-- [ RunTime:0.001800s ]
ERR: 无法加载模块:Public

[ 2016-06-25T06:55:16+08:00 ] 127.0.0.1 /tpzol/Public/Admin/Flat/docs/assets/css/demo.css
INFO: [ app_init ] --START--
INFO: Run Behavior\BuildLiteBehavior [ RunTime:0.000027s ]
INFO: [ app_init ] --END-- [ RunTime:0.000598s ]
ERR: 无法加载模块:Public

[ 2016-06-25T06:55:43+08:00 ] 127.0.0.1 /tpzol/Public/Admin/Flat/docs/assets/css/demo.css
INFO: [ app_init ] --START--
INFO: Run Behavior\BuildLiteBehavior [ RunTime:0.000032s ]
INFO: [ app_init ] --END-- [ RunTime:0.000671s ]
ERR: 无法加载模块:Public

[ 2016-06-25T06:55:45+08:00 ] 127.0.0.1 /tpzol/Public/Admin/Flat/docs/assets/css/demo.css
INFO: [ app_init ] --START--
INFO: Run Behavior\BuildLiteBehavior [ RunTime:0.000029s ]
INFO: [ app_init ] --END-- [ RunTime:0.000532s ]
ERR: 无法加载模块:Public

[ 2016-06-25T06:56:01+08:00 ] 127.0.0.1 /tpzol/Public/Admin/Flat/docs/assets/css/demo.css
INFO: [ app_init ] --START--
INFO: Run Behavior\BuildLiteBehavior [ RunTime:0.000076s ]
INFO: [ app_init ] --END-- [ RunTime:0.001227s ]
ERR: 无法加载模块:Public

[ 2016-06-25T07:15:31+08:00 ] 127.0.0.1 /tpzol/Public/Admin/Flat/docs/assets/css/demo.css
INFO: [ app_init ] --START--
INFO: Run Behavior\BuildLiteBehavior [ RunTime:0.000053s ]
INFO: [ app_init ] --END-- [ RunTime:0.000663s ]
ERR: 无法加载模块:Public

[ 2016-06-25T07:16:05+08:00 ] 127.0.0.1 /tpzol/Public/Admin/Flat/docs/assets/css/demo.css
INFO: [ app_init ] --START--
INFO: Run Behavior\BuildLiteBehavior [ RunTime:0.000048s ]
INFO: [ app_init ] --END-- [ RunTime:0.000878s ]
ERR: 无法加载模块:Public

[ 2016-06-25T07:16:13+08:00 ] 127.0.0.1 /tpzol/Public/Admin/Flat/docs/assets/css/demo.css
INFO: [ app_init ] --START--
INFO: Run Behavior\BuildLiteBehavior [ RunTime:0.000048s ]
INFO: [ app_init ] --END-- [ RunTime:0.000863s ]
ERR: 无法加载模块:Public

[ 2016-06-25T07:16:21+08:00 ] 127.0.0.1 /tpzol/Public/Admin/Flat/docs/assets/css/demo.css
INFO: [ app_init ] --START--
INFO: Run Behavior\BuildLiteBehavior [ RunTime:0.000031s ]
INFO: [ app_init ] --END-- [ RunTime:0.000618s ]
ERR: 无法加载模块:Public

[ 2016-06-25T07:18:16+08:00 ] 127.0.0.1 /tpzol/Public/Admin/Flat/docs/assets/css/demo.css
INFO: [ app_init ] --START--
INFO: Run Behavior\BuildLiteBehavior [ RunTime:0.000044s ]
INFO: [ app_init ] --END-- [ RunTime:0.000853s ]
ERR: 无法加载模块:Public

[ 2016-06-25T07:18:35+08:00 ] 127.0.0.1 /tpzol/Public/Admin/Flat/docs/assets/css/demo.css
INFO: [ app_init ] --START--
INFO: Run Behavior\BuildLiteBehavior [ RunTime:0.000035s ]
INFO: [ app_init ] --END-- [ RunTime:0.000607s ]
ERR: 无法加载模块:Public

[ 2016-06-25T07:22:45+08:00 ] 127.0.0.1 /tpzol/Public/Admin/Flat/docs/assets/css/demo.css
INFO: [ app_init ] --START--
INFO: Run Behavior\BuildLiteBehavior [ RunTime:0.000052s ]
INFO: [ app_init ] --END-- [ RunTime:0.000765s ]
ERR: 无法加载模块:Public

[ 2016-06-25T07:22:57+08:00 ] 127.0.0.1 /tpzol/Public/Admin/Flat/docs/assets/css/demo.css
INFO: [ app_init ] --START--
INFO: Run Behavior\BuildLiteBehavior [ RunTime:0.000030s ]
INFO: [ app_init ] --END-- [ RunTime:0.000525s ]
ERR: 无法加载模块:Public

[ 2016-06-25T07:23:02+08:00 ] 127.0.0.1 /tpzol/Public/Admin/Flat/docs/assets/css/demo.css
INFO: [ app_init ] --START--
INFO: Run Behavior\BuildLiteBehavior [ RunTime:0.000029s ]
INFO: [ app_init ] --END-- [ RunTime:0.000534s ]
ERR: 无法加载模块:Public

[ 2016-06-25T07:27:33+08:00 ] 127.0.0.1 /tpzol/Public/Admin/Flat/docs/assets/css/demo.css
INFO: [ app_init ] --START--
INFO: Run Behavior\BuildLiteBehavior [ RunTime:0.000034s ]
INFO: [ app_init ] --END-- [ RunTime:0.000743s ]
ERR: 无法加载模块:Public

[ 2016-06-25T07:27:51+08:00 ] 127.0.0.1 /tpzol/Public/Admin/Flat/docs/assets/css/demo.css
INFO: [ app_init ] --START--
INFO: Run Behavior\BuildLiteBehavior [ RunTime:0.000034s ]
INFO: [ app_init ] --END-- [ RunTime:0.000632s ]
ERR: 无法加载模块:Public

[ 2016-06-25T07:31:02+08:00 ] 127.0.0.1 /tpzol/Public/Admin/Flat/docs/assets/css/demo.css
INFO: [ app_init ] --START--
INFO: Run Behavior\BuildLiteBehavior [ RunTime:0.000035s ]
INFO: [ app_init ] --END-- [ RunTime:0.000658s ]
ERR: 无法加载模块:Public

[ 2016-06-25T07:31:23+08:00 ] 127.0.0.1 /tpzol/Public/Admin/Flat/docs/assets/css/demo.css
INFO: [ app_init ] --START--
INFO: Run Behavior\BuildLiteBehavior [ RunTime:0.000031s ]
INFO: [ app_init ] --END-- [ RunTime:0.000552s ]
ERR: 无法加载模块:Public

[ 2016-06-25T07:32:49+08:00 ] 127.0.0.1 /tpzol/Public/Admin/Flat/docs/assets/css/demo.css
INFO: [ app_init ] --START--
INFO: Run Behavior\BuildLiteBehavior [ RunTime:0.000031s ]
INFO: [ app_init ] --END-- [ RunTime:0.000691s ]
ERR: 无法加载模块:Public

[ 2016-06-25T07:32:57+08:00 ] 127.0.0.1 /tpzol/Public/Admin/Flat/docs/assets/css/demo.css
INFO: [ app_init ] --START--
INFO: Run Behavior\BuildLiteBehavior [ RunTime:0.000028s ]
INFO: [ app_init ] --END-- [ RunTime:0.000485s ]
ERR: 无法加载模块:Public

[ 2016-06-25T07:32:58+08:00 ] 127.0.0.1 /tpzol/Public/Admin/Flat/docs/assets/css/demo.css
INFO: [ app_init ] --START--
INFO: Run Behavior\BuildLiteBehavior [ RunTime:0.000047s ]
INFO: [ app_init ] --END-- [ RunTime:0.000762s ]
ERR: 无法加载模块:Public

[ 2016-06-25T07:32:59+08:00 ] 127.0.0.1 /tpzol/Public/Admin/Flat/docs/assets/css/demo.css
INFO: [ app_init ] --START--
INFO: Run Behavior\BuildLiteBehavior [ RunTime:0.000029s ]
INFO: [ app_init ] --END-- [ RunTime:0.000491s ]
ERR: 无法加载模块:Public

[ 2016-06-25T07:33:05+08:00 ] 127.0.0.1 /tpzol/Public/Admin/Flat/docs/assets/css/demo.css
INFO: [ app_init ] --START--
INFO: Run Behavior\BuildLiteBehavior [ RunTime:0.000056s ]
INFO: [ app_init ] --END-- [ RunTime:0.000967s ]
ERR: 无法加载模块:Public

[ 2016-06-25T07:33:07+08:00 ] 127.0.0.1 /tpzol/Public/Admin/Flat/docs/assets/css/demo.css
INFO: [ app_init ] --START--
INFO: Run Behavior\BuildLiteBehavior [ RunTime:0.000047s ]
INFO: [ app_init ] --END-- [ RunTime:0.000766s ]
ERR: 无法加载模块:Public

[ 2016-06-25T07:33:09+08:00 ] 127.0.0.1 /tpzol/Public/Admin/Flat/docs/assets/css/demo.css
INFO: [ app_init ] --START--
INFO: Run Behavior\BuildLiteBehavior [ RunTime:0.000049s ]
INFO: [ app_init ] --END-- [ RunTime:0.000781s ]
ERR: 无法加载模块:Public

[ 2016-06-25T07:33:11+08:00 ] 127.0.0.1 /tpzol/Public/Admin/Flat/docs/assets/css/demo.css
INFO: [ app_init ] --START--
INFO: Run Behavior\BuildLiteBehavior [ RunTime:0.000031s ]
INFO: [ app_init ] --END-- [ RunTime:0.000548s ]
ERR: 无法加载模块:Public

[ 2016-06-25T07:33:22+08:00 ] 127.0.0.1 /tpzol/Public/Admin/Flat/docs/assets/css/demo.css
INFO: [ app_init ] --START--
INFO: Run Behavior\BuildLiteBehavior [ RunTime:0.000059s ]
INFO: [ app_init ] --END-- [ RunTime:0.000994s ]
ERR: 无法加载模块:Public

[ 2016-06-25T07:33:25+08:00 ] 127.0.0.1 /tpzol/Public/Admin/Flat/docs/assets/css/demo.css
INFO: [ app_init ] --START--
INFO: Run Behavior\BuildLiteBehavior [ RunTime:0.000046s ]
INFO: [ app_init ] --END-- [ RunTime:0.000825s ]
ERR: 无法加载模块:Public

[ 2016-06-25T07:33:31+08:00 ] 127.0.0.1 /tpzol/Public/Admin/Flat/docs/assets/css/demo.css
INFO: [ app_init ] --START--
INFO: Run Behavior\BuildLiteBehavior [ RunTime:0.000054s ]
INFO: [ app_init ] --END-- [ RunTime:0.001018s ]
ERR: 无法加载模块:Public

[ 2016-06-25T07:33:37+08:00 ] 127.0.0.1 /tpzol/Public/Admin/Flat/docs/assets/css/demo.css
INFO: [ app_init ] --START--
INFO: Run Behavior\BuildLiteBehavior [ RunTime:0.000049s ]
INFO: [ app_init ] --END-- [ RunTime:0.000829s ]
ERR: 无法加载模块:Public

[ 2016-06-25T07:33:50+08:00 ] 127.0.0.1 /tpzol/Public/Admin/Flat/docs/assets/css/demo.css
INFO: [ app_init ] --START--
INFO: Run Behavior\BuildLiteBehavior [ RunTime:0.000043s ]
INFO: [ app_init ] --END-- [ RunTime:0.000743s ]
ERR: 无法加载模块:Public

[ 2016-06-25T07:33:54+08:00 ] 127.0.0.1 /tpzol/Public/Admin/Flat/docs/assets/css/demo.css
INFO: [ app_init ] --START--
INFO: Run Behavior\BuildLiteBehavior [ RunTime:0.000047s ]
INFO: [ app_init ] --END-- [ RunTime:0.000793s ]
ERR: 无法加载模块:Public

[ 2016-06-25T07:34:02+08:00 ] 127.0.0.1 /tpzol/Public/Admin/Flat/docs/assets/css/demo.css
INFO: [ app_init ] --START--
INFO: Run Behavior\BuildLiteBehavior [ RunTime:0.000055s ]
INFO: [ app_init ] --END-- [ RunTime:0.001031s ]
ERR: 无法加载模块:Public

[ 2016-06-25T07:35:06+08:00 ] 127.0.0.1 /tpzol/Public/Admin/Flat/docs/assets/css/demo.css
INFO: [ app_init ] --START--
INFO: Run Behavior\BuildLiteBehavior [ RunTime:0.000031s ]
INFO: [ app_init ] --END-- [ RunTime:0.000553s ]
ERR: 无法加载模块:Public

[ 2016-06-25T07:35:10+08:00 ] 127.0.0.1 /tpzol/Public/Admin/Flat/docs/assets/css/demo.css
INFO: [ app_init ] --START--
INFO: Run Behavior\BuildLiteBehavior [ RunTime:0.000034s ]
INFO: [ app_init ] --END-- [ RunTime:0.000609s ]
ERR: 无法加载模块:Public

[ 2016-06-25T07:35:12+08:00 ] 127.0.0.1 /tpzol/Public/Admin/Flat/docs/assets/css/demo.css
INFO: [ app_init ] --START--
INFO: Run Behavior\BuildLiteBehavior [ RunTime:0.000048s ]
INFO: [ app_init ] --END-- [ RunTime:0.000821s ]
ERR: 无法加载模块:Public

[ 2016-06-25T07:35:16+08:00 ] 127.0.0.1 /tpzol/Public/Admin/Flat/docs/assets/css/demo.css
INFO: [ app_init ] --START--
INFO: Run Behavior\BuildLiteBehavior [ RunTime:0.000051s ]
INFO: [ app_init ] --END-- [ RunTime:0.000841s ]
ERR: 无法加载模块:Public

[ 2016-06-25T07:35:30+08:00 ] 127.0.0.1 /tpzol/Public/Admin/Flat/docs/assets/css/demo.css
INFO: [ app_init ] --START--
INFO: Run Behavior\BuildLiteBehavior [ RunTime:0.000033s ]
INFO: [ app_init ] --END-- [ RunTime:0.000573s ]
ERR: 无法加载模块:Public

[ 2016-06-25T07:35:32+08:00 ] 127.0.0.1 /tpzol/Public/Admin/Flat/docs/assets/css/demo.css
INFO: [ app_init ] --START--
INFO: Run Behavior\BuildLiteBehavior [ RunTime:0.000029s ]
INFO: [ app_init ] --END-- [ RunTime:0.000501s ]
ERR: 无法加载模块:Public

[ 2016-06-25T07:35:46+08:00 ] 127.0.0.1 /tpzol/Public/Admin/Flat/docs/assets/css/demo.css
INFO: [ app_init ] --START--
INFO: Run Behavior\BuildLiteBehavior [ RunTime:0.000074s ]
INFO: [ app_init ] --END-- [ RunTime:0.000944s ]
ERR: 无法加载模块:Public

[ 2016-06-25T07:36:57+08:00 ] 127.0.0.1 /tpzol/Public/Admin/Flat/docs/assets/css/demo.css
INFO: [ app_init ] --START--
INFO: Run Behavior\BuildLiteBehavior [ RunTime:0.000030s ]
INFO: [ app_init ] --END-- [ RunTime:0.000709s ]
ERR: 无法加载模块:Public

[ 2016-06-25T07:37:00+08:00 ] 127.0.0.1 /tpzol/Public/Admin/Flat/docs/assets/css/demo.css
INFO: [ app_init ] --START--
INFO: Run Behavior\BuildLiteBehavior [ RunTime:0.000052s ]
INFO: [ app_init ] --END-- [ RunTime:0.000932s ]
ERR: 无法加载模块:Public

[ 2016-06-25T07:37:01+08:00 ] 127.0.0.1 /tpzol/Public/Admin/Flat/docs/assets/css/demo.css
INFO: [ app_init ] --START--
INFO: Run Behavior\BuildLiteBehavior [ RunTime:0.000048s ]
INFO: [ app_init ] --END-- [ RunTime:0.000775s ]
ERR: 无法加载模块:Public

[ 2016-06-25T07:37:05+08:00 ] 127.0.0.1 /tpzol/Public/Admin/Flat/docs/assets/css/demo.css
INFO: [ app_init ] --START--
INFO: Run Behavior\BuildLiteBehavior [ RunTime:0.000044s ]
INFO: [ app_init ] --END-- [ RunTime:0.000803s ]
ERR: 无法加载模块:Public

[ 2016-06-25T07:37:06+08:00 ] 127.0.0.1 /tpzol/Public/Admin/Flat/docs/assets/css/demo.css
INFO: [ app_init ] --START--
INFO: Run Behavior\BuildLiteBehavior [ RunTime:0.000076s ]
INFO: [ app_init ] --END-- [ RunTime:0.001131s ]
ERR: 无法加载模块:Public

[ 2016-06-25T07:37:08+08:00 ] 127.0.0.1 /tpzol/Public/Admin/Flat/docs/assets/css/demo.css
INFO: [ app_init ] --START--
INFO: Run Behavior\BuildLiteBehavior [ RunTime:0.000031s ]
INFO: [ app_init ] --END-- [ RunTime:0.000558s ]
ERR: 无法加载模块:Public

[ 2016-06-25T07:37:12+08:00 ] 127.0.0.1 /tpzol/Public/Admin/Flat/docs/assets/css/demo.css
INFO: [ app_init ] --START--
INFO: Run Behavior\BuildLiteBehavior [ RunTime:0.000032s ]
INFO: [ app_init ] --END-- [ RunTime:0.000564s ]
ERR: 无法加载模块:Public

[ 2016-06-25T07:38:41+08:00 ] 127.0.0.1 /tpzol/Public/Admin/Flat/docs/assets/css/demo.css
INFO: [ app_init ] --START--
INFO: Run Behavior\BuildLiteBehavior [ RunTime:0.000032s ]
INFO: [ app_init ] --END-- [ RunTime:0.000551s ]
ERR: 无法加载模块:Public

[ 2016-06-25T07:38:59+08:00 ] 127.0.0.1 /tpzol/Public/Admin/Flat/docs/assets/css/demo.css
INFO: [ app_init ] --START--
INFO: Run Behavior\BuildLiteBehavior [ RunTime:0.000031s ]
INFO: [ app_init ] --END-- [ RunTime:0.000557s ]
ERR: 无法加载模块:Public

[ 2016-06-25T07:39:01+08:00 ] 127.0.0.1 /tpzol/Public/Admin/Flat/docs/assets/css/demo.css
INFO: [ app_init ] --START--
INFO: Run Behavior\BuildLiteBehavior [ RunTime:0.000050s ]
INFO: [ app_init ] --END-- [ RunTime:0.000831s ]
ERR: 无法加载模块:Public

[ 2016-06-25T07:39:12+08:00 ] 127.0.0.1 /tpzol/Public/Admin/Flat/docs/assets/css/demo.css
INFO: [ app_init ] --START--
INFO: Run Behavior\BuildLiteBehavior [ RunTime:0.000035s ]
INFO: [ app_init ] --END-- [ RunTime:0.000811s ]
ERR: 无法加载模块:Public

[ 2016-06-25T07:39:14+08:00 ] 127.0.0.1 /tpzol/Public/Admin/Flat/docs/assets/css/demo.css
INFO: [ app_init ] --START--
INFO: Run Behavior\BuildLiteBehavior [ RunTime:0.000028s ]
INFO: [ app_init ] --END-- [ RunTime:0.000492s ]
ERR: 无法加载模块:Public

[ 2016-06-25T07:39:16+08:00 ] 127.0.0.1 /tpzol/Public/Admin/Flat/docs/assets/css/demo.css
INFO: [ app_init ] --START--
INFO: Run Behavior\BuildLiteBehavior [ RunTime:0.000047s ]
INFO: [ app_init ] --END-- [ RunTime:0.000905s ]
ERR: 无法加载模块:Public

[ 2016-06-25T07:39:18+08:00 ] 127.0.0.1 /tpzol/Public/Admin/Flat/docs/assets/css/demo.css
INFO: [ app_init ] --START--
INFO: Run Behavior\BuildLiteBehavior [ RunTime:0.000046s ]
INFO: [ app_init ] --END-- [ RunTime:0.000753s ]
ERR: 无法加载模块:Public

[ 2016-06-25T07:39:22+08:00 ] 127.0.0.1 /tpzol/Public/Admin/Flat/docs/assets/css/demo.css
INFO: [ app_init ] --START--
INFO: Run Behavior\BuildLiteBehavior [ RunTime:0.000034s ]
INFO: [ app_init ] --END-- [ RunTime:0.000677s ]
ERR: 无法加载模块:Public

[ 2016-06-25T07:39:24+08:00 ] 127.0.0.1 /tpzol/Public/Admin/Flat/docs/assets/css/demo.css
INFO: [ app_init ] --START--
INFO: Run Behavior\BuildLiteBehavior [ RunTime:0.000029s ]
INFO: [ app_init ] --END-- [ RunTime:0.000493s ]
ERR: 无法加载模块:Public

[ 2016-06-25T07:39:26+08:00 ] 127.0.0.1 /tpzol/Public/Admin/Flat/docs/assets/css/demo.css
INFO: [ app_init ] --START--
INFO: Run Behavior\BuildLiteBehavior [ RunTime:0.000054s ]
INFO: [ app_init ] --END-- [ RunTime:0.000699s ]
ERR: 无法加载模块:Public

[ 2016-06-25T07:39:27+08:00 ] 127.0.0.1 /tpzol/Public/Admin/Flat/docs/assets/css/demo.css
INFO: [ app_init ] --START--
INFO: Run Behavior\BuildLiteBehavior [ RunTime:0.000029s ]
INFO: [ app_init ] --END-- [ RunTime:0.000494s ]
ERR: 无法加载模块:Public

[ 2016-06-25T07:39:33+08:00 ] 127.0.0.1 /tpzol/Public/Admin/Flat/docs/assets/css/demo.css
INFO: [ app_init ] --START--
INFO: Run Behavior\BuildLiteBehavior [ RunTime:0.000031s ]
INFO: [ app_init ] --END-- [ RunTime:0.000529s ]
ERR: 无法加载模块:Public

[ 2016-06-25T07:39:34+08:00 ] 127.0.0.1 /tpzol/Public/Admin/Flat/docs/assets/css/demo.css
INFO: [ app_init ] --START--
INFO: Run Behavior\BuildLiteBehavior [ RunTime:0.000048s ]
INFO: [ app_init ] --END-- [ RunTime:0.000828s ]
ERR: 无法加载模块:Public

[ 2016-06-25T07:39:36+08:00 ] 127.0.0.1 /tpzol/Public/Admin/Flat/docs/assets/css/demo.css
INFO: [ app_init ] --START--
INFO: Run Behavior\BuildLiteBehavior [ RunTime:0.000036s ]
INFO: [ app_init ] --END-- [ RunTime:0.000526s ]
ERR: 无法加载模块:Public

[ 2016-06-25T07:39:38+08:00 ] 127.0.0.1 /tpzol/Public/Admin/Flat/docs/assets/css/demo.css
INFO: [ app_init ] --START--
INFO: Run Behavior\BuildLiteBehavior [ RunTime:0.000052s ]
INFO: [ app_init ] --END-- [ RunTime:0.001169s ]
ERR: 无法加载模块:Public

[ 2016-06-25T07:39:43+08:00 ] 127.0.0.1 /tpzol/Public/Admin/Flat/docs/assets/css/demo.css
INFO: [ app_init ] --START--
INFO: Run Behavior\BuildLiteBehavior [ RunTime:0.000046s ]
INFO: [ app_init ] --END-- [ RunTime:0.000746s ]
ERR: 无法加载模块:Public

[ 2016-06-25T07:39:45+08:00 ] 127.0.0.1 /tpzol/Public/Admin/Flat/docs/assets/css/demo.css
INFO: [ app_init ] --START--
INFO: Run Behavior\BuildLiteBehavior [ RunTime:0.000145s ]
INFO: [ app_init ] --END-- [ RunTime:0.000981s ]
ERR: 无法加载模块:Public

[ 2016-06-25T07:39:50+08:00 ] 127.0.0.1 /tpzol/Public/Admin/Flat/docs/assets/css/demo.css
INFO: [ app_init ] --START--
INFO: Run Behavior\BuildLiteBehavior [ RunTime:0.000033s ]
INFO: [ app_init ] --END-- [ RunTime:0.000562s ]
ERR: 无法加载模块:Public

[ 2016-06-25T07:39:51+08:00 ] 127.0.0.1 /tpzol/Public/Admin/Flat/docs/assets/css/demo.css
INFO: [ app_init ] --START--
INFO: Run Behavior\BuildLiteBehavior [ RunTime:0.000050s ]
INFO: [ app_init ] --END-- [ RunTime:0.000881s ]
ERR: 无法加载模块:Public

[ 2016-06-25T07:39:55+08:00 ] 127.0.0.1 /tpzol/Public/Admin/Flat/docs/assets/css/demo.css
INFO: [ app_init ] --START--
INFO: Run Behavior\BuildLiteBehavior [ RunTime:0.000031s ]
INFO: [ app_init ] --END-- [ RunTime:0.000561s ]
ERR: 无法加载模块:Public

[ 2016-06-25T07:39:57+08:00 ] 127.0.0.1 /tpzol/Public/Admin/Flat/docs/assets/css/demo.css
INFO: [ app_init ] --START--
INFO: Run Behavior\BuildLiteBehavior [ RunTime:0.000029s ]
INFO: [ app_init ] --END-- [ RunTime:0.000496s ]
ERR: 无法加载模块:Public

[ 2016-06-25T07:40:01+08:00 ] 127.0.0.1 /tpzol/Public/Admin/Flat/docs/assets/css/demo.css
INFO: [ app_init ] --START--
INFO: Run Behavior\BuildLiteBehavior [ RunTime:0.000056s ]
INFO: [ app_init ] --END-- [ RunTime:0.001200s ]
ERR: 无法加载模块:Public

[ 2016-06-25T07:40:04+08:00 ] 127.0.0.1 /tpzol/Public/Admin/Flat/docs/assets/css/demo.css
INFO: [ app_init ] --START--
INFO: Run Behavior\BuildLiteBehavior [ RunTime:0.000033s ]
INFO: [ app_init ] --END-- [ RunTime:0.000710s ]
ERR: 无法加载模块:Public

[ 2016-06-25T07:40:18+08:00 ] 127.0.0.1 /tpzol/Public/Admin/Flat/docs/assets/css/demo.css
INFO: [ app_init ] --START--
INFO: Run Behavior\BuildLiteBehavior [ RunTime:0.000058s ]
INFO: [ app_init ] --END-- [ RunTime:0.001090s ]
ERR: 无法加载模块:Public

[ 2016-06-25T07:40:32+08:00 ] 127.0.0.1 /tpzol/Public/Admin/Flat/docs/assets/css/demo.css
INFO: [ app_init ] --START--
INFO: Run Behavior\BuildLiteBehavior [ RunTime:0.000033s ]
INFO: [ app_init ] --END-- [ RunTime:0.000558s ]
ERR: 无法加载模块:Public

[ 2016-06-25T07:40:36+08:00 ] 127.0.0.1 /tpzol/Public/Admin/Flat/docs/assets/css/demo.css
INFO: [ app_init ] --START--
INFO: Run Behavior\BuildLiteBehavior [ RunTime:0.000034s ]
INFO: [ app_init ] --END-- [ RunTime:0.000732s ]
ERR: 无法加载模块:Public

[ 2016-06-25T07:40:39+08:00 ] 127.0.0.1 /tpzol/Public/Admin/Flat/docs/assets/css/demo.css
INFO: [ app_init ] --START--
INFO: Run Behavior\BuildLiteBehavior [ RunTime:0.000046s ]
INFO: [ app_init ] --END-- [ RunTime:0.000747s ]
ERR: 无法加载模块:Public

[ 2016-06-25T07:41:31+08:00 ] 127.0.0.1 /tpzol/Public/Admin/Flat/docs/assets/css/demo.css
INFO: [ app_init ] --START--
INFO: Run Behavior\BuildLiteBehavior [ RunTime:0.000034s ]
INFO: [ app_init ] --END-- [ RunTime:0.000523s ]
ERR: 无法加载模块:Public

[ 2016-06-25T07:41:33+08:00 ] 127.0.0.1 /tpzol/Public/Admin/Flat/docs/assets/css/demo.css
INFO: [ app_init ] --START--
INFO: Run Behavior\BuildLiteBehavior [ RunTime:0.000048s ]
INFO: [ app_init ] --END-- [ RunTime:0.000774s ]
ERR: 无法加载模块:Public

[ 2016-06-25T07:41:35+08:00 ] 127.0.0.1 /tpzol/Public/Admin/Flat/docs/assets/css/demo.css
INFO: [ app_init ] --START--
INFO: Run Behavior\BuildLiteBehavior [ RunTime:0.000029s ]
INFO: [ app_init ] --END-- [ RunTime:0.000516s ]
ERR: 无法加载模块:Public

[ 2016-06-25T07:41:38+08:00 ] 127.0.0.1 /tpzol/Public/Admin/Flat/docs/assets/css/demo.css
INFO: [ app_init ] --START--
INFO: Run Behavior\BuildLiteBehavior [ RunTime:0.000033s ]
INFO: [ app_init ] --END-- [ RunTime:0.000603s ]
ERR: 无法加载模块:Public

[ 2016-06-25T07:41:53+08:00 ] 127.0.0.1 /tpzol/Public/Admin/Flat/docs/assets/css/demo.css
INFO: [ app_init ] --START--
INFO: Run Behavior\BuildLiteBehavior [ RunTime:0.000030s ]
INFO: [ app_init ] --END-- [ RunTime:0.000492s ]
ERR: 无法加载模块:Public

[ 2016-06-25T07:41:55+08:00 ] 127.0.0.1 /tpzol/Public/Admin/Flat/docs/assets/css/demo.css
INFO: [ app_init ] --START--
INFO: Run Behavior\BuildLiteBehavior [ RunTime:0.000045s ]
INFO: [ app_init ] --END-- [ RunTime:0.000786s ]
ERR: 无法加载模块:Public

[ 2016-06-25T07:42:08+08:00 ] 127.0.0.1 /tpzol/Public/Admin/Flat/docs/assets/css/demo.css
INFO: [ app_init ] --START--
INFO: Run Behavior\BuildLiteBehavior [ RunTime:0.000029s ]
INFO: [ app_init ] --END-- [ RunTime:0.000536s ]
ERR: 无法加载模块:Public

[ 2016-06-25T07:42:10+08:00 ] 127.0.0.1 /tpzol/Public/Admin/Flat/docs/assets/css/demo.css
INFO: [ app_init ] --START--
INFO: Run Behavior\BuildLiteBehavior [ RunTime:0.000031s ]
INFO: [ app_init ] --END-- [ RunTime:0.000631s ]
ERR: 无法加载模块:Public

[ 2016-06-25T07:42:24+08:00 ] 127.0.0.1 /tpzol/Public/Admin/Flat/docs/assets/css/demo.css
INFO: [ app_init ] --START--
INFO: Run Behavior\BuildLiteBehavior [ RunTime:0.000151s ]
INFO: [ app_init ] --END-- [ RunTime:0.002636s ]
ERR: 无法加载模块:Public

[ 2016-06-25T07:43:47+08:00 ] 127.0.0.1 /tpzol/Public/Admin/Flat/docs/assets/css/demo.css
INFO: [ app_init ] --START--
INFO: Run Behavior\BuildLiteBehavior [ RunTime:0.000030s ]
INFO: [ app_init ] --END-- [ RunTime:0.000512s ]
ERR: 无法加载模块:Public

[ 2016-06-25T07:43:56+08:00 ] 127.0.0.1 /tpzol/Public/Admin/Flat/docs/assets/css/demo.css
INFO: [ app_init ] --START--
INFO: Run Behavior\BuildLiteBehavior [ RunTime:0.000035s ]
INFO: [ app_init ] --END-- [ RunTime:0.000657s ]
ERR: 无法加载模块:Public

[ 2016-06-25T07:50:41+08:00 ] 127.0.0.1 /tpzol/Public/Admin/Flat/docs/assets/css/demo.css
INFO: [ app_init ] --START--
INFO: Run Behavior\BuildLiteBehavior [ RunTime:0.000043s ]
INFO: [ app_init ] --END-- [ RunTime:0.000740s ]
ERR: 无法加载模块:Public

[ 2016-06-25T07:52:05+08:00 ] 127.0.0.1 /tpzol/Public/Admin/Flat/docs/assets/css/demo.css
INFO: [ app_init ] --START--
INFO: Run Behavior\BuildLiteBehavior [ RunTime:0.000043s ]
INFO: [ app_init ] --END-- [ RunTime:0.000800s ]
ERR: 无法加载模块:Public

[ 2016-06-25T07:52:24+08:00 ] 127.0.0.1 /tpzol/Public/Admin/Flat/docs/assets/css/demo.css
INFO: [ app_init ] --START--
INFO: Run Behavior\BuildLiteBehavior [ RunTime:0.000044s ]
INFO: [ app_init ] --END-- [ RunTime:0.000897s ]
ERR: 无法加载模块:Public

[ 2016-06-25T07:52:41+08:00 ] 127.0.0.1 /tpzol/Public/Admin/Flat/docs/assets/css/demo.css
INFO: [ app_init ] --START--
INFO: Run Behavior\BuildLiteBehavior [ RunTime:0.000031s ]
INFO: [ app_init ] --END-- [ RunTime:0.000598s ]
ERR: 无法加载模块:Public

[ 2016-06-25T07:58:34+08:00 ] 127.0.0.1 /tpzol/Public/Admin/Flat/docs/assets/css/demo.css
INFO: [ app_init ] --START--
INFO: Run Behavior\BuildLiteBehavior [ RunTime:0.000042s ]
INFO: [ app_init ] --END-- [ RunTime:0.000823s ]
ERR: 无法加载模块:Public

[ 2016-06-25T07:58:46+08:00 ] 127.0.0.1 /tpzol/Public/Admin/Flat/docs/assets/css/demo.css
INFO: [ app_init ] --START--
INFO: Run Behavior\BuildLiteBehavior [ RunTime:0.000028s ]
INFO: [ app_init ] --END-- [ RunTime:0.000486s ]
ERR: 无法加载模块:Public

[ 2016-06-25T07:58:56+08:00 ] 127.0.0.1 /tpzol/Public/Admin/Flat/docs/assets/css/demo.css
INFO: [ app_init ] --START--
INFO: Run Behavior\BuildLiteBehavior [ RunTime:0.000028s ]
INFO: [ app_init ] --END-- [ RunTime:0.000576s ]
ERR: 无法加载模块:Public

[ 2016-06-25T07:59:32+08:00 ] 127.0.0.1 /tpzol/Public/Admin/Flat/docs/assets/css/demo.css
INFO: [ app_init ] --START--
INFO: Run Behavior\BuildLiteBehavior [ RunTime:0.000032s ]
INFO: [ app_init ] --END-- [ RunTime:0.000550s ]
ERR: 无法加载模块:Public

[ 2016-06-25T07:59:42+08:00 ] 127.0.0.1 /tpzol/Public/Admin/Flat/docs/assets/css/demo.css
INFO: [ app_init ] --START--
INFO: Run Behavior\BuildLiteBehavior [ RunTime:0.000048s ]
INFO: [ app_init ] --END-- [ RunTime:0.000857s ]
ERR: 无法加载模块:Public

[ 2016-06-25T07:59:56+08:00 ] 127.0.0.1 /tpzol/Public/Admin/Flat/docs/assets/css/demo.css
INFO: [ app_init ] --START--
INFO: Run Behavior\BuildLiteBehavior [ RunTime:0.000038s ]
INFO: [ app_init ] --END-- [ RunTime:0.000663s ]
ERR: 无法加载模块:Public

[ 2016-06-25T08:02:09+08:00 ] 127.0.0.1 /tpzol/Public/Admin/Flat/docs/assets/css/demo.css
INFO: [ app_init ] --START--
INFO: Run Behavior\BuildLiteBehavior [ RunTime:0.000035s ]
INFO: [ app_init ] --END-- [ RunTime:0.000753s ]
ERR: 无法加载模块:Public

[ 2016-06-25T08:02:34+08:00 ] 127.0.0.1 /tpzol/Public/Admin/Flat/docs/assets/css/demo.css
INFO: [ app_init ] --START--
INFO: Run Behavior\BuildLiteBehavior [ RunTime:0.000047s ]
INFO: [ app_init ] --END-- [ RunTime:0.000689s ]
ERR: 无法加载模块:Public

[ 2016-06-25T08:09:22+08:00 ] 127.0.0.1 /tpzol/Public/Admin/Flat/docs/assets/css/demo.css
INFO: [ app_init ] --START--
INFO: Run Behavior\BuildLiteBehavior [ RunTime:0.000036s ]
INFO: [ app_init ] --END-- [ RunTime:0.001123s ]
ERR: 无法加载模块:Public

[ 2016-06-25T08:11:28+08:00 ] 127.0.0.1 /tpzol/Public/Admin/Flat/docs/assets/css/demo.css
INFO: [ app_init ] --START--
INFO: Run Behavior\BuildLiteBehavior [ RunTime:0.000031s ]
INFO: [ app_init ] --END-- [ RunTime:0.000615s ]
ERR: 无法加载模块:Public

[ 2016-06-25T08:11:51+08:00 ] 127.0.0.1 /tpzol/Public/Admin/Flat/docs/assets/css/demo.css
INFO: [ app_init ] --START--
INFO: Run Behavior\BuildLiteBehavior [ RunTime:0.000058s ]
INFO: [ app_init ] --END-- [ RunTime:0.001074s ]
ERR: 无法加载模块:Public

[ 2016-06-25T08:11:55+08:00 ] 127.0.0.1 /tpzol/Public/Admin/Flat/docs/assets/css/demo.css
INFO: [ app_init ] --START--
INFO: Run Behavior\BuildLiteBehavior [ RunTime:0.000029s ]
INFO: [ app_init ] --END-- [ RunTime:0.000492s ]
ERR: 无法加载模块:Public

[ 2016-06-25T08:15:31+08:00 ] 127.0.0.1 /tpzol/Public/Admin/Flat/docs/assets/css/demo.css
INFO: [ app_init ] --START--
INFO: Run Behavior\BuildLiteBehavior [ RunTime:0.000029s ]
INFO: [ app_init ] --END-- [ RunTime:0.000530s ]
ERR: 无法加载模块:Public

[ 2016-06-25T11:55:28+08:00 ] 127.0.0.1 /tpzol/Public/Admin/Flat/docs/assets/css/demo.css
INFO: [ app_init ] --START--
INFO: Run Behavior\BuildLiteBehavior [ RunTime:0.000041s ]
INFO: [ app_init ] --END-- [ RunTime:0.000816s ]
ERR: 无法加载模块:Public

[ 2016-06-25T11:55:32+08:00 ] 127.0.0.1 /tpzol/Public/Admin/Flat/docs/assets/css/demo.css
INFO: [ app_init ] --START--
INFO: Run Behavior\BuildLiteBehavior [ RunTime:0.000028s ]
INFO: [ app_init ] --END-- [ RunTime:0.000536s ]
ERR: 无法加载模块:Public

[ 2016-06-25T11:55:37+08:00 ] 127.0.0.1 /tpzol/Public/Admin/Flat/docs/assets/css/demo.css
INFO: [ app_init ] --START--
INFO: Run Behavior\BuildLiteBehavior [ RunTime:0.000050s ]
INFO: [ app_init ] --END-- [ RunTime:0.000756s ]
ERR: 无法加载模块:Public

[ 2016-06-25T11:56:05+08:00 ] 127.0.0.1 /tpzol/Public/Admin/Flat/docs/assets/css/demo.css
INFO: [ app_init ] --START--
INFO: Run Behavior\BuildLiteBehavior [ RunTime:0.000052s ]
INFO: [ app_init ] --END-- [ RunTime:0.000811s ]
ERR: 无法加载模块:Public

[ 2016-06-25T11:56:06+08:00 ] 127.0.0.1 /tpzol/Public/Admin/Flat/docs/assets/css/demo.css
INFO: [ app_init ] --START--
INFO: Run Behavior\BuildLiteBehavior [ RunTime:0.000059s ]
INFO: [ app_init ] --END-- [ RunTime:0.001100s ]
ERR: 无法加载模块:Public

[ 2016-06-25T11:56:17+08:00 ] 127.0.0.1 /tpzol/Public/Admin/Flat/docs/assets/css/demo.css
INFO: [ app_init ] --START--
INFO: Run Behavior\BuildLiteBehavior [ RunTime:0.000027s ]
INFO: [ app_init ] --END-- [ RunTime:0.000636s ]
ERR: 无法加载模块:Public

[ 2016-06-25T11:56:19+08:00 ] 127.0.0.1 /tpzol/Public/Admin/Flat/docs/assets/css/demo.css
INFO: [ app_init ] --START--
INFO: Run Behavior\BuildLiteBehavior [ RunTime:0.000049s ]
INFO: [ app_init ] --END-- [ RunTime:0.000856s ]
ERR: 无法加载模块:Public

[ 2016-06-25T11:56:48+08:00 ] 127.0.0.1 /tpzol/Public/Admin/Flat/docs/assets/css/demo.css
INFO: [ app_init ] --START--
INFO: Run Behavior\BuildLiteBehavior [ RunTime:0.000053s ]
INFO: [ app_init ] --END-- [ RunTime:0.000944s ]
ERR: 无法加载模块:Public

[ 2016-06-25T11:56:49+08:00 ] 127.0.0.1 /tpzol/Public/Admin/Flat/docs/assets/css/demo.css
INFO: [ app_init ] --START--
INFO: Run Behavior\BuildLiteBehavior [ RunTime:0.000029s ]
INFO: [ app_init ] --END-- [ RunTime:0.000562s ]
ERR: 无法加载模块:Public

[ 2016-06-25T11:57:01+08:00 ] 127.0.0.1 /tpzol/Public/Admin/Flat/docs/assets/css/demo.css
INFO: [ app_init ] --START--
INFO: Run Behavior\BuildLiteBehavior [ RunTime:0.000213s ]
INFO: [ app_init ] --END-- [ RunTime:0.002733s ]
ERR: 无法加载模块:Public

[ 2016-06-25T11:57:36+08:00 ] 127.0.0.1 /tpzol/Public/Admin/Flat/docs/assets/css/demo.css
INFO: [ app_init ] --START--
INFO: Run Behavior\BuildLiteBehavior [ RunTime:0.000033s ]
INFO: [ app_init ] --END-- [ RunTime:0.000616s ]
ERR: 无法加载模块:Public

[ 2016-06-25T11:57:46+08:00 ] 127.0.0.1 /tpzol/Public/Admin/Flat/docs/assets/css/demo.css
INFO: [ app_init ] --START--
INFO: Run Behavior\BuildLiteBehavior [ RunTime:0.000052s ]
INFO: [ app_init ] --END-- [ RunTime:0.000971s ]
ERR: 无法加载模块:Public

[ 2016-06-25T11:57:48+08:00 ] 127.0.0.1 /tpzol/Public/Admin/Flat/docs/assets/css/demo.css
INFO: [ app_init ] --START--
INFO: Run Behavior\BuildLiteBehavior [ RunTime:0.000032s ]
INFO: [ app_init ] --END-- [ RunTime:0.000652s ]
ERR: 无法加载模块:Public

[ 2016-06-25T11:57:50+08:00 ] 127.0.0.1 /tpzol/Public/Admin/Flat/docs/assets/css/demo.css
INFO: [ app_init ] --START--
INFO: Run Behavior\BuildLiteBehavior [ RunTime:0.000108s ]
INFO: [ app_init ] --END-- [ RunTime:0.001164s ]
ERR: 无法加载模块:Public

[ 2016-06-25T11:57:52+08:00 ] 127.0.0.1 /tpzol/Public/Admin/Flat/docs/assets/css/demo.css
INFO: [ app_init ] --START--
INFO: Run Behavior\BuildLiteBehavior [ RunTime:0.000051s ]
INFO: [ app_init ] --END-- [ RunTime:0.001369s ]
ERR: 无法加载模块:Public

[ 2016-06-25T11:57:54+08:00 ] 127.0.0.1 /tpzol/Public/Admin/Flat/docs/assets/css/demo.css
INFO: [ app_init ] --START--
INFO: Run Behavior\BuildLiteBehavior [ RunTime:0.000048s ]
INFO: [ app_init ] --END-- [ RunTime:0.000836s ]
ERR: 无法加载模块:Public

[ 2016-06-25T11:57:59+08:00 ] 127.0.0.1 /tpzol/Public/Admin/Flat/docs/assets/css/demo.css
INFO: [ app_init ] --START--
INFO: Run Behavior\BuildLiteBehavior [ RunTime:0.000050s ]
INFO: [ app_init ] --END-- [ RunTime:0.000744s ]
ERR: 无法加载模块:Public

[ 2016-06-25T11:58:06+08:00 ] 127.0.0.1 /tpzol/Public/Admin/Flat/docs/assets/css/demo.css
INFO: [ app_init ] --START--
INFO: Run Behavior\BuildLiteBehavior [ RunTime:0.000032s ]
INFO: [ app_init ] --END-- [ RunTime:0.000570s ]
ERR: 无法加载模块:Public

[ 2016-06-25T11:58:08+08:00 ] 127.0.0.1 /tpzol/Public/Admin/Flat/docs/assets/css/demo.css
INFO: [ app_init ] --START--
INFO: Run Behavior\BuildLiteBehavior [ RunTime:0.000046s ]
INFO: [ app_init ] --END-- [ RunTime:0.000809s ]
ERR: 无法加载模块:Public

[ 2016-06-25T11:58:14+08:00 ] 127.0.0.1 /tpzol/Public/Admin/Flat/docs/assets/css/demo.css
INFO: [ app_init ] --START--
INFO: Run Behavior\BuildLiteBehavior [ RunTime:0.000056s ]
INFO: [ app_init ] --END-- [ RunTime:0.001022s ]
ERR: 无法加载模块:Public

[ 2016-06-25T11:58:15+08:00 ] 127.0.0.1 /tpzol/Public/Admin/Flat/docs/assets/css/demo.css
INFO: [ app_init ] --START--
INFO: Run Behavior\BuildLiteBehavior [ RunTime:0.000047s ]
INFO: [ app_init ] --END-- [ RunTime:0.000825s ]
ERR: 无法加载模块:Public

[ 2016-06-25T11:58:18+08:00 ] 127.0.0.1 /tpzol/Public/Admin/Flat/docs/assets/css/demo.css
INFO: [ app_init ] --START--
INFO: Run Behavior\BuildLiteBehavior [ RunTime:0.000050s ]
INFO: [ app_init ] --END-- [ RunTime:0.000847s ]
ERR: 无法加载模块:Public

[ 2016-06-25T11:58:31+08:00 ] 127.0.0.1 /tpzol/Public/Admin/Flat/docs/assets/css/demo.css
INFO: [ app_init ] --START--
INFO: Run Behavior\BuildLiteBehavior [ RunTime:0.000030s ]
INFO: [ app_init ] --END-- [ RunTime:0.000570s ]
ERR: 无法加载模块:Public

[ 2016-06-25T11:58:32+08:00 ] 127.0.0.1 /tpzol/Public/Admin/Flat/docs/assets/css/demo.css
INFO: [ app_init ] --START--
INFO: Run Behavior\BuildLiteBehavior [ RunTime:0.000119s ]
INFO: [ app_init ] --END-- [ RunTime:0.001166s ]
ERR: 无法加载模块:Public

[ 2016-06-25T11:59:07+08:00 ] 127.0.0.1 /tpzol/Public/Admin/Flat/docs/assets/css/demo.css
INFO: [ app_init ] --START--
INFO: Run Behavior\BuildLiteBehavior [ RunTime:0.000028s ]
INFO: [ app_init ] --END-- [ RunTime:0.000522s ]
ERR: 无法加载模块:Public

[ 2016-06-25T11:59:24+08:00 ] 127.0.0.1 /tpzol/Public/Admin/Flat/docs/assets/css/demo.css
INFO: [ app_init ] --START--
INFO: Run Behavior\BuildLiteBehavior [ RunTime:0.000050s ]
INFO: [ app_init ] --END-- [ RunTime:0.000919s ]
ERR: 无法加载模块:Public

[ 2016-06-25T11:59:29+08:00 ] 127.0.0.1 /tpzol/Public/Admin/Flat/docs/assets/css/demo.css
INFO: [ app_init ] --START--
INFO: Run Behavior\BuildLiteBehavior [ RunTime:0.000059s ]
INFO: [ app_init ] --END-- [ RunTime:0.001012s ]
ERR: 无法加载模块:Public

[ 2016-06-25T11:59:37+08:00 ] 127.0.0.1 /tpzol/Public/Admin/Flat/docs/assets/css/demo.css
INFO: [ app_init ] --START--
INFO: Run Behavior\BuildLiteBehavior [ RunTime:0.000031s ]
INFO: [ app_init ] --END-- [ RunTime:0.000698s ]
ERR: 无法加载模块:Public

[ 2016-06-25T11:59:39+08:00 ] 127.0.0.1 /tpzol/Public/Admin/Flat/docs/assets/css/demo.css
INFO: [ app_init ] --START--
INFO: Run Behavior\BuildLiteBehavior [ RunTime:0.000032s ]
INFO: [ app_init ] --END-- [ RunTime:0.000603s ]
ERR: 无法加载模块:Public

[ 2016-06-25T11:59:42+08:00 ] 127.0.0.1 /tpzol/Public/Admin/Flat/docs/assets/css/demo.css
INFO: [ app_init ] --START--
INFO: Run Behavior\BuildLiteBehavior [ RunTime:0.000057s ]
INFO: [ app_init ] --END-- [ RunTime:0.001019s ]
ERR: 无法加载模块:Public

[ 2016-06-25T11:59:46+08:00 ] 127.0.0.1 /tpzol/Public/Admin/Flat/docs/assets/css/demo.css
INFO: [ app_init ] --START--
INFO: Run Behavior\BuildLiteBehavior [ RunTime:0.000031s ]
INFO: [ app_init ] --END-- [ RunTime:0.000604s ]
ERR: 无法加载模块:Public

[ 2016-06-25T11:59:52+08:00 ] 127.0.0.1 /tpzol/Public/Admin/Flat/docs/assets/css/demo.css
INFO: [ app_init ] --START--
INFO: Run Behavior\BuildLiteBehavior [ RunTime:0.000058s ]
INFO: [ app_init ] --END-- [ RunTime:0.001249s ]
ERR: 无法加载模块:Public

[ 2016-06-25T11:59:57+08:00 ] 127.0.0.1 /tpzol/Public/Admin/Flat/docs/assets/css/demo.css
INFO: [ app_init ] --START--
INFO: Run Behavior\BuildLiteBehavior [ RunTime:0.000053s ]
INFO: [ app_init ] --END-- [ RunTime:0.000957s ]
ERR: 无法加载模块:Public

[ 2016-06-25T12:00:00+08:00 ] 127.0.0.1 /tpzol/Public/Admin/Flat/docs/assets/css/demo.css
INFO: [ app_init ] --START--
INFO: Run Behavior\BuildLiteBehavior [ RunTime:0.000033s ]
INFO: [ app_init ] --END-- [ RunTime:0.000600s ]
ERR: 无法加载模块:Public

[ 2016-06-25T12:01:10+08:00 ] 127.0.0.1 /tpzol/Public/Admin/Flat/docs/assets/css/demo.css
INFO: [ app_init ] --START--
INFO: Run Behavior\BuildLiteBehavior [ RunTime:0.000033s ]
INFO: [ app_init ] --END-- [ RunTime:0.000578s ]
ERR: 无法加载模块:Public

[ 2016-06-25T12:01:13+08:00 ] 127.0.0.1 /tpzol/Public/Admin/Flat/docs/assets/css/demo.css
INFO: [ app_init ] --START--
INFO: Run Behavior\BuildLiteBehavior [ RunTime:0.000054s ]
INFO: [ app_init ] --END-- [ RunTime:0.000917s ]
ERR: 无法加载模块:Public

[ 2016-06-25T12:01:15+08:00 ] 127.0.0.1 /tpzol/Public/Admin/Flat/docs/assets/css/demo.css
INFO: [ app_init ] --START--
INFO: Run Behavior\BuildLiteBehavior [ RunTime:0.000046s ]
INFO: [ app_init ] --END-- [ RunTime:0.000848s ]
ERR: 无法加载模块:Public

[ 2016-06-25T12:01:16+08:00 ] 127.0.0.1 /tpzol/Public/Admin/Flat/docs/assets/css/demo.css
INFO: [ app_init ] --START--
INFO: Run Behavior\BuildLiteBehavior [ RunTime:0.000029s ]
INFO: [ app_init ] --END-- [ RunTime:0.000553s ]
ERR: 无法加载模块:Public

[ 2016-06-25T12:01:19+08:00 ] 127.0.0.1 /tpzol/Public/Admin/Flat/docs/assets/css/demo.css
INFO: [ app_init ] --START--
INFO: Run Behavior\BuildLiteBehavior [ RunTime:0.000046s ]
INFO: [ app_init ] --END-- [ RunTime:0.000939s ]
ERR: 无法加载模块:Public

[ 2016-06-25T12:01:57+08:00 ] 127.0.0.1 /tpzol/Public/Admin/Flat/docs/assets/css/demo.css
INFO: [ app_init ] --START--
INFO: Run Behavior\BuildLiteBehavior [ RunTime:0.000033s ]
INFO: [ app_init ] --END-- [ RunTime:0.000592s ]
ERR: 无法加载模块:Public

[ 2016-06-25T12:02:03+08:00 ] 127.0.0.1 /tpzol/Public/Admin/Flat/docs/assets/css/demo.css
INFO: [ app_init ] --START--
INFO: Run Behavior\BuildLiteBehavior [ RunTime:0.000035s ]
INFO: [ app_init ] --END-- [ RunTime:0.000715s ]
ERR: 无法加载模块:Public

[ 2016-06-25T12:02:05+08:00 ] 127.0.0.1 /tpzol/Public/Admin/Flat/docs/assets/css/demo.css
INFO: [ app_init ] --START--
INFO: Run Behavior\BuildLiteBehavior [ RunTime:0.000034s ]
INFO: [ app_init ] --END-- [ RunTime:0.000611s ]
ERR: 无法加载模块:Public

[ 2016-06-25T12:02:11+08:00 ] 127.0.0.1 /tpzol/Public/Admin/Flat/docs/assets/css/demo.css
INFO: [ app_init ] --START--
INFO: Run Behavior\BuildLiteBehavior [ RunTime:0.000042s ]
INFO: [ app_init ] --END-- [ RunTime:0.000797s ]
ERR: 无法加载模块:Public

[ 2016-06-25T13:25:02+08:00 ] 127.0.0.1 /tpzol/Public/Admin/Flat/docs/assets/css/demo.css
INFO: [ app_init ] --START--
INFO: Run Behavior\BuildLiteBehavior [ RunTime:0.000029s ]
INFO: [ app_init ] --END-- [ RunTime:0.000561s ]
ERR: 无法加载模块:Public

[ 2016-06-25T13:26:24+08:00 ] 127.0.0.1 /tpzol/Public/Admin/Flat/docs/assets/css/demo.css
INFO: [ app_init ] --START--
INFO: Run Behavior\BuildLiteBehavior [ RunTime:0.000035s ]
INFO: [ app_init ] --END-- [ RunTime:0.000559s ]
ERR: 无法加载模块:Public

[ 2016-06-25T13:28:54+08:00 ] 127.0.0.1 /tpzol/Public/Admin/Flat/docs/assets/css/demo.css
INFO: [ app_init ] --START--
INFO: Run Behavior\BuildLiteBehavior [ RunTime:0.000028s ]
INFO: [ app_init ] --END-- [ RunTime:0.000535s ]
ERR: 无法加载模块:Public

[ 2016-06-25T13:28:54+08:00 ] 127.0.0.1 /tpzol/Public/Admin/images/path.png
INFO: [ app_init ] --START--
INFO: Run Behavior\BuildLiteBehavior [ RunTime:0.000025s ]
INFO: [ app_init ] --END-- [ RunTime:0.000565s ]
ERR: 无法加载模块:Public

[ 2016-06-25T13:29:37+08:00 ] 127.0.0.1 /tpzol/Public/Admin/Flat/docs/assets/css/demo.css
INFO: [ app_init ] --START--
INFO: Run Behavior\BuildLiteBehavior [ RunTime:0.000030s ]
INFO: [ app_init ] --END-- [ RunTime:0.000573s ]
ERR: 无法加载模块:Public

[ 2016-06-25T13:29:38+08:00 ] 127.0.0.1 /tpzol/Public/Admin/images/path.png
INFO: [ app_init ] --START--
INFO: Run Behavior\BuildLiteBehavior [ RunTime:0.000028s ]
INFO: [ app_init ] --END-- [ RunTime:0.000570s ]
ERR: 无法加载模块:Public

[ 2016-06-25T13:30:16+08:00 ] 127.0.0.1 /tpzol/Public/Admin/Flat/docs/assets/css/demo.css
INFO: [ app_init ] --START--
INFO: Run Behavior\BuildLiteBehavior [ RunTime:0.000032s ]
INFO: [ app_init ] --END-- [ RunTime:0.000537s ]
ERR: 无法加载模块:Public

[ 2016-06-25T13:30:16+08:00 ] 127.0.0.1 /tpzol/Public/Admin/images/path.png
INFO: [ app_init ] --START--
INFO: Run Behavior\BuildLiteBehavior [ RunTime:0.000026s ]
INFO: [ app_init ] --END-- [ RunTime:0.000571s ]
ERR: 无法加载模块:Public

[ 2016-06-25T13:30:51+08:00 ] 127.0.0.1 /tpzol/Public/Admin/Flat/docs/assets/css/demo.css
INFO: [ app_init ] --START--
INFO: Run Behavior\BuildLiteBehavior [ RunTime:0.000029s ]
INFO: [ app_init ] --END-- [ RunTime:0.000517s ]
ERR: 无法加载模块:Public

[ 2016-06-25T13:30:51+08:00 ] 127.0.0.1 /tpzol/Public/Admin/images/path.png
INFO: [ app_init ] --START--
INFO: Run Behavior\BuildLiteBehavior [ RunTime:0.000049s ]
INFO: [ app_init ] --END-- [ RunTime:0.000772s ]
ERR: 无法加载模块:Public

[ 2016-06-25T13:31:04+08:00 ] 127.0.0.1 /tpzol/Public/Admin/Flat/docs/assets/css/demo.css
INFO: [ app_init ] --START--
INFO: Run Behavior\BuildLiteBehavior [ RunTime:0.000049s ]
INFO: [ app_init ] --END-- [ RunTime:0.000815s ]
ERR: 无法加载模块:Public

[ 2016-06-25T14:28:58+08:00 ] 127.0.0.1 /tpzol/Public/Admin/Flat/docs/assets/css/demo.css
INFO: [ app_init ] --START--
INFO: Run Behavior\BuildLiteBehavior [ RunTime:0.000028s ]
INFO: [ app_init ] --END-- [ RunTime:0.000516s ]
ERR: 无法加载模块:Public

[ 2016-06-25T14:40:10+08:00 ] 127.0.0.1 /tpzol/Public/Admin/Flat/docs/assets/css/demo.css
INFO: [ app_init ] --START--
INFO: Run Behavior\BuildLiteBehavior [ RunTime:0.000030s ]
INFO: [ app_init ] --END-- [ RunTime:0.000532s ]
ERR: 无法加载模块:Public

[ 2016-06-25T14:42:31+08:00 ] 127.0.0.1 /tpzol/Public/Admin/Flat/docs/assets/css/demo.css
INFO: [ app_init ] --START--
INFO: Run Behavior\BuildLiteBehavior [ RunTime:0.000028s ]
INFO: [ app_init ] --END-- [ RunTime:0.000531s ]
ERR: 无法加载模块:Public

[ 2016-06-25T14:42:31+08:00 ] 127.0.0.1 /tpzol/Public/images/2016-06-25/576e26cd5e2f7.jpg
INFO: [ app_init ] --START--
INFO: Run Behavior\BuildLiteBehavior [ RunTime:0.000026s ]
INFO: [ app_init ] --END-- [ RunTime:0.000583s ]
ERR: 无法加载模块:Public

[ 2016-06-25T14:42:47+08:00 ] 127.0.0.1 /tpzol/Public/Admin/Flat/docs/assets/css/demo.css
INFO: [ app_init ] --START--
INFO: Run Behavior\BuildLiteBehavior [ RunTime:0.000029s ]
INFO: [ app_init ] --END-- [ RunTime:0.000531s ]
ERR: 无法加载模块:Public

[ 2016-06-25T14:42:47+08:00 ] 127.0.0.1 /tpzol/Public/images/2016-06-25/576e26cd5e2f7.jpg
INFO: [ app_init ] --START--
INFO: Run Behavior\BuildLiteBehavior [ RunTime:0.000030s ]
INFO: [ app_init ] --END-- [ RunTime:0.000590s ]
ERR: 无法加载模块:Public

[ 2016-06-25T14:42:56+08:00 ] 127.0.0.1 /tpzol/Public/Admin/Flat/docs/assets/css/demo.css
INFO: [ app_init ] --START--
INFO: Run Behavior\BuildLiteBehavior [ RunTime:0.000029s ]
INFO: [ app_init ] --END-- [ RunTime:0.000495s ]
ERR: 无法加载模块:Public

[ 2016-06-25T14:42:56+08:00 ] 127.0.0.1 /tpzol/Public/images/2016-06-25/576e26cd5e2f7.jpg
INFO: [ app_init ] --START--
INFO: Run Behavior\BuildLiteBehavior [ RunTime:0.000034s ]
INFO: [ app_init ] --END-- [ RunTime:0.000741s ]
ERR: 无法加载模块:Public

[ 2016-06-25T14:43:32+08:00 ] 127.0.0.1 /tpzol/Public/images/2016-06-25/576e26cd5e2f7.jpg
INFO: [ app_init ] --START--
INFO: Run Behavior\BuildLiteBehavior [ RunTime:0.000050s ]
INFO: [ app_init ] --END-- [ RunTime:0.000992s ]
ERR: 无法加载模块:Public

[ 2016-06-25T14:43:52+08:00 ] 127.0.0.1 /tpzol/Public/Admin/Flat/docs/assets/css/demo.css
INFO: [ app_init ] --START--
INFO: Run Behavior\BuildLiteBehavior [ RunTime:0.000048s ]
INFO: [ app_init ] --END-- [ RunTime:0.000877s ]
ERR: 无法加载模块:Public

[ 2016-06-25T14:43:55+08:00 ] 127.0.0.1 /tpzol/Public/Admin/Flat/docs/assets/css/demo.css
INFO: [ app_init ] --START--
INFO: Run Behavior\BuildLiteBehavior [ RunTime:0.000029s ]
INFO: [ app_init ] --END-- [ RunTime:0.000533s ]
ERR: 无法加载模块:Public

[ 2016-06-25T14:44:03+08:00 ] 127.0.0.1 /tpzol/Public/Admin/Flat/docs/assets/css/demo.css
INFO: [ app_init ] --START--
INFO: Run Behavior\BuildLiteBehavior [ RunTime:0.000056s ]
INFO: [ app_init ] --END-- [ RunTime:0.001280s ]
ERR: 无法加载模块:Public

[ 2016-06-25T14:45:02+08:00 ] 127.0.0.1 /tpzol/Public/Admin/Flat/docs/assets/css/demo.css
INFO: [ app_init ] --START--
INFO: Run Behavior\BuildLiteBehavior [ RunTime:0.000100s ]
INFO: [ app_init ] --END-- [ RunTime:0.001192s ]
ERR: 无法加载模块:Public

[ 2016-06-25T14:45:10+08:00 ] 127.0.0.1 /tpzol/Public/Admin/Flat/docs/assets/css/demo.css
INFO: [ app_init ] --START--
INFO: Run Behavior\BuildLiteBehavior [ RunTime:0.000029s ]
INFO: [ app_init ] --END-- [ RunTime:0.000602s ]
ERR: 无法加载模块:Public

[ 2016-06-25T14:45:15+08:00 ] 127.0.0.1 /tpzol/Public/Admin/Flat/docs/assets/css/demo.css
INFO: [ app_init ] --START--
INFO: Run Behavior\BuildLiteBehavior [ RunTime:0.000030s ]
INFO: [ app_init ] --END-- [ RunTime:0.000724s ]
ERR: 无法加载模块:Public

[ 2016-06-25T14:45:58+08:00 ] 127.0.0.1 /tpzol/Public/Admin/Flat/docs/assets/css/demo.css
INFO: [ app_init ] --START--
INFO: Run Behavior\BuildLiteBehavior [ RunTime:0.000049s ]
INFO: [ app_init ] --END-- [ RunTime:0.001010s ]
ERR: 无法加载模块:Public

[ 2016-06-25T14:46:02+08:00 ] 127.0.0.1 /tpzol/Public/Admin/Flat/docs/assets/css/demo.css
INFO: [ app_init ] --START--
INFO: Run Behavior\BuildLiteBehavior [ RunTime:0.000047s ]
INFO: [ app_init ] --END-- [ RunTime:0.000631s ]
ERR: 无法加载模块:Public

[ 2016-06-25T14:46:08+08:00 ] 127.0.0.1 /tpzol/Public/Admin/Flat/docs/assets/css/demo.css
INFO: [ app_init ] --START--
INFO: Run Behavior\BuildLiteBehavior [ RunTime:0.000041s ]
INFO: [ app_init ] --END-- [ RunTime:0.000691s ]
ERR: 无法加载模块:Public

[ 2016-06-25T14:46:28+08:00 ] 127.0.0.1 /tpzol/Public/Admin/Flat/docs/assets/css/demo.css
INFO: [ app_init ] --START--
INFO: Run Behavior\BuildLiteBehavior [ RunTime:0.000046s ]
INFO: [ app_init ] --END-- [ RunTime:0.000855s ]
ERR: 无法加载模块:Public

[ 2016-06-25T14:47:19+08:00 ] 127.0.0.1 /tpzol/Public/Admin/Flat/docs/assets/css/demo.css
INFO: [ app_init ] --START--
INFO: Run Behavior\BuildLiteBehavior [ RunTime:0.000028s ]
INFO: [ app_init ] --END-- [ RunTime:0.000520s ]
ERR: 无法加载模块:Public

[ 2016-06-25T14:50:28+08:00 ] 127.0.0.1 /tpzol/Public/Admin/Flat/docs/assets/css/demo.css
INFO: [ app_init ] --START--
INFO: Run Behavior\BuildLiteBehavior [ RunTime:0.000055s ]
INFO: [ app_init ] --END-- [ RunTime:0.000895s ]
ERR: 无法加载模块:Public

[ 2016-06-25T14:50:41+08:00 ] 127.0.0.1 /tpzol/Public/Admin/Flat/docs/assets/css/demo.css
INFO: [ app_init ] --START--
INFO: Run Behavior\BuildLiteBehavior [ RunTime:0.000028s ]
INFO: [ app_init ] --END-- [ RunTime:0.000566s ]
ERR: 无法加载模块:Public

[ 2016-06-25T14:52:34+08:00 ] 127.0.0.1 /tpzol/Public/Admin/Flat/docs/assets/css/demo.css
INFO: [ app_init ] --START--
INFO: Run Behavior\BuildLiteBehavior [ RunTime:0.000049s ]
INFO: [ app_init ] --END-- [ RunTime:0.001175s ]
ERR: 无法加载模块:Public

[ 2016-06-25T18:07:59+08:00 ] 127.0.0.1 /tpzol/Public/Admin/ueditor1_4_3/lang/zh-cn/zh-cn.js
INFO: [ app_init ] --START--
INFO: Run Behavior\BuildLiteBehavior [ RunTime:0.000074s ]
INFO: [ app_init ] --END-- [ RunTime:0.001343s ]
ERR: 无法加载模块:Public

[ 2016-06-25T18:07:59+08:00 ] 127.0.0.1 /tpzol/Public/Admin/ueditor1_4_3/ueditor.all.min.js
INFO: [ app_init ] --START--
INFO: Run Behavior\BuildLiteBehavior [ RunTime:0.000043s ]
INFO: [ app_init ] --END-- [ RunTime:0.000904s ]
ERR: 无法加载模块:Public

[ 2016-06-25T18:07:59+08:00 ] 127.0.0.1 /tpzol/Public/Admin/ueditor1_4_3/ueditor.config.js
INFO: [ app_init ] --START--
INFO: Run Behavior\BuildLiteBehavior [ RunTime:0.000076s ]
INFO: [ app_init ] --END-- [ RunTime:0.001408s ]
ERR: 无法加载模块:Public

[ 2016-06-25T18:07:59+08:00 ] 127.0.0.1 /tpzol/Public/Admin/ueditor1_4_3/ueditor.all.min.js
INFO: [ app_init ] --START--
INFO: Run Behavior\BuildLiteBehavior [ RunTime:0.000043s ]
INFO: [ app_init ] --END-- [ RunTime:0.000775s ]
ERR: 无法加载模块:Public

[ 2016-06-25T18:07:59+08:00 ] 127.0.0.1 /tpzol/Public/Admin/ueditor1_4_3/lang/zh-cn/zh-cn.js
INFO: [ app_init ] --START--
INFO: Run Behavior\BuildLiteBehavior [ RunTime:0.000043s ]
INFO: [ app_init ] --END-- [ RunTime:0.000867s ]
ERR: 无法加载模块:Public

[ 2016-06-25T18:09:49+08:00 ] 127.0.0.1 /tpzol/Public/Admin/ueditor1_4_3/ueditor.all.min.js
INFO: [ app_init ] --START--
INFO: Run Behavior\BuildLiteBehavior [ RunTime:0.000077s ]
INFO: [ app_init ] --END-- [ RunTime:0.001296s ]
ERR: 无法加载模块:Public

[ 2016-06-25T18:09:49+08:00 ] 127.0.0.1 /tpzol/Public/Admin/ueditor1_4_3/lang/zh-cn/zh-cn.js
INFO: [ app_init ] --START--
INFO: Run Behavior\BuildLiteBehavior [ RunTime:0.000075s ]
INFO: [ app_init ] --END-- [ RunTime:0.001247s ]
ERR: 无法加载模块:Public

[ 2016-06-25T18:09:49+08:00 ] 127.0.0.1 /tpzol/Public/Admin/ueditor1_4_3/ueditor.config.js
INFO: [ app_init ] --START--
INFO: Run Behavior\BuildLiteBehavior [ RunTime:0.000077s ]
INFO: [ app_init ] --END-- [ RunTime:0.002128s ]
ERR: 无法加载模块:Public

[ 2016-06-25T18:09:49+08:00 ] 127.0.0.1 /tpzol/Public/Admin/ueditor1_4_3/ueditor.all.min.js
INFO: [ app_init ] --START--
INFO: Run Behavior\BuildLiteBehavior [ RunTime:0.000045s ]
INFO: [ app_init ] --END-- [ RunTime:0.000854s ]
ERR: 无法加载模块:Public

[ 2016-06-25T18:09:49+08:00 ] 127.0.0.1 /tpzol/Public/Admin/ueditor1_4_3/lang/zh-cn/zh-cn.js
INFO: [ app_init ] --START--
INFO: Run Behavior\BuildLiteBehavior [ RunTime:0.000083s ]
INFO: [ app_init ] --END-- [ RunTime:0.001754s ]
ERR: 无法加载模块:Public

[ 2016-06-25T18:22:01+08:00 ] 127.0.0.1 /tpzol/Public/Admin/Flat/docs/assets/css/demo.css
INFO: [ app_init ] --START--
INFO: Run Behavior\BuildLiteBehavior [ RunTime:0.000030s ]
INFO: [ app_init ] --END-- [ RunTime:0.000628s ]
ERR: 无法加载模块:Public

[ 2016-06-25T18:22:03+08:00 ] 127.0.0.1 /tpzol/Public/Admin/Flat/docs/assets/css/demo.css
INFO: [ app_init ] --START--
INFO: Run Behavior\BuildLiteBehavior [ RunTime:0.000049s ]
INFO: [ app_init ] --END-- [ RunTime:0.000763s ]
ERR: 无法加载模块:Public

[ 2016-06-25T18:22:10+08:00 ] 127.0.0.1 /tpzol/Public/Admin/Flat/docs/assets/css/demo.css
INFO: [ app_init ] --START--
INFO: Run Behavior\BuildLiteBehavior [ RunTime:0.000034s ]
INFO: [ app_init ] --END-- [ RunTime:0.000567s ]
ERR: 无法加载模块:Public

[ 2016-06-25T18:22:11+08:00 ] 127.0.0.1 /tpzol/Public/Admin/Flat/docs/assets/css/demo.css
INFO: [ app_init ] --START--
INFO: Run Behavior\BuildLiteBehavior [ RunTime:0.000028s ]
INFO: [ app_init ] --END-- [ RunTime:0.000517s ]
ERR: 无法加载模块:Public

[ 2016-06-25T18:22:21+08:00 ] 127.0.0.1 /tpzol/Public/Admin/Flat/docs/assets/css/demo.css
INFO: [ app_init ] --START--
INFO: Run Behavior\BuildLiteBehavior [ RunTime:0.000045s ]
INFO: [ app_init ] --END-- [ RunTime:0.000794s ]
ERR: 无法加载模块:Public

[ 2016-06-25T18:22:29+08:00 ] 127.0.0.1 /tpzol/Public/Admin/Flat/docs/assets/css/demo.css
INFO: [ app_init ] --START--
INFO: Run Behavior\BuildLiteBehavior [ RunTime:0.000033s ]
INFO: [ app_init ] --END-- [ RunTime:0.000566s ]
ERR: 无法加载模块:Public

[ 2016-06-25T18:22:31+08:00 ] 127.0.0.1 /tpzol/Public/Admin/Flat/docs/assets/css/demo.css
INFO: [ app_init ] --START--
INFO: Run Behavior\BuildLiteBehavior [ RunTime:0.000046s ]
INFO: [ app_init ] --END-- [ RunTime:0.000666s ]
ERR: 无法加载模块:Public

[ 2016-06-25T18:22:37+08:00 ] 127.0.0.1 /tpzol/Public/Admin/Flat/docs/assets/css/demo.css
INFO: [ app_init ] --START--
INFO: Run Behavior\BuildLiteBehavior [ RunTime:0.000035s ]
INFO: [ app_init ] --END-- [ RunTime:0.000699s ]
ERR: 无法加载模块:Public

[ 2016-06-25T18:22:42+08:00 ] 127.0.0.1 /tpzol/Public/Admin/Flat/docs/assets/css/demo.css
INFO: [ app_init ] --START--
INFO: Run Behavior\BuildLiteBehavior [ RunTime:0.000052s ]
INFO: [ app_init ] --END-- [ RunTime:0.000726s ]
ERR: 无法加载模块:Public

[ 2016-06-25T18:22:49+08:00 ] 127.0.0.1 /tpzol/Public/Admin/Flat/docs/assets/css/demo.css
INFO: [ app_init ] --START--
INFO: Run Behavior\BuildLiteBehavior [ RunTime:0.000032s ]
INFO: [ app_init ] --END-- [ RunTime:0.000564s ]
ERR: 无法加载模块:Public

[ 2016-06-25T18:22:58+08:00 ] 127.0.0.1 /tpzol/Public/Admin/Flat/docs/assets/css/demo.css
INFO: [ app_init ] --START--
INFO: Run Behavior\BuildLiteBehavior [ RunTime:0.000029s ]
INFO: [ app_init ] --END-- [ RunTime:0.000497s ]
ERR: 无法加载模块:Public

[ 2016-06-25T18:23:03+08:00 ] 127.0.0.1 /tpzol/Public/Admin/Flat/docs/assets/css/demo.css
INFO: [ app_init ] --START--
INFO: Run Behavior\BuildLiteBehavior [ RunTime:0.000032s ]
INFO: [ app_init ] --END-- [ RunTime:0.000547s ]
ERR: 无法加载模块:Public

[ 2016-06-25T18:23:07+08:00 ] 127.0.0.1 /tpzol/Public/Admin/Flat/docs/assets/css/demo.css
INFO: [ app_init ] --START--
INFO: Run Behavior\BuildLiteBehavior [ RunTime:0.000050s ]
INFO: [ app_init ] --END-- [ RunTime:0.001138s ]
ERR: 无法加载模块:Public

[ 2016-06-25T18:23:13+08:00 ] 127.0.0.1 /tpzol/Public/Admin/Flat/docs/assets/css/demo.css
INFO: [ app_init ] --START--
INFO: Run Behavior\BuildLiteBehavior [ RunTime:0.000048s ]
INFO: [ app_init ] --END-- [ RunTime:0.000830s ]
ERR: 无法加载模块:Public

[ 2016-06-25T18:23:27+08:00 ] 127.0.0.1 /tpzol/Public/Admin/Flat/docs/assets/css/demo.css
INFO: [ app_init ] --START--
INFO: Run Behavior\BuildLiteBehavior [ RunTime:0.000047s ]
INFO: [ app_init ] --END-- [ RunTime:0.000885s ]
ERR: 无法加载模块:Public

[ 2016-06-25T18:23:40+08:00 ] 127.0.0.1 /tpzol/Public/Admin/Flat/docs/assets/css/demo.css
INFO: [ app_init ] --START--
INFO: Run Behavior\BuildLiteBehavior [ RunTime:0.000034s ]
INFO: [ app_init ] --END-- [ RunTime:0.000588s ]
ERR: 无法加载模块:Public

[ 2016-06-25T18:23:43+08:00 ] 127.0.0.1 /tpzol/Public/Admin/Flat/docs/assets/css/demo.css
INFO: [ app_init ] --START--
INFO: Run Behavior\BuildLiteBehavior [ RunTime:0.000034s ]
INFO: [ app_init ] --END-- [ RunTime:0.000625s ]
ERR: 无法加载模块:Public

[ 2016-06-25T18:23:52+08:00 ] 127.0.0.1 /tpzol/Public/Admin/Flat/docs/assets/css/demo.css
INFO: [ app_init ] --START--
INFO: Run Behavior\BuildLiteBehavior [ RunTime:0.000029s ]
INFO: [ app_init ] --END-- [ RunTime:0.000480s ]
ERR: 无法加载模块:Public

[ 2016-06-25T18:24:03+08:00 ] 127.0.0.1 /tpzol/Public/Admin/Flat/docs/assets/css/demo.css
INFO: [ app_init ] --START--
INFO: Run Behavior\BuildLiteBehavior [ RunTime:0.000030s ]
INFO: [ app_init ] --END-- [ RunTime:0.000541s ]
ERR: 无法加载模块:Public

[ 2016-06-25T18:24:07+08:00 ] 127.0.0.1 /tpzol/Public/Admin/Flat/docs/assets/css/demo.css
INFO: [ app_init ] --START--
INFO: Run Behavior\BuildLiteBehavior [ RunTime:0.000052s ]
INFO: [ app_init ] --END-- [ RunTime:0.000830s ]
ERR: 无法加载模块:Public

[ 2016-06-25T18:24:14+08:00 ] 127.0.0.1 /tpzol/Public/Admin/Flat/docs/assets/css/demo.css
INFO: [ app_init ] --START--
INFO: Run Behavior\BuildLiteBehavior [ RunTime:0.000047s ]
INFO: [ app_init ] --END-- [ RunTime:0.001162s ]
ERR: 无法加载模块:Public

[ 2016-06-25T18:24:20+08:00 ] 127.0.0.1 /tpzol/Public/Admin/Flat/docs/assets/css/demo.css
INFO: [ app_init ] --START--
INFO: Run Behavior\BuildLiteBehavior [ RunTime:0.000052s ]
INFO: [ app_init ] --END-- [ RunTime:0.000852s ]
ERR: 无法加载模块:Public

[ 2016-06-25T18:24:24+08:00 ] 127.0.0.1 /tpzol/Public/Admin/Flat/docs/assets/css/demo.css
INFO: [ app_init ] --START--
INFO: Run Behavior\BuildLiteBehavior [ RunTime:0.000029s ]
INFO: [ app_init ] --END-- [ RunTime:0.000515s ]
ERR: 无法加载模块:Public

[ 2016-06-25T18:24:32+08:00 ] 127.0.0.1 /tpzol/Public/Admin/Flat/docs/assets/css/demo.css
INFO: [ app_init ] --START--
INFO: Run Behavior\BuildLiteBehavior [ RunTime:0.000054s ]
INFO: [ app_init ] --END-- [ RunTime:0.000782s ]
ERR: 无法加载模块:Public

[ 2016-06-25T18:24:41+08:00 ] 127.0.0.1 /tpzol/Public/Admin/Flat/docs/assets/css/demo.css
INFO: [ app_init ] --START--
INFO: Run Behavior\BuildLiteBehavior [ RunTime:0.000043s ]
INFO: [ app_init ] --END-- [ RunTime:0.000768s ]
ERR: 无法加载模块:Public

[ 2016-06-25T18:24:46+08:00 ] 127.0.0.1 /tpzol/Public/Admin/Flat/docs/assets/css/demo.css
INFO: [ app_init ] --START--
INFO: Run Behavior\BuildLiteBehavior [ RunTime:0.000058s ]
INFO: [ app_init ] --END-- [ RunTime:0.000681s ]
ERR: 无法加载模块:Public

[ 2016-06-25T18:24:49+08:00 ] 127.0.0.1 /tpzol/Public/Admin/Flat/docs/assets/css/demo.css
INFO: [ app_init ] --START--
INFO: Run Behavior\BuildLiteBehavior [ RunTime:0.000046s ]
INFO: [ app_init ] --END-- [ RunTime:0.000884s ]
ERR: 无法加载模块:Public

[ 2016-06-25T18:24:57+08:00 ] 127.0.0.1 /tpzol/Public/Admin/Flat/docs/assets/css/demo.css
INFO: [ app_init ] --START--
INFO: Run Behavior\BuildLiteBehavior [ RunTime:0.000030s ]
INFO: [ app_init ] --END-- [ RunTime:0.000493s ]
ERR: 无法加载模块:Public

[ 2016-06-25T18:25:05+08:00 ] 127.0.0.1 /tpzol/Public/Admin/Flat/docs/assets/css/demo.css
INFO: [ app_init ] --START--
INFO: Run Behavior\BuildLiteBehavior [ RunTime:0.000033s ]
INFO: [ app_init ] --END-- [ RunTime:0.000580s ]
ERR: 无法加载模块:Public

[ 2016-06-25T18:25:54+08:00 ] 127.0.0.1 /tpzol/Public/Admin/Flat/docs/assets/css/demo.css
INFO: [ app_init ] --START--
INFO: Run Behavior\BuildLiteBehavior [ RunTime:0.000028s ]
INFO: [ app_init ] --END-- [ RunTime:0.000499s ]
ERR: 无法加载模块:Public

[ 2016-06-25T18:26:10+08:00 ] 127.0.0.1 /tpzol/Public/Admin/Flat/docs/assets/css/demo.css
INFO: [ app_init ] --START--
INFO: Run Behavior\BuildLiteBehavior [ RunTime:0.000032s ]
INFO: [ app_init ] --END-- [ RunTime:0.000508s ]
ERR: 无法加载模块:Public

[ 2016-06-25T18:26:19+08:00 ] 127.0.0.1 /tpzol/Public/Admin/Flat/docs/assets/css/demo.css
INFO: [ app_init ] --START--
INFO: Run Behavior\BuildLiteBehavior [ RunTime:0.000056s ]
INFO: [ app_init ] --END-- [ RunTime:0.001058s ]
ERR: 无法加载模块:Public

[ 2016-06-25T18:26:21+08:00 ] 127.0.0.1 /tpzol/Public/Admin/Flat/docs/assets/css/demo.css
INFO: [ app_init ] --START--
INFO: Run Behavior\BuildLiteBehavior [ RunTime:0.000052s ]
INFO: [ app_init ] --END-- [ RunTime:0.000835s ]
ERR: 无法加载模块:Public

[ 2016-06-25T18:26:33+08:00 ] 127.0.0.1 /tpzol/Public/Admin/Flat/docs/assets/css/demo.css
INFO: [ app_init ] --START--
INFO: Run Behavior\BuildLiteBehavior [ RunTime:0.000055s ]
INFO: [ app_init ] --END-- [ RunTime:0.000708s ]
ERR: 无法加载模块:Public

[ 2016-06-25T18:26:43+08:00 ] 127.0.0.1 /tpzol/Public/Admin/Flat/docs/assets/css/demo.css
INFO: [ app_init ] --START--
INFO: Run Behavior\BuildLiteBehavior [ RunTime:0.000030s ]
INFO: [ app_init ] --END-- [ RunTime:0.000525s ]
ERR: 无法加载模块:Public

[ 2016-06-25T18:28:30+08:00 ] 127.0.0.1 /tpzol/Public/Admin/Flat/docs/assets/css/demo.css
INFO: [ app_init ] --START--
INFO: Run Behavior\BuildLiteBehavior [ RunTime:0.000033s ]
INFO: [ app_init ] --END-- [ RunTime:0.000536s ]
ERR: 无法加载模块:Public

[ 2016-06-25T18:32:30+08:00 ] 127.0.0.1 /tpzol/Public/images/2016-06-25/576e5caa1bea4.jpg
INFO: [ app_init ] --START--
INFO: Run Behavior\BuildLiteBehavior [ RunTime:0.000047s ]
INFO: [ app_init ] --END-- [ RunTime:0.002230s ]
ERR: 无法加载模块:Public

[ 2016-06-25T18:33:06+08:00 ] 127.0.0.1 /tpzol/Public/Admin/Flat/docs/assets/css/demo.css
INFO: [ app_init ] --START--
INFO: Run Behavior\BuildLiteBehavior [ RunTime:0.000040s ]
INFO: [ app_init ] --END-- [ RunTime:0.000552s ]
ERR: 无法加载模块:Public

[ 2016-06-25T18:33:12+08:00 ] 127.0.0.1 /tpzol/Public/Admin/Flat/docs/assets/css/demo.css
INFO: [ app_init ] --START--
INFO: Run Behavior\BuildLiteBehavior [ RunTime:0.000050s ]
INFO: [ app_init ] --END-- [ RunTime:0.001197s ]
ERR: 无法加载模块:Public

[ 2016-06-25T18:36:56+08:00 ] 127.0.0.1 /tpzol/Public/Admin/Flat/docs/assets/css/demo.css
INFO: [ app_init ] --START--
INFO: Run Behavior\BuildLiteBehavior [ RunTime:0.000051s ]
INFO: [ app_init ] --END-- [ RunTime:0.000652s ]
ERR: 无法加载模块:Public

[ 2016-06-25T18:37:45+08:00 ] 127.0.0.1 /tpzol/Public/Admin/Flat/docs/assets/css/demo.css
INFO: [ app_init ] --START--
INFO: Run Behavior\BuildLiteBehavior [ RunTime:0.000055s ]
INFO: [ app_init ] --END-- [ RunTime:0.000984s ]
ERR: 无法加载模块:Public

[ 2016-06-25T18:37:55+08:00 ] 127.0.0.1 /tpzol/Public/Admin/Flat/docs/assets/css/demo.css
INFO: [ app_init ] --START--
INFO: Run Behavior\BuildLiteBehavior [ RunTime:0.000048s ]
INFO: [ app_init ] --END-- [ RunTime:0.000888s ]
ERR: 无法加载模块:Public

[ 2016-06-25T18:38:17+08:00 ] 127.0.0.1 /tpzol/Public/Admin/Flat/docs/assets/css/demo.css
INFO: [ app_init ] --START--
INFO: Run Behavior\BuildLiteBehavior [ RunTime:0.000032s ]
INFO: [ app_init ] --END-- [ RunTime:0.000587s ]
ERR: 无法加载模块:Public

[ 2016-06-25T18:38:30+08:00 ] 127.0.0.1 /tpzol/Public/Admin/Flat/docs/assets/css/demo.css
INFO: [ app_init ] --START--
INFO: Run Behavior\BuildLiteBehavior [ RunTime:0.000056s ]
INFO: [ app_init ] --END-- [ RunTime:0.001056s ]
ERR: 无法加载模块:Public

[ 2016-06-25T18:39:00+08:00 ] 127.0.0.1 /tpzol/Public/Admin/Flat/docs/assets/css/demo.css
INFO: [ app_init ] --START--
INFO: Run Behavior\BuildLiteBehavior [ RunTime:0.000054s ]
INFO: [ app_init ] --END-- [ RunTime:0.001217s ]
ERR: 无法加载模块:Public

[ 2016-06-25T18:39:09+08:00 ] 127.0.0.1 /tpzol/Public/Admin/Flat/docs/assets/css/demo.css
INFO: [ app_init ] --START--
INFO: Run Behavior\BuildLiteBehavior [ RunTime:0.000049s ]
INFO: [ app_init ] --END-- [ RunTime:0.000997s ]
ERR: 无法加载模块:Public

[ 2016-06-25T18:39:19+08:00 ] 127.0.0.1 /tpzol/Public/Admin/Flat/docs/assets/css/demo.css
INFO: [ app_init ] --START--
INFO: Run Behavior\BuildLiteBehavior [ RunTime:0.000045s ]
INFO: [ app_init ] --END-- [ RunTime:0.000789s ]
ERR: 无法加载模块:Public

[ 2016-06-25T18:39:44+08:00 ] 127.0.0.1 /tpzol/Public/Admin/Flat/docs/assets/css/demo.css
INFO: [ app_init ] --START--
INFO: Run Behavior\BuildLiteBehavior [ RunTime:0.000079s ]
INFO: [ app_init ] --END-- [ RunTime:0.000984s ]
ERR: 无法加载模块:Public

[ 2016-06-25T18:40:15+08:00 ] 127.0.0.1 /tpzol/Public/Admin/Flat/docs/assets/css/demo.css
INFO: [ app_init ] --START--
INFO: Run Behavior\BuildLiteBehavior [ RunTime:0.000049s ]
INFO: [ app_init ] --END-- [ RunTime:0.000802s ]
ERR: 无法加载模块:Public

[ 2016-06-25T18:40:29+08:00 ] 127.0.0.1 /tpzol/Public/Admin/Flat/docs/assets/css/demo.css
INFO: [ app_init ] --START--
INFO: Run Behavior\BuildLiteBehavior [ RunTime:0.000048s ]
INFO: [ app_init ] --END-- [ RunTime:0.000869s ]
ERR: 无法加载模块:Public

[ 2016-06-25T18:40:52+08:00 ] 127.0.0.1 /tpzol/Public/Admin/Flat/docs/assets/css/demo.css
INFO: [ app_init ] --START--
INFO: Run Behavior\BuildLiteBehavior [ RunTime:0.000046s ]
INFO: [ app_init ] --END-- [ RunTime:0.000806s ]
ERR: 无法加载模块:Public

[ 2016-06-25T18:40:58+08:00 ] 127.0.0.1 /tpzol/Public/Admin/Flat/docs/assets/css/demo.css
INFO: [ app_init ] --START--
INFO: Run Behavior\BuildLiteBehavior [ RunTime:0.000047s ]
INFO: [ app_init ] --END-- [ RunTime:0.000862s ]
ERR: 无法加载模块:Public

[ 2016-06-25T18:41:07+08:00 ] 127.0.0.1 /tpzol/Public/Admin/Flat/docs/assets/css/demo.css
INFO: [ app_init ] --START--
INFO: Run Behavior\BuildLiteBehavior [ RunTime:0.000033s ]
INFO: [ app_init ] --END-- [ RunTime:0.000770s ]
ERR: 无法加载模块:Public

[ 2016-06-25T18:41:19+08:00 ] 127.0.0.1 /tpzol/Public/Admin/Flat/docs/assets/css/demo.css
INFO: [ app_init ] --START--
INFO: Run Behavior\BuildLiteBehavior [ RunTime:0.000053s ]
INFO: [ app_init ] --END-- [ RunTime:0.000865s ]
ERR: 无法加载模块:Public

[ 2016-06-25T18:42:33+08:00 ] 127.0.0.1 /tpzol/Public/Admin/Flat/docs/assets/css/demo.css
INFO: [ app_init ] --START--
INFO: Run Behavior\BuildLiteBehavior [ RunTime:0.000044s ]
INFO: [ app_init ] --END-- [ RunTime:0.000846s ]
ERR: 无法加载模块:Public

[ 2016-06-25T20:17:39+08:00 ] 127.0.0.1 /tpzol/Public/Admin/ueditor1_4_3/ueditor.config.js
INFO: [ app_init ] --START--
INFO: Run Behavior\BuildLiteBehavior [ RunTime:0.000049s ]
INFO: [ app_init ] --END-- [ RunTime:0.000841s ]
ERR: 无法加载模块:Public

[ 2016-06-25T20:17:39+08:00 ] 127.0.0.1 /tpzol/Public/Admin/ueditor1_4_3/ueditor.all.min.js
INFO: [ app_init ] --START--
INFO: Run Behavior\BuildLiteBehavior [ RunTime:0.000051s ]
INFO: [ app_init ] --END-- [ RunTime:0.001586s ]
ERR: 无法加载模块:Public

[ 2016-06-25T20:17:39+08:00 ] 127.0.0.1 /tpzol/Public/Admin/ueditor1_4_3/lang/zh-cn/zh-cn.js
INFO: [ app_init ] --START--
INFO: Run Behavior\BuildLiteBehavior [ RunTime:0.000146s ]
INFO: [ app_init ] --END-- [ RunTime:0.001560s ]
ERR: 无法加载模块:Public

[ 2016-06-25T20:17:41+08:00 ] 127.0.0.1 /tpzol/Public/Admin/ueditor1_4_3/ueditor.config.js
INFO: [ app_init ] --START--
INFO: Run Behavior\BuildLiteBehavior [ RunTime:0.000048s ]
INFO: [ app_init ] --END-- [ RunTime:0.000838s ]
ERR: 无法加载模块:Public


[ 2016-06-25T20:17:41+08:00 ] 127.0.0.1 /tpzol/Public/Admin/ueditor1_4_3/ueditor.all.min.js
INFO: [ app_init ] --START--
INFO: Run Behavior\BuildLiteBehavior [ RunTime:0.000045s ]
INFO: [ app_init ] --END-- [ RunTime:0.000790s ]
ERR: 无法加载模块:Public

[ 2016-06-25T20:17:41+08:00 ] 127.0.0.1 /tpzol/Public/Admin/ueditor1_4_3/ueditor.all.min.js
INFO: [ app_init ] --START--
INFO: Run Behavior\BuildLiteBehavior [ RunTime:0.000049s ]
INFO: [ app_init ] --END-- [ RunTime:0.000899s ]
ERR: 无法加载模块:Public

[ 2016-06-25T20:17:41+08:00 ] 127.0.0.1 /tpzol/Public/Admin/ueditor1_4_3/lang/zh-cn/zh-cn.js
INFO: [ app_init ] --START--
INFO: Run Behavior\BuildLiteBehavior [ RunTime:0.000026s ]
INFO: [ app_init ] --END-- [ RunTime:0.000575s ]
ERR: 无法加载模块:Public

[ 2016-06-25T20:27:20+08:00 ] 127.0.0.1 /tpzol/Public/Admin/ueditor1_4_3/ueditor.config.js
INFO: [ app_init ] --START--
INFO: Run Behavior\BuildLiteBehavior [ RunTime:0.000048s ]
INFO: [ app_init ] --END-- [ RunTime:0.000850s ]
ERR: 无法加载模块:Public

[ 2016-06-25T20:27:20+08:00 ] 127.0.0.1 /tpzol/Public/Admin/ueditor1_4_3/lang/zh-cn/zh-cn.js
INFO: [ app_init ] --START--
INFO: Run Behavior\BuildLiteBehavior [ RunTime:0.000097s ]
INFO: [ app_init ] --END-- [ RunTime:0.001083s ]
ERR: 无法加载模块:Public

[ 2016-06-25T20:27:20+08:00 ] 127.0.0.1 /tpzol/Public/Admin/ueditor1_4_3/ueditor.all.min.js
INFO: [ app_init ] --START--
INFO: Run Behavior\BuildLiteBehavior [ RunTime:0.000028s ]
INFO: [ app_init ] --END-- [ RunTime:0.000515s ]
ERR: 无法加载模块:Public

[ 2016-06-25T20:27:20+08:00 ] 127.0.0.1 /tpzol/Public/Admin/ueditor1_4_3/lang/zh-cn/zh-cn.js
INFO: [ app_init ] --START--
INFO: Run Behavior\BuildLiteBehavior [ RunTime:0.000026s ]
INFO: [ app_init ] --END-- [ RunTime:0.000544s ]
ERR: 无法加载模块:Public

[ 2016-06-25T20:28:21+08:00 ] 127.0.0.1 /tpzol/Public/Admin/ueditor1_4_3/ueditor.config.js
INFO: [ app_init ] --START--
INFO: Run Behavior\BuildLiteBehavior [ RunTime:0.000051s ]
INFO: [ app_init ] --END-- [ RunTime:0.001294s ]
ERR: 无法加载模块:Public

[ 2016-06-25T20:28:21+08:00 ] 127.0.0.1 /tpzol/Public/Admin/ueditor1_4_3/lang/zh-cn/zh-cn.js
INFO: [ app_init ] --START--
INFO: Run Behavior\BuildLiteBehavior [ RunTime:0.000051s ]
INFO: [ app_init ] --END-- [ RunTime:0.000815s ]
ERR: 无法加载模块:Public

[ 2016-06-25T20:28:21+08:00 ] 127.0.0.1 /tpzol/Public/Admin/ueditor1_4_3/ueditor.all.min.js
INFO: [ app_init ] --START--
INFO: Run Behavior\BuildLiteBehavior [ RunTime:0.000052s ]
INFO: [ app_init ] --END-- [ RunTime:0.001025s ]
ERR: 无法加载模块:Public

[ 2016-06-25T20:28:21+08:00 ] 127.0.0.1 /tpzol/Public/Admin/ueditor1_4_3/lang/zh-cn/zh-cn.js
INFO: [ app_init ] --START--
INFO: Run Behavior\BuildLiteBehavior [ RunTime:0.000031s ]
INFO: [ app_init ] --END-- [ RunTime:0.000823s ]
ERR: 无法加载模块:Public

[ 2016-06-25T20:34:38+08:00 ] 127.0.0.1 /tpzol/Public/Admin/ueditor1_4_3/ueditor.config.js
INFO: [ app_init ] --START--
INFO: Run Behavior\BuildLiteBehavior [ RunTime:0.000053s ]
INFO: [ app_init ] --END-- [ RunTime:0.000905s ]
ERR: 无法加载模块:Public

[ 2016-06-25T20:34:38+08:00 ] 127.0.0.1 /tpzol/Public/Admin/ueditor1_4_3/ueditor.all.min.js
INFO: [ app_init ] --START--
INFO: Run Behavior\BuildLiteBehavior [ RunTime:0.000049s ]
INFO: [ app_init ] --END-- [ RunTime:0.002297s ]
ERR: 无法加载模块:Public

[ 2016-06-25T20:34:38+08:00 ] 127.0.0.1 /tpzol/Public/Admin/ueditor1_4_3/lang/zh-cn/zh-cn.js
INFO: [ app_init ] --START--
INFO: Run Behavior\BuildLiteBehavior [ RunTime:0.000052s ]
INFO: [ app_init ] --END-- [ RunTime:0.000889s ]
ERR: 无法加载模块:Public

[ 2016-06-25T20:34:38+08:00 ] 127.0.0.1 /tpzol/Public/Admin/ueditor1_4_3/ueditor.all.min.js
INFO: [ app_init ] --START--
INFO: Run Behavior\BuildLiteBehavior [ RunTime:0.000034s ]
INFO: [ app_init ] --END-- [ RunTime:0.000794s ]
ERR: 无法加载模块:Public

[ 2016-06-25T20:34:38+08:00 ] 127.0.0.1 /tpzol/Public/Admin/ueditor1_4_3/lang/zh-cn/zh-cn.js
INFO: [ app_init ] --START--
INFO: Run Behavior\BuildLiteBehavior [ RunTime:0.000026s ]
INFO: [ app_init ] --END-- [ RunTime:0.000588s ]
ERR: 无法加载模块:Public

[ 2016-06-25T20:38:06+08:00 ] 127.0.0.1 /tpzol/Public/Admin/ueditor1_4_3/ueditor.config.js
INFO: [ app_init ] --START--
INFO: Run Behavior\BuildLiteBehavior [ RunTime:0.000046s ]
INFO: [ app_init ] --END-- [ RunTime:0.000865s ]
ERR: 无法加载模块:Public

[ 2016-06-25T20:38:06+08:00 ] 127.0.0.1 /tpzol/Public/Admin/ueditor1_4_3/ueditor.all.min.js
INFO: [ app_init ] --START--
INFO: Run Behavior\BuildLiteBehavior [ RunTime:0.000047s ]
INFO: [ app_init ] --END-- [ RunTime:0.000868s ]
ERR: 无法加载模块:Public

[ 2016-06-25T20:38:06+08:00 ] 127.0.0.1 /tpzol/Public/Admin/ueditor1_4_3/lang/zh-cn/zh-cn.js
INFO: [ app_init ] --START--
INFO: Run Behavior\BuildLiteBehavior [ RunTime:0.000028s ]
INFO: [ app_init ] --END-- [ RunTime:0.000563s ]
ERR: 无法加载模块:Public

[ 2016-06-25T20:38:06+08:00 ] 127.0.0.1 /tpzol/Public/Admin/ueditor1_4_3/ueditor.all.min.js
INFO: [ app_init ] --START--
INFO: Run Behavior\BuildLiteBehavior [ RunTime:0.000028s ]
INFO: [ app_init ] --END-- [ RunTime:0.000601s ]
ERR: 无法加载模块:Public

[ 2016-06-25T20:38:06+08:00 ] 127.0.0.1 /tpzol/Public/Admin/ueditor1_4_3/lang/zh-cn/zh-cn.js
INFO: [ app_init ] --START--
INFO: Run Behavior\BuildLiteBehavior [ RunTime:0.000036s ]
INFO: [ app_init ] --END-- [ RunTime:0.000592s ]
ERR: 无法加载模块:Public

[ 2016-06-25T20:38:13+08:00 ] 127.0.0.1 /tpzol/Public/Admin/ueditor1_4_3/ueditor.config.js
INFO: [ app_init ] --START--
INFO: Run Behavior\BuildLiteBehavior [ RunTime:0.000071s ]
INFO: [ app_init ] --END-- [ RunTime:0.000964s ]
ERR: 无法加载模块:Public

[ 2016-06-25T20:38:13+08:00 ] 127.0.0.1 /tpzol/Public/Admin/ueditor1_4_3/lang/zh-cn/zh-cn.js
INFO: [ app_init ] --START--
INFO: Run Behavior\BuildLiteBehavior [ RunTime:0.000047s ]
INFO: [ app_init ] --END-- [ RunTime:0.000770s ]
ERR: 无法加载模块:Public

[ 2016-06-25T20:38:13+08:00 ] 127.0.0.1 /tpzol/Public/Admin/ueditor1_4_3/ueditor.all.min.js
INFO: [ app_init ] --START--
INFO: Run Behavior\BuildLiteBehavior [ RunTime:0.000047s ]
INFO: [ app_init ] --END-- [ RunTime:0.000812s ]
ERR: 无法加载模块:Public

[ 2016-06-25T20:38:14+08:00 ] 127.0.0.1 /tpzol/Public/Admin/ueditor1_4_3/ueditor.all.min.js
INFO: [ app_init ] --START--
INFO: Run Behavior\BuildLiteBehavior [ RunTime:0.000041s ]
INFO: [ app_init ] --END-- [ RunTime:0.000653s ]
ERR: 无法加载模块:Public

[ 2016-06-25T20:38:14+08:00 ] 127.0.0.1 /tpzol/Public/Admin/ueditor1_4_3/lang/zh-cn/zh-cn.js
INFO: [ app_init ] --START--
INFO: Run Behavior\BuildLiteBehavior [ RunTime:0.000034s ]
INFO: [ app_init ] --END-- [ RunTime:0.000648s ]
ERR: 无法加载模块:Public

[ 2016-06-25T20:59:26+08:00 ] 127.0.0.1 /tpzol/Public/Admin/Flat/docs/assets/css/demo.css
INFO: [ app_init ] --START--
INFO: Run Behavior\BuildLiteBehavior [ RunTime:0.000051s ]
INFO: [ app_init ] --END-- [ RunTime:0.000944s ]
ERR: 无法加载模块:Public

[ 2016-06-25T20:59:49+08:00 ] 127.0.0.1 /tpzol/Public/Admin/Flat/docs/assets/css/demo.css
INFO: [ app_init ] --START--
INFO: Run Behavior\BuildLiteBehavior [ RunTime:0.000029s ]
INFO: [ app_init ] --END-- [ RunTime:0.000535s ]
ERR: 无法加载模块:Public

[ 2016-06-25T21:01:01+08:00 ] 127.0.0.1 /tpzol/Public/Admin/Flat/docs/assets/css/demo.css
INFO: [ app_init ] --START--
INFO: Run Behavior\BuildLiteBehavior [ RunTime:0.000052s ]
INFO: [ app_init ] --END-- [ RunTime:0.000963s ]
ERR: 无法加载模块:Public

